2024-03-16 21:48 comment: fed avg, agglomerator(pretrainstep), pacs on c
2024-03-16 21:48 before_fed Round:   0 | Epochs:   0 | Domain: p | loss: 0.0069
2024-03-16 21:49 before_fed Round:   0 | Epochs:   0 | Domain: a | loss: 0.0063
2024-03-16 21:51 before_fed Round:   0 | Epochs:   0 | Domain: s | loss: 0.0070
2024-03-16 21:51 after_fed Round:   0 | Epochs:   0 | Domain: p | loss: 0.0069
2024-03-16 21:51 after_fed Round:   0 | Epochs:   0 | Domain: a | loss: 0.0063
2024-03-16 21:51 after_fed Round:   0 | Epochs:   0 | Domain: s | loss: 0.0070
2024-03-16 21:51 Model saved! Best Val Acc: 0.68%
2024-03-16 21:51 test_domain Round:   0 | Epochs:   0 | Domain: c | loss: 0.0063
2024-03-16 21:51 before_fed Round:   1 | Epochs:   5 | Domain: p | loss: 0.0069
2024-03-16 21:52 before_fed Round:   1 | Epochs:   5 | Domain: a | loss: 0.0063
2024-03-16 21:54 before_fed Round:   1 | Epochs:   5 | Domain: s | loss: 0.0069
2024-03-16 21:54 after_fed Round:   1 | Epochs:   5 | Domain: p | loss: 0.0069
2024-03-16 21:54 after_fed Round:   1 | Epochs:   5 | Domain: a | loss: 0.0063
2024-03-16 21:54 after_fed Round:   1 | Epochs:   5 | Domain: s | loss: 0.0070
2024-03-16 21:54 Model saved! Best Val Acc: 0.68%
2024-03-16 21:54 test_domain Round:   1 | Epochs:   5 | Domain: c | loss: 0.0063
2024-03-16 21:55 before_fed Round:   2 | Epochs:  10 | Domain: p | loss: 0.0069
2024-03-16 21:55 before_fed Round:   2 | Epochs:  10 | Domain: a | loss: 0.0063
2024-03-16 21:57 before_fed Round:   2 | Epochs:  10 | Domain: s | loss: 0.0069
2024-03-16 21:57 after_fed Round:   2 | Epochs:  10 | Domain: p | loss: 0.0069
2024-03-16 21:57 after_fed Round:   2 | Epochs:  10 | Domain: a | loss: 0.0063
2024-03-16 21:57 after_fed Round:   2 | Epochs:  10 | Domain: s | loss: 0.0069
2024-03-16 21:57 Model saved! Best Val Acc: 0.68%
2024-03-16 21:57 test_domain Round:   2 | Epochs:  10 | Domain: c | loss: 0.0063
2024-03-16 21:58 before_fed Round:   3 | Epochs:  15 | Domain: p | loss: 0.0069
2024-03-16 21:59 before_fed Round:   3 | Epochs:  15 | Domain: a | loss: 0.0063
2024-03-16 22:00 before_fed Round:   3 | Epochs:  15 | Domain: s | loss: 0.0069
2024-03-16 22:00 after_fed Round:   3 | Epochs:  15 | Domain: p | loss: 0.0069
2024-03-16 22:00 after_fed Round:   3 | Epochs:  15 | Domain: a | loss: 0.0063
2024-03-16 22:00 after_fed Round:   3 | Epochs:  15 | Domain: s | loss: 0.0069
2024-03-16 22:00 Model saved! Best Val Acc: 0.67%
2024-03-16 22:00 test_domain Round:   3 | Epochs:  15 | Domain: c | loss: 0.0063
2024-03-16 22:01 before_fed Round:   4 | Epochs:  20 | Domain: p | loss: 0.0069
2024-03-16 22:02 before_fed Round:   4 | Epochs:  20 | Domain: a | loss: 0.0063
2024-03-16 22:03 before_fed Round:   4 | Epochs:  20 | Domain: s | loss: 0.0069
2024-03-16 22:03 after_fed Round:   4 | Epochs:  20 | Domain: p | loss: 0.0069
2024-03-16 22:03 after_fed Round:   4 | Epochs:  20 | Domain: a | loss: 0.0063
2024-03-16 22:03 after_fed Round:   4 | Epochs:  20 | Domain: s | loss: 0.0069
2024-03-16 22:03 Model saved! Best Val Acc: 0.67%
2024-03-16 22:03 test_domain Round:   4 | Epochs:  20 | Domain: c | loss: 0.0063
2024-03-16 22:04 before_fed Round:   5 | Epochs:  25 | Domain: p | loss: 0.0069
2024-03-16 22:05 before_fed Round:   5 | Epochs:  25 | Domain: a | loss: 0.0063
2024-03-16 22:06 before_fed Round:   5 | Epochs:  25 | Domain: s | loss: 0.0068
2024-03-16 22:06 after_fed Round:   5 | Epochs:  25 | Domain: p | loss: 0.0069
2024-03-16 22:06 after_fed Round:   5 | Epochs:  25 | Domain: a | loss: 0.0063
2024-03-16 22:06 after_fed Round:   5 | Epochs:  25 | Domain: s | loss: 0.0069
2024-03-16 22:06 Model saved! Best Val Acc: 0.67%
2024-03-16 22:06 test_domain Round:   5 | Epochs:  25 | Domain: c | loss: 0.0063
2024-03-16 22:07 before_fed Round:   6 | Epochs:  30 | Domain: p | loss: 0.0069
2024-03-16 22:08 before_fed Round:   6 | Epochs:  30 | Domain: a | loss: 0.0063
2024-03-16 22:09 before_fed Round:   6 | Epochs:  30 | Domain: s | loss: 0.0068
2024-03-16 22:09 after_fed Round:   6 | Epochs:  30 | Domain: p | loss: 0.0069
2024-03-16 22:09 after_fed Round:   6 | Epochs:  30 | Domain: a | loss: 0.0063
2024-03-16 22:09 after_fed Round:   6 | Epochs:  30 | Domain: s | loss: 0.0069
2024-03-16 22:09 Model saved! Best Val Acc: 0.67%
2024-03-16 22:10 test_domain Round:   6 | Epochs:  30 | Domain: c | loss: 0.0063
2024-03-16 22:10 before_fed Round:   7 | Epochs:  35 | Domain: p | loss: 0.0069
2024-03-16 22:11 before_fed Round:   7 | Epochs:  35 | Domain: a | loss: 0.0062
2024-03-16 22:12 before_fed Round:   7 | Epochs:  35 | Domain: s | loss: 0.0068
2024-03-16 22:12 after_fed Round:   7 | Epochs:  35 | Domain: p | loss: 0.0069
2024-03-16 22:12 after_fed Round:   7 | Epochs:  35 | Domain: a | loss: 0.0063
2024-03-16 22:12 after_fed Round:   7 | Epochs:  35 | Domain: s | loss: 0.0068
2024-03-16 22:12 Model saved! Best Val Acc: 0.67%
2024-03-16 22:13 test_domain Round:   7 | Epochs:  35 | Domain: c | loss: 0.0063
2024-03-16 22:13 before_fed Round:   8 | Epochs:  40 | Domain: p | loss: 0.0068
2024-03-16 22:14 before_fed Round:   8 | Epochs:  40 | Domain: a | loss: 0.0062
2024-03-16 22:15 before_fed Round:   8 | Epochs:  40 | Domain: s | loss: 0.0068
2024-03-16 22:16 after_fed Round:   8 | Epochs:  40 | Domain: p | loss: 0.0069
2024-03-16 22:16 after_fed Round:   8 | Epochs:  40 | Domain: a | loss: 0.0063
2024-03-16 22:16 after_fed Round:   8 | Epochs:  40 | Domain: s | loss: 0.0068
2024-03-16 22:16 Model saved! Best Val Acc: 0.67%
2024-03-16 22:16 test_domain Round:   8 | Epochs:  40 | Domain: c | loss: 0.0063
2024-03-16 22:16 before_fed Round:   9 | Epochs:  45 | Domain: p | loss: 0.0068
2024-03-16 22:17 before_fed Round:   9 | Epochs:  45 | Domain: a | loss: 0.0062
2024-03-16 22:19 before_fed Round:   9 | Epochs:  45 | Domain: s | loss: 0.0068
2024-03-16 22:19 after_fed Round:   9 | Epochs:  45 | Domain: p | loss: 0.0069
2024-03-16 22:19 after_fed Round:   9 | Epochs:  45 | Domain: a | loss: 0.0063
2024-03-16 22:19 after_fed Round:   9 | Epochs:  45 | Domain: s | loss: 0.0068
2024-03-16 22:19 Model saved! Best Val Acc: 0.67%
2024-03-16 22:19 test_domain Round:   9 | Epochs:  45 | Domain: c | loss: 0.0063
2024-03-16 22:20 before_fed Round:  10 | Epochs:  50 | Domain: p | loss: 0.0068
2024-03-16 22:20 before_fed Round:  10 | Epochs:  50 | Domain: a | loss: 0.0062
2024-03-16 22:22 before_fed Round:  10 | Epochs:  50 | Domain: s | loss: 0.0068
2024-03-16 22:22 after_fed Round:  10 | Epochs:  50 | Domain: p | loss: 0.0069
2024-03-16 22:22 after_fed Round:  10 | Epochs:  50 | Domain: a | loss: 0.0063
2024-03-16 22:22 after_fed Round:  10 | Epochs:  50 | Domain: s | loss: 0.0068
2024-03-16 22:22 Model saved! Best Val Acc: 0.67%
2024-03-16 22:22 test_domain Round:  10 | Epochs:  50 | Domain: c | loss: 0.0063