2024-03-19 18:01 comment: fed avg, agglomerator(pretrainstep), vlcs on s
2024-03-19 18:02 before_fed Round:   0 | Epochs:   0 | Domain: v | loss: 0.0047
2024-03-19 18:03 before_fed Round:   0 | Epochs:   0 | Domain: l | loss: 0.0055
2024-03-19 18:03 before_fed Round:   0 | Epochs:   0 | Domain: c | loss: 0.0115
2024-03-19 18:03 after_fed Round:   0 | Epochs:   0 | Domain: v | loss: 0.0047
2024-03-19 18:04 after_fed Round:   0 | Epochs:   0 | Domain: l | loss: 0.0056
2024-03-19 18:04 after_fed Round:   0 | Epochs:   0 | Domain: c | loss: 0.0115
2024-03-19 18:04 Model saved! Best Val Acc: 0.63%
2024-03-19 18:04 test_domain Round:   0 | Epochs:   0 | Domain: s | loss: 0.0044
2024-03-19 18:05 before_fed Round:   1 | Epochs:   5 | Domain: v | loss: 0.0047
2024-03-19 18:05 before_fed Round:   1 | Epochs:   5 | Domain: l | loss: 0.0055
2024-03-19 18:06 before_fed Round:   1 | Epochs:   5 | Domain: c | loss: 0.0115
2024-03-19 18:06 after_fed Round:   1 | Epochs:   5 | Domain: v | loss: 0.0047
2024-03-19 18:06 after_fed Round:   1 | Epochs:   5 | Domain: l | loss: 0.0055
2024-03-19 18:06 after_fed Round:   1 | Epochs:   5 | Domain: c | loss: 0.0115
2024-03-19 18:06 Model saved! Best Val Acc: 0.63%
2024-03-19 18:06 test_domain Round:   1 | Epochs:   5 | Domain: s | loss: 0.0044
2024-03-19 18:07 before_fed Round:   2 | Epochs:  10 | Domain: v | loss: 0.0047
2024-03-19 18:08 before_fed Round:   2 | Epochs:  10 | Domain: l | loss: 0.0055
2024-03-19 18:08 before_fed Round:   2 | Epochs:  10 | Domain: c | loss: 0.0115
2024-03-19 18:08 after_fed Round:   2 | Epochs:  10 | Domain: v | loss: 0.0047
2024-03-19 18:08 after_fed Round:   2 | Epochs:  10 | Domain: l | loss: 0.0055
2024-03-19 18:08 after_fed Round:   2 | Epochs:  10 | Domain: c | loss: 0.0115
2024-03-19 18:08 Model saved! Best Val Acc: 0.63%
2024-03-19 18:08 test_domain Round:   2 | Epochs:  10 | Domain: s | loss: 0.0044
2024-03-19 18:09 before_fed Round:   3 | Epochs:  15 | Domain: v | loss: 0.0047
2024-03-19 18:10 before_fed Round:   3 | Epochs:  15 | Domain: l | loss: 0.0055
2024-03-19 18:11 before_fed Round:   3 | Epochs:  15 | Domain: c | loss: 0.0114
2024-03-19 18:11 after_fed Round:   3 | Epochs:  15 | Domain: v | loss: 0.0047
2024-03-19 18:11 after_fed Round:   3 | Epochs:  15 | Domain: l | loss: 0.0055
2024-03-19 18:11 after_fed Round:   3 | Epochs:  15 | Domain: c | loss: 0.0115
2024-03-19 18:11 Model saved! Best Val Acc: 0.63%
2024-03-19 18:11 test_domain Round:   3 | Epochs:  15 | Domain: s | loss: 0.0044
2024-03-19 18:12 before_fed Round:   4 | Epochs:  20 | Domain: v | loss: 0.0047
2024-03-19 18:13 before_fed Round:   4 | Epochs:  20 | Domain: l | loss: 0.0055
2024-03-19 18:13 before_fed Round:   4 | Epochs:  20 | Domain: c | loss: 0.0114
2024-03-19 18:13 after_fed Round:   4 | Epochs:  20 | Domain: v | loss: 0.0047
2024-03-19 18:13 after_fed Round:   4 | Epochs:  20 | Domain: l | loss: 0.0055
2024-03-19 18:13 after_fed Round:   4 | Epochs:  20 | Domain: c | loss: 0.0114
2024-03-19 18:13 Model saved! Best Val Acc: 0.63%
2024-03-19 18:13 test_domain Round:   4 | Epochs:  20 | Domain: s | loss: 0.0044
2024-03-19 18:14 before_fed Round:   5 | Epochs:  25 | Domain: v | loss: 0.0047
2024-03-19 18:15 before_fed Round:   5 | Epochs:  25 | Domain: l | loss: 0.0054
2024-03-19 18:15 before_fed Round:   5 | Epochs:  25 | Domain: c | loss: 0.0114
2024-03-19 18:16 after_fed Round:   5 | Epochs:  25 | Domain: v | loss: 0.0047
2024-03-19 18:16 after_fed Round:   5 | Epochs:  25 | Domain: l | loss: 0.0055
2024-03-19 18:16 after_fed Round:   5 | Epochs:  25 | Domain: c | loss: 0.0114
2024-03-19 18:16 Model saved! Best Val Acc: 0.62%
2024-03-19 18:16 test_domain Round:   5 | Epochs:  25 | Domain: s | loss: 0.0044
2024-03-19 18:17 before_fed Round:   6 | Epochs:  30 | Domain: v | loss: 0.0047
2024-03-19 18:17 before_fed Round:   6 | Epochs:  30 | Domain: l | loss: 0.0054
2024-03-19 18:18 before_fed Round:   6 | Epochs:  30 | Domain: c | loss: 0.0114
2024-03-19 18:18 after_fed Round:   6 | Epochs:  30 | Domain: v | loss: 0.0047
2024-03-19 18:18 after_fed Round:   6 | Epochs:  30 | Domain: l | loss: 0.0054
2024-03-19 18:18 after_fed Round:   6 | Epochs:  30 | Domain: c | loss: 0.0114
2024-03-19 18:18 Model saved! Best Val Acc: 0.62%
2024-03-19 18:18 test_domain Round:   6 | Epochs:  30 | Domain: s | loss: 0.0043
2024-03-19 18:19 before_fed Round:   7 | Epochs:  35 | Domain: v | loss: 0.0047
2024-03-19 18:20 before_fed Round:   7 | Epochs:  35 | Domain: l | loss: 0.0054
2024-03-19 18:20 before_fed Round:   7 | Epochs:  35 | Domain: c | loss: 0.0114
2024-03-19 18:20 after_fed Round:   7 | Epochs:  35 | Domain: v | loss: 0.0047
2024-03-19 18:20 after_fed Round:   7 | Epochs:  35 | Domain: l | loss: 0.0054
2024-03-19 18:20 after_fed Round:   7 | Epochs:  35 | Domain: c | loss: 0.0114
2024-03-19 18:20 Model saved! Best Val Acc: 0.62%
2024-03-19 18:20 test_domain Round:   7 | Epochs:  35 | Domain: s | loss: 0.0043
2024-03-19 18:21 before_fed Round:   8 | Epochs:  40 | Domain: v | loss: 0.0047
2024-03-19 18:22 before_fed Round:   8 | Epochs:  40 | Domain: l | loss: 0.0054
2024-03-19 18:23 before_fed Round:   8 | Epochs:  40 | Domain: c | loss: 0.0114
2024-03-19 18:23 after_fed Round:   8 | Epochs:  40 | Domain: v | loss: 0.0047
2024-03-19 18:23 after_fed Round:   8 | Epochs:  40 | Domain: l | loss: 0.0054
2024-03-19 18:23 after_fed Round:   8 | Epochs:  40 | Domain: c | loss: 0.0114
2024-03-19 18:23 Model saved! Best Val Acc: 0.62%
2024-03-19 18:23 test_domain Round:   8 | Epochs:  40 | Domain: s | loss: 0.0043
2024-03-19 18:24 before_fed Round:   9 | Epochs:  45 | Domain: v | loss: 0.0047
2024-03-19 18:25 before_fed Round:   9 | Epochs:  45 | Domain: l | loss: 0.0054
2024-03-19 18:25 before_fed Round:   9 | Epochs:  45 | Domain: c | loss: 0.0114
2024-03-19 18:25 after_fed Round:   9 | Epochs:  45 | Domain: v | loss: 0.0047
2024-03-19 18:25 after_fed Round:   9 | Epochs:  45 | Domain: l | loss: 0.0054
2024-03-19 18:25 after_fed Round:   9 | Epochs:  45 | Domain: c | loss: 0.0114
2024-03-19 18:25 Model saved! Best Val Acc: 0.62%
2024-03-19 18:25 test_domain Round:   9 | Epochs:  45 | Domain: s | loss: 0.0043
2024-03-19 18:26 before_fed Round:  10 | Epochs:  50 | Domain: v | loss: 0.0047
2024-03-19 18:27 before_fed Round:  10 | Epochs:  50 | Domain: l | loss: 0.0054
2024-03-19 18:28 before_fed Round:  10 | Epochs:  50 | Domain: c | loss: 0.0114
2024-03-19 18:28 after_fed Round:  10 | Epochs:  50 | Domain: v | loss: 0.0047
2024-03-19 18:28 after_fed Round:  10 | Epochs:  50 | Domain: l | loss: 0.0054
2024-03-19 18:28 after_fed Round:  10 | Epochs:  50 | Domain: c | loss: 0.0114
2024-03-19 18:28 Model saved! Best Val Acc: 0.62%
2024-03-19 18:28 test_domain Round:  10 | Epochs:  50 | Domain: s | loss: 0.0043
