2024-04-13 13:40 before_fed Round:   0 | Epochs:   0 | Domain: a | loss: 1.1499 | Acc: 74.15%
2024-04-13 13:40 before_fed Round:   0 | Epochs:   0 | Domain: c | loss: 0.7010 | Acc: 82.98%
2024-04-13 13:41 before_fed Round:   0 | Epochs:   0 | Domain: s | loss: 0.3642 | Acc: 91.09%
2024-04-13 13:41 after_fed Round:   0 | Epochs:   0 | Domain: a | loss: 9.7450 | Acc: 12.68%
2024-04-13 13:41 after_fed Round:   0 | Epochs:   0 | Domain: c | loss: 3.3769 | Acc: 28.51%
2024-04-13 13:41 after_fed Round:   0 | Epochs:   0 | Domain: s | loss: 2.2842 | Acc: 38.93%
2024-04-13 13:41 Model saved! Best Val Acc: 29.54%
2024-04-13 13:41 test_domain Round:   0 | Epochs:   0 | Domain: p | loss: 9.2950 | Acc: 10.90%
2024-04-13 13:42 before_fed Round:   1 | Epochs:   5 | Domain: a | loss: 0.6909 | Acc: 79.51%
2024-04-13 13:42 before_fed Round:   1 | Epochs:   5 | Domain: c | loss: 0.4630 | Acc: 86.81%
2024-04-13 13:43 before_fed Round:   1 | Epochs:   5 | Domain: s | loss: 0.4805 | Acc: 90.08%
2024-04-13 13:43 after_fed Round:   1 | Epochs:   5 | Domain: a | loss: 4.2196 | Acc: 14.63%
2024-04-13 13:43 after_fed Round:   1 | Epochs:   5 | Domain: c | loss: 1.9895 | Acc: 37.45%
2024-04-13 13:43 after_fed Round:   1 | Epochs:   5 | Domain: s | loss: 1.2891 | Acc: 53.69%
2024-04-13 13:43 Model saved! Best Val Acc: 39.50%
2024-04-13 13:43 test_domain Round:   1 | Epochs:   5 | Domain: p | loss: 3.8850 | Acc: 15.15%
2024-04-13 13:44 before_fed Round:   2 | Epochs:  10 | Domain: a | loss: 0.6951 | Acc: 78.05%
2024-04-13 13:44 before_fed Round:   2 | Epochs:  10 | Domain: c | loss: 0.5635 | Acc: 84.68%
2024-04-13 13:45 before_fed Round:   2 | Epochs:  10 | Domain: s | loss: 0.4676 | Acc: 90.08%
2024-04-13 13:45 after_fed Round:   2 | Epochs:  10 | Domain: a | loss: 2.4516 | Acc: 31.22%
2024-04-13 13:45 after_fed Round:   2 | Epochs:  10 | Domain: c | loss: 1.4333 | Acc: 58.72%
2024-04-13 13:45 after_fed Round:   2 | Epochs:  10 | Domain: s | loss: 0.5347 | Acc: 81.17%
2024-04-13 13:45 Model saved! Best Val Acc: 62.55%
2024-04-13 13:45 test_domain Round:   2 | Epochs:  10 | Domain: p | loss: 2.0006 | Acc: 33.83%
2024-04-13 13:45 before_fed Round:   3 | Epochs:  15 | Domain: a | loss: 0.7438 | Acc: 80.00%
2024-04-13 13:46 before_fed Round:   3 | Epochs:  15 | Domain: c | loss: 0.5377 | Acc: 83.40%
2024-04-13 13:47 before_fed Round:   3 | Epochs:  15 | Domain: s | loss: 0.5590 | Acc: 89.82%
2024-04-13 13:47 after_fed Round:   3 | Epochs:  15 | Domain: a | loss: 2.4470 | Acc: 28.29%
2024-04-13 13:47 after_fed Round:   3 | Epochs:  15 | Domain: c | loss: 1.3069 | Acc: 63.83%
2024-04-13 13:47 after_fed Round:   3 | Epochs:  15 | Domain: s | loss: 0.4680 | Acc: 84.48%
2024-04-13 13:47 Model saved! Best Val Acc: 64.83%
2024-04-13 13:47 test_domain Round:   3 | Epochs:  15 | Domain: p | loss: 2.1228 | Acc: 31.56%
2024-04-13 13:47 before_fed Round:   4 | Epochs:  20 | Domain: a | loss: 1.0151 | Acc: 77.56%
2024-04-13 13:48 before_fed Round:   4 | Epochs:  20 | Domain: c | loss: 0.8143 | Acc: 84.68%
2024-04-13 13:49 before_fed Round:   4 | Epochs:  20 | Domain: s | loss: 0.5659 | Acc: 90.08%
2024-04-13 13:49 after_fed Round:   4 | Epochs:  20 | Domain: a | loss: 1.5346 | Acc: 49.76%
2024-04-13 13:49 after_fed Round:   4 | Epochs:  20 | Domain: c | loss: 0.9609 | Acc: 75.32%
2024-04-13 13:49 after_fed Round:   4 | Epochs:  20 | Domain: s | loss: 0.4596 | Acc: 85.75%
2024-04-13 13:49 Model saved! Best Val Acc: 73.95%
2024-04-13 13:49 test_domain Round:   4 | Epochs:  20 | Domain: p | loss: 1.4076 | Acc: 57.66%
2024-04-13 13:49 before_fed Round:   5 | Epochs:  25 | Domain: a | loss: 1.0065 | Acc: 77.07%
2024-04-13 13:50 before_fed Round:   5 | Epochs:  25 | Domain: c | loss: 0.9300 | Acc: 82.13%
2024-04-13 13:50 before_fed Round:   5 | Epochs:  25 | Domain: s | loss: 0.5876 | Acc: 90.59%
2024-04-13 13:50 after_fed Round:   5 | Epochs:  25 | Domain: a | loss: 1.3789 | Acc: 54.15%
2024-04-13 13:50 after_fed Round:   5 | Epochs:  25 | Domain: c | loss: 1.8155 | Acc: 67.23%
2024-04-13 13:50 after_fed Round:   5 | Epochs:  25 | Domain: s | loss: 0.5615 | Acc: 87.53%
2024-04-13 13:50 test_domain Round:   5 | Epochs:  25 | Domain: p | loss: 1.3345 | Acc: 56.71%
2024-04-13 13:51 before_fed Round:   6 | Epochs:  30 | Domain: a | loss: 1.2302 | Acc: 74.15%
2024-04-13 13:51 before_fed Round:   6 | Epochs:  30 | Domain: c | loss: 0.7291 | Acc: 85.53%
2024-04-13 13:52 before_fed Round:   6 | Epochs:  30 | Domain: s | loss: 0.5811 | Acc: 90.84%
2024-04-13 13:52 after_fed Round:   6 | Epochs:  30 | Domain: a | loss: 1.4117 | Acc: 47.80%
2024-04-13 13:52 after_fed Round:   6 | Epochs:  30 | Domain: c | loss: 1.1637 | Acc: 72.77%
2024-04-13 13:52 after_fed Round:   6 | Epochs:  30 | Domain: s | loss: 0.4657 | Acc: 88.30%
2024-04-13 13:52 Model saved! Best Val Acc: 73.95%
2024-04-13 13:52 test_domain Round:   6 | Epochs:  30 | Domain: p | loss: 1.1160 | Acc: 59.64%
2024-04-13 13:53 before_fed Round:   7 | Epochs:  35 | Domain: a | loss: 1.2766 | Acc: 71.71%
2024-04-13 13:53 before_fed Round:   7 | Epochs:  35 | Domain: c | loss: 0.6737 | Acc: 83.83%
2024-04-13 13:54 before_fed Round:   7 | Epochs:  35 | Domain: s | loss: 0.4425 | Acc: 92.88%
2024-04-13 13:54 after_fed Round:   7 | Epochs:  35 | Domain: a | loss: 1.4235 | Acc: 58.05%
2024-04-13 13:54 after_fed Round:   7 | Epochs:  35 | Domain: c | loss: 1.1115 | Acc: 73.19%
2024-04-13 13:54 after_fed Round:   7 | Epochs:  35 | Domain: s | loss: 0.4218 | Acc: 89.06%
2024-04-13 13:54 Model saved! Best Val Acc: 76.96%
2024-04-13 13:54 test_domain Round:   7 | Epochs:  35 | Domain: p | loss: 1.0951 | Acc: 64.97%
2024-04-13 13:55 before_fed Round:   8 | Epochs:  40 | Domain: a | loss: 1.5035 | Acc: 74.15%
2024-04-13 13:55 before_fed Round:   8 | Epochs:  40 | Domain: c | loss: 0.9944 | Acc: 77.87%
2024-04-13 13:56 before_fed Round:   8 | Epochs:  40 | Domain: s | loss: 0.4754 | Acc: 91.35%
2024-04-13 13:56 after_fed Round:   8 | Epochs:  40 | Domain: a | loss: 1.3789 | Acc: 63.41%
2024-04-13 13:56 after_fed Round:   8 | Epochs:  40 | Domain: c | loss: 1.7501 | Acc: 74.47%
2024-04-13 13:56 after_fed Round:   8 | Epochs:  40 | Domain: s | loss: 0.4121 | Acc: 91.60%
2024-04-13 13:56 Model saved! Best Val Acc: 79.84%
2024-04-13 13:56 test_domain Round:   8 | Epochs:  40 | Domain: p | loss: 1.2096 | Acc: 67.90%
2024-04-13 13:56 before_fed Round:   9 | Epochs:  45 | Domain: a | loss: 1.6902 | Acc: 72.20%
2024-04-13 13:57 before_fed Round:   9 | Epochs:  45 | Domain: c | loss: 1.0630 | Acc: 78.72%
2024-04-13 13:58 before_fed Round:   9 | Epochs:  45 | Domain: s | loss: 0.4960 | Acc: 91.09%
2024-04-13 13:58 after_fed Round:   9 | Epochs:  45 | Domain: a | loss: 1.4184 | Acc: 62.93%
2024-04-13 13:58 after_fed Round:   9 | Epochs:  45 | Domain: c | loss: 1.9556 | Acc: 71.91%
2024-04-13 13:58 after_fed Round:   9 | Epochs:  45 | Domain: s | loss: 0.4262 | Acc: 91.35%
2024-04-13 13:58 test_domain Round:   9 | Epochs:  45 | Domain: p | loss: 1.2802 | Acc: 68.26%
2024-04-13 13:58 before_fed Round:  10 | Epochs:  50 | Domain: a | loss: 1.4775 | Acc: 76.59%
2024-04-13 13:59 before_fed Round:  10 | Epochs:  50 | Domain: c | loss: 1.0717 | Acc: 80.00%
2024-04-13 13:59 before_fed Round:  10 | Epochs:  50 | Domain: s | loss: 0.3930 | Acc: 92.37%
2024-04-13 13:59 after_fed Round:  10 | Epochs:  50 | Domain: a | loss: 1.1683 | Acc: 68.78%
2024-04-13 13:59 after_fed Round:  10 | Epochs:  50 | Domain: c | loss: 1.7290 | Acc: 74.89%
2024-04-13 14:00 after_fed Round:  10 | Epochs:  50 | Domain: s | loss: 0.3913 | Acc: 92.11%
2024-04-13 14:00 Model saved! Best Val Acc: 81.52%
2024-04-13 14:00 test_domain Round:  10 | Epochs:  50 | Domain: p | loss: 1.1576 | Acc: 69.52%
