2024-04-16 13:44 comment: RSC, ccnet(3heads), pacs on c
2024-04-16 13:45 before_fed Round:   0 | Epochs:   0 | Domain: p | loss: 0.1499 | Acc: 97.60%
2024-04-16 13:45 before_fed Round:   0 | Epochs:   0 | Domain: a | loss: 1.3261 | Acc: 87.80%
2024-04-16 13:46 before_fed Round:   0 | Epochs:   0 | Domain: s | loss: 1.2402 | Acc: 84.48%
2024-04-16 13:46 after_fed Round:   0 | Epochs:   0 | Domain: p | loss: 0.4492 | Acc: 95.81%
2024-04-16 13:46 after_fed Round:   0 | Epochs:   0 | Domain: a | loss: 2.9358 | Acc: 77.56%
2024-04-16 13:46 after_fed Round:   0 | Epochs:   0 | Domain: s | loss: 1.1197 | Acc: 83.72%
2024-04-16 13:46 Model saved! Best Val Acc: 84.71%
2024-04-16 13:46 test_domain Round:   0 | Epochs:   0 | Domain: c | loss: 6.5029 | Acc: 63.01%
2024-04-16 13:47 before_fed Round:   1 | Epochs:   5 | Domain: p | loss: 0.3149 | Acc: 97.01%
2024-04-16 13:47 before_fed Round:   1 | Epochs:   5 | Domain: a | loss: 1.3983 | Acc: 88.78%
2024-04-16 13:48 before_fed Round:   1 | Epochs:   5 | Domain: s | loss: 1.5645 | Acc: 86.51%
2024-04-16 13:48 after_fed Round:   1 | Epochs:   5 | Domain: p | loss: 0.6549 | Acc: 95.21%
2024-04-16 13:48 after_fed Round:   1 | Epochs:   5 | Domain: a | loss: 3.5978 | Acc: 78.54%
2024-04-16 13:48 after_fed Round:   1 | Epochs:   5 | Domain: s | loss: 1.1986 | Acc: 87.28%
2024-04-16 13:48 Model saved! Best Val Acc: 86.67%
2024-04-16 13:48 test_domain Round:   1 | Epochs:   5 | Domain: c | loss: 6.5730 | Acc: 66.08%
2024-04-16 13:49 before_fed Round:   2 | Epochs:  10 | Domain: p | loss: 0.3723 | Acc: 96.41%
2024-04-16 13:49 before_fed Round:   2 | Epochs:  10 | Domain: a | loss: 2.0868 | Acc: 86.83%
2024-04-16 13:50 before_fed Round:   2 | Epochs:  10 | Domain: s | loss: 2.1854 | Acc: 85.50%
2024-04-16 13:50 after_fed Round:   2 | Epochs:  10 | Domain: p | loss: 0.8809 | Acc: 95.21%
2024-04-16 13:50 after_fed Round:   2 | Epochs:  10 | Domain: a | loss: 3.5979 | Acc: 80.98%
2024-04-16 13:50 after_fed Round:   2 | Epochs:  10 | Domain: s | loss: 1.6978 | Acc: 87.28%
2024-04-16 13:50 Model saved! Best Val Acc: 87.32%
2024-04-16 13:50 test_domain Round:   2 | Epochs:  10 | Domain: c | loss: 9.1870 | Acc: 64.97%
2024-04-16 13:51 before_fed Round:   3 | Epochs:  15 | Domain: p | loss: 0.5686 | Acc: 97.01%
2024-04-16 13:51 before_fed Round:   3 | Epochs:  15 | Domain: a | loss: 2.6575 | Acc: 86.83%
2024-04-16 13:52 before_fed Round:   3 | Epochs:  15 | Domain: s | loss: 1.9152 | Acc: 87.02%
2024-04-16 13:52 after_fed Round:   3 | Epochs:  15 | Domain: p | loss: 1.1488 | Acc: 95.81%
2024-04-16 13:52 after_fed Round:   3 | Epochs:  15 | Domain: a | loss: 3.5919 | Acc: 81.95%
2024-04-16 13:52 after_fed Round:   3 | Epochs:  15 | Domain: s | loss: 1.6581 | Acc: 88.04%
2024-04-16 13:52 Model saved! Best Val Acc: 88.11%
2024-04-16 13:53 test_domain Round:   3 | Epochs:  15 | Domain: c | loss: 10.1572 | Acc: 63.82%
2024-04-16 13:53 before_fed Round:   4 | Epochs:  20 | Domain: p | loss: 0.6866 | Acc: 96.41%
2024-04-16 13:54 before_fed Round:   4 | Epochs:  20 | Domain: a | loss: 2.9179 | Acc: 88.29%
2024-04-16 13:54 before_fed Round:   4 | Epochs:  20 | Domain: s | loss: 2.5472 | Acc: 85.24%
2024-04-16 13:54 after_fed Round:   4 | Epochs:  20 | Domain: p | loss: 1.5177 | Acc: 95.81%
2024-04-16 13:54 after_fed Round:   4 | Epochs:  20 | Domain: a | loss: 3.5660 | Acc: 82.93%
2024-04-16 13:54 after_fed Round:   4 | Epochs:  20 | Domain: s | loss: 2.0660 | Acc: 87.53%
2024-04-16 13:55 test_domain Round:   4 | Epochs:  20 | Domain: c | loss: 10.4045 | Acc: 64.85%
2024-04-16 13:55 before_fed Round:   5 | Epochs:  25 | Domain: p | loss: 1.0123 | Acc: 96.41%
2024-04-16 13:56 before_fed Round:   5 | Epochs:  25 | Domain: a | loss: 3.0296 | Acc: 87.32%
2024-04-16 13:56 before_fed Round:   5 | Epochs:  25 | Domain: s | loss: 3.0408 | Acc: 88.04%
2024-04-16 13:56 after_fed Round:   5 | Epochs:  25 | Domain: p | loss: 1.4225 | Acc: 95.81%
2024-04-16 13:56 after_fed Round:   5 | Epochs:  25 | Domain: a | loss: 3.8015 | Acc: 82.44%
2024-04-16 13:56 after_fed Round:   5 | Epochs:  25 | Domain: s | loss: 2.4309 | Acc: 88.55%
2024-04-16 13:56 Model saved! Best Val Acc: 88.50%
2024-04-16 13:57 test_domain Round:   5 | Epochs:  25 | Domain: c | loss: 11.0791 | Acc: 64.12%
2024-04-16 13:57 before_fed Round:   6 | Epochs:  30 | Domain: p | loss: 1.1528 | Acc: 96.41%
2024-04-16 13:58 before_fed Round:   6 | Epochs:  30 | Domain: a | loss: 3.8036 | Acc: 85.85%
2024-04-16 13:58 before_fed Round:   6 | Epochs:  30 | Domain: s | loss: 3.3170 | Acc: 88.30%
2024-04-16 13:58 after_fed Round:   6 | Epochs:  30 | Domain: p | loss: 1.4125 | Acc: 95.81%
2024-04-16 13:58 after_fed Round:   6 | Epochs:  30 | Domain: a | loss: 4.2539 | Acc: 84.88%
2024-04-16 13:59 after_fed Round:   6 | Epochs:  30 | Domain: s | loss: 2.7852 | Acc: 88.04%
2024-04-16 13:59 Model saved! Best Val Acc: 88.89%
2024-04-16 13:59 test_domain Round:   6 | Epochs:  30 | Domain: c | loss: 11.5335 | Acc: 65.74%
2024-04-16 13:59 before_fed Round:   7 | Epochs:  35 | Domain: p | loss: 1.2819 | Acc: 97.01%
2024-04-16 14:00 before_fed Round:   7 | Epochs:  35 | Domain: a | loss: 3.9088 | Acc: 86.34%
2024-04-16 14:01 before_fed Round:   7 | Epochs:  35 | Domain: s | loss: 3.0491 | Acc: 89.57%
2024-04-16 14:01 after_fed Round:   7 | Epochs:  35 | Domain: p | loss: 1.8074 | Acc: 95.81%
2024-04-16 14:01 after_fed Round:   7 | Epochs:  35 | Domain: a | loss: 4.2367 | Acc: 87.32%
2024-04-16 14:01 after_fed Round:   7 | Epochs:  35 | Domain: s | loss: 2.8217 | Acc: 89.31%
2024-04-16 14:01 Model saved! Best Val Acc: 90.20%
2024-04-16 14:01 test_domain Round:   7 | Epochs:  35 | Domain: c | loss: 13.7645 | Acc: 63.31%
2024-04-16 14:01 before_fed Round:   8 | Epochs:  40 | Domain: p | loss: 1.7409 | Acc: 95.81%
2024-04-16 14:02 before_fed Round:   8 | Epochs:  40 | Domain: a | loss: 3.7813 | Acc: 86.34%
2024-04-16 14:03 before_fed Round:   8 | Epochs:  40 | Domain: s | loss: 2.8668 | Acc: 89.57%
2024-04-16 14:03 after_fed Round:   8 | Epochs:  40 | Domain: p | loss: 1.8812 | Acc: 95.81%
2024-04-16 14:03 after_fed Round:   8 | Epochs:  40 | Domain: a | loss: 4.1831 | Acc: 87.32%
2024-04-16 14:03 after_fed Round:   8 | Epochs:  40 | Domain: s | loss: 2.8268 | Acc: 90.33%
2024-04-16 14:03 Model saved! Best Val Acc: 90.72%
2024-04-16 14:03 test_domain Round:   8 | Epochs:  40 | Domain: c | loss: 13.2813 | Acc: 63.99%
2024-04-16 14:03 before_fed Round:   9 | Epochs:  45 | Domain: p | loss: 1.8041 | Acc: 95.81%
2024-04-16 14:04 before_fed Round:   9 | Epochs:  45 | Domain: a | loss: 3.7911 | Acc: 87.32%
2024-04-16 14:05 before_fed Round:   9 | Epochs:  45 | Domain: s | loss: 2.6865 | Acc: 89.82%
2024-04-16 14:05 after_fed Round:   9 | Epochs:  45 | Domain: p | loss: 1.9623 | Acc: 95.81%
2024-04-16 14:05 after_fed Round:   9 | Epochs:  45 | Domain: a | loss: 4.0040 | Acc: 87.32%
2024-04-16 14:05 after_fed Round:   9 | Epochs:  45 | Domain: s | loss: 2.7413 | Acc: 89.82%
2024-04-16 14:05 test_domain Round:   9 | Epochs:  45 | Domain: c | loss: 12.9163 | Acc: 64.68%
2024-04-16 14:05 before_fed Round:  10 | Epochs:  50 | Domain: p | loss: 1.8528 | Acc: 95.81%
2024-04-16 14:06 before_fed Round:  10 | Epochs:  50 | Domain: a | loss: 3.7438 | Acc: 86.34%
2024-04-16 14:07 before_fed Round:  10 | Epochs:  50 | Domain: s | loss: 2.8713 | Acc: 89.57%
2024-04-16 14:07 after_fed Round:  10 | Epochs:  50 | Domain: p | loss: 1.9842 | Acc: 95.21%
2024-04-16 14:07 after_fed Round:  10 | Epochs:  50 | Domain: a | loss: 3.8952 | Acc: 87.32%
2024-04-16 14:07 after_fed Round:  10 | Epochs:  50 | Domain: s | loss: 2.7543 | Acc: 90.08%
2024-04-16 14:07 test_domain Round:  10 | Epochs:  50 | Domain: c | loss: 12.7814 | Acc: 64.89%
