2024-03-19 16:40 comment: fed avg, ccnet(1 head), pacs on s
2024-03-19 16:41 before_fed Round:   0 | Epochs:   0 | Domain: p | loss: 1.1610 | Acc: 70.06%
2024-03-19 16:41 before_fed Round:   0 | Epochs:   0 | Domain: a | loss: 1.3255 | Acc: 60.00%
2024-03-19 16:42 before_fed Round:   0 | Epochs:   0 | Domain: c | loss: 1.3069 | Acc: 51.49%
2024-03-19 16:42 after_fed Round:   0 | Epochs:   0 | Domain: p | loss: 1.3355 | Acc: 64.67%
2024-03-19 16:42 after_fed Round:   0 | Epochs:   0 | Domain: a | loss: 1.4958 | Acc: 47.80%
2024-03-19 16:42 after_fed Round:   0 | Epochs:   0 | Domain: c | loss: 1.5678 | Acc: 38.72%
2024-03-19 16:42 Model saved! Best Val Acc: 147.95%
2024-03-19 16:42 test_domain Round:   0 | Epochs:   0 | Domain: s | loss: 1.8610 | Acc: 23.85%
2024-03-19 16:42 before_fed Round:   1 | Epochs:   5 | Domain: p | loss: 0.7481 | Acc: 81.44%
2024-03-19 16:43 before_fed Round:   1 | Epochs:   5 | Domain: a | loss: 1.0277 | Acc: 71.71%
2024-03-19 16:43 before_fed Round:   1 | Epochs:   5 | Domain: c | loss: 1.0282 | Acc: 63.83%
2024-03-19 16:43 after_fed Round:   1 | Epochs:   5 | Domain: p | loss: 0.8590 | Acc: 79.64%
2024-03-19 16:43 after_fed Round:   1 | Epochs:   5 | Domain: a | loss: 1.1642 | Acc: 65.37%
2024-03-19 16:43 after_fed Round:   1 | Epochs:   5 | Domain: c | loss: 1.2330 | Acc: 54.89%
2024-03-19 16:43 Model saved! Best Val Acc: 110.67%
2024-03-19 16:43 test_domain Round:   1 | Epochs:   5 | Domain: s | loss: 1.6686 | Acc: 35.76%
2024-03-19 16:44 before_fed Round:   2 | Epochs:  10 | Domain: p | loss: 0.5152 | Acc: 85.63%
2024-03-19 16:44 before_fed Round:   2 | Epochs:  10 | Domain: a | loss: 0.8437 | Acc: 76.59%
2024-03-19 16:45 before_fed Round:   2 | Epochs:  10 | Domain: c | loss: 0.8594 | Acc: 69.79%
2024-03-19 16:45 after_fed Round:   2 | Epochs:  10 | Domain: p | loss: 0.5913 | Acc: 85.03%
2024-03-19 16:45 after_fed Round:   2 | Epochs:  10 | Domain: a | loss: 0.9573 | Acc: 69.76%
2024-03-19 16:45 after_fed Round:   2 | Epochs:  10 | Domain: c | loss: 1.0197 | Acc: 62.13%
2024-03-19 16:45 Model saved! Best Val Acc: 88.06%
2024-03-19 16:45 test_domain Round:   2 | Epochs:  10 | Domain: s | loss: 1.5092 | Acc: 44.08%
2024-03-19 16:45 before_fed Round:   3 | Epochs:  15 | Domain: p | loss: 0.3760 | Acc: 88.02%
2024-03-19 16:46 before_fed Round:   3 | Epochs:  15 | Domain: a | loss: 0.7234 | Acc: 78.54%
2024-03-19 16:46 before_fed Round:   3 | Epochs:  15 | Domain: c | loss: 0.7549 | Acc: 73.19%
2024-03-19 16:46 after_fed Round:   3 | Epochs:  15 | Domain: p | loss: 0.4389 | Acc: 86.83%
2024-03-19 16:46 after_fed Round:   3 | Epochs:  15 | Domain: a | loss: 0.8261 | Acc: 71.71%
2024-03-19 16:46 after_fed Round:   3 | Epochs:  15 | Domain: c | loss: 0.8844 | Acc: 66.38%
2024-03-19 16:46 Model saved! Best Val Acc: 74.20%
2024-03-19 16:47 test_domain Round:   3 | Epochs:  15 | Domain: s | loss: 1.3754 | Acc: 48.49%
2024-03-19 16:47 before_fed Round:   4 | Epochs:  20 | Domain: p | loss: 0.2883 | Acc: 91.02%
2024-03-19 16:47 before_fed Round:   4 | Epochs:  20 | Domain: a | loss: 0.6452 | Acc: 79.51%
2024-03-19 16:48 before_fed Round:   4 | Epochs:  20 | Domain: c | loss: 0.6877 | Acc: 74.04%
2024-03-19 16:48 after_fed Round:   4 | Epochs:  20 | Domain: p | loss: 0.3462 | Acc: 88.62%
2024-03-19 16:48 after_fed Round:   4 | Epochs:  20 | Domain: a | loss: 0.7398 | Acc: 73.17%
2024-03-19 16:48 after_fed Round:   4 | Epochs:  20 | Domain: c | loss: 0.7967 | Acc: 69.36%
2024-03-19 16:48 Model saved! Best Val Acc: 65.34%
2024-03-19 16:48 test_domain Round:   4 | Epochs:  20 | Domain: s | loss: 1.2716 | Acc: 52.23%
2024-03-19 16:49 before_fed Round:   5 | Epochs:  25 | Domain: p | loss: 0.2323 | Acc: 92.22%
2024-03-19 16:49 before_fed Round:   5 | Epochs:  25 | Domain: a | loss: 0.5960 | Acc: 80.00%
2024-03-19 16:50 before_fed Round:   5 | Epochs:  25 | Domain: c | loss: 0.6375 | Acc: 74.89%
2024-03-19 16:50 after_fed Round:   5 | Epochs:  25 | Domain: p | loss: 0.2862 | Acc: 89.82%
2024-03-19 16:50 after_fed Round:   5 | Epochs:  25 | Domain: a | loss: 0.6810 | Acc: 77.07%
2024-03-19 16:50 after_fed Round:   5 | Epochs:  25 | Domain: c | loss: 0.7356 | Acc: 70.64%
2024-03-19 16:50 Model saved! Best Val Acc: 59.34%
2024-03-19 16:50 test_domain Round:   5 | Epochs:  25 | Domain: s | loss: 1.1901 | Acc: 54.98%
2024-03-19 16:50 before_fed Round:   6 | Epochs:  30 | Domain: p | loss: 0.1947 | Acc: 94.01%
2024-03-19 16:51 before_fed Round:   6 | Epochs:  30 | Domain: a | loss: 0.5641 | Acc: 80.49%
2024-03-19 16:51 before_fed Round:   6 | Epochs:  30 | Domain: c | loss: 0.6097 | Acc: 76.60%
2024-03-19 16:51 after_fed Round:   6 | Epochs:  30 | Domain: p | loss: 0.2466 | Acc: 91.02%
2024-03-19 16:51 after_fed Round:   6 | Epochs:  30 | Domain: a | loss: 0.6389 | Acc: 79.02%
2024-03-19 16:51 after_fed Round:   6 | Epochs:  30 | Domain: c | loss: 0.6925 | Acc: 71.91%
2024-03-19 16:51 Model saved! Best Val Acc: 55.16%
2024-03-19 16:51 test_domain Round:   6 | Epochs:  30 | Domain: s | loss: 1.1282 | Acc: 57.42%
2024-03-19 16:52 before_fed Round:   7 | Epochs:  35 | Domain: p | loss: 0.1693 | Acc: 94.61%
2024-03-19 16:52 before_fed Round:   7 | Epochs:  35 | Domain: a | loss: 0.5412 | Acc: 80.49%
2024-03-19 16:53 before_fed Round:   7 | Epochs:  35 | Domain: c | loss: 0.5818 | Acc: 77.45%
2024-03-19 16:53 after_fed Round:   7 | Epochs:  35 | Domain: p | loss: 0.2193 | Acc: 91.62%
2024-03-19 16:53 after_fed Round:   7 | Epochs:  35 | Domain: a | loss: 0.6074 | Acc: 80.00%
2024-03-19 16:53 after_fed Round:   7 | Epochs:  35 | Domain: c | loss: 0.6570 | Acc: 73.19%
2024-03-19 16:53 Model saved! Best Val Acc: 51.97%
2024-03-19 16:53 test_domain Round:   7 | Epochs:  35 | Domain: s | loss: 1.0720 | Acc: 59.40%
2024-03-19 16:53 before_fed Round:   8 | Epochs:  40 | Domain: p | loss: 0.1516 | Acc: 94.61%
2024-03-19 16:54 before_fed Round:   8 | Epochs:  40 | Domain: a | loss: 0.5228 | Acc: 80.98%
2024-03-19 16:54 before_fed Round:   8 | Epochs:  40 | Domain: c | loss: 0.5587 | Acc: 79.57%
2024-03-19 16:54 after_fed Round:   8 | Epochs:  40 | Domain: p | loss: 0.1997 | Acc: 92.81%
2024-03-19 16:54 after_fed Round:   8 | Epochs:  40 | Domain: a | loss: 0.5819 | Acc: 80.00%
2024-03-19 16:54 after_fed Round:   8 | Epochs:  40 | Domain: c | loss: 0.6271 | Acc: 74.04%
2024-03-19 16:54 Model saved! Best Val Acc: 49.41%
2024-03-19 16:55 test_domain Round:   8 | Epochs:  40 | Domain: s | loss: 1.0236 | Acc: 61.31%
2024-03-19 16:55 before_fed Round:   9 | Epochs:  45 | Domain: p | loss: 0.1391 | Acc: 94.61%
2024-03-19 16:55 before_fed Round:   9 | Epochs:  45 | Domain: a | loss: 0.5091 | Acc: 80.98%
2024-03-19 16:56 before_fed Round:   9 | Epochs:  45 | Domain: c | loss: 0.5435 | Acc: 81.28%
2024-03-19 16:56 after_fed Round:   9 | Epochs:  45 | Domain: p | loss: 0.1856 | Acc: 94.01%
2024-03-19 16:56 after_fed Round:   9 | Epochs:  45 | Domain: a | loss: 0.5613 | Acc: 80.49%
2024-03-19 16:56 after_fed Round:   9 | Epochs:  45 | Domain: c | loss: 0.6036 | Acc: 75.74%
2024-03-19 16:56 Model saved! Best Val Acc: 47.42%
2024-03-19 16:56 test_domain Round:   9 | Epochs:  45 | Domain: s | loss: 0.9858 | Acc: 62.38%
2024-03-19 16:56 before_fed Round:  10 | Epochs:  50 | Domain: p | loss: 0.1283 | Acc: 94.61%
2024-03-19 16:57 before_fed Round:  10 | Epochs:  50 | Domain: a | loss: 0.4958 | Acc: 81.95%
2024-03-19 16:57 before_fed Round:  10 | Epochs:  50 | Domain: c | loss: 0.5293 | Acc: 81.28%
2024-03-19 16:57 after_fed Round:  10 | Epochs:  50 | Domain: p | loss: 0.1737 | Acc: 94.01%
2024-03-19 16:58 after_fed Round:  10 | Epochs:  50 | Domain: a | loss: 0.5438 | Acc: 81.95%
2024-03-19 16:58 after_fed Round:  10 | Epochs:  50 | Domain: c | loss: 0.5849 | Acc: 76.60%
2024-03-19 16:58 Model saved! Best Val Acc: 45.77%
2024-03-19 16:58 test_domain Round:  10 | Epochs:  50 | Domain: s | loss: 0.9569 | Acc: 63.37%
