2024-03-17 13:32 comment: fed avg, mobilenetv1 pretrained, pacs on c
2024-03-17 13:33 before_fed Round:   0 | Epochs:   0 | Domain: p | loss: 9.7204 | Acc: 0.00%
2024-03-17 13:33 before_fed Round:   0 | Epochs:   0 | Domain: a | loss: 8.9894 | Acc: 1.95%
2024-03-17 13:34 before_fed Round:   0 | Epochs:   0 | Domain: s | loss: 5.7173 | Acc: 35.11%
2024-03-17 13:34 after_fed Round:   0 | Epochs:   0 | Domain: p | loss: 10.1122 | Acc: 0.00%
2024-03-17 13:34 after_fed Round:   0 | Epochs:   0 | Domain: a | loss: 11.4866 | Acc: 0.00%
2024-03-17 13:34 after_fed Round:   0 | Epochs:   0 | Domain: s | loss: 11.0825 | Acc: 0.00%
2024-03-17 13:34 Model saved! Best Val Acc: 1097.88%
2024-03-17 13:34 test_domain Round:   0 | Epochs:   0 | Domain: c | loss: 10.7971 | Acc: 0.85%
2024-03-17 13:34 before_fed Round:   1 | Epochs:   5 | Domain: p | loss: 5.9689 | Acc: 17.96%
2024-03-17 13:35 before_fed Round:   1 | Epochs:   5 | Domain: a | loss: 6.1968 | Acc: 19.02%
2024-03-17 13:35 before_fed Round:   1 | Epochs:   5 | Domain: s | loss: 3.8073 | Acc: 56.74%
2024-03-17 13:35 after_fed Round:   1 | Epochs:   5 | Domain: p | loss: 7.1433 | Acc: 4.19%
2024-03-17 13:35 after_fed Round:   1 | Epochs:   5 | Domain: a | loss: 8.8427 | Acc: 4.39%
2024-03-17 13:35 after_fed Round:   1 | Epochs:   5 | Domain: s | loss: 10.3512 | Acc: 1.02%
2024-03-17 13:35 Model saved! Best Val Acc: 924.66%
2024-03-17 13:35 test_domain Round:   1 | Epochs:   5 | Domain: c | loss: 7.9400 | Acc: 11.22%
2024-03-17 13:36 before_fed Round:   2 | Epochs:  10 | Domain: p | loss: 3.2704 | Acc: 50.90%
2024-03-17 13:36 before_fed Round:   2 | Epochs:  10 | Domain: a | loss: 4.2267 | Acc: 46.34%
2024-03-17 13:37 before_fed Round:   2 | Epochs:  10 | Domain: s | loss: 2.7705 | Acc: 63.87%
2024-03-17 13:37 after_fed Round:   2 | Epochs:  10 | Domain: p | loss: 4.6126 | Acc: 37.13%
2024-03-17 13:37 after_fed Round:   2 | Epochs:  10 | Domain: a | loss: 6.3879 | Acc: 15.12%
2024-03-17 13:37 after_fed Round:   2 | Epochs:  10 | Domain: s | loss: 9.2862 | Acc: 15.27%
2024-03-17 13:37 Model saved! Best Val Acc: 748.93%
2024-03-17 13:37 test_domain Round:   2 | Epochs:  10 | Domain: c | loss: 5.7551 | Acc: 26.62%
2024-03-17 13:37 before_fed Round:   3 | Epochs:  15 | Domain: p | loss: 1.8972 | Acc: 69.46%
2024-03-17 13:38 before_fed Round:   3 | Epochs:  15 | Domain: a | loss: 2.9989 | Acc: 59.51%
2024-03-17 13:38 before_fed Round:   3 | Epochs:  15 | Domain: s | loss: 2.2121 | Acc: 68.96%
2024-03-17 13:38 after_fed Round:   3 | Epochs:  15 | Domain: p | loss: 3.0397 | Acc: 57.49%
2024-03-17 13:38 after_fed Round:   3 | Epochs:  15 | Domain: a | loss: 4.8867 | Acc: 32.20%
2024-03-17 13:38 after_fed Round:   3 | Epochs:  15 | Domain: s | loss: 7.7217 | Acc: 17.05%
2024-03-17 13:38 Model saved! Best Val Acc: 593.99%
2024-03-17 13:38 test_domain Round:   3 | Epochs:  15 | Domain: c | loss: 4.7681 | Acc: 33.58%
2024-03-17 13:39 before_fed Round:   4 | Epochs:  20 | Domain: p | loss: 1.3486 | Acc: 82.63%
2024-03-17 13:39 before_fed Round:   4 | Epochs:  20 | Domain: a | loss: 2.2339 | Acc: 69.76%
2024-03-17 13:40 before_fed Round:   4 | Epochs:  20 | Domain: s | loss: 1.9560 | Acc: 69.72%
2024-03-17 13:40 after_fed Round:   4 | Epochs:  20 | Domain: p | loss: 2.1954 | Acc: 65.27%
2024-03-17 13:40 after_fed Round:   4 | Epochs:  20 | Domain: a | loss: 3.8115 | Acc: 36.59%
2024-03-17 13:40 after_fed Round:   4 | Epochs:  20 | Domain: s | loss: 6.1452 | Acc: 20.87%
2024-03-17 13:40 Model saved! Best Val Acc: 465.76%
2024-03-17 13:40 test_domain Round:   4 | Epochs:  20 | Domain: c | loss: 3.9538 | Acc: 39.12%
2024-03-17 13:40 before_fed Round:   5 | Epochs:  25 | Domain: p | loss: 1.1316 | Acc: 83.83%
2024-03-17 13:41 before_fed Round:   5 | Epochs:  25 | Domain: a | loss: 1.9447 | Acc: 71.71%
2024-03-17 13:41 before_fed Round:   5 | Epochs:  25 | Domain: s | loss: 1.8060 | Acc: 70.99%
2024-03-17 13:41 after_fed Round:   5 | Epochs:  25 | Domain: p | loss: 1.7239 | Acc: 73.65%
2024-03-17 13:41 after_fed Round:   5 | Epochs:  25 | Domain: a | loss: 3.0710 | Acc: 41.46%
2024-03-17 13:41 after_fed Round:   5 | Epochs:  25 | Domain: s | loss: 4.7311 | Acc: 32.57%
2024-03-17 13:41 Model saved! Best Val Acc: 362.97%
2024-03-17 13:41 test_domain Round:   5 | Epochs:  25 | Domain: c | loss: 3.5493 | Acc: 42.15%
2024-03-17 13:42 before_fed Round:   6 | Epochs:  30 | Domain: p | loss: 1.0098 | Acc: 86.23%
2024-03-17 13:42 before_fed Round:   6 | Epochs:  30 | Domain: a | loss: 1.6709 | Acc: 72.20%
2024-03-17 13:43 before_fed Round:   6 | Epochs:  30 | Domain: s | loss: 1.6207 | Acc: 70.74%
2024-03-17 13:43 after_fed Round:   6 | Epochs:  30 | Domain: p | loss: 1.5218 | Acc: 75.45%
2024-03-17 13:43 after_fed Round:   6 | Epochs:  30 | Domain: a | loss: 2.8331 | Acc: 43.41%
2024-03-17 13:43 after_fed Round:   6 | Epochs:  30 | Domain: s | loss: 3.8073 | Acc: 46.82%
2024-03-17 13:43 Model saved! Best Val Acc: 304.73%
2024-03-17 13:43 test_domain Round:   6 | Epochs:  30 | Domain: c | loss: 3.2087 | Acc: 45.22%
2024-03-17 13:43 before_fed Round:   7 | Epochs:  35 | Domain: p | loss: 0.9295 | Acc: 86.83%
2024-03-17 13:44 before_fed Round:   7 | Epochs:  35 | Domain: a | loss: 1.4402 | Acc: 73.66%
2024-03-17 13:44 before_fed Round:   7 | Epochs:  35 | Domain: s | loss: 1.3446 | Acc: 72.77%
2024-03-17 13:44 after_fed Round:   7 | Epochs:  35 | Domain: p | loss: 1.2705 | Acc: 79.64%
2024-03-17 13:44 after_fed Round:   7 | Epochs:  35 | Domain: a | loss: 2.5316 | Acc: 49.76%
2024-03-17 13:44 after_fed Round:   7 | Epochs:  35 | Domain: s | loss: 3.0071 | Acc: 56.49%
2024-03-17 13:44 Model saved! Best Val Acc: 250.05%
2024-03-17 13:44 test_domain Round:   7 | Epochs:  35 | Domain: c | loss: 2.8188 | Acc: 49.36%
2024-03-17 13:45 before_fed Round:   8 | Epochs:  40 | Domain: p | loss: 0.8336 | Acc: 86.83%
2024-03-17 13:45 before_fed Round:   8 | Epochs:  40 | Domain: a | loss: 1.3525 | Acc: 75.12%
2024-03-17 13:46 before_fed Round:   8 | Epochs:  40 | Domain: s | loss: 1.0555 | Acc: 80.15%
2024-03-17 13:46 after_fed Round:   8 | Epochs:  40 | Domain: p | loss: 1.1360 | Acc: 79.64%
2024-03-17 13:46 after_fed Round:   8 | Epochs:  40 | Domain: a | loss: 2.3346 | Acc: 53.17%
2024-03-17 13:46 after_fed Round:   8 | Epochs:  40 | Domain: s | loss: 2.5439 | Acc: 58.52%
2024-03-17 13:46 Model saved! Best Val Acc: 218.04%
2024-03-17 13:46 test_domain Round:   8 | Epochs:  40 | Domain: c | loss: 2.6129 | Acc: 50.17%
2024-03-17 13:46 before_fed Round:   9 | Epochs:  45 | Domain: p | loss: 0.7216 | Acc: 85.63%
2024-03-17 13:47 before_fed Round:   9 | Epochs:  45 | Domain: a | loss: 1.1415 | Acc: 76.59%
2024-03-17 13:47 before_fed Round:   9 | Epochs:  45 | Domain: s | loss: 0.6999 | Acc: 83.97%
2024-03-17 13:47 after_fed Round:   9 | Epochs:  45 | Domain: p | loss: 0.9897 | Acc: 81.44%
2024-03-17 13:47 after_fed Round:   9 | Epochs:  45 | Domain: a | loss: 2.0731 | Acc: 55.12%
2024-03-17 13:47 after_fed Round:   9 | Epochs:  45 | Domain: s | loss: 2.0390 | Acc: 58.78%
2024-03-17 13:47 Model saved! Best Val Acc: 181.90%
2024-03-17 13:47 test_domain Round:   9 | Epochs:  45 | Domain: c | loss: 2.4280 | Acc: 51.19%
2024-03-17 13:48 before_fed Round:  10 | Epochs:  50 | Domain: p | loss: 0.5847 | Acc: 86.23%
2024-03-17 13:48 before_fed Round:  10 | Epochs:  50 | Domain: a | loss: 1.0231 | Acc: 74.15%
2024-03-17 13:49 before_fed Round:  10 | Epochs:  50 | Domain: s | loss: 0.4702 | Acc: 86.77%
2024-03-17 13:49 after_fed Round:  10 | Epochs:  50 | Domain: p | loss: 0.8537 | Acc: 81.44%
2024-03-17 13:49 after_fed Round:  10 | Epochs:  50 | Domain: a | loss: 1.9085 | Acc: 57.07%
2024-03-17 13:49 after_fed Round:  10 | Epochs:  50 | Domain: s | loss: 1.6333 | Acc: 73.54%
2024-03-17 13:49 Model saved! Best Val Acc: 153.67%
2024-03-17 13:49 test_domain Round:  10 | Epochs:  50 | Domain: c | loss: 2.2733 | Acc: 52.39%