2024-03-19 16:21 comment: fed avg, ccnet(1 head), pacs on c
2024-03-19 16:22 before_fed Round:   0 | Epochs:   0 | Domain: p | loss: 1.2574 | Acc: 58.08%
2024-03-19 16:22 before_fed Round:   0 | Epochs:   0 | Domain: a | loss: 1.3654 | Acc: 55.61%
2024-03-19 16:23 before_fed Round:   0 | Epochs:   0 | Domain: s | loss: 1.1734 | Acc: 56.74%
2024-03-19 16:23 after_fed Round:   0 | Epochs:   0 | Domain: p | loss: 1.6548 | Acc: 32.34%
2024-03-19 16:23 after_fed Round:   0 | Epochs:   0 | Domain: a | loss: 1.6535 | Acc: 33.66%
2024-03-19 16:23 after_fed Round:   0 | Epochs:   0 | Domain: s | loss: 1.3263 | Acc: 51.15%
2024-03-19 16:23 Model saved! Best Val Acc: 148.57%
2024-03-19 16:23 test_domain Round:   0 | Epochs:   0 | Domain: c | loss: 1.6620 | Acc: 35.54%
2024-03-19 16:23 before_fed Round:   1 | Epochs:   5 | Domain: p | loss: 0.8411 | Acc: 87.43%
2024-03-19 16:24 before_fed Round:   1 | Epochs:   5 | Domain: a | loss: 1.0660 | Acc: 67.80%
2024-03-19 16:25 before_fed Round:   1 | Epochs:   5 | Domain: s | loss: 0.9157 | Acc: 64.89%
2024-03-19 16:25 after_fed Round:   1 | Epochs:   5 | Domain: p | loss: 1.1210 | Acc: 67.07%
2024-03-19 16:25 after_fed Round:   1 | Epochs:   5 | Domain: a | loss: 1.2926 | Acc: 57.56%
2024-03-19 16:25 after_fed Round:   1 | Epochs:   5 | Domain: s | loss: 0.9989 | Acc: 63.36%
2024-03-19 16:25 Model saved! Best Val Acc: 110.42%
2024-03-19 16:25 test_domain Round:   1 | Epochs:   5 | Domain: c | loss: 1.3810 | Acc: 47.74%
2024-03-19 16:25 before_fed Round:   2 | Epochs:  10 | Domain: p | loss: 0.5567 | Acc: 87.43%
2024-03-19 16:26 before_fed Round:   2 | Epochs:  10 | Domain: a | loss: 0.8592 | Acc: 76.59%
2024-03-19 16:26 before_fed Round:   2 | Epochs:  10 | Domain: s | loss: 0.7715 | Acc: 70.48%
2024-03-19 16:26 after_fed Round:   2 | Epochs:  10 | Domain: p | loss: 0.7398 | Acc: 86.23%
2024-03-19 16:26 after_fed Round:   2 | Epochs:  10 | Domain: a | loss: 1.0238 | Acc: 66.34%
2024-03-19 16:26 after_fed Round:   2 | Epochs:  10 | Domain: s | loss: 0.8180 | Acc: 68.70%
2024-03-19 16:26 Model saved! Best Val Acc: 85.60%
2024-03-19 16:26 test_domain Round:   2 | Epochs:  10 | Domain: c | loss: 1.1724 | Acc: 55.93%
2024-03-19 16:27 before_fed Round:   3 | Epochs:  15 | Domain: p | loss: 0.4041 | Acc: 88.62%
2024-03-19 16:27 before_fed Round:   3 | Epochs:  15 | Domain: a | loss: 0.7314 | Acc: 77.56%
2024-03-19 16:28 before_fed Round:   3 | Epochs:  15 | Domain: s | loss: 0.6883 | Acc: 73.28%
2024-03-19 16:28 after_fed Round:   3 | Epochs:  15 | Domain: p | loss: 0.5291 | Acc: 88.02%
2024-03-19 16:28 after_fed Round:   3 | Epochs:  15 | Domain: a | loss: 0.8594 | Acc: 70.24%
2024-03-19 16:28 after_fed Round:   3 | Epochs:  15 | Domain: s | loss: 0.7151 | Acc: 72.52%
2024-03-19 16:28 Model saved! Best Val Acc: 71.31%
2024-03-19 16:28 test_domain Round:   3 | Epochs:  15 | Domain: c | loss: 1.0671 | Acc: 60.07%
2024-03-19 16:28 before_fed Round:   4 | Epochs:  20 | Domain: p | loss: 0.3265 | Acc: 89.22%
2024-03-19 16:29 before_fed Round:   4 | Epochs:  20 | Domain: a | loss: 0.6508 | Acc: 79.51%
2024-03-19 16:30 before_fed Round:   4 | Epochs:  20 | Domain: s | loss: 0.6289 | Acc: 74.55%
2024-03-19 16:30 after_fed Round:   4 | Epochs:  20 | Domain: p | loss: 0.4182 | Acc: 88.62%
2024-03-19 16:30 after_fed Round:   4 | Epochs:  20 | Domain: a | loss: 0.7633 | Acc: 75.12%
2024-03-19 16:30 after_fed Round:   4 | Epochs:  20 | Domain: s | loss: 0.6491 | Acc: 74.81%
2024-03-19 16:30 Model saved! Best Val Acc: 62.93%
2024-03-19 16:30 test_domain Round:   4 | Epochs:  20 | Domain: c | loss: 1.0306 | Acc: 61.86%
2024-03-19 16:30 before_fed Round:   5 | Epochs:  25 | Domain: p | loss: 0.2802 | Acc: 89.22%
2024-03-19 16:31 before_fed Round:   5 | Epochs:  25 | Domain: a | loss: 0.5967 | Acc: 80.00%
2024-03-19 16:31 before_fed Round:   5 | Epochs:  25 | Domain: s | loss: 0.5805 | Acc: 76.59%
2024-03-19 16:31 after_fed Round:   5 | Epochs:  25 | Domain: p | loss: 0.3531 | Acc: 88.62%
2024-03-19 16:31 after_fed Round:   5 | Epochs:  25 | Domain: a | loss: 0.7030 | Acc: 77.07%
2024-03-19 16:31 after_fed Round:   5 | Epochs:  25 | Domain: s | loss: 0.6003 | Acc: 76.34%
2024-03-19 16:31 Model saved! Best Val Acc: 57.38%
2024-03-19 16:31 test_domain Round:   5 | Epochs:  25 | Domain: c | loss: 1.0336 | Acc: 63.10%
2024-03-19 16:32 before_fed Round:   6 | Epochs:  30 | Domain: p | loss: 0.2469 | Acc: 90.42%
2024-03-19 16:32 before_fed Round:   6 | Epochs:  30 | Domain: a | loss: 0.5604 | Acc: 80.49%
2024-03-19 16:33 before_fed Round:   6 | Epochs:  30 | Domain: s | loss: 0.5417 | Acc: 79.13%
2024-03-19 16:33 after_fed Round:   6 | Epochs:  30 | Domain: p | loss: 0.3120 | Acc: 90.42%
2024-03-19 16:33 after_fed Round:   6 | Epochs:  30 | Domain: a | loss: 0.6617 | Acc: 77.56%
2024-03-19 16:33 after_fed Round:   6 | Epochs:  30 | Domain: s | loss: 0.5615 | Acc: 78.12%
2024-03-19 16:33 Model saved! Best Val Acc: 53.38%
2024-03-19 16:33 test_domain Round:   6 | Epochs:  30 | Domain: c | loss: 1.0517 | Acc: 63.95%
2024-03-19 16:34 before_fed Round:   7 | Epochs:  35 | Domain: p | loss: 0.2224 | Acc: 91.62%
2024-03-19 16:34 before_fed Round:   7 | Epochs:  35 | Domain: a | loss: 0.5362 | Acc: 81.46%
2024-03-19 16:35 before_fed Round:   7 | Epochs:  35 | Domain: s | loss: 0.5110 | Acc: 78.88%
2024-03-19 16:35 after_fed Round:   7 | Epochs:  35 | Domain: p | loss: 0.2832 | Acc: 91.62%
2024-03-19 16:35 after_fed Round:   7 | Epochs:  35 | Domain: a | loss: 0.6330 | Acc: 77.56%
2024-03-19 16:35 after_fed Round:   7 | Epochs:  35 | Domain: s | loss: 0.5288 | Acc: 79.64%
2024-03-19 16:35 Model saved! Best Val Acc: 50.31%
2024-03-19 16:35 test_domain Round:   7 | Epochs:  35 | Domain: c | loss: 1.0726 | Acc: 64.33%
2024-03-19 16:35 before_fed Round:   8 | Epochs:  40 | Domain: p | loss: 0.2030 | Acc: 92.22%
2024-03-19 16:36 before_fed Round:   8 | Epochs:  40 | Domain: a | loss: 0.5212 | Acc: 84.88%
2024-03-19 16:36 before_fed Round:   8 | Epochs:  40 | Domain: s | loss: 0.4815 | Acc: 80.92%
2024-03-19 16:36 after_fed Round:   8 | Epochs:  40 | Domain: p | loss: 0.2599 | Acc: 91.02%
2024-03-19 16:36 after_fed Round:   8 | Epochs:  40 | Domain: a | loss: 0.6107 | Acc: 78.54%
2024-03-19 16:36 after_fed Round:   8 | Epochs:  40 | Domain: s | loss: 0.5003 | Acc: 80.66%
2024-03-19 16:36 Model saved! Best Val Acc: 47.74%
2024-03-19 16:37 test_domain Round:   8 | Epochs:  40 | Domain: c | loss: 1.0999 | Acc: 64.33%
2024-03-19 16:37 before_fed Round:   9 | Epochs:  45 | Domain: p | loss: 0.1864 | Acc: 92.81%
2024-03-19 16:37 before_fed Round:   9 | Epochs:  45 | Domain: a | loss: 0.5104 | Acc: 84.88%
2024-03-19 16:38 before_fed Round:   9 | Epochs:  45 | Domain: s | loss: 0.4577 | Acc: 81.42%
2024-03-19 16:38 after_fed Round:   9 | Epochs:  45 | Domain: p | loss: 0.2432 | Acc: 91.02%
2024-03-19 16:38 after_fed Round:   9 | Epochs:  45 | Domain: a | loss: 0.5949 | Acc: 79.51%
2024-03-19 16:38 after_fed Round:   9 | Epochs:  45 | Domain: s | loss: 0.4750 | Acc: 81.93%
2024-03-19 16:38 Model saved! Best Val Acc: 45.65%
2024-03-19 16:38 test_domain Round:   9 | Epochs:  45 | Domain: c | loss: 1.1254 | Acc: 63.95%
2024-03-19 16:39 before_fed Round:  10 | Epochs:  50 | Domain: p | loss: 0.1734 | Acc: 92.81%
2024-03-19 16:39 before_fed Round:  10 | Epochs:  50 | Domain: a | loss: 0.5006 | Acc: 84.39%
2024-03-19 16:40 before_fed Round:  10 | Epochs:  50 | Domain: s | loss: 0.4385 | Acc: 83.46%
2024-03-19 16:40 after_fed Round:  10 | Epochs:  50 | Domain: p | loss: 0.2283 | Acc: 91.62%
2024-03-19 16:40 after_fed Round:  10 | Epochs:  50 | Domain: a | loss: 0.5823 | Acc: 80.00%
2024-03-19 16:40 after_fed Round:  10 | Epochs:  50 | Domain: s | loss: 0.4540 | Acc: 83.21%
2024-03-19 16:40 Model saved! Best Val Acc: 43.91%
2024-03-19 16:40 test_domain Round:  10 | Epochs:  50 | Domain: c | loss: 1.1455 | Acc: 63.78%
