2024-04-16 13:01 comment: RSC, mobilenetv1 pretrained, vlcs on v
2024-04-16 13:02 before_fed Round:   0 | Epochs:   0 | Domain: l | loss: 1.4811 | Acc: 65.24%
2024-04-16 13:02 before_fed Round:   0 | Epochs:   0 | Domain: c | loss: 1.3220 | Acc: 82.00%
2024-04-16 13:02 before_fed Round:   0 | Epochs:   0 | Domain: s | loss: 1.5774 | Acc: 71.74%
2024-04-16 13:03 after_fed Round:   0 | Epochs:   0 | Domain: l | loss: 5.9811 | Acc: 54.55%
2024-04-16 13:03 after_fed Round:   0 | Epochs:   0 | Domain: c | loss: 1.0633 | Acc: 81.00%
2024-04-16 13:03 after_fed Round:   0 | Epochs:   0 | Domain: s | loss: 1.7484 | Acc: 69.13%
2024-04-16 13:03 Model saved! Best Val Acc: 66.14%
2024-04-16 13:03 test_domain Round:   0 | Epochs:   0 | Domain: v | loss: 2.1177 | Acc: 57.26%
2024-04-16 13:03 before_fed Round:   1 | Epochs:   5 | Domain: l | loss: 1.4747 | Acc: 68.45%
2024-04-16 13:03 before_fed Round:   1 | Epochs:   5 | Domain: c | loss: 0.0150 | Acc: 100.00%
2024-04-16 13:04 before_fed Round:   1 | Epochs:   5 | Domain: s | loss: 1.6752 | Acc: 76.52%
2024-04-16 13:04 after_fed Round:   1 | Epochs:   5 | Domain: l | loss: 2.3212 | Acc: 57.22%
2024-04-16 13:04 after_fed Round:   1 | Epochs:   5 | Domain: c | loss: 0.5364 | Acc: 83.00%
2024-04-16 13:04 after_fed Round:   1 | Epochs:   5 | Domain: s | loss: 1.9740 | Acc: 48.26%
2024-04-16 13:04 test_domain Round:   1 | Epochs:   5 | Domain: v | loss: 1.8466 | Acc: 53.11%
2024-04-16 13:05 before_fed Round:   2 | Epochs:  10 | Domain: l | loss: 1.4306 | Acc: 73.26%
2024-04-16 13:05 before_fed Round:   2 | Epochs:  10 | Domain: c | loss: 0.0145 | Acc: 99.00%
2024-04-16 13:06 before_fed Round:   2 | Epochs:  10 | Domain: s | loss: 2.0946 | Acc: 76.09%
2024-04-16 13:06 after_fed Round:   2 | Epochs:  10 | Domain: l | loss: 2.3184 | Acc: 62.03%
2024-04-16 13:06 after_fed Round:   2 | Epochs:  10 | Domain: c | loss: 0.6576 | Acc: 79.00%
2024-04-16 13:06 after_fed Round:   2 | Epochs:  10 | Domain: s | loss: 1.1265 | Acc: 71.74%
2024-04-16 13:06 Model saved! Best Val Acc: 69.63%
2024-04-16 13:06 test_domain Round:   2 | Epochs:  10 | Domain: v | loss: 1.6044 | Acc: 57.26%
2024-04-16 13:06 before_fed Round:   3 | Epochs:  15 | Domain: l | loss: 1.8197 | Acc: 71.12%
2024-04-16 13:06 before_fed Round:   3 | Epochs:  15 | Domain: c | loss: 0.0017 | Acc: 100.00%
2024-04-16 13:07 before_fed Round:   3 | Epochs:  15 | Domain: s | loss: 2.2495 | Acc: 75.22%
2024-04-16 13:07 after_fed Round:   3 | Epochs:  15 | Domain: l | loss: 2.6958 | Acc: 57.75%
2024-04-16 13:07 after_fed Round:   3 | Epochs:  15 | Domain: c | loss: 0.5539 | Acc: 84.00%
2024-04-16 13:07 after_fed Round:   3 | Epochs:  15 | Domain: s | loss: 1.3379 | Acc: 59.57%
2024-04-16 13:07 test_domain Round:   3 | Epochs:  15 | Domain: v | loss: 1.9762 | Acc: 46.99%
2024-04-16 13:08 before_fed Round:   4 | Epochs:  20 | Domain: l | loss: 1.8456 | Acc: 74.87%
2024-04-16 13:08 before_fed Round:   4 | Epochs:  20 | Domain: c | loss: 0.0083 | Acc: 99.00%
2024-04-16 13:08 before_fed Round:   4 | Epochs:  20 | Domain: s | loss: 2.2091 | Acc: 75.65%
2024-04-16 13:08 after_fed Round:   4 | Epochs:  20 | Domain: l | loss: 2.7447 | Acc: 59.36%
2024-04-16 13:08 after_fed Round:   4 | Epochs:  20 | Domain: c | loss: 0.4566 | Acc: 86.00%
2024-04-16 13:09 after_fed Round:   4 | Epochs:  20 | Domain: s | loss: 1.2067 | Acc: 68.26%
2024-04-16 13:09 test_domain Round:   4 | Epochs:  20 | Domain: v | loss: 2.0383 | Acc: 50.25%
2024-04-16 13:09 before_fed Round:   5 | Epochs:  25 | Domain: l | loss: 1.9401 | Acc: 73.26%
2024-04-16 13:09 before_fed Round:   5 | Epochs:  25 | Domain: c | loss: 0.0146 | Acc: 99.00%
2024-04-16 13:10 before_fed Round:   5 | Epochs:  25 | Domain: s | loss: 2.1212 | Acc: 74.78%
2024-04-16 13:10 after_fed Round:   5 | Epochs:  25 | Domain: l | loss: 2.4521 | Acc: 61.50%
2024-04-16 13:10 after_fed Round:   5 | Epochs:  25 | Domain: c | loss: 0.4009 | Acc: 88.00%
2024-04-16 13:10 after_fed Round:   5 | Epochs:  25 | Domain: s | loss: 1.2418 | Acc: 66.09%
2024-04-16 13:10 test_domain Round:   5 | Epochs:  25 | Domain: v | loss: 1.9688 | Acc: 52.22%
2024-04-16 13:11 before_fed Round:   6 | Epochs:  30 | Domain: l | loss: 2.2634 | Acc: 72.73%
2024-04-16 13:11 before_fed Round:   6 | Epochs:  30 | Domain: c | loss: 0.0653 | Acc: 99.00%
2024-04-16 13:11 before_fed Round:   6 | Epochs:  30 | Domain: s | loss: 2.2278 | Acc: 75.65%
2024-04-16 13:11 after_fed Round:   6 | Epochs:  30 | Domain: l | loss: 3.6260 | Acc: 56.68%
2024-04-16 13:11 after_fed Round:   6 | Epochs:  30 | Domain: c | loss: 0.5534 | Acc: 85.00%
2024-04-16 13:11 after_fed Round:   6 | Epochs:  30 | Domain: s | loss: 1.4391 | Acc: 66.09%
2024-04-16 13:11 test_domain Round:   6 | Epochs:  30 | Domain: v | loss: 2.1212 | Acc: 52.42%
2024-04-16 13:12 before_fed Round:   7 | Epochs:  35 | Domain: l | loss: 2.6359 | Acc: 71.12%
2024-04-16 13:12 before_fed Round:   7 | Epochs:  35 | Domain: c | loss: 0.0419 | Acc: 99.00%
2024-04-16 13:13 before_fed Round:   7 | Epochs:  35 | Domain: s | loss: 2.4602 | Acc: 75.22%
2024-04-16 13:13 after_fed Round:   7 | Epochs:  35 | Domain: l | loss: 2.8515 | Acc: 64.17%
2024-04-16 13:13 after_fed Round:   7 | Epochs:  35 | Domain: c | loss: 0.2506 | Acc: 94.00%
2024-04-16 13:13 after_fed Round:   7 | Epochs:  35 | Domain: s | loss: 1.1778 | Acc: 73.48%
2024-04-16 13:13 Model saved! Best Val Acc: 74.06%
2024-04-16 13:13 test_domain Round:   7 | Epochs:  35 | Domain: v | loss: 1.9942 | Acc: 55.97%
2024-04-16 13:13 before_fed Round:   8 | Epochs:  40 | Domain: l | loss: 2.1531 | Acc: 69.52%
2024-04-16 13:14 before_fed Round:   8 | Epochs:  40 | Domain: c | loss: 0.0932 | Acc: 98.00%
2024-04-16 13:14 before_fed Round:   8 | Epochs:  40 | Domain: s | loss: 1.5048 | Acc: 79.13%
2024-04-16 13:14 after_fed Round:   8 | Epochs:  40 | Domain: l | loss: 3.3602 | Acc: 66.31%
2024-04-16 13:14 after_fed Round:   8 | Epochs:  40 | Domain: c | loss: 0.2368 | Acc: 92.00%
2024-04-16 13:14 after_fed Round:   8 | Epochs:  40 | Domain: s | loss: 1.2771 | Acc: 80.43%
2024-04-16 13:14 Model saved! Best Val Acc: 77.55%
2024-04-16 13:14 test_domain Round:   8 | Epochs:  40 | Domain: v | loss: 2.5725 | Acc: 60.51%
2024-04-16 13:15 before_fed Round:   9 | Epochs:  45 | Domain: l | loss: 2.1281 | Acc: 74.33%
2024-04-16 13:15 before_fed Round:   9 | Epochs:  45 | Domain: c | loss: 0.0650 | Acc: 99.00%
2024-04-16 13:16 before_fed Round:   9 | Epochs:  45 | Domain: s | loss: 1.6128 | Acc: 76.52%
2024-04-16 13:16 after_fed Round:   9 | Epochs:  45 | Domain: l | loss: 3.3322 | Acc: 64.71%
2024-04-16 13:16 after_fed Round:   9 | Epochs:  45 | Domain: c | loss: 0.3311 | Acc: 91.00%
2024-04-16 13:16 after_fed Round:   9 | Epochs:  45 | Domain: s | loss: 1.2815 | Acc: 79.57%
2024-04-16 13:16 test_domain Round:   9 | Epochs:  45 | Domain: v | loss: 2.6939 | Acc: 59.33%
2024-04-16 13:16 before_fed Round:  10 | Epochs:  50 | Domain: l | loss: 2.2013 | Acc: 72.19%
2024-04-16 13:17 before_fed Round:  10 | Epochs:  50 | Domain: c | loss: 0.0571 | Acc: 99.00%
2024-04-16 13:17 before_fed Round:  10 | Epochs:  50 | Domain: s | loss: 1.7073 | Acc: 77.39%
2024-04-16 13:17 after_fed Round:  10 | Epochs:  50 | Domain: l | loss: 3.3761 | Acc: 65.24%
2024-04-16 13:17 after_fed Round:  10 | Epochs:  50 | Domain: c | loss: 0.3247 | Acc: 91.00%
2024-04-16 13:17 after_fed Round:  10 | Epochs:  50 | Domain: s | loss: 1.2763 | Acc: 80.43%
2024-04-16 13:17 test_domain Round:  10 | Epochs:  50 | Domain: v | loss: 2.6454 | Acc: 59.33%
