2024-04-22 15:18 comment: scaffold, mobilenetv1 pretrained, pacs on p
2024-04-22 15:19 before_fed Round:   0 | Epochs:   0 | Domain: a | loss: 3.0720 | Acc: 48.78%
2024-04-22 15:19 before_fed Round:   0 | Epochs:   0 | Domain: c | loss: 2.2118 | Acc: 54.04%
2024-04-22 15:19 before_fed Round:   0 | Epochs:   0 | Domain: s | loss: 0.9243 | Acc: 70.99%
2024-04-22 15:20 after_fed Round:   0 | Epochs:   0 | Domain: a | loss: 5.5717 | Acc: 10.24%
2024-04-22 15:20 after_fed Round:   0 | Epochs:   0 | Domain: c | loss: 3.2003 | Acc: 31.06%
2024-04-22 15:20 after_fed Round:   0 | Epochs:   0 | Domain: s | loss: 5.9636 | Acc: 0.25%
2024-04-22 15:20 Model saved! Best Val Acc: 11.39%
2024-04-22 15:20 test_domain Round:   0 | Epochs:   0 | Domain: p | loss: 4.1823 | Acc: 10.96%
2024-04-22 15:20 before_fed Round:   1 | Epochs:   5 | Domain: a | loss: 0.9498 | Acc: 70.73%
2024-04-22 15:20 before_fed Round:   1 | Epochs:   5 | Domain: c | loss: 0.8806 | Acc: 74.89%
2024-04-22 15:21 before_fed Round:   1 | Epochs:   5 | Domain: s | loss: 0.6483 | Acc: 76.84%
2024-04-22 15:21 after_fed Round:   1 | Epochs:   5 | Domain: a | loss: 3.2806 | Acc: 26.34%
2024-04-22 15:21 after_fed Round:   1 | Epochs:   5 | Domain: c | loss: 1.5401 | Acc: 58.30%
2024-04-22 15:21 after_fed Round:   1 | Epochs:   5 | Domain: s | loss: 2.9882 | Acc: 37.66%
2024-04-22 15:21 Model saved! Best Val Acc: 40.69%
2024-04-22 15:21 test_domain Round:   1 | Epochs:   5 | Domain: p | loss: 1.9105 | Acc: 50.42%
2024-04-22 15:22 before_fed Round:   2 | Epochs:  10 | Domain: a | loss: 0.8191 | Acc: 74.15%
2024-04-22 15:22 before_fed Round:   2 | Epochs:  10 | Domain: c | loss: 0.7161 | Acc: 77.45%
2024-04-22 15:22 before_fed Round:   2 | Epochs:  10 | Domain: s | loss: 0.5555 | Acc: 80.41%
2024-04-22 15:23 after_fed Round:   2 | Epochs:  10 | Domain: a | loss: 2.7376 | Acc: 34.15%
2024-04-22 15:23 after_fed Round:   2 | Epochs:  10 | Domain: c | loss: 1.2876 | Acc: 63.40%
2024-04-22 15:23 after_fed Round:   2 | Epochs:  10 | Domain: s | loss: 2.2409 | Acc: 43.77%
2024-04-22 15:23 Model saved! Best Val Acc: 46.93%
2024-04-22 15:23 test_domain Round:   2 | Epochs:  10 | Domain: p | loss: 1.4674 | Acc: 62.40%
2024-04-22 15:23 before_fed Round:   3 | Epochs:  15 | Domain: a | loss: 0.7432 | Acc: 77.07%
2024-04-22 15:23 before_fed Round:   3 | Epochs:  15 | Domain: c | loss: 0.6186 | Acc: 80.85%
2024-04-22 15:24 before_fed Round:   3 | Epochs:  15 | Domain: s | loss: 0.5007 | Acc: 81.42%
2024-04-22 15:24 after_fed Round:   3 | Epochs:  15 | Domain: a | loss: 2.4919 | Acc: 40.49%
2024-04-22 15:24 after_fed Round:   3 | Epochs:  15 | Domain: c | loss: 1.0915 | Acc: 69.36%
2024-04-22 15:24 after_fed Round:   3 | Epochs:  15 | Domain: s | loss: 1.7245 | Acc: 49.36%
2024-04-22 15:24 Model saved! Best Val Acc: 52.81%
2024-04-22 15:24 test_domain Round:   3 | Epochs:  15 | Domain: p | loss: 1.2564 | Acc: 66.47%
2024-04-22 15:25 before_fed Round:   4 | Epochs:  20 | Domain: a | loss: 0.6606 | Acc: 81.95%
2024-04-22 15:25 before_fed Round:   4 | Epochs:  20 | Domain: c | loss: 0.5871 | Acc: 81.28%
2024-04-22 15:25 before_fed Round:   4 | Epochs:  20 | Domain: s | loss: 0.4546 | Acc: 85.24%
2024-04-22 15:26 after_fed Round:   4 | Epochs:  20 | Domain: a | loss: 2.2452 | Acc: 43.90%
2024-04-22 15:26 after_fed Round:   4 | Epochs:  20 | Domain: c | loss: 0.9752 | Acc: 71.91%
2024-04-22 15:26 after_fed Round:   4 | Epochs:  20 | Domain: s | loss: 1.4538 | Acc: 54.45%
2024-04-22 15:26 Model saved! Best Val Acc: 56.78%
2024-04-22 15:26 test_domain Round:   4 | Epochs:  20 | Domain: p | loss: 1.1159 | Acc: 69.40%
2024-04-22 15:26 before_fed Round:   5 | Epochs:  25 | Domain: a | loss: 0.6567 | Acc: 82.44%
2024-04-22 15:26 before_fed Round:   5 | Epochs:  25 | Domain: c | loss: 0.5810 | Acc: 82.13%
2024-04-22 15:27 before_fed Round:   5 | Epochs:  25 | Domain: s | loss: 0.4375 | Acc: 83.97%
2024-04-22 15:27 after_fed Round:   5 | Epochs:  25 | Domain: a | loss: 2.0674 | Acc: 46.83%
2024-04-22 15:27 after_fed Round:   5 | Epochs:  25 | Domain: c | loss: 0.9517 | Acc: 72.77%
2024-04-22 15:27 after_fed Round:   5 | Epochs:  25 | Domain: s | loss: 1.2846 | Acc: 56.49%
2024-04-22 15:27 Model saved! Best Val Acc: 58.70%
2024-04-22 15:27 test_domain Round:   5 | Epochs:  25 | Domain: p | loss: 1.0124 | Acc: 70.72%
2024-04-22 15:28 before_fed Round:   6 | Epochs:  30 | Domain: a | loss: 0.6201 | Acc: 82.93%
2024-04-22 15:28 before_fed Round:   6 | Epochs:  30 | Domain: c | loss: 0.5313 | Acc: 82.98%
2024-04-22 15:28 before_fed Round:   6 | Epochs:  30 | Domain: s | loss: 0.4113 | Acc: 85.75%
2024-04-22 15:29 after_fed Round:   6 | Epochs:  30 | Domain: a | loss: 2.0349 | Acc: 46.34%
2024-04-22 15:29 after_fed Round:   6 | Epochs:  30 | Domain: c | loss: 0.8996 | Acc: 72.77%
2024-04-22 15:29 after_fed Round:   6 | Epochs:  30 | Domain: s | loss: 1.1336 | Acc: 61.32%
2024-04-22 15:29 Model saved! Best Val Acc: 60.86%
2024-04-22 15:29 test_domain Round:   6 | Epochs:  30 | Domain: p | loss: 0.9525 | Acc: 72.34%
2024-04-22 15:29 before_fed Round:   7 | Epochs:  35 | Domain: a | loss: 0.5470 | Acc: 83.90%
2024-04-22 15:29 before_fed Round:   7 | Epochs:  35 | Domain: c | loss: 0.5278 | Acc: 82.55%
2024-04-22 15:30 before_fed Round:   7 | Epochs:  35 | Domain: s | loss: 0.3721 | Acc: 87.79%
2024-04-22 15:30 after_fed Round:   7 | Epochs:  35 | Domain: a | loss: 1.8827 | Acc: 47.32%
2024-04-22 15:30 after_fed Round:   7 | Epochs:  35 | Domain: c | loss: 0.8538 | Acc: 74.04%
2024-04-22 15:30 after_fed Round:   7 | Epochs:  35 | Domain: s | loss: 1.0712 | Acc: 62.34%
2024-04-22 15:30 Model saved! Best Val Acc: 61.94%
2024-04-22 15:30 test_domain Round:   7 | Epochs:  35 | Domain: p | loss: 0.8967 | Acc: 73.17%
2024-04-22 15:31 before_fed Round:   8 | Epochs:  40 | Domain: a | loss: 0.5233 | Acc: 84.39%
2024-04-22 15:31 before_fed Round:   8 | Epochs:  40 | Domain: c | loss: 0.4891 | Acc: 83.83%
2024-04-22 15:32 before_fed Round:   8 | Epochs:  40 | Domain: s | loss: 0.3661 | Acc: 89.06%
2024-04-22 15:32 after_fed Round:   8 | Epochs:  40 | Domain: a | loss: 1.8574 | Acc: 49.27%
2024-04-22 15:32 after_fed Round:   8 | Epochs:  40 | Domain: c | loss: 0.8013 | Acc: 75.32%
2024-04-22 15:32 after_fed Round:   8 | Epochs:  40 | Domain: s | loss: 0.9666 | Acc: 65.14%
2024-04-22 15:32 Model saved! Best Val Acc: 64.10%
2024-04-22 15:32 test_domain Round:   8 | Epochs:  40 | Domain: p | loss: 0.8884 | Acc: 73.05%
2024-04-22 15:32 before_fed Round:   9 | Epochs:  45 | Domain: a | loss: 0.5382 | Acc: 83.90%
2024-04-22 15:32 before_fed Round:   9 | Epochs:  45 | Domain: c | loss: 0.4842 | Acc: 84.26%
2024-04-22 15:33 before_fed Round:   9 | Epochs:  45 | Domain: s | loss: 0.3636 | Acc: 89.06%
2024-04-22 15:33 after_fed Round:   9 | Epochs:  45 | Domain: a | loss: 1.7697 | Acc: 50.73%
2024-04-22 15:33 after_fed Round:   9 | Epochs:  45 | Domain: c | loss: 0.7806 | Acc: 75.74%
2024-04-22 15:33 after_fed Round:   9 | Epochs:  45 | Domain: s | loss: 0.8940 | Acc: 67.18%
2024-04-22 15:33 Model saved! Best Val Acc: 65.54%
2024-04-22 15:33 test_domain Round:   9 | Epochs:  45 | Domain: p | loss: 0.8439 | Acc: 74.49%
2024-04-22 15:34 before_fed Round:  10 | Epochs:  50 | Domain: a | loss: 0.5987 | Acc: 81.95%
2024-04-22 15:34 before_fed Round:  10 | Epochs:  50 | Domain: c | loss: 0.5602 | Acc: 82.98%
2024-04-22 15:34 before_fed Round:  10 | Epochs:  50 | Domain: s | loss: 0.3790 | Acc: 88.30%
2024-04-22 15:35 after_fed Round:  10 | Epochs:  50 | Domain: a | loss: 1.7654 | Acc: 51.22%
2024-04-22 15:35 after_fed Round:  10 | Epochs:  50 | Domain: c | loss: 0.7362 | Acc: 76.60%
2024-04-22 15:35 after_fed Round:  10 | Epochs:  50 | Domain: s | loss: 0.8431 | Acc: 68.96%
2024-04-22 15:35 Model saved! Best Val Acc: 66.74%
2024-04-22 15:35 test_domain Round:  10 | Epochs:  50 | Domain: p | loss: 0.8394 | Acc: 74.43%
