2024-03-19 11:47 comment: fed avg, ccnet(2heads), pacs on p
2024-03-19 11:48 before_fed Round:   0 | Epochs:   0 | Domain: a | loss: 1.4001 | Acc: 55.61%
2024-03-19 11:48 before_fed Round:   0 | Epochs:   0 | Domain: c | loss: 1.2699 | Acc: 58.72%
2024-03-19 11:49 before_fed Round:   0 | Epochs:   0 | Domain: s | loss: 1.0764 | Acc: 63.61%
2024-03-19 11:49 after_fed Round:   0 | Epochs:   0 | Domain: a | loss: 1.6435 | Acc: 38.54%
2024-03-19 11:49 after_fed Round:   0 | Epochs:   0 | Domain: c | loss: 1.4053 | Acc: 51.49%
2024-03-19 11:49 after_fed Round:   0 | Epochs:   0 | Domain: s | loss: 1.2184 | Acc: 58.27%
2024-03-19 11:49 Model saved! Best Val Acc: 137.57%
2024-03-19 11:49 test_domain Round:   0 | Epochs:   0 | Domain: p | loss: 1.5897 | Acc: 42.51%
2024-03-19 11:49 before_fed Round:   1 | Epochs:   5 | Domain: a | loss: 1.1317 | Acc: 68.29%
2024-03-19 11:50 before_fed Round:   1 | Epochs:   5 | Domain: c | loss: 0.9583 | Acc: 72.77%
2024-03-19 11:51 before_fed Round:   1 | Epochs:   5 | Domain: s | loss: 0.8136 | Acc: 69.21%
2024-03-19 11:51 after_fed Round:   1 | Epochs:   5 | Domain: a | loss: 1.3258 | Acc: 57.56%
2024-03-19 11:51 after_fed Round:   1 | Epochs:   5 | Domain: c | loss: 1.0814 | Acc: 63.40%
2024-03-19 11:51 after_fed Round:   1 | Epochs:   5 | Domain: s | loss: 0.8870 | Acc: 67.94%
2024-03-19 11:51 Model saved! Best Val Acc: 104.97%
2024-03-19 11:51 test_domain Round:   1 | Epochs:   5 | Domain: p | loss: 1.2057 | Acc: 66.59%
2024-03-19 11:51 before_fed Round:   2 | Epochs:  10 | Domain: a | loss: 0.9420 | Acc: 74.15%
2024-03-19 11:52 before_fed Round:   2 | Epochs:  10 | Domain: c | loss: 0.8104 | Acc: 70.64%
2024-03-19 11:52 before_fed Round:   2 | Epochs:  10 | Domain: s | loss: 0.6788 | Acc: 75.06%
2024-03-19 11:52 after_fed Round:   2 | Epochs:  10 | Domain: a | loss: 1.0729 | Acc: 66.83%
2024-03-19 11:52 after_fed Round:   2 | Epochs:  10 | Domain: c | loss: 0.9151 | Acc: 68.51%
2024-03-19 11:52 after_fed Round:   2 | Epochs:  10 | Domain: s | loss: 0.7339 | Acc: 73.03%
2024-03-19 11:52 Model saved! Best Val Acc: 86.84%
2024-03-19 11:52 test_domain Round:   2 | Epochs:  10 | Domain: p | loss: 0.9097 | Acc: 78.68%
2024-03-19 11:53 before_fed Round:   3 | Epochs:  15 | Domain: a | loss: 0.8187 | Acc: 76.10%
2024-03-19 11:53 before_fed Round:   3 | Epochs:  15 | Domain: c | loss: 0.6966 | Acc: 74.04%
2024-03-19 11:54 before_fed Round:   3 | Epochs:  15 | Domain: s | loss: 0.6188 | Acc: 75.83%
2024-03-19 11:54 after_fed Round:   3 | Epochs:  15 | Domain: a | loss: 0.9337 | Acc: 69.76%
2024-03-19 11:54 after_fed Round:   3 | Epochs:  15 | Domain: c | loss: 0.8424 | Acc: 68.09%
2024-03-19 11:54 after_fed Round:   3 | Epochs:  15 | Domain: s | loss: 0.6627 | Acc: 74.30%
2024-03-19 11:54 Model saved! Best Val Acc: 78.00%
2024-03-19 11:54 test_domain Round:   3 | Epochs:  15 | Domain: p | loss: 0.7530 | Acc: 80.96%
2024-03-19 11:55 before_fed Round:   4 | Epochs:  20 | Domain: a | loss: 0.7281 | Acc: 78.05%
2024-03-19 11:55 before_fed Round:   4 | Epochs:  20 | Domain: c | loss: 0.6422 | Acc: 77.45%
2024-03-19 11:56 before_fed Round:   4 | Epochs:  20 | Domain: s | loss: 0.5632 | Acc: 78.37%
2024-03-19 11:56 after_fed Round:   4 | Epochs:  20 | Domain: a | loss: 0.8501 | Acc: 74.63%
2024-03-19 11:56 after_fed Round:   4 | Epochs:  20 | Domain: c | loss: 0.8098 | Acc: 68.94%
2024-03-19 11:56 after_fed Round:   4 | Epochs:  20 | Domain: s | loss: 0.6136 | Acc: 76.34%
2024-03-19 11:56 Model saved! Best Val Acc: 72.71%
2024-03-19 11:56 test_domain Round:   4 | Epochs:  20 | Domain: p | loss: 0.6553 | Acc: 82.57%
2024-03-19 11:56 before_fed Round:   5 | Epochs:  25 | Domain: a | loss: 0.6647 | Acc: 79.51%
2024-03-19 11:57 before_fed Round:   5 | Epochs:  25 | Domain: c | loss: 0.6095 | Acc: 78.30%
2024-03-19 11:57 before_fed Round:   5 | Epochs:  25 | Domain: s | loss: 0.5168 | Acc: 80.41%
2024-03-19 11:57 after_fed Round:   5 | Epochs:  25 | Domain: a | loss: 0.7922 | Acc: 75.61%
2024-03-19 11:57 after_fed Round:   5 | Epochs:  25 | Domain: c | loss: 0.7934 | Acc: 70.21%
2024-03-19 11:58 after_fed Round:   5 | Epochs:  25 | Domain: s | loss: 0.5727 | Acc: 78.88%
2024-03-19 11:58 Model saved! Best Val Acc: 68.89%
2024-03-19 11:58 test_domain Round:   5 | Epochs:  25 | Domain: p | loss: 0.5825 | Acc: 83.35%
2024-03-19 11:58 before_fed Round:   6 | Epochs:  30 | Domain: a | loss: 0.6225 | Acc: 80.98%
2024-03-19 11:59 before_fed Round:   6 | Epochs:  30 | Domain: c | loss: 0.5911 | Acc: 79.15%
2024-03-19 11:59 before_fed Round:   6 | Epochs:  30 | Domain: s | loss: 0.4853 | Acc: 80.66%
2024-03-19 11:59 after_fed Round:   6 | Epochs:  30 | Domain: a | loss: 0.7492 | Acc: 77.07%
2024-03-19 11:59 after_fed Round:   6 | Epochs:  30 | Domain: c | loss: 0.7748 | Acc: 72.34%
2024-03-19 11:59 after_fed Round:   6 | Epochs:  30 | Domain: s | loss: 0.5408 | Acc: 80.66%
2024-03-19 11:59 Model saved! Best Val Acc: 65.80%
2024-03-19 11:59 test_domain Round:   6 | Epochs:  30 | Domain: p | loss: 0.5304 | Acc: 84.37%
2024-03-19 12:00 before_fed Round:   7 | Epochs:  35 | Domain: a | loss: 0.5934 | Acc: 81.46%
2024-03-19 12:00 before_fed Round:   7 | Epochs:  35 | Domain: c | loss: 0.5802 | Acc: 79.57%
2024-03-19 12:01 before_fed Round:   7 | Epochs:  35 | Domain: s | loss: 0.4583 | Acc: 82.70%
2024-03-19 12:01 after_fed Round:   7 | Epochs:  35 | Domain: a | loss: 0.7155 | Acc: 78.54%
2024-03-19 12:01 after_fed Round:   7 | Epochs:  35 | Domain: c | loss: 0.7599 | Acc: 73.19%
2024-03-19 12:01 after_fed Round:   7 | Epochs:  35 | Domain: s | loss: 0.5127 | Acc: 81.42%
2024-03-19 12:01 Model saved! Best Val Acc: 63.23%
2024-03-19 12:01 test_domain Round:   7 | Epochs:  35 | Domain: p | loss: 0.4919 | Acc: 85.27%
2024-03-19 12:02 before_fed Round:   8 | Epochs:  40 | Domain: a | loss: 0.5701 | Acc: 81.95%
2024-03-19 12:02 before_fed Round:   8 | Epochs:  40 | Domain: c | loss: 0.5727 | Acc: 78.72%
2024-03-19 12:03 before_fed Round:   8 | Epochs:  40 | Domain: s | loss: 0.4378 | Acc: 83.21%
2024-03-19 12:03 after_fed Round:   8 | Epochs:  40 | Domain: a | loss: 0.6887 | Acc: 78.05%
2024-03-19 12:03 after_fed Round:   8 | Epochs:  40 | Domain: c | loss: 0.7491 | Acc: 73.62%
2024-03-19 12:03 after_fed Round:   8 | Epochs:  40 | Domain: s | loss: 0.4890 | Acc: 82.44%
2024-03-19 12:03 Model saved! Best Val Acc: 61.14%
2024-03-19 12:03 test_domain Round:   8 | Epochs:  40 | Domain: p | loss: 0.4640 | Acc: 85.93%
2024-03-19 12:03 before_fed Round:   9 | Epochs:  45 | Domain: a | loss: 0.5524 | Acc: 82.93%
2024-03-19 12:04 before_fed Round:   9 | Epochs:  45 | Domain: c | loss: 0.5669 | Acc: 79.57%
2024-03-19 12:04 before_fed Round:   9 | Epochs:  45 | Domain: s | loss: 0.4235 | Acc: 85.24%
2024-03-19 12:04 after_fed Round:   9 | Epochs:  45 | Domain: a | loss: 0.6661 | Acc: 79.02%
2024-03-19 12:04 after_fed Round:   9 | Epochs:  45 | Domain: c | loss: 0.7361 | Acc: 74.47%
2024-03-19 12:04 after_fed Round:   9 | Epochs:  45 | Domain: s | loss: 0.4713 | Acc: 84.22%
2024-03-19 12:04 Model saved! Best Val Acc: 59.38%
2024-03-19 12:04 test_domain Round:   9 | Epochs:  45 | Domain: p | loss: 0.4409 | Acc: 86.65%
2024-03-19 12:05 before_fed Round:  10 | Epochs:  50 | Domain: a | loss: 0.5385 | Acc: 82.44%
2024-03-19 12:05 before_fed Round:  10 | Epochs:  50 | Domain: c | loss: 0.5656 | Acc: 80.00%
2024-03-19 12:06 before_fed Round:  10 | Epochs:  50 | Domain: s | loss: 0.4095 | Acc: 86.26%
2024-03-19 12:06 after_fed Round:  10 | Epochs:  50 | Domain: a | loss: 0.6474 | Acc: 79.51%
2024-03-19 12:06 after_fed Round:  10 | Epochs:  50 | Domain: c | loss: 0.7248 | Acc: 74.47%
2024-03-19 12:06 after_fed Round:  10 | Epochs:  50 | Domain: s | loss: 0.4542 | Acc: 84.73%
2024-03-19 12:06 Model saved! Best Val Acc: 57.80%
2024-03-19 12:06 test_domain Round:  10 | Epochs:  50 | Domain: p | loss: 0.4209 | Acc: 87.01%