2024-04-15 12:03 comment: fedprox, mobilenetv1 pretrained, vlcs on l
2024-04-15 12:04 before_fed Round:   0 | Epochs:   0 | Domain: v | loss: 3.3832 | Acc: 55.08%
2024-04-15 12:04 before_fed Round:   0 | Epochs:   0 | Domain: c | loss: 4.6085 | Acc: 54.00%
2024-04-15 12:05 before_fed Round:   0 | Epochs:   0 | Domain: s | loss: 1.6128 | Acc: 66.52%
2024-04-15 12:05 after_fed Round:   0 | Epochs:   0 | Domain: v | loss: 4.5006 | Acc: 41.10%
2024-04-15 12:05 after_fed Round:   0 | Epochs:   0 | Domain: c | loss: 3.8555 | Acc: 67.00%
2024-04-15 12:05 after_fed Round:   0 | Epochs:   0 | Domain: s | loss: 3.3835 | Acc: 35.22%
2024-04-15 12:05 Model saved! Best Val Acc: 43.24%
2024-04-15 12:05 test_domain Round:   0 | Epochs:   0 | Domain: l | loss: 3.8351 | Acc: 32.75%
2024-04-15 12:06 before_fed Round:   1 | Epochs:   5 | Domain: v | loss: 2.0287 | Acc: 64.41%
2024-04-15 12:06 before_fed Round:   1 | Epochs:   5 | Domain: c | loss: 1.9595 | Acc: 75.00%
2024-04-15 12:06 before_fed Round:   1 | Epochs:   5 | Domain: s | loss: 1.1512 | Acc: 72.61%
2024-04-15 12:06 after_fed Round:   1 | Epochs:   5 | Domain: v | loss: 2.7208 | Acc: 59.32%
2024-04-15 12:06 after_fed Round:   1 | Epochs:   5 | Domain: c | loss: 2.4972 | Acc: 71.00%
2024-04-15 12:06 after_fed Round:   1 | Epochs:   5 | Domain: s | loss: 1.4590 | Acc: 66.52%
2024-04-15 12:06 Model saved! Best Val Acc: 64.29%
2024-04-15 12:06 test_domain Round:   1 | Epochs:   5 | Domain: l | loss: 2.4919 | Acc: 50.94%
2024-04-15 12:07 before_fed Round:   2 | Epochs:  10 | Domain: v | loss: 1.6529 | Acc: 66.10%
2024-04-15 12:07 before_fed Round:   2 | Epochs:  10 | Domain: c | loss: 1.3725 | Acc: 80.00%
2024-04-15 12:08 before_fed Round:   2 | Epochs:  10 | Domain: s | loss: 1.0125 | Acc: 73.04%
2024-04-15 12:08 after_fed Round:   2 | Epochs:  10 | Domain: v | loss: 2.0452 | Acc: 62.29%
2024-04-15 12:08 after_fed Round:   2 | Epochs:  10 | Domain: c | loss: 1.9036 | Acc: 76.00%
2024-04-15 12:08 after_fed Round:   2 | Epochs:  10 | Domain: s | loss: 1.1536 | Acc: 68.26%
2024-04-15 12:08 Model saved! Best Val Acc: 67.12%
2024-04-15 12:08 test_domain Round:   2 | Epochs:  10 | Domain: l | loss: 2.1932 | Acc: 53.70%
2024-04-15 12:09 before_fed Round:   3 | Epochs:  15 | Domain: v | loss: 1.3873 | Acc: 65.68%
2024-04-15 12:09 before_fed Round:   3 | Epochs:  15 | Domain: c | loss: 0.9775 | Acc: 80.00%
2024-04-15 12:10 before_fed Round:   3 | Epochs:  15 | Domain: s | loss: 0.8844 | Acc: 76.52%
2024-04-15 12:10 after_fed Round:   3 | Epochs:  15 | Domain: v | loss: 1.6678 | Acc: 63.14%
2024-04-15 12:10 after_fed Round:   3 | Epochs:  15 | Domain: c | loss: 1.4545 | Acc: 77.00%
2024-04-15 12:10 after_fed Round:   3 | Epochs:  15 | Domain: s | loss: 1.0185 | Acc: 70.00%
2024-04-15 12:10 Model saved! Best Val Acc: 68.35%
2024-04-15 12:10 test_domain Round:   3 | Epochs:  15 | Domain: l | loss: 2.0221 | Acc: 55.58%
2024-04-15 12:10 before_fed Round:   4 | Epochs:  20 | Domain: v | loss: 1.1591 | Acc: 68.22%
2024-04-15 12:11 before_fed Round:   4 | Epochs:  20 | Domain: c | loss: 0.5990 | Acc: 81.00%
2024-04-15 12:11 before_fed Round:   4 | Epochs:  20 | Domain: s | loss: 0.8206 | Acc: 73.91%
2024-04-15 12:11 after_fed Round:   4 | Epochs:  20 | Domain: v | loss: 1.3704 | Acc: 65.25%
2024-04-15 12:11 after_fed Round:   4 | Epochs:  20 | Domain: c | loss: 1.0349 | Acc: 77.00%
2024-04-15 12:11 after_fed Round:   4 | Epochs:  20 | Domain: s | loss: 0.9309 | Acc: 72.17%
2024-04-15 12:11 Model saved! Best Val Acc: 70.12%
2024-04-15 12:11 test_domain Round:   4 | Epochs:  20 | Domain: l | loss: 1.9254 | Acc: 55.96%
2024-04-15 12:12 before_fed Round:   5 | Epochs:  25 | Domain: v | loss: 1.0082 | Acc: 69.07%
2024-04-15 12:12 before_fed Round:   5 | Epochs:  25 | Domain: c | loss: 0.3028 | Acc: 91.00%
2024-04-15 12:13 before_fed Round:   5 | Epochs:  25 | Domain: s | loss: 0.7776 | Acc: 75.65%
2024-04-15 12:13 after_fed Round:   5 | Epochs:  25 | Domain: v | loss: 1.1508 | Acc: 66.95%
2024-04-15 12:13 after_fed Round:   5 | Epochs:  25 | Domain: c | loss: 0.6749 | Acc: 80.00%
2024-04-15 12:13 after_fed Round:   5 | Epochs:  25 | Domain: s | loss: 0.8909 | Acc: 72.17%
2024-04-15 12:13 Model saved! Best Val Acc: 71.36%
2024-04-15 12:13 test_domain Round:   5 | Epochs:  25 | Domain: l | loss: 1.9241 | Acc: 56.21%
2024-04-15 12:13 before_fed Round:   6 | Epochs:  30 | Domain: v | loss: 0.9246 | Acc: 69.49%
2024-04-15 12:14 before_fed Round:   6 | Epochs:  30 | Domain: c | loss: 0.1957 | Acc: 94.00%
2024-04-15 12:14 before_fed Round:   6 | Epochs:  30 | Domain: s | loss: 0.7720 | Acc: 75.22%
2024-04-15 12:14 after_fed Round:   6 | Epochs:  30 | Domain: v | loss: 1.0202 | Acc: 67.80%
2024-04-15 12:14 after_fed Round:   6 | Epochs:  30 | Domain: c | loss: 0.4843 | Acc: 83.00%
2024-04-15 12:14 after_fed Round:   6 | Epochs:  30 | Domain: s | loss: 0.8496 | Acc: 73.91%
2024-04-15 12:14 Model saved! Best Val Acc: 72.95%
2024-04-15 12:14 test_domain Round:   6 | Epochs:  30 | Domain: l | loss: 1.8602 | Acc: 57.72%
2024-04-15 12:15 before_fed Round:   7 | Epochs:  35 | Domain: v | loss: 0.8558 | Acc: 71.61%
2024-04-15 12:15 before_fed Round:   7 | Epochs:  35 | Domain: c | loss: 0.1528 | Acc: 96.00%
2024-04-15 12:16 before_fed Round:   7 | Epochs:  35 | Domain: s | loss: 0.7100 | Acc: 78.70%
2024-04-15 12:16 after_fed Round:   7 | Epochs:  35 | Domain: v | loss: 0.9270 | Acc: 70.76%
2024-04-15 12:16 after_fed Round:   7 | Epochs:  35 | Domain: c | loss: 0.4123 | Acc: 87.00%
2024-04-15 12:16 after_fed Round:   7 | Epochs:  35 | Domain: s | loss: 0.7990 | Acc: 75.65%
2024-04-15 12:16 Model saved! Best Val Acc: 75.59%
2024-04-15 12:16 test_domain Round:   7 | Epochs:  35 | Domain: l | loss: 1.7536 | Acc: 58.47%
2024-04-15 12:17 before_fed Round:   8 | Epochs:  40 | Domain: v | loss: 0.8233 | Acc: 72.46%
2024-04-15 12:17 before_fed Round:   8 | Epochs:  40 | Domain: c | loss: 0.1456 | Acc: 96.00%
2024-04-15 12:18 before_fed Round:   8 | Epochs:  40 | Domain: s | loss: 0.7092 | Acc: 79.57%
2024-04-15 12:18 after_fed Round:   8 | Epochs:  40 | Domain: v | loss: 0.8890 | Acc: 72.03%
2024-04-15 12:18 after_fed Round:   8 | Epochs:  40 | Domain: c | loss: 0.3908 | Acc: 87.00%
2024-04-15 12:18 after_fed Round:   8 | Epochs:  40 | Domain: s | loss: 0.7973 | Acc: 75.22%
2024-04-15 12:18 Model saved! Best Val Acc: 75.95%
2024-04-15 12:18 test_domain Round:   8 | Epochs:  40 | Domain: l | loss: 1.7628 | Acc: 58.47%
2024-04-15 12:18 before_fed Round:   9 | Epochs:  45 | Domain: v | loss: 0.8040 | Acc: 74.15%
2024-04-15 12:19 before_fed Round:   9 | Epochs:  45 | Domain: c | loss: 0.1151 | Acc: 97.00%
2024-04-15 12:19 before_fed Round:   9 | Epochs:  45 | Domain: s | loss: 0.6897 | Acc: 78.26%
2024-04-15 12:19 after_fed Round:   9 | Epochs:  45 | Domain: v | loss: 0.8636 | Acc: 70.76%
2024-04-15 12:19 after_fed Round:   9 | Epochs:  45 | Domain: c | loss: 0.3209 | Acc: 89.00%
2024-04-15 12:19 after_fed Round:   9 | Epochs:  45 | Domain: s | loss: 0.7403 | Acc: 76.09%
2024-04-15 12:19 Model saved! Best Val Acc: 76.12%
2024-04-15 12:19 test_domain Round:   9 | Epochs:  45 | Domain: l | loss: 1.7161 | Acc: 59.85%
2024-04-15 12:20 before_fed Round:  10 | Epochs:  50 | Domain: v | loss: 0.8446 | Acc: 72.03%
2024-04-15 12:20 before_fed Round:  10 | Epochs:  50 | Domain: c | loss: 0.2097 | Acc: 94.00%
2024-04-15 12:21 before_fed Round:  10 | Epochs:  50 | Domain: s | loss: 0.7531 | Acc: 77.83%
2024-04-15 12:21 after_fed Round:  10 | Epochs:  50 | Domain: v | loss: 0.8462 | Acc: 71.19%
2024-04-15 12:21 after_fed Round:  10 | Epochs:  50 | Domain: c | loss: 0.3189 | Acc: 88.00%
2024-04-15 12:21 after_fed Round:  10 | Epochs:  50 | Domain: s | loss: 0.7573 | Acc: 75.22%
2024-04-15 12:21 test_domain Round:  10 | Epochs:  50 | Domain: l | loss: 1.8017 | Acc: 59.35%
