2024-04-16 15:48 comment: scaffold, ccnet(3heads), pacs on a
2024-04-16 15:49 before_fed Round:   0 | Epochs:   0 | Domain: p | loss: 0.4994 | Acc: 86.83%
2024-04-16 15:50 before_fed Round:   0 | Epochs:   0 | Domain: c | loss: 0.8614 | Acc: 68.94%
2024-04-16 15:51 before_fed Round:   0 | Epochs:   0 | Domain: s | loss: 0.8921 | Acc: 64.89%
2024-04-16 15:51 after_fed Round:   0 | Epochs:   0 | Domain: p | loss: 0.8517 | Acc: 76.65%
2024-04-16 15:51 after_fed Round:   0 | Epochs:   0 | Domain: c | loss: 1.0836 | Acc: 61.70%
2024-04-16 15:51 after_fed Round:   0 | Epochs:   0 | Domain: s | loss: 0.9462 | Acc: 66.67%
2024-04-16 15:51 Model saved! Best Val Acc: 67.30%
2024-04-16 15:51 test_domain Round:   0 | Epochs:   0 | Domain: a | loss: 1.2695 | Acc: 58.06%
2024-04-16 15:52 before_fed Round:   1 | Epochs:   5 | Domain: p | loss: 0.2033 | Acc: 94.61%
2024-04-16 15:52 before_fed Round:   1 | Epochs:   5 | Domain: c | loss: 0.6307 | Acc: 77.02%
2024-04-16 15:53 before_fed Round:   1 | Epochs:   5 | Domain: s | loss: 0.7239 | Acc: 71.50%
2024-04-16 15:53 after_fed Round:   1 | Epochs:   5 | Domain: p | loss: 0.4244 | Acc: 86.23%
2024-04-16 15:53 after_fed Round:   1 | Epochs:   5 | Domain: c | loss: 0.7889 | Acc: 73.62%
2024-04-16 15:53 after_fed Round:   1 | Epochs:   5 | Domain: s | loss: 0.7663 | Acc: 68.96%
2024-04-16 15:53 Model saved! Best Val Acc: 73.96%
2024-04-16 15:54 test_domain Round:   1 | Epochs:   5 | Domain: a | loss: 0.9649 | Acc: 68.02%
2024-04-16 15:54 before_fed Round:   2 | Epochs:  10 | Domain: p | loss: 0.1658 | Acc: 94.61%
2024-04-16 15:55 before_fed Round:   2 | Epochs:  10 | Domain: c | loss: 0.5779 | Acc: 79.57%
2024-04-16 15:56 before_fed Round:   2 | Epochs:  10 | Domain: s | loss: 0.6526 | Acc: 72.77%
2024-04-16 15:56 after_fed Round:   2 | Epochs:  10 | Domain: p | loss: 0.3156 | Acc: 88.02%
2024-04-16 15:56 after_fed Round:   2 | Epochs:  10 | Domain: c | loss: 0.7070 | Acc: 75.74%
2024-04-16 15:56 after_fed Round:   2 | Epochs:  10 | Domain: s | loss: 0.6983 | Acc: 71.25%
2024-04-16 15:56 Model saved! Best Val Acc: 76.10%
2024-04-16 15:56 test_domain Round:   2 | Epochs:  10 | Domain: a | loss: 0.8592 | Acc: 70.70%
2024-04-16 15:57 before_fed Round:   3 | Epochs:  15 | Domain: p | loss: 0.1554 | Acc: 95.21%
2024-04-16 15:57 before_fed Round:   3 | Epochs:  15 | Domain: c | loss: 0.5420 | Acc: 80.85%
2024-04-16 15:59 before_fed Round:   3 | Epochs:  15 | Domain: s | loss: 0.6199 | Acc: 74.30%
2024-04-16 15:59 after_fed Round:   3 | Epochs:  15 | Domain: p | loss: 0.2675 | Acc: 89.82%
2024-04-16 15:59 after_fed Round:   3 | Epochs:  15 | Domain: c | loss: 0.6608 | Acc: 76.17%
2024-04-16 15:59 after_fed Round:   3 | Epochs:  15 | Domain: s | loss: 0.6625 | Acc: 74.81%
2024-04-16 15:59 Model saved! Best Val Acc: 78.37%
2024-04-16 15:59 test_domain Round:   3 | Epochs:  15 | Domain: a | loss: 0.8058 | Acc: 71.68%
2024-04-16 15:59 before_fed Round:   4 | Epochs:  20 | Domain: p | loss: 0.1501 | Acc: 95.21%
2024-04-16 16:00 before_fed Round:   4 | Epochs:  20 | Domain: c | loss: 0.5273 | Acc: 81.70%
2024-04-16 16:01 before_fed Round:   4 | Epochs:  20 | Domain: s | loss: 0.5886 | Acc: 76.34%
2024-04-16 16:01 after_fed Round:   4 | Epochs:  20 | Domain: p | loss: 0.2401 | Acc: 90.42%
2024-04-16 16:01 after_fed Round:   4 | Epochs:  20 | Domain: c | loss: 0.6319 | Acc: 76.60%
2024-04-16 16:01 after_fed Round:   4 | Epochs:  20 | Domain: s | loss: 0.6322 | Acc: 74.81%
2024-04-16 16:01 Model saved! Best Val Acc: 78.62%
2024-04-16 16:01 test_domain Round:   4 | Epochs:  20 | Domain: a | loss: 0.7735 | Acc: 72.95%
2024-04-16 16:02 before_fed Round:   5 | Epochs:  25 | Domain: p | loss: 0.1449 | Acc: 95.21%
2024-04-16 16:03 before_fed Round:   5 | Epochs:  25 | Domain: c | loss: 0.5126 | Acc: 83.40%
2024-04-16 16:04 before_fed Round:   5 | Epochs:  25 | Domain: s | loss: 0.5669 | Acc: 78.63%
2024-04-16 16:04 after_fed Round:   5 | Epochs:  25 | Domain: p | loss: 0.2224 | Acc: 91.02%
2024-04-16 16:04 after_fed Round:   5 | Epochs:  25 | Domain: c | loss: 0.6067 | Acc: 77.02%
2024-04-16 16:04 after_fed Round:   5 | Epochs:  25 | Domain: s | loss: 0.6102 | Acc: 75.57%
2024-04-16 16:04 Model saved! Best Val Acc: 79.25%
2024-04-16 16:04 test_domain Round:   5 | Epochs:  25 | Domain: a | loss: 0.7539 | Acc: 73.44%
2024-04-16 16:05 before_fed Round:   6 | Epochs:  30 | Domain: p | loss: 0.1401 | Acc: 95.21%
2024-04-16 16:05 before_fed Round:   6 | Epochs:  30 | Domain: c | loss: 0.5027 | Acc: 82.55%
2024-04-16 16:06 before_fed Round:   6 | Epochs:  30 | Domain: s | loss: 0.5483 | Acc: 78.63%
2024-04-16 16:06 after_fed Round:   6 | Epochs:  30 | Domain: p | loss: 0.2085 | Acc: 92.22%
2024-04-16 16:06 after_fed Round:   6 | Epochs:  30 | Domain: c | loss: 0.5918 | Acc: 76.60%
2024-04-16 16:06 after_fed Round:   6 | Epochs:  30 | Domain: s | loss: 0.5901 | Acc: 76.08%
2024-04-16 16:06 Model saved! Best Val Acc: 79.63%
2024-04-16 16:07 test_domain Round:   6 | Epochs:  30 | Domain: a | loss: 0.7373 | Acc: 74.27%
2024-04-16 16:07 before_fed Round:   7 | Epochs:  35 | Domain: p | loss: 0.1347 | Acc: 95.81%
2024-04-16 16:08 before_fed Round:   7 | Epochs:  35 | Domain: c | loss: 0.4964 | Acc: 82.13%
2024-04-16 16:09 before_fed Round:   7 | Epochs:  35 | Domain: s | loss: 0.5275 | Acc: 79.90%
2024-04-16 16:09 after_fed Round:   7 | Epochs:  35 | Domain: p | loss: 0.1990 | Acc: 92.81%
2024-04-16 16:09 after_fed Round:   7 | Epochs:  35 | Domain: c | loss: 0.5752 | Acc: 77.45%
2024-04-16 16:09 after_fed Round:   7 | Epochs:  35 | Domain: s | loss: 0.5709 | Acc: 77.10%
2024-04-16 16:09 Model saved! Best Val Acc: 80.51%
2024-04-16 16:09 test_domain Round:   7 | Epochs:  35 | Domain: a | loss: 0.7299 | Acc: 74.41%
2024-04-16 16:10 before_fed Round:   8 | Epochs:  40 | Domain: p | loss: 0.1329 | Acc: 95.81%
2024-04-16 16:10 before_fed Round:   8 | Epochs:  40 | Domain: c | loss: 0.4893 | Acc: 81.70%
2024-04-16 16:11 before_fed Round:   8 | Epochs:  40 | Domain: s | loss: 0.5158 | Acc: 80.15%
2024-04-16 16:12 after_fed Round:   8 | Epochs:  40 | Domain: p | loss: 0.1910 | Acc: 93.41%
2024-04-16 16:12 after_fed Round:   8 | Epochs:  40 | Domain: c | loss: 0.5641 | Acc: 77.87%
2024-04-16 16:12 after_fed Round:   8 | Epochs:  40 | Domain: s | loss: 0.5560 | Acc: 78.37%
2024-04-16 16:12 Model saved! Best Val Acc: 81.39%
2024-04-16 16:12 test_domain Round:   8 | Epochs:  40 | Domain: a | loss: 0.7216 | Acc: 74.37%
2024-04-16 16:12 before_fed Round:   9 | Epochs:  45 | Domain: p | loss: 0.1304 | Acc: 95.81%
2024-04-16 16:13 before_fed Round:   9 | Epochs:  45 | Domain: c | loss: 0.4853 | Acc: 82.13%
2024-04-16 16:14 before_fed Round:   9 | Epochs:  45 | Domain: s | loss: 0.5103 | Acc: 80.41%
2024-04-16 16:14 after_fed Round:   9 | Epochs:  45 | Domain: p | loss: 0.1832 | Acc: 93.41%
2024-04-16 16:14 after_fed Round:   9 | Epochs:  45 | Domain: c | loss: 0.5541 | Acc: 78.30%
2024-04-16 16:14 after_fed Round:   9 | Epochs:  45 | Domain: s | loss: 0.5470 | Acc: 78.88%
2024-04-16 16:14 Model saved! Best Val Acc: 81.76%
2024-04-16 16:14 test_domain Round:   9 | Epochs:  45 | Domain: a | loss: 0.7153 | Acc: 74.66%
2024-04-16 16:15 before_fed Round:  10 | Epochs:  50 | Domain: p | loss: 0.1283 | Acc: 95.81%
2024-04-16 16:15 before_fed Round:  10 | Epochs:  50 | Domain: c | loss: 0.4823 | Acc: 82.13%
2024-04-16 16:16 before_fed Round:  10 | Epochs:  50 | Domain: s | loss: 0.4953 | Acc: 80.41%
2024-04-16 16:16 after_fed Round:  10 | Epochs:  50 | Domain: p | loss: 0.1765 | Acc: 94.61%
2024-04-16 16:16 after_fed Round:  10 | Epochs:  50 | Domain: c | loss: 0.5458 | Acc: 79.15%
2024-04-16 16:17 after_fed Round:  10 | Epochs:  50 | Domain: s | loss: 0.5332 | Acc: 80.41%
2024-04-16 16:17 Model saved! Best Val Acc: 83.02%
2024-04-16 16:17 test_domain Round:  10 | Epochs:  50 | Domain: a | loss: 0.7108 | Acc: 75.20%
