2024-03-19 15:35 comment: fed avg, agglomerator(no-pre fixed), vlcs on l
2024-03-19 15:36 before_fed Round:   0 | Epochs:   0 | Domain: v | loss: 1.4963 | Acc: 42.80%
2024-03-19 15:37 before_fed Round:   0 | Epochs:   0 | Domain: c | loss: 0.7654 | Acc: 66.00%
2024-03-19 15:38 before_fed Round:   0 | Epochs:   0 | Domain: s | loss: 1.0795 | Acc: 55.65%
2024-03-19 15:38 after_fed Round:   0 | Epochs:   0 | Domain: v | loss: 1.8978 | Acc: 42.80%
2024-03-19 15:38 after_fed Round:   0 | Epochs:   0 | Domain: c | loss: 1.4655 | Acc: 66.00%
2024-03-19 15:38 after_fed Round:   0 | Epochs:   0 | Domain: s | loss: 1.1581 | Acc: 49.13%
2024-03-19 15:38 Model saved! Best Val Acc: 152.13%
2024-03-19 15:38 test_domain Round:   0 | Epochs:   0 | Domain: l | loss: 1.1534 | Acc: 48.81%
2024-03-19 15:39 before_fed Round:   1 | Epochs:   5 | Domain: v | loss: 1.4982 | Acc: 44.49%
2024-03-19 15:39 before_fed Round:   1 | Epochs:   5 | Domain: c | loss: 0.6227 | Acc: 75.00%
2024-03-19 15:40 before_fed Round:   1 | Epochs:   5 | Domain: s | loss: 1.0736 | Acc: 58.26%
2024-03-19 15:40 after_fed Round:   1 | Epochs:   5 | Domain: v | loss: 1.8428 | Acc: 42.80%
2024-03-19 15:40 after_fed Round:   1 | Epochs:   5 | Domain: c | loss: 1.2489 | Acc: 69.00%
2024-03-19 15:40 after_fed Round:   1 | Epochs:   5 | Domain: s | loss: 1.1533 | Acc: 49.13%
2024-03-19 15:40 Model saved! Best Val Acc: 145.84%
2024-03-19 15:40 test_domain Round:   1 | Epochs:   5 | Domain: l | loss: 1.1693 | Acc: 51.57%
2024-03-19 15:41 before_fed Round:   2 | Epochs:  10 | Domain: v | loss: 1.4888 | Acc: 45.76%
2024-03-19 15:42 before_fed Round:   2 | Epochs:  10 | Domain: c | loss: 0.5085 | Acc: 84.00%
2024-03-19 15:43 before_fed Round:   2 | Epochs:  10 | Domain: s | loss: 1.0840 | Acc: 58.26%
2024-03-19 15:43 after_fed Round:   2 | Epochs:  10 | Domain: v | loss: 1.7856 | Acc: 41.53%
2024-03-19 15:43 after_fed Round:   2 | Epochs:  10 | Domain: c | loss: 1.2042 | Acc: 70.00%
2024-03-19 15:43 after_fed Round:   2 | Epochs:  10 | Domain: s | loss: 1.0798 | Acc: 56.96%
2024-03-19 15:43 Model saved! Best Val Acc: 139.68%
2024-03-19 15:43 test_domain Round:   2 | Epochs:  10 | Domain: l | loss: 1.2012 | Acc: 50.82%
2024-03-19 15:44 before_fed Round:   3 | Epochs:  15 | Domain: v | loss: 1.4712 | Acc: 45.34%
2024-03-19 15:44 before_fed Round:   3 | Epochs:  15 | Domain: c | loss: 0.5321 | Acc: 80.00%
2024-03-19 15:45 before_fed Round:   3 | Epochs:  15 | Domain: s | loss: 1.0941 | Acc: 56.09%
2024-03-19 15:45 after_fed Round:   3 | Epochs:  15 | Domain: v | loss: 1.8394 | Acc: 44.07%
2024-03-19 15:45 after_fed Round:   3 | Epochs:  15 | Domain: c | loss: 1.2147 | Acc: 68.00%
2024-03-19 15:45 after_fed Round:   3 | Epochs:  15 | Domain: s | loss: 1.1172 | Acc: 55.22%
2024-03-19 15:45 test_domain Round:   3 | Epochs:  15 | Domain: l | loss: 1.2150 | Acc: 52.32%
2024-03-19 15:46 before_fed Round:   4 | Epochs:  20 | Domain: v | loss: 1.4586 | Acc: 47.46%
2024-03-19 15:47 before_fed Round:   4 | Epochs:  20 | Domain: c | loss: 0.5025 | Acc: 82.00%
2024-03-19 15:48 before_fed Round:   4 | Epochs:  20 | Domain: s | loss: 1.0952 | Acc: 56.09%
2024-03-19 15:48 after_fed Round:   4 | Epochs:  20 | Domain: v | loss: 1.8231 | Acc: 45.34%
2024-03-19 15:48 after_fed Round:   4 | Epochs:  20 | Domain: c | loss: 1.1962 | Acc: 69.00%
2024-03-19 15:48 after_fed Round:   4 | Epochs:  20 | Domain: s | loss: 1.1303 | Acc: 57.39%
2024-03-19 15:48 test_domain Round:   4 | Epochs:  20 | Domain: l | loss: 1.2213 | Acc: 51.69%
2024-03-19 15:49 before_fed Round:   5 | Epochs:  25 | Domain: v | loss: 1.4560 | Acc: 45.34%
2024-03-19 15:50 before_fed Round:   5 | Epochs:  25 | Domain: c | loss: 0.4579 | Acc: 85.00%
2024-03-19 15:51 before_fed Round:   5 | Epochs:  25 | Domain: s | loss: 1.1211 | Acc: 58.70%
2024-03-19 15:51 after_fed Round:   5 | Epochs:  25 | Domain: v | loss: 1.8595 | Acc: 46.61%
2024-03-19 15:51 after_fed Round:   5 | Epochs:  25 | Domain: c | loss: 1.1404 | Acc: 68.00%
2024-03-19 15:51 after_fed Round:   5 | Epochs:  25 | Domain: s | loss: 1.1476 | Acc: 59.13%
2024-03-19 15:51 test_domain Round:   5 | Epochs:  25 | Domain: l | loss: 1.2351 | Acc: 51.44%
2024-03-19 15:52 before_fed Round:   6 | Epochs:  30 | Domain: v | loss: 1.4777 | Acc: 46.19%
2024-03-19 15:52 before_fed Round:   6 | Epochs:  30 | Domain: c | loss: 0.4235 | Acc: 88.00%
2024-03-19 15:53 before_fed Round:   6 | Epochs:  30 | Domain: s | loss: 1.1219 | Acc: 56.96%
2024-03-19 15:53 after_fed Round:   6 | Epochs:  30 | Domain: v | loss: 1.8693 | Acc: 45.34%
2024-03-19 15:53 after_fed Round:   6 | Epochs:  30 | Domain: c | loss: 1.2145 | Acc: 67.00%
2024-03-19 15:53 after_fed Round:   6 | Epochs:  30 | Domain: s | loss: 1.1550 | Acc: 55.65%
2024-03-19 15:53 test_domain Round:   6 | Epochs:  30 | Domain: l | loss: 1.2746 | Acc: 52.45%
2024-03-19 15:54 before_fed Round:   7 | Epochs:  35 | Domain: v | loss: 1.5328 | Acc: 45.76%
2024-03-19 15:55 before_fed Round:   7 | Epochs:  35 | Domain: c | loss: 0.4324 | Acc: 88.00%
2024-03-19 15:56 before_fed Round:   7 | Epochs:  35 | Domain: s | loss: 1.1252 | Acc: 58.70%
2024-03-19 15:56 after_fed Round:   7 | Epochs:  35 | Domain: v | loss: 1.8617 | Acc: 47.03%
2024-03-19 15:56 after_fed Round:   7 | Epochs:  35 | Domain: c | loss: 1.2051 | Acc: 69.00%
2024-03-19 15:56 after_fed Round:   7 | Epochs:  35 | Domain: s | loss: 1.1777 | Acc: 55.22%
2024-03-19 15:56 test_domain Round:   7 | Epochs:  35 | Domain: l | loss: 1.3089 | Acc: 51.69%
2024-03-19 15:57 before_fed Round:   8 | Epochs:  40 | Domain: v | loss: 1.5979 | Acc: 47.46%
2024-03-19 15:57 before_fed Round:   8 | Epochs:  40 | Domain: c | loss: 0.4496 | Acc: 86.00%
2024-03-19 15:58 before_fed Round:   8 | Epochs:  40 | Domain: s | loss: 1.1613 | Acc: 58.70%
2024-03-19 15:58 after_fed Round:   8 | Epochs:  40 | Domain: v | loss: 1.8719 | Acc: 43.64%
2024-03-19 15:58 after_fed Round:   8 | Epochs:  40 | Domain: c | loss: 1.1605 | Acc: 69.00%
2024-03-19 15:58 after_fed Round:   8 | Epochs:  40 | Domain: s | loss: 1.1789 | Acc: 54.35%
2024-03-19 15:58 test_domain Round:   8 | Epochs:  40 | Domain: l | loss: 1.3542 | Acc: 51.44%
2024-03-19 15:59 before_fed Round:   9 | Epochs:  45 | Domain: v | loss: 1.5375 | Acc: 44.92%
2024-03-19 16:00 before_fed Round:   9 | Epochs:  45 | Domain: c | loss: 0.4240 | Acc: 86.00%
2024-03-19 16:01 before_fed Round:   9 | Epochs:  45 | Domain: s | loss: 1.1760 | Acc: 56.52%
2024-03-19 16:01 after_fed Round:   9 | Epochs:  45 | Domain: v | loss: 1.8626 | Acc: 46.19%
2024-03-19 16:01 after_fed Round:   9 | Epochs:  45 | Domain: c | loss: 1.1384 | Acc: 68.00%
2024-03-19 16:01 after_fed Round:   9 | Epochs:  45 | Domain: s | loss: 1.1864 | Acc: 55.22%
2024-03-19 16:01 test_domain Round:   9 | Epochs:  45 | Domain: l | loss: 1.3471 | Acc: 51.32%
2024-03-19 16:02 before_fed Round:  10 | Epochs:  50 | Domain: v | loss: 1.5479 | Acc: 48.73%
2024-03-19 16:03 before_fed Round:  10 | Epochs:  50 | Domain: c | loss: 0.4275 | Acc: 86.00%
2024-03-19 16:03 before_fed Round:  10 | Epochs:  50 | Domain: s | loss: 1.1998 | Acc: 57.39%
2024-03-19 16:04 after_fed Round:  10 | Epochs:  50 | Domain: v | loss: 1.9448 | Acc: 45.34%
2024-03-19 16:04 after_fed Round:  10 | Epochs:  50 | Domain: c | loss: 1.2596 | Acc: 67.00%
2024-03-19 16:04 after_fed Round:  10 | Epochs:  50 | Domain: s | loss: 1.2299 | Acc: 53.48%
2024-03-19 16:04 test_domain Round:  10 | Epochs:  50 | Domain: l | loss: 1.3899 | Acc: 51.69%
