2024-04-13 14:29 before_fed Round:   0 | Epochs:   0 | Domain: p | loss: 0.4335 | Acc: 97.60%
2024-04-13 14:30 before_fed Round:   0 | Epochs:   0 | Domain: a | loss: 3.1732 | Acc: 87.80%
2024-04-13 14:30 before_fed Round:   0 | Epochs:   0 | Domain: s | loss: 4.8407 | Acc: 81.93%
2024-04-13 14:30 after_fed Round:   0 | Epochs:   0 | Domain: p | loss: 1.8418 | Acc: 92.81%
2024-04-13 14:31 after_fed Round:   0 | Epochs:   0 | Domain: a | loss: 6.4490 | Acc: 73.66%
2024-04-13 14:31 after_fed Round:   0 | Epochs:   0 | Domain: s | loss: 3.2017 | Acc: 81.42%
2024-04-13 14:31 Model saved! Best Val Acc: 81.83%
2024-04-13 14:31 test_domain Round:   0 | Epochs:   0 | Domain: c | loss: 12.9189 | Acc: 64.59%
2024-04-13 14:31 before_fed Round:   1 | Epochs:   5 | Domain: p | loss: 1.3288 | Acc: 96.41%
2024-04-13 14:32 before_fed Round:   1 | Epochs:   5 | Domain: a | loss: 4.3337 | Acc: 87.32%
2024-04-13 14:33 before_fed Round:   1 | Epochs:   5 | Domain: s | loss: 6.4358 | Acc: 84.99%
2024-04-13 14:33 after_fed Round:   1 | Epochs:   5 | Domain: p | loss: 1.9314 | Acc: 94.61%
2024-04-13 14:33 after_fed Round:   1 | Epochs:   5 | Domain: a | loss: 6.6288 | Acc: 80.00%
2024-04-13 14:33 after_fed Round:   1 | Epochs:   5 | Domain: s | loss: 4.2693 | Acc: 85.75%
2024-04-13 14:33 Model saved! Best Val Acc: 86.15%
2024-04-13 14:33 test_domain Round:   1 | Epochs:   5 | Domain: c | loss: 19.0208 | Acc: 63.31%
2024-04-13 14:33 before_fed Round:   2 | Epochs:  10 | Domain: p | loss: 1.5306 | Acc: 96.41%
2024-04-13 14:34 before_fed Round:   2 | Epochs:  10 | Domain: a | loss: 5.6496 | Acc: 88.29%
2024-04-13 14:35 before_fed Round:   2 | Epochs:  10 | Domain: s | loss: 8.5763 | Acc: 82.70%
2024-04-13 14:35 after_fed Round:   2 | Epochs:  10 | Domain: p | loss: 2.2986 | Acc: 96.41%
2024-04-13 14:35 after_fed Round:   2 | Epochs:  10 | Domain: a | loss: 7.6020 | Acc: 81.46%
2024-04-13 14:35 after_fed Round:   2 | Epochs:  10 | Domain: s | loss: 5.8930 | Acc: 86.26%
2024-04-13 14:35 Model saved! Best Val Acc: 87.19%
2024-04-13 14:35 test_domain Round:   2 | Epochs:  10 | Domain: c | loss: 21.7480 | Acc: 66.13%
2024-04-13 14:35 before_fed Round:   3 | Epochs:  15 | Domain: p | loss: 1.2984 | Acc: 97.01%
2024-04-13 14:36 before_fed Round:   3 | Epochs:  15 | Domain: a | loss: 7.6138 | Acc: 87.32%
2024-04-13 14:37 before_fed Round:   3 | Epochs:  15 | Domain: s | loss: 7.8716 | Acc: 84.48%
2024-04-13 14:37 after_fed Round:   3 | Epochs:  15 | Domain: p | loss: 2.2786 | Acc: 95.81%
2024-04-13 14:37 after_fed Round:   3 | Epochs:  15 | Domain: a | loss: 9.4783 | Acc: 81.46%
2024-04-13 14:37 after_fed Round:   3 | Epochs:  15 | Domain: s | loss: 7.1499 | Acc: 84.99%
2024-04-13 14:37 test_domain Round:   3 | Epochs:  15 | Domain: c | loss: 28.8649 | Acc: 63.99%
2024-04-13 14:37 before_fed Round:   4 | Epochs:  20 | Domain: p | loss: 2.1709 | Acc: 97.60%
2024-04-13 14:38 before_fed Round:   4 | Epochs:  20 | Domain: a | loss: 8.0086 | Acc: 87.32%
2024-04-13 14:39 before_fed Round:   4 | Epochs:  20 | Domain: s | loss: 8.5779 | Acc: 86.77%
2024-04-13 14:39 after_fed Round:   4 | Epochs:  20 | Domain: p | loss: 2.8716 | Acc: 96.41%
2024-04-13 14:39 after_fed Round:   4 | Epochs:  20 | Domain: a | loss: 11.9626 | Acc: 80.49%
2024-04-13 14:39 after_fed Round:   4 | Epochs:  20 | Domain: s | loss: 8.2681 | Acc: 86.01%
2024-04-13 14:39 test_domain Round:   4 | Epochs:  20 | Domain: c | loss: 28.8498 | Acc: 65.96%
2024-04-13 14:40 before_fed Round:   5 | Epochs:  25 | Domain: p | loss: 2.1378 | Acc: 97.01%
2024-04-13 14:40 before_fed Round:   5 | Epochs:  25 | Domain: a | loss: 8.9345 | Acc: 86.83%
2024-04-13 14:41 before_fed Round:   5 | Epochs:  25 | Domain: s | loss: 9.7821 | Acc: 87.53%
2024-04-13 14:41 after_fed Round:   5 | Epochs:  25 | Domain: p | loss: 3.6630 | Acc: 96.41%
2024-04-13 14:41 after_fed Round:   5 | Epochs:  25 | Domain: a | loss: 11.5769 | Acc: 82.93%
2024-04-13 14:41 after_fed Round:   5 | Epochs:  25 | Domain: s | loss: 7.9032 | Acc: 88.04%
2024-04-13 14:41 Model saved! Best Val Acc: 88.50%
2024-04-13 14:41 test_domain Round:   5 | Epochs:  25 | Domain: c | loss: 32.3086 | Acc: 65.66%
2024-04-13 14:41 before_fed Round:   6 | Epochs:  30 | Domain: p | loss: 0.9513 | Acc: 98.20%
2024-04-13 14:42 before_fed Round:   6 | Epochs:  30 | Domain: a | loss: 10.6937 | Acc: 85.85%
2024-04-13 14:43 before_fed Round:   6 | Epochs:  30 | Domain: s | loss: 9.4916 | Acc: 86.01%
2024-04-13 14:43 after_fed Round:   6 | Epochs:  30 | Domain: p | loss: 3.8812 | Acc: 95.81%
2024-04-13 14:43 after_fed Round:   6 | Epochs:  30 | Domain: a | loss: 11.5353 | Acc: 82.93%
2024-04-13 14:43 after_fed Round:   6 | Epochs:  30 | Domain: s | loss: 8.1094 | Acc: 88.55%
2024-04-13 14:43 Model saved! Best Val Acc: 88.63%
2024-04-13 14:43 test_domain Round:   6 | Epochs:  30 | Domain: c | loss: 35.1258 | Acc: 64.55%
2024-04-13 14:44 before_fed Round:   7 | Epochs:  35 | Domain: p | loss: 2.9125 | Acc: 95.81%
2024-04-13 14:44 before_fed Round:   7 | Epochs:  35 | Domain: a | loss: 9.8319 | Acc: 86.34%
2024-04-13 14:45 before_fed Round:   7 | Epochs:  35 | Domain: s | loss: 11.6765 | Acc: 85.24%
2024-04-13 14:45 after_fed Round:   7 | Epochs:  35 | Domain: p | loss: 4.4820 | Acc: 95.21%
2024-04-13 14:45 after_fed Round:   7 | Epochs:  35 | Domain: a | loss: 12.2038 | Acc: 84.39%
2024-04-13 14:45 after_fed Round:   7 | Epochs:  35 | Domain: s | loss: 9.3964 | Acc: 86.77%
2024-04-13 14:45 test_domain Round:   7 | Epochs:  35 | Domain: c | loss: 36.5146 | Acc: 65.06%
2024-04-13 14:46 before_fed Round:   8 | Epochs:  40 | Domain: p | loss: 3.9119 | Acc: 95.81%
2024-04-13 14:46 before_fed Round:   8 | Epochs:  40 | Domain: a | loss: 10.6046 | Acc: 85.37%
2024-04-13 14:47 before_fed Round:   8 | Epochs:  40 | Domain: s | loss: 8.8944 | Acc: 86.77%
2024-04-13 14:47 after_fed Round:   8 | Epochs:  40 | Domain: p | loss: 4.4955 | Acc: 94.01%
2024-04-13 14:47 after_fed Round:   8 | Epochs:  40 | Domain: a | loss: 11.4184 | Acc: 85.37%
2024-04-13 14:47 after_fed Round:   8 | Epochs:  40 | Domain: s | loss: 9.0321 | Acc: 87.53%
2024-04-13 14:47 test_domain Round:   8 | Epochs:  40 | Domain: c | loss: 36.1935 | Acc: 65.61%
2024-04-13 14:48 before_fed Round:   9 | Epochs:  45 | Domain: p | loss: 3.7996 | Acc: 95.81%
2024-04-13 14:48 before_fed Round:   9 | Epochs:  45 | Domain: a | loss: 10.7302 | Acc: 85.37%
2024-04-13 14:49 before_fed Round:   9 | Epochs:  45 | Domain: s | loss: 8.6733 | Acc: 86.77%
2024-04-13 14:49 after_fed Round:   9 | Epochs:  45 | Domain: p | loss: 4.5554 | Acc: 94.61%
2024-04-13 14:49 after_fed Round:   9 | Epochs:  45 | Domain: a | loss: 10.7992 | Acc: 84.39%
2024-04-13 14:49 after_fed Round:   9 | Epochs:  45 | Domain: s | loss: 8.7998 | Acc: 86.51%
2024-04-13 14:49 test_domain Round:   9 | Epochs:  45 | Domain: c | loss: 37.0183 | Acc: 65.10%
2024-04-13 14:50 before_fed Round:  10 | Epochs:  50 | Domain: p | loss: 3.7901 | Acc: 95.81%
2024-04-13 14:50 before_fed Round:  10 | Epochs:  50 | Domain: a | loss: 10.8237 | Acc: 85.37%
2024-04-13 14:51 before_fed Round:  10 | Epochs:  50 | Domain: s | loss: 9.3417 | Acc: 88.30%
2024-04-13 14:51 after_fed Round:  10 | Epochs:  50 | Domain: p | loss: 4.7437 | Acc: 94.01%
2024-04-13 14:51 after_fed Round:  10 | Epochs:  50 | Domain: a | loss: 10.8731 | Acc: 85.37%
2024-04-13 14:51 after_fed Round:  10 | Epochs:  50 | Domain: s | loss: 9.0395 | Acc: 87.28%
2024-04-13 14:51 test_domain Round:  10 | Epochs:  50 | Domain: c | loss: 36.5496 | Acc: 65.78%
