2024-03-19 11:37 comment: fed avg, mobilenetv1 pretrained, vlcs on c
2024-03-19 11:38 before_fed Round:   0 | Epochs:   0 | Domain: v | loss: 8.4273 | Acc: 2.97%
2024-03-19 11:38 before_fed Round:   0 | Epochs:   0 | Domain: l | loss: 8.2626 | Acc: 0.00%
2024-03-19 11:39 before_fed Round:   0 | Epochs:   0 | Domain: s | loss: 7.7212 | Acc: 3.04%
2024-03-19 11:39 after_fed Round:   0 | Epochs:   0 | Domain: v | loss: 9.3440 | Acc: 0.85%
2024-03-19 11:39 after_fed Round:   0 | Epochs:   0 | Domain: l | loss: 9.0437 | Acc: 0.00%
2024-03-19 11:39 after_fed Round:   0 | Epochs:   0 | Domain: s | loss: 9.2081 | Acc: 0.00%
2024-03-19 11:39 Model saved! Best Val Acc: 921.05%
2024-03-19 11:39 test_domain Round:   0 | Epochs:   0 | Domain: c | loss: 8.7467 | Acc: 2.83%
2024-03-19 11:40 before_fed Round:   1 | Epochs:   5 | Domain: v | loss: 5.9653 | Acc: 22.88%
2024-03-19 11:40 before_fed Round:   1 | Epochs:   5 | Domain: l | loss: 6.0938 | Acc: 14.44%
2024-03-19 11:41 before_fed Round:   1 | Epochs:   5 | Domain: s | loss: 5.1437 | Acc: 30.43%
2024-03-19 11:41 after_fed Round:   1 | Epochs:   5 | Domain: v | loss: 6.7527 | Acc: 14.41%
2024-03-19 11:41 after_fed Round:   1 | Epochs:   5 | Domain: l | loss: 6.7504 | Acc: 13.37%
2024-03-19 11:41 after_fed Round:   1 | Epochs:   5 | Domain: s | loss: 6.2697 | Acc: 14.78%
2024-03-19 11:41 Model saved! Best Val Acc: 658.18%
2024-03-19 11:41 test_domain Round:   1 | Epochs:   5 | Domain: c | loss: 7.0723 | Acc: 7.31%
2024-03-19 11:41 before_fed Round:   2 | Epochs:  10 | Domain: v | loss: 4.3452 | Acc: 47.03%
2024-03-19 11:42 before_fed Round:   2 | Epochs:  10 | Domain: l | loss: 4.7707 | Acc: 36.90%
2024-03-19 11:43 before_fed Round:   2 | Epochs:  10 | Domain: s | loss: 3.8060 | Acc: 50.87%
2024-03-19 11:43 after_fed Round:   2 | Epochs:  10 | Domain: v | loss: 4.8424 | Acc: 38.14%
2024-03-19 11:43 after_fed Round:   2 | Epochs:  10 | Domain: l | loss: 5.4880 | Acc: 39.04%
2024-03-19 11:43 after_fed Round:   2 | Epochs:  10 | Domain: s | loss: 4.3682 | Acc: 40.87%
2024-03-19 11:43 Model saved! Best Val Acc: 485.94%
2024-03-19 11:43 test_domain Round:   2 | Epochs:  10 | Domain: c | loss: 5.3594 | Acc: 20.75%
2024-03-19 11:43 before_fed Round:   3 | Epochs:  15 | Domain: v | loss: 3.4355 | Acc: 61.02%
2024-03-19 11:44 before_fed Round:   3 | Epochs:  15 | Domain: l | loss: 4.1897 | Acc: 50.27%
2024-03-19 11:44 before_fed Round:   3 | Epochs:  15 | Domain: s | loss: 3.0058 | Acc: 61.74%
2024-03-19 11:44 after_fed Round:   3 | Epochs:  15 | Domain: v | loss: 3.6776 | Acc: 50.85%
2024-03-19 11:44 after_fed Round:   3 | Epochs:  15 | Domain: l | loss: 5.1113 | Acc: 45.99%
2024-03-19 11:44 after_fed Round:   3 | Epochs:  15 | Domain: s | loss: 3.4954 | Acc: 53.91%
2024-03-19 11:44 Model saved! Best Val Acc: 402.22%
2024-03-19 11:44 test_domain Round:   3 | Epochs:  15 | Domain: c | loss: 3.4627 | Acc: 42.69%
2024-03-19 11:45 before_fed Round:   4 | Epochs:  20 | Domain: v | loss: 3.1325 | Acc: 63.56%
2024-03-19 11:45 before_fed Round:   4 | Epochs:  20 | Domain: l | loss: 3.5833 | Acc: 56.15%
2024-03-19 11:46 before_fed Round:   4 | Epochs:  20 | Domain: s | loss: 2.7468 | Acc: 65.22%
2024-03-19 11:46 after_fed Round:   4 | Epochs:  20 | Domain: v | loss: 3.0440 | Acc: 58.90%
2024-03-19 11:46 after_fed Round:   4 | Epochs:  20 | Domain: l | loss: 5.1911 | Acc: 54.01%
2024-03-19 11:46 after_fed Round:   4 | Epochs:  20 | Domain: s | loss: 2.9914 | Acc: 60.87%
2024-03-19 11:46 Model saved! Best Val Acc: 363.77%
2024-03-19 11:46 test_domain Round:   4 | Epochs:  20 | Domain: c | loss: 2.2887 | Acc: 60.85%
2024-03-19 11:47 before_fed Round:   5 | Epochs:  25 | Domain: v | loss: 2.5239 | Acc: 67.37%
2024-03-19 11:47 before_fed Round:   5 | Epochs:  25 | Domain: l | loss: 3.0694 | Acc: 62.57%
2024-03-19 11:48 before_fed Round:   5 | Epochs:  25 | Domain: s | loss: 2.1528 | Acc: 70.87%
2024-03-19 11:48 after_fed Round:   5 | Epochs:  25 | Domain: v | loss: 2.5613 | Acc: 64.83%
2024-03-19 11:48 after_fed Round:   5 | Epochs:  25 | Domain: l | loss: 4.5348 | Acc: 57.22%
2024-03-19 11:48 after_fed Round:   5 | Epochs:  25 | Domain: s | loss: 2.3212 | Acc: 66.96%
2024-03-19 11:48 Model saved! Best Val Acc: 303.94%
2024-03-19 11:48 test_domain Round:   5 | Epochs:  25 | Domain: c | loss: 1.5485 | Acc: 78.77%
2024-03-19 11:48 before_fed Round:   6 | Epochs:  30 | Domain: v | loss: 2.0475 | Acc: 70.34%
2024-03-19 11:49 before_fed Round:   6 | Epochs:  30 | Domain: l | loss: 2.7712 | Acc: 64.17%
2024-03-19 11:50 before_fed Round:   6 | Epochs:  30 | Domain: s | loss: 1.6960 | Acc: 75.65%
2024-03-19 11:50 after_fed Round:   6 | Epochs:  30 | Domain: v | loss: 2.2031 | Acc: 67.80%
2024-03-19 11:50 after_fed Round:   6 | Epochs:  30 | Domain: l | loss: 3.9130 | Acc: 62.03%
2024-03-19 11:50 after_fed Round:   6 | Epochs:  30 | Domain: s | loss: 1.7688 | Acc: 71.74%
2024-03-19 11:50 Model saved! Best Val Acc: 253.76%
2024-03-19 11:50 test_domain Round:   6 | Epochs:  30 | Domain: c | loss: 1.0237 | Acc: 88.44%
2024-03-19 11:50 before_fed Round:   7 | Epochs:  35 | Domain: v | loss: 1.8283 | Acc: 69.49%
2024-03-19 11:51 before_fed Round:   7 | Epochs:  35 | Domain: l | loss: 2.5109 | Acc: 65.78%
2024-03-19 11:51 before_fed Round:   7 | Epochs:  35 | Domain: s | loss: 1.4793 | Acc: 80.00%
2024-03-19 11:51 after_fed Round:   7 | Epochs:  35 | Domain: v | loss: 1.9769 | Acc: 68.22%
2024-03-19 11:51 after_fed Round:   7 | Epochs:  35 | Domain: l | loss: 3.6701 | Acc: 62.57%
2024-03-19 11:51 after_fed Round:   7 | Epochs:  35 | Domain: s | loss: 1.4423 | Acc: 75.65%
2024-03-19 11:51 Model saved! Best Val Acc: 227.13%
2024-03-19 11:51 test_domain Round:   7 | Epochs:  35 | Domain: c | loss: 0.8423 | Acc: 89.62%
2024-03-19 11:52 before_fed Round:   8 | Epochs:  40 | Domain: v | loss: 1.5982 | Acc: 72.03%
2024-03-19 11:52 before_fed Round:   8 | Epochs:  40 | Domain: l | loss: 1.9889 | Acc: 68.98%
2024-03-19 11:53 before_fed Round:   8 | Epochs:  40 | Domain: s | loss: 1.3705 | Acc: 80.43%
2024-03-19 11:53 after_fed Round:   8 | Epochs:  40 | Domain: v | loss: 1.7706 | Acc: 69.49%
2024-03-19 11:53 after_fed Round:   8 | Epochs:  40 | Domain: l | loss: 3.3697 | Acc: 64.17%
2024-03-19 11:53 after_fed Round:   8 | Epochs:  40 | Domain: s | loss: 1.1803 | Acc: 76.96%
2024-03-19 11:53 Model saved! Best Val Acc: 201.86%
2024-03-19 11:53 test_domain Round:   8 | Epochs:  40 | Domain: c | loss: 0.7375 | Acc: 89.62%
2024-03-19 11:54 before_fed Round:   9 | Epochs:  45 | Domain: v | loss: 1.5039 | Acc: 72.46%
2024-03-19 11:54 before_fed Round:   9 | Epochs:  45 | Domain: l | loss: 1.7165 | Acc: 69.52%
2024-03-19 11:55 before_fed Round:   9 | Epochs:  45 | Domain: s | loss: 1.2179 | Acc: 78.70%
2024-03-19 11:55 after_fed Round:   9 | Epochs:  45 | Domain: v | loss: 1.6497 | Acc: 71.19%
2024-03-19 11:55 after_fed Round:   9 | Epochs:  45 | Domain: l | loss: 3.0420 | Acc: 64.71%
2024-03-19 11:55 after_fed Round:   9 | Epochs:  45 | Domain: s | loss: 1.0704 | Acc: 78.70%
2024-03-19 11:55 Model saved! Best Val Acc: 184.25%
2024-03-19 11:55 test_domain Round:   9 | Epochs:  45 | Domain: c | loss: 0.6775 | Acc: 90.33%
2024-03-19 11:56 before_fed Round:  10 | Epochs:  50 | Domain: v | loss: 1.3798 | Acc: 73.73%
2024-03-19 11:56 before_fed Round:  10 | Epochs:  50 | Domain: l | loss: 1.5423 | Acc: 69.52%
2024-03-19 11:57 before_fed Round:  10 | Epochs:  50 | Domain: s | loss: 1.1405 | Acc: 76.96%
2024-03-19 11:57 after_fed Round:  10 | Epochs:  50 | Domain: v | loss: 1.5323 | Acc: 71.19%
2024-03-19 11:57 after_fed Round:  10 | Epochs:  50 | Domain: l | loss: 2.5993 | Acc: 64.71%
2024-03-19 11:57 after_fed Round:  10 | Epochs:  50 | Domain: s | loss: 0.9753 | Acc: 78.70%
2024-03-19 11:57 Model saved! Best Val Acc: 164.02%
2024-03-19 11:57 test_domain Round:  10 | Epochs:  50 | Domain: c | loss: 0.5890 | Acc: 90.80%
2024-03-19 11:57 before_fed Round:  11 | Epochs:  55 | Domain: v | loss: 1.3265 | Acc: 75.00%
2024-03-19 11:58 before_fed Round:  11 | Epochs:  55 | Domain: l | loss: 1.3234 | Acc: 68.45%
2024-03-19 11:58 before_fed Round:  11 | Epochs:  55 | Domain: s | loss: 1.1302 | Acc: 77.39%
2024-03-19 11:58 after_fed Round:  11 | Epochs:  55 | Domain: v | loss: 1.4309 | Acc: 72.03%
2024-03-19 11:58 after_fed Round:  11 | Epochs:  55 | Domain: l | loss: 2.5500 | Acc: 63.64%
2024-03-19 11:59 after_fed Round:  11 | Epochs:  55 | Domain: s | loss: 0.9188 | Acc: 78.70%
2024-03-19 11:59 Model saved! Best Val Acc: 156.96%
2024-03-19 11:59 test_domain Round:  11 | Epochs:  55 | Domain: c | loss: 0.5791 | Acc: 90.09%
2024-03-19 11:59 before_fed Round:  12 | Epochs:  60 | Domain: v | loss: 1.2951 | Acc: 72.88%
2024-03-19 12:00 before_fed Round:  12 | Epochs:  60 | Domain: l | loss: 1.1971 | Acc: 67.38%
2024-03-19 12:00 before_fed Round:  12 | Epochs:  60 | Domain: s | loss: 1.0417 | Acc: 78.26%
2024-03-19 12:00 after_fed Round:  12 | Epochs:  60 | Domain: v | loss: 1.3437 | Acc: 72.03%
2024-03-19 12:00 after_fed Round:  12 | Epochs:  60 | Domain: l | loss: 2.2835 | Acc: 63.64%
2024-03-19 12:00 after_fed Round:  12 | Epochs:  60 | Domain: s | loss: 0.8547 | Acc: 80.00%
2024-03-19 12:00 Model saved! Best Val Acc: 143.93%
2024-03-19 12:00 test_domain Round:  12 | Epochs:  60 | Domain: c | loss: 0.5110 | Acc: 90.80%
2024-03-19 12:01 before_fed Round:  13 | Epochs:  65 | Domain: v | loss: 1.1916 | Acc: 72.46%
2024-03-19 12:01 before_fed Round:  13 | Epochs:  65 | Domain: l | loss: 1.1868 | Acc: 68.98%
2024-03-19 12:02 before_fed Round:  13 | Epochs:  65 | Domain: s | loss: 0.9948 | Acc: 77.39%
2024-03-19 12:02 after_fed Round:  13 | Epochs:  65 | Domain: v | loss: 1.2710 | Acc: 71.61%
2024-03-19 12:02 after_fed Round:  13 | Epochs:  65 | Domain: l | loss: 2.0630 | Acc: 64.71%
2024-03-19 12:02 after_fed Round:  13 | Epochs:  65 | Domain: s | loss: 0.8188 | Acc: 79.13%
2024-03-19 12:02 Model saved! Best Val Acc: 133.75%
2024-03-19 12:02 test_domain Round:  13 | Epochs:  65 | Domain: c | loss: 0.4825 | Acc: 91.04%
2024-03-19 12:03 before_fed Round:  14 | Epochs:  70 | Domain: v | loss: 1.0872 | Acc: 73.73%
2024-03-19 12:03 before_fed Round:  14 | Epochs:  70 | Domain: l | loss: 1.1615 | Acc: 68.98%
2024-03-19 12:04 before_fed Round:  14 | Epochs:  70 | Domain: s | loss: 1.0280 | Acc: 79.13%
2024-03-19 12:04 after_fed Round:  14 | Epochs:  70 | Domain: v | loss: 1.1896 | Acc: 71.19%
2024-03-19 12:04 after_fed Round:  14 | Epochs:  70 | Domain: l | loss: 2.0634 | Acc: 63.64%
2024-03-19 12:04 after_fed Round:  14 | Epochs:  70 | Domain: s | loss: 0.8053 | Acc: 80.00%
2024-03-19 12:04 Model saved! Best Val Acc: 130.33%
2024-03-19 12:04 test_domain Round:  14 | Epochs:  70 | Domain: c | loss: 0.4440 | Acc: 91.04%
2024-03-19 12:04 before_fed Round:  15 | Epochs:  75 | Domain: v | loss: 0.9282 | Acc: 76.27%
2024-03-19 12:05 before_fed Round:  15 | Epochs:  75 | Domain: l | loss: 1.1139 | Acc: 67.38%
2024-03-19 12:05 before_fed Round:  15 | Epochs:  75 | Domain: s | loss: 1.0639 | Acc: 77.39%
2024-03-19 12:06 after_fed Round:  15 | Epochs:  75 | Domain: v | loss: 1.1077 | Acc: 71.19%
2024-03-19 12:06 after_fed Round:  15 | Epochs:  75 | Domain: l | loss: 1.8335 | Acc: 65.24%
2024-03-19 12:06 after_fed Round:  15 | Epochs:  75 | Domain: s | loss: 0.8117 | Acc: 79.13%
2024-03-19 12:06 Model saved! Best Val Acc: 121.04%
2024-03-19 12:06 test_domain Round:  15 | Epochs:  75 | Domain: c | loss: 0.3983 | Acc: 91.75%
2024-03-19 12:06 before_fed Round:  16 | Epochs:  80 | Domain: v | loss: 0.7953 | Acc: 81.78%
2024-03-19 12:07 before_fed Round:  16 | Epochs:  80 | Domain: l | loss: 1.1361 | Acc: 67.91%
2024-03-19 12:07 before_fed Round:  16 | Epochs:  80 | Domain: s | loss: 1.0506 | Acc: 76.96%
2024-03-19 12:07 after_fed Round:  16 | Epochs:  80 | Domain: v | loss: 0.9514 | Acc: 73.73%
2024-03-19 12:07 after_fed Round:  16 | Epochs:  80 | Domain: l | loss: 1.9429 | Acc: 64.71%
2024-03-19 12:07 after_fed Round:  16 | Epochs:  80 | Domain: s | loss: 0.7841 | Acc: 79.57%
2024-03-19 12:07 Model saved! Best Val Acc: 117.52%
2024-03-19 12:07 test_domain Round:  16 | Epochs:  80 | Domain: c | loss: 0.3677 | Acc: 90.57%
2024-03-19 12:08 before_fed Round:  17 | Epochs:  85 | Domain: v | loss: 0.6869 | Acc: 81.78%
2024-03-19 12:09 before_fed Round:  17 | Epochs:  85 | Domain: l | loss: 1.1218 | Acc: 70.05%
2024-03-19 12:09 before_fed Round:  17 | Epochs:  85 | Domain: s | loss: 1.0314 | Acc: 79.13%
2024-03-19 12:09 after_fed Round:  17 | Epochs:  85 | Domain: v | loss: 0.8065 | Acc: 78.81%
2024-03-19 12:09 after_fed Round:  17 | Epochs:  85 | Domain: l | loss: 1.8032 | Acc: 65.78%
2024-03-19 12:09 after_fed Round:  17 | Epochs:  85 | Domain: s | loss: 0.7910 | Acc: 80.00%
2024-03-19 12:09 Model saved! Best Val Acc: 108.53%
2024-03-19 12:09 test_domain Round:  17 | Epochs:  85 | Domain: c | loss: 0.3049 | Acc: 91.75%
2024-03-19 12:10 before_fed Round:  18 | Epochs:  90 | Domain: v | loss: 0.6689 | Acc: 80.51%
2024-03-19 12:10 before_fed Round:  18 | Epochs:  90 | Domain: l | loss: 1.1350 | Acc: 68.98%
2024-03-19 12:11 before_fed Round:  18 | Epochs:  90 | Domain: s | loss: 1.0882 | Acc: 80.87%
2024-03-19 12:11 after_fed Round:  18 | Epochs:  90 | Domain: v | loss: 0.7260 | Acc: 78.39%
2024-03-19 12:11 after_fed Round:  18 | Epochs:  90 | Domain: l | loss: 2.0641 | Acc: 64.17%
2024-03-19 12:11 after_fed Round:  18 | Epochs:  90 | Domain: s | loss: 0.8203 | Acc: 80.43%
2024-03-19 12:11 test_domain Round:  18 | Epochs:  90 | Domain: c | loss: 0.2198 | Acc: 94.58%
2024-03-19 12:12 before_fed Round:  19 | Epochs:  95 | Domain: v | loss: 0.6501 | Acc: 81.36%
2024-03-19 12:12 before_fed Round:  19 | Epochs:  95 | Domain: l | loss: 1.1844 | Acc: 67.38%
2024-03-19 12:13 before_fed Round:  19 | Epochs:  95 | Domain: s | loss: 1.1889 | Acc: 77.83%
2024-03-19 12:13 after_fed Round:  19 | Epochs:  95 | Domain: v | loss: 0.7322 | Acc: 77.54%
2024-03-19 12:13 after_fed Round:  19 | Epochs:  95 | Domain: l | loss: 2.1002 | Acc: 64.17%
2024-03-19 12:13 after_fed Round:  19 | Epochs:  95 | Domain: s | loss: 0.8408 | Acc: 80.43%
2024-03-19 12:13 test_domain Round:  19 | Epochs:  95 | Domain: c | loss: 0.1927 | Acc: 95.52%
2024-03-19 12:13 before_fed Round:  20 | Epochs: 100 | Domain: v | loss: 0.6536 | Acc: 81.36%
2024-03-19 12:14 before_fed Round:  20 | Epochs: 100 | Domain: l | loss: 1.2314 | Acc: 67.91%
2024-03-19 12:14 before_fed Round:  20 | Epochs: 100 | Domain: s | loss: 1.2374 | Acc: 76.96%
2024-03-19 12:14 after_fed Round:  20 | Epochs: 100 | Domain: v | loss: 0.7358 | Acc: 78.39%
2024-03-19 12:15 after_fed Round:  20 | Epochs: 100 | Domain: l | loss: 2.2735 | Acc: 63.64%
2024-03-19 12:15 after_fed Round:  20 | Epochs: 100 | Domain: s | loss: 0.8579 | Acc: 79.13%
2024-03-19 12:15 test_domain Round:  20 | Epochs: 100 | Domain: c | loss: 0.1889 | Acc: 95.28%
2024-03-19 12:15 before_fed Round:  21 | Epochs: 105 | Domain: v | loss: 0.6504 | Acc: 82.20%
2024-03-19 12:16 before_fed Round:  21 | Epochs: 105 | Domain: l | loss: 1.3058 | Acc: 66.84%
2024-03-19 12:16 before_fed Round:  21 | Epochs: 105 | Domain: s | loss: 1.1527 | Acc: 80.00%
2024-03-19 12:16 after_fed Round:  21 | Epochs: 105 | Domain: v | loss: 0.7464 | Acc: 79.66%
2024-03-19 12:16 after_fed Round:  21 | Epochs: 105 | Domain: l | loss: 2.2276 | Acc: 64.71%
2024-03-19 12:16 after_fed Round:  21 | Epochs: 105 | Domain: s | loss: 0.8679 | Acc: 80.87%
2024-03-19 12:16 test_domain Round:  21 | Epochs: 105 | Domain: c | loss: 0.2300 | Acc: 94.10%
2024-03-19 12:17 before_fed Round:  22 | Epochs: 110 | Domain: v | loss: 0.6977 | Acc: 81.36%
2024-03-19 12:17 before_fed Round:  22 | Epochs: 110 | Domain: l | loss: 1.3170 | Acc: 68.45%
2024-03-19 12:18 before_fed Round:  22 | Epochs: 110 | Domain: s | loss: 1.2639 | Acc: 76.52%
2024-03-19 12:18 after_fed Round:  22 | Epochs: 110 | Domain: v | loss: 0.7705 | Acc: 79.24%
2024-03-19 12:18 after_fed Round:  22 | Epochs: 110 | Domain: l | loss: 2.3435 | Acc: 65.24%
2024-03-19 12:18 after_fed Round:  22 | Epochs: 110 | Domain: s | loss: 0.9138 | Acc: 78.70%
2024-03-19 12:18 test_domain Round:  22 | Epochs: 110 | Domain: c | loss: 0.1636 | Acc: 96.23%
2024-03-19 12:19 before_fed Round:  23 | Epochs: 115 | Domain: v | loss: 0.6998 | Acc: 80.08%
2024-03-19 12:19 before_fed Round:  23 | Epochs: 115 | Domain: l | loss: 1.4105 | Acc: 67.91%
2024-03-19 12:20 before_fed Round:  23 | Epochs: 115 | Domain: s | loss: 1.3217 | Acc: 78.26%
2024-03-19 12:20 after_fed Round:  23 | Epochs: 115 | Domain: v | loss: 0.7856 | Acc: 79.66%
2024-03-19 12:20 after_fed Round:  23 | Epochs: 115 | Domain: l | loss: 2.5057 | Acc: 65.24%
2024-03-19 12:20 after_fed Round:  23 | Epochs: 115 | Domain: s | loss: 0.9200 | Acc: 80.00%
2024-03-19 12:20 test_domain Round:  23 | Epochs: 115 | Domain: c | loss: 0.1538 | Acc: 96.23%
2024-03-19 12:21 before_fed Round:  24 | Epochs: 120 | Domain: v | loss: 0.7036 | Acc: 82.20%
2024-03-19 12:21 before_fed Round:  24 | Epochs: 120 | Domain: l | loss: 1.4425 | Acc: 67.91%
2024-03-19 12:22 before_fed Round:  24 | Epochs: 120 | Domain: s | loss: 1.2869 | Acc: 79.57%
2024-03-19 12:22 after_fed Round:  24 | Epochs: 120 | Domain: v | loss: 0.7777 | Acc: 79.24%
2024-03-19 12:22 after_fed Round:  24 | Epochs: 120 | Domain: l | loss: 2.5569 | Acc: 65.24%
2024-03-19 12:22 after_fed Round:  24 | Epochs: 120 | Domain: s | loss: 0.9404 | Acc: 77.83%
2024-03-19 12:22 test_domain Round:  24 | Epochs: 120 | Domain: c | loss: 0.1654 | Acc: 95.52%
2024-03-19 12:22 before_fed Round:  25 | Epochs: 125 | Domain: v | loss: 0.7120 | Acc: 80.93%
2024-03-19 12:23 before_fed Round:  25 | Epochs: 125 | Domain: l | loss: 1.4671 | Acc: 67.91%
2024-03-19 12:23 before_fed Round:  25 | Epochs: 125 | Domain: s | loss: 1.3617 | Acc: 78.70%
2024-03-19 12:23 after_fed Round:  25 | Epochs: 125 | Domain: v | loss: 0.7951 | Acc: 80.08%
2024-03-19 12:23 after_fed Round:  25 | Epochs: 125 | Domain: l | loss: 2.6608 | Acc: 65.78%
2024-03-19 12:23 after_fed Round:  25 | Epochs: 125 | Domain: s | loss: 1.0272 | Acc: 78.26%
2024-03-19 12:23 test_domain Round:  25 | Epochs: 125 | Domain: c | loss: 0.1807 | Acc: 95.05%
2024-03-19 12:24 before_fed Round:  26 | Epochs: 130 | Domain: v | loss: 0.7045 | Acc: 81.78%
2024-03-19 12:25 before_fed Round:  26 | Epochs: 130 | Domain: l | loss: 1.5566 | Acc: 68.98%
2024-03-19 12:25 before_fed Round:  26 | Epochs: 130 | Domain: s | loss: 1.3329 | Acc: 78.70%
2024-03-19 12:25 after_fed Round:  26 | Epochs: 130 | Domain: v | loss: 0.8178 | Acc: 80.51%
2024-03-19 12:25 after_fed Round:  26 | Epochs: 130 | Domain: l | loss: 2.5471 | Acc: 65.24%
2024-03-19 12:25 after_fed Round:  26 | Epochs: 130 | Domain: s | loss: 1.0121 | Acc: 77.83%
2024-03-19 12:25 test_domain Round:  26 | Epochs: 130 | Domain: c | loss: 0.1627 | Acc: 95.05%
2024-03-19 12:26 before_fed Round:  27 | Epochs: 135 | Domain: v | loss: 0.7533 | Acc: 84.75%
2024-03-19 12:26 before_fed Round:  27 | Epochs: 135 | Domain: l | loss: 1.5715 | Acc: 67.91%
2024-03-19 12:27 before_fed Round:  27 | Epochs: 135 | Domain: s | loss: 1.3597 | Acc: 78.70%
2024-03-19 12:27 after_fed Round:  27 | Epochs: 135 | Domain: v | loss: 0.8510 | Acc: 77.54%
2024-03-19 12:27 after_fed Round:  27 | Epochs: 135 | Domain: l | loss: 2.5641 | Acc: 65.24%
2024-03-19 12:27 after_fed Round:  27 | Epochs: 135 | Domain: s | loss: 0.9971 | Acc: 78.70%
2024-03-19 12:27 test_domain Round:  27 | Epochs: 135 | Domain: c | loss: 0.1911 | Acc: 96.23%
2024-03-19 12:28 before_fed Round:  28 | Epochs: 140 | Domain: v | loss: 0.8052 | Acc: 82.20%
2024-03-19 12:28 before_fed Round:  28 | Epochs: 140 | Domain: l | loss: 1.5793 | Acc: 68.98%
2024-03-19 12:29 before_fed Round:  28 | Epochs: 140 | Domain: s | loss: 1.4048 | Acc: 77.39%
2024-03-19 12:29 after_fed Round:  28 | Epochs: 140 | Domain: v | loss: 0.8598 | Acc: 79.24%
2024-03-19 12:29 after_fed Round:  28 | Epochs: 140 | Domain: l | loss: 2.7711 | Acc: 65.78%
2024-03-19 12:29 after_fed Round:  28 | Epochs: 140 | Domain: s | loss: 1.0770 | Acc: 78.26%
2024-03-19 12:29 test_domain Round:  28 | Epochs: 140 | Domain: c | loss: 0.1577 | Acc: 96.70%
2024-03-19 12:29 before_fed Round:  29 | Epochs: 145 | Domain: v | loss: 0.7871 | Acc: 81.78%
2024-03-19 12:30 before_fed Round:  29 | Epochs: 145 | Domain: l | loss: 1.6064 | Acc: 68.45%
2024-03-19 12:30 before_fed Round:  29 | Epochs: 145 | Domain: s | loss: 1.3499 | Acc: 80.00%
2024-03-19 12:30 after_fed Round:  29 | Epochs: 145 | Domain: v | loss: 0.8503 | Acc: 78.81%
2024-03-19 12:30 after_fed Round:  29 | Epochs: 145 | Domain: l | loss: 2.8778 | Acc: 65.78%
2024-03-19 12:30 after_fed Round:  29 | Epochs: 145 | Domain: s | loss: 1.0667 | Acc: 78.26%
2024-03-19 12:31 test_domain Round:  29 | Epochs: 145 | Domain: c | loss: 0.1801 | Acc: 96.46%
2024-03-19 12:31 before_fed Round:  30 | Epochs: 150 | Domain: v | loss: 0.8084 | Acc: 80.93%
2024-03-19 12:32 before_fed Round:  30 | Epochs: 150 | Domain: l | loss: 1.6740 | Acc: 68.45%
2024-03-19 12:32 before_fed Round:  30 | Epochs: 150 | Domain: s | loss: 1.3264 | Acc: 80.43%
2024-03-19 12:32 after_fed Round:  30 | Epochs: 150 | Domain: v | loss: 0.8407 | Acc: 79.24%
2024-03-19 12:32 after_fed Round:  30 | Epochs: 150 | Domain: l | loss: 2.7467 | Acc: 66.31%
2024-03-19 12:32 after_fed Round:  30 | Epochs: 150 | Domain: s | loss: 1.0839 | Acc: 78.26%
2024-03-19 12:32 test_domain Round:  30 | Epochs: 150 | Domain: c | loss: 0.1693 | Acc: 96.46%
2024-03-19 12:33 before_fed Round:  31 | Epochs: 155 | Domain: v | loss: 0.9375 | Acc: 80.51%
2024-03-19 12:33 before_fed Round:  31 | Epochs: 155 | Domain: l | loss: 1.7057 | Acc: 70.59%
2024-03-19 12:34 before_fed Round:  31 | Epochs: 155 | Domain: s | loss: 1.3648 | Acc: 80.43%
2024-03-19 12:34 after_fed Round:  31 | Epochs: 155 | Domain: v | loss: 0.8851 | Acc: 78.81%
2024-03-19 12:34 after_fed Round:  31 | Epochs: 155 | Domain: l | loss: 2.8708 | Acc: 65.78%
2024-03-19 12:34 after_fed Round:  31 | Epochs: 155 | Domain: s | loss: 1.0754 | Acc: 79.57%
2024-03-19 12:34 test_domain Round:  31 | Epochs: 155 | Domain: c | loss: 0.1410 | Acc: 95.75%
2024-03-19 12:35 before_fed Round:  32 | Epochs: 160 | Domain: v | loss: 0.8075 | Acc: 80.51%
2024-03-19 12:35 before_fed Round:  32 | Epochs: 160 | Domain: l | loss: 1.8076 | Acc: 65.24%
2024-03-19 12:36 before_fed Round:  32 | Epochs: 160 | Domain: s | loss: 1.3956 | Acc: 79.57%
2024-03-19 12:36 after_fed Round:  32 | Epochs: 160 | Domain: v | loss: 0.8625 | Acc: 78.81%
2024-03-19 12:36 after_fed Round:  32 | Epochs: 160 | Domain: l | loss: 3.0371 | Acc: 66.31%
2024-03-19 12:36 after_fed Round:  32 | Epochs: 160 | Domain: s | loss: 1.0813 | Acc: 80.43%
2024-03-19 12:36 test_domain Round:  32 | Epochs: 160 | Domain: c | loss: 0.1363 | Acc: 95.75%
2024-03-19 12:36 before_fed Round:  33 | Epochs: 165 | Domain: v | loss: 0.8168 | Acc: 82.63%
2024-03-19 12:37 before_fed Round:  33 | Epochs: 165 | Domain: l | loss: 1.7113 | Acc: 67.38%
2024-03-19 12:38 before_fed Round:  33 | Epochs: 165 | Domain: s | loss: 1.3830 | Acc: 80.87%
2024-03-19 12:38 after_fed Round:  33 | Epochs: 165 | Domain: v | loss: 0.9049 | Acc: 80.08%
2024-03-19 12:38 after_fed Round:  33 | Epochs: 165 | Domain: l | loss: 2.9777 | Acc: 65.24%
2024-03-19 12:38 after_fed Round:  33 | Epochs: 165 | Domain: s | loss: 1.1065 | Acc: 80.00%
2024-03-19 12:38 test_domain Round:  33 | Epochs: 165 | Domain: c | loss: 0.1908 | Acc: 95.28%
2024-03-19 12:38 before_fed Round:  34 | Epochs: 170 | Domain: v | loss: 0.7852 | Acc: 82.20%
2024-03-19 12:39 before_fed Round:  34 | Epochs: 170 | Domain: l | loss: 1.8570 | Acc: 66.31%
2024-03-19 12:39 before_fed Round:  34 | Epochs: 170 | Domain: s | loss: 1.5591 | Acc: 80.43%
2024-03-19 12:39 after_fed Round:  34 | Epochs: 170 | Domain: v | loss: 0.8791 | Acc: 78.39%
2024-03-19 12:39 after_fed Round:  34 | Epochs: 170 | Domain: l | loss: 3.4749 | Acc: 66.31%
2024-03-19 12:39 after_fed Round:  34 | Epochs: 170 | Domain: s | loss: 1.1880 | Acc: 79.13%
2024-03-19 12:39 test_domain Round:  34 | Epochs: 170 | Domain: c | loss: 0.2148 | Acc: 95.28%
2024-03-19 12:40 before_fed Round:  35 | Epochs: 175 | Domain: v | loss: 0.8453 | Acc: 81.36%
2024-03-19 12:40 before_fed Round:  35 | Epochs: 175 | Domain: l | loss: 1.9588 | Acc: 66.84%
2024-03-19 12:41 before_fed Round:  35 | Epochs: 175 | Domain: s | loss: 1.4535 | Acc: 82.17%
2024-03-19 12:41 after_fed Round:  35 | Epochs: 175 | Domain: v | loss: 0.8907 | Acc: 78.39%
2024-03-19 12:41 after_fed Round:  35 | Epochs: 175 | Domain: l | loss: 3.2480 | Acc: 66.84%
2024-03-19 12:41 after_fed Round:  35 | Epochs: 175 | Domain: s | loss: 1.2198 | Acc: 76.96%
2024-03-19 12:41 test_domain Round:  35 | Epochs: 175 | Domain: c | loss: 0.1706 | Acc: 95.75%
2024-03-19 12:42 before_fed Round:  36 | Epochs: 180 | Domain: v | loss: 0.9517 | Acc: 80.93%
2024-03-19 12:42 before_fed Round:  36 | Epochs: 180 | Domain: l | loss: 2.0526 | Acc: 67.91%
2024-03-19 12:43 before_fed Round:  36 | Epochs: 180 | Domain: s | loss: 1.5124 | Acc: 81.30%
2024-03-19 12:43 after_fed Round:  36 | Epochs: 180 | Domain: v | loss: 0.8995 | Acc: 78.39%
2024-03-19 12:43 after_fed Round:  36 | Epochs: 180 | Domain: l | loss: 3.5550 | Acc: 64.71%
2024-03-19 12:43 after_fed Round:  36 | Epochs: 180 | Domain: s | loss: 1.2212 | Acc: 79.57%
2024-03-19 12:43 test_domain Round:  36 | Epochs: 180 | Domain: c | loss: 0.1806 | Acc: 95.99%
2024-03-19 12:44 before_fed Round:  37 | Epochs: 185 | Domain: v | loss: 0.8852 | Acc: 80.08%
2024-03-19 12:44 before_fed Round:  37 | Epochs: 185 | Domain: l | loss: 2.0182 | Acc: 66.31%
2024-03-19 12:45 before_fed Round:  37 | Epochs: 185 | Domain: s | loss: 1.3954 | Acc: 80.87%
2024-03-19 12:45 after_fed Round:  37 | Epochs: 185 | Domain: v | loss: 0.9283 | Acc: 77.97%
2024-03-19 12:45 after_fed Round:  37 | Epochs: 185 | Domain: l | loss: 3.1943 | Acc: 64.71%
2024-03-19 12:45 after_fed Round:  37 | Epochs: 185 | Domain: s | loss: 1.2144 | Acc: 79.13%
2024-03-19 12:45 test_domain Round:  37 | Epochs: 185 | Domain: c | loss: 0.1187 | Acc: 96.23%
2024-03-19 12:45 before_fed Round:  38 | Epochs: 190 | Domain: v | loss: 0.8440 | Acc: 81.78%
2024-03-19 12:46 before_fed Round:  38 | Epochs: 190 | Domain: l | loss: 2.0885 | Acc: 66.31%
2024-03-19 12:46 before_fed Round:  38 | Epochs: 190 | Domain: s | loss: 1.4284 | Acc: 78.70%
2024-03-19 12:46 after_fed Round:  38 | Epochs: 190 | Domain: v | loss: 0.9386 | Acc: 79.66%
2024-03-19 12:46 after_fed Round:  38 | Epochs: 190 | Domain: l | loss: 3.0374 | Acc: 65.24%
2024-03-19 12:46 after_fed Round:  38 | Epochs: 190 | Domain: s | loss: 1.1700 | Acc: 78.70%
2024-03-19 12:47 test_domain Round:  38 | Epochs: 190 | Domain: c | loss: 0.1664 | Acc: 95.52%
2024-03-19 12:47 before_fed Round:  39 | Epochs: 195 | Domain: v | loss: 0.9244 | Acc: 81.36%
2024-03-19 12:48 before_fed Round:  39 | Epochs: 195 | Domain: l | loss: 2.0778 | Acc: 71.12%
2024-03-19 12:48 before_fed Round:  39 | Epochs: 195 | Domain: s | loss: 1.5012 | Acc: 77.83%
2024-03-19 12:48 after_fed Round:  39 | Epochs: 195 | Domain: v | loss: 0.9672 | Acc: 78.81%
2024-03-19 12:48 after_fed Round:  39 | Epochs: 195 | Domain: l | loss: 3.2587 | Acc: 63.64%
2024-03-19 12:48 after_fed Round:  39 | Epochs: 195 | Domain: s | loss: 1.2117 | Acc: 78.70%
2024-03-19 12:48 test_domain Round:  39 | Epochs: 195 | Domain: c | loss: 0.1804 | Acc: 95.28%
2024-03-19 12:49 before_fed Round:  40 | Epochs: 200 | Domain: v | loss: 0.8886 | Acc: 81.78%
2024-03-19 12:49 before_fed Round:  40 | Epochs: 200 | Domain: l | loss: 2.0875 | Acc: 67.91%
2024-03-19 12:50 before_fed Round:  40 | Epochs: 200 | Domain: s | loss: 1.5502 | Acc: 77.39%
2024-03-19 12:50 after_fed Round:  40 | Epochs: 200 | Domain: v | loss: 0.9308 | Acc: 79.66%
2024-03-19 12:50 after_fed Round:  40 | Epochs: 200 | Domain: l | loss: 3.6092 | Acc: 64.71%
2024-03-19 12:50 after_fed Round:  40 | Epochs: 200 | Domain: s | loss: 1.3322 | Acc: 76.96%
2024-03-19 12:50 test_domain Round:  40 | Epochs: 200 | Domain: c | loss: 0.1779 | Acc: 95.75%
