2024-03-19 09:30 comment: fed avg, mobilenetv1 pretrained, vlcs on v
2024-03-19 09:30 before_fed Round:   0 | Epochs:   0 | Domain: l | loss: 8.2414 | Acc: 0.00%
2024-03-19 09:31 before_fed Round:   0 | Epochs:   0 | Domain: c | loss: 9.1081 | Acc: 0.00%
2024-03-19 09:31 before_fed Round:   0 | Epochs:   0 | Domain: s | loss: 7.7027 | Acc: 1.74%
2024-03-19 09:31 after_fed Round:   0 | Epochs:   0 | Domain: l | loss: 9.8531 | Acc: 0.00%
2024-03-19 09:31 after_fed Round:   0 | Epochs:   0 | Domain: c | loss: 9.5320 | Acc: 2.00%
2024-03-19 09:31 after_fed Round:   0 | Epochs:   0 | Domain: s | loss: 10.1049 | Acc: 0.00%
2024-03-19 09:31 Model saved! Best Val Acc: 990.38%
2024-03-19 09:31 test_domain Round:   0 | Epochs:   0 | Domain: v | loss: 11.0527 | Acc: 0.39%
2024-03-19 09:32 before_fed Round:   1 | Epochs:   5 | Domain: l | loss: 6.7401 | Acc: 6.42%
2024-03-19 09:32 before_fed Round:   1 | Epochs:   5 | Domain: c | loss: 7.2004 | Acc: 1.00%
2024-03-19 09:33 before_fed Round:   1 | Epochs:   5 | Domain: s | loss: 5.4338 | Acc: 26.96%
2024-03-19 09:33 after_fed Round:   1 | Epochs:   5 | Domain: l | loss: 7.9630 | Acc: 2.14%
2024-03-19 09:33 after_fed Round:   1 | Epochs:   5 | Domain: c | loss: 8.3576 | Acc: 2.00%
2024-03-19 09:33 after_fed Round:   1 | Epochs:   5 | Domain: s | loss: 7.4815 | Acc: 3.91%
2024-03-19 09:33 Model saved! Best Val Acc: 782.39%
2024-03-19 09:33 test_domain Round:   1 | Epochs:   5 | Domain: v | loss: 9.1287 | Acc: 2.96%
2024-03-19 09:33 before_fed Round:   2 | Epochs:  10 | Domain: l | loss: 5.1626 | Acc: 32.62%
2024-03-19 09:34 before_fed Round:   2 | Epochs:  10 | Domain: c | loss: 5.8560 | Acc: 24.00%
2024-03-19 09:34 before_fed Round:   2 | Epochs:  10 | Domain: s | loss: 3.8318 | Acc: 46.96%
2024-03-19 09:34 after_fed Round:   2 | Epochs:  10 | Domain: l | loss: 6.0535 | Acc: 21.93%
2024-03-19 09:34 after_fed Round:   2 | Epochs:  10 | Domain: c | loss: 7.0151 | Acc: 15.00%
2024-03-19 09:34 after_fed Round:   2 | Epochs:  10 | Domain: s | loss: 5.1377 | Acc: 28.26%
2024-03-19 09:34 Model saved! Best Val Acc: 582.94%
2024-03-19 09:34 test_domain Round:   2 | Epochs:  10 | Domain: v | loss: 7.3792 | Acc: 13.52%
2024-03-19 09:35 before_fed Round:   3 | Epochs:  15 | Domain: l | loss: 4.4528 | Acc: 42.78%
2024-03-19 09:35 before_fed Round:   3 | Epochs:  15 | Domain: c | loss: 4.6210 | Acc: 37.00%
2024-03-19 09:36 before_fed Round:   3 | Epochs:  15 | Domain: s | loss: 3.1963 | Acc: 59.57%
2024-03-19 09:36 after_fed Round:   3 | Epochs:  15 | Domain: l | loss: 5.2705 | Acc: 40.11%
2024-03-19 09:36 after_fed Round:   3 | Epochs:  15 | Domain: c | loss: 5.9894 | Acc: 19.00%
2024-03-19 09:36 after_fed Round:   3 | Epochs:  15 | Domain: s | loss: 3.9482 | Acc: 46.52%
2024-03-19 09:36 Model saved! Best Val Acc: 481.83%
2024-03-19 09:36 test_domain Round:   3 | Epochs:  15 | Domain: v | loss: 6.2009 | Acc: 25.86%
2024-03-19 09:36 before_fed Round:   4 | Epochs:  20 | Domain: l | loss: 3.6541 | Acc: 52.41%
2024-03-19 09:37 before_fed Round:   4 | Epochs:  20 | Domain: c | loss: 3.4528 | Acc: 54.00%
2024-03-19 09:37 before_fed Round:   4 | Epochs:  20 | Domain: s | loss: 2.5997 | Acc: 69.57%
2024-03-19 09:37 after_fed Round:   4 | Epochs:  20 | Domain: l | loss: 4.8098 | Acc: 53.48%
2024-03-19 09:37 after_fed Round:   4 | Epochs:  20 | Domain: c | loss: 4.4690 | Acc: 32.00%
2024-03-19 09:37 after_fed Round:   4 | Epochs:  20 | Domain: s | loss: 3.0361 | Acc: 59.57%
2024-03-19 09:37 Model saved! Best Val Acc: 395.23%
2024-03-19 09:37 test_domain Round:   4 | Epochs:  20 | Domain: v | loss: 5.1050 | Acc: 35.44%
2024-03-19 09:38 before_fed Round:   5 | Epochs:  25 | Domain: l | loss: 3.3057 | Acc: 58.82%
2024-03-19 09:38 before_fed Round:   5 | Epochs:  25 | Domain: c | loss: 3.0280 | Acc: 59.00%
2024-03-19 09:39 before_fed Round:   5 | Epochs:  25 | Domain: s | loss: 2.3606 | Acc: 70.87%
2024-03-19 09:39 after_fed Round:   5 | Epochs:  25 | Domain: l | loss: 4.7653 | Acc: 56.15%
2024-03-19 09:39 after_fed Round:   5 | Epochs:  25 | Domain: c | loss: 3.4128 | Acc: 48.00%
2024-03-19 09:39 after_fed Round:   5 | Epochs:  25 | Domain: s | loss: 2.6588 | Acc: 62.61%
2024-03-19 09:39 Model saved! Best Val Acc: 356.48%
2024-03-19 09:39 test_domain Round:   5 | Epochs:  25 | Domain: v | loss: 4.4344 | Acc: 41.46%
2024-03-19 09:39 before_fed Round:   6 | Epochs:  30 | Domain: l | loss: 2.9995 | Acc: 62.03%
2024-03-19 09:40 before_fed Round:   6 | Epochs:  30 | Domain: c | loss: 2.2199 | Acc: 68.00%
2024-03-19 09:40 before_fed Round:   6 | Epochs:  30 | Domain: s | loss: 2.1185 | Acc: 73.04%
2024-03-19 09:40 after_fed Round:   6 | Epochs:  30 | Domain: l | loss: 4.6478 | Acc: 58.82%
2024-03-19 09:40 after_fed Round:   6 | Epochs:  30 | Domain: c | loss: 2.6061 | Acc: 56.00%
2024-03-19 09:40 after_fed Round:   6 | Epochs:  30 | Domain: s | loss: 2.2953 | Acc: 66.96%
2024-03-19 09:40 Model saved! Best Val Acc: 320.50%
2024-03-19 09:40 test_domain Round:   6 | Epochs:  30 | Domain: v | loss: 3.8453 | Acc: 47.68%
2024-03-19 09:41 before_fed Round:   7 | Epochs:  35 | Domain: l | loss: 2.7769 | Acc: 63.10%
2024-03-19 09:41 before_fed Round:   7 | Epochs:  35 | Domain: c | loss: 1.6397 | Acc: 74.00%
2024-03-19 09:42 before_fed Round:   7 | Epochs:  35 | Domain: s | loss: 1.9409 | Acc: 73.91%
2024-03-19 09:42 after_fed Round:   7 | Epochs:  35 | Domain: l | loss: 4.5053 | Acc: 58.29%
2024-03-19 09:42 after_fed Round:   7 | Epochs:  35 | Domain: c | loss: 2.1110 | Acc: 66.00%
2024-03-19 09:42 after_fed Round:   7 | Epochs:  35 | Domain: s | loss: 2.0245 | Acc: 70.00%
2024-03-19 09:42 Model saved! Best Val Acc: 293.74%
2024-03-19 09:42 test_domain Round:   7 | Epochs:  35 | Domain: v | loss: 3.4611 | Acc: 51.43%
2024-03-19 09:42 before_fed Round:   8 | Epochs:  40 | Domain: l | loss: 2.4259 | Acc: 65.78%
2024-03-19 09:43 before_fed Round:   8 | Epochs:  40 | Domain: c | loss: 1.0937 | Acc: 82.00%
2024-03-19 09:43 before_fed Round:   8 | Epochs:  40 | Domain: s | loss: 1.6449 | Acc: 77.83%
2024-03-19 09:43 after_fed Round:   8 | Epochs:  40 | Domain: l | loss: 4.0953 | Acc: 61.50%
2024-03-19 09:43 after_fed Round:   8 | Epochs:  40 | Domain: c | loss: 1.6968 | Acc: 73.00%
2024-03-19 09:43 after_fed Round:   8 | Epochs:  40 | Domain: s | loss: 1.6875 | Acc: 75.22%
2024-03-19 09:43 Model saved! Best Val Acc: 255.92%
2024-03-19 09:43 test_domain Round:   8 | Epochs:  40 | Domain: v | loss: 3.0292 | Acc: 55.28%
2024-03-19 09:44 before_fed Round:   9 | Epochs:  45 | Domain: l | loss: 2.1248 | Acc: 65.78%
2024-03-19 09:44 before_fed Round:   9 | Epochs:  45 | Domain: c | loss: 0.8893 | Acc: 84.00%
2024-03-19 09:45 before_fed Round:   9 | Epochs:  45 | Domain: s | loss: 1.4378 | Acc: 78.70%
2024-03-19 09:45 after_fed Round:   9 | Epochs:  45 | Domain: l | loss: 3.5223 | Acc: 65.78%
2024-03-19 09:45 after_fed Round:   9 | Epochs:  45 | Domain: c | loss: 1.4701 | Acc: 74.00%
2024-03-19 09:45 after_fed Round:   9 | Epochs:  45 | Domain: s | loss: 1.4387 | Acc: 76.96%
2024-03-19 09:45 Model saved! Best Val Acc: 219.75%
2024-03-19 09:45 test_domain Round:   9 | Epochs:  45 | Domain: v | loss: 2.7052 | Acc: 58.24%
2024-03-19 09:45 before_fed Round:  10 | Epochs:  50 | Domain: l | loss: 1.8361 | Acc: 68.98%
2024-03-19 09:46 before_fed Round:  10 | Epochs:  50 | Domain: c | loss: 0.7197 | Acc: 90.00%
2024-03-19 09:46 before_fed Round:  10 | Epochs:  50 | Domain: s | loss: 1.3677 | Acc: 78.26%
2024-03-19 09:46 after_fed Round:  10 | Epochs:  50 | Domain: l | loss: 3.2441 | Acc: 66.31%
2024-03-19 09:46 after_fed Round:  10 | Epochs:  50 | Domain: c | loss: 1.3971 | Acc: 76.00%
2024-03-19 09:46 after_fed Round:  10 | Epochs:  50 | Domain: s | loss: 1.3334 | Acc: 76.52%
2024-03-19 09:46 Model saved! Best Val Acc: 203.59%
2024-03-19 09:46 test_domain Round:  10 | Epochs:  50 | Domain: v | loss: 2.5333 | Acc: 58.14%
2024-03-19 09:47 before_fed Round:  11 | Epochs:  55 | Domain: l | loss: 1.6016 | Acc: 71.12%
2024-03-19 09:47 before_fed Round:  11 | Epochs:  55 | Domain: c | loss: 0.6411 | Acc: 91.00%
2024-03-19 09:48 before_fed Round:  11 | Epochs:  55 | Domain: s | loss: 1.3606 | Acc: 77.39%
2024-03-19 09:48 after_fed Round:  11 | Epochs:  55 | Domain: l | loss: 3.0946 | Acc: 64.17%
2024-03-19 09:48 after_fed Round:  11 | Epochs:  55 | Domain: c | loss: 1.2711 | Acc: 80.00%
2024-03-19 09:48 after_fed Round:  11 | Epochs:  55 | Domain: s | loss: 1.2647 | Acc: 77.39%
2024-03-19 09:48 Model saved! Best Val Acc: 192.71%
2024-03-19 09:48 test_domain Round:  11 | Epochs:  55 | Domain: v | loss: 2.3278 | Acc: 60.12%
2024-03-19 09:48 before_fed Round:  12 | Epochs:  60 | Domain: l | loss: 1.5335 | Acc: 69.52%
2024-03-19 09:49 before_fed Round:  12 | Epochs:  60 | Domain: c | loss: 0.5728 | Acc: 93.00%
2024-03-19 09:49 before_fed Round:  12 | Epochs:  60 | Domain: s | loss: 1.3218 | Acc: 77.39%
2024-03-19 09:49 after_fed Round:  12 | Epochs:  60 | Domain: l | loss: 2.9258 | Acc: 63.10%
2024-03-19 09:49 after_fed Round:  12 | Epochs:  60 | Domain: c | loss: 1.0470 | Acc: 82.00%
2024-03-19 09:49 after_fed Round:  12 | Epochs:  60 | Domain: s | loss: 1.1814 | Acc: 76.96%
2024-03-19 09:49 Model saved! Best Val Acc: 178.58%
2024-03-19 09:49 test_domain Round:  12 | Epochs:  60 | Domain: v | loss: 2.2284 | Acc: 60.81%
2024-03-19 09:50 before_fed Round:  13 | Epochs:  65 | Domain: l | loss: 1.3925 | Acc: 71.12%
2024-03-19 09:50 before_fed Round:  13 | Epochs:  65 | Domain: c | loss: 0.5218 | Acc: 93.00%
2024-03-19 09:51 before_fed Round:  13 | Epochs:  65 | Domain: s | loss: 1.1755 | Acc: 80.00%
2024-03-19 09:51 after_fed Round:  13 | Epochs:  65 | Domain: l | loss: 2.7335 | Acc: 63.10%
2024-03-19 09:51 after_fed Round:  13 | Epochs:  65 | Domain: c | loss: 0.9610 | Acc: 82.00%
2024-03-19 09:51 after_fed Round:  13 | Epochs:  65 | Domain: s | loss: 1.0991 | Acc: 78.70%
2024-03-19 09:51 Model saved! Best Val Acc: 166.31%
2024-03-19 09:51 test_domain Round:  13 | Epochs:  65 | Domain: v | loss: 2.1245 | Acc: 61.50%
2024-03-19 09:51 before_fed Round:  14 | Epochs:  70 | Domain: l | loss: 1.3172 | Acc: 70.05%
2024-03-19 09:52 before_fed Round:  14 | Epochs:  70 | Domain: c | loss: 0.4409 | Acc: 94.00%
2024-03-19 09:52 before_fed Round:  14 | Epochs:  70 | Domain: s | loss: 1.3492 | Acc: 76.96%
2024-03-19 09:52 after_fed Round:  14 | Epochs:  70 | Domain: l | loss: 2.6719 | Acc: 62.57%
2024-03-19 09:52 after_fed Round:  14 | Epochs:  70 | Domain: c | loss: 0.9197 | Acc: 84.00%
2024-03-19 09:52 after_fed Round:  14 | Epochs:  70 | Domain: s | loss: 1.1123 | Acc: 76.96%
2024-03-19 09:52 Model saved! Best Val Acc: 163.87%
2024-03-19 09:52 test_domain Round:  14 | Epochs:  70 | Domain: v | loss: 2.1595 | Acc: 58.34%
2024-03-19 09:53 before_fed Round:  15 | Epochs:  75 | Domain: l | loss: 1.2959 | Acc: 67.91%
2024-03-19 09:53 before_fed Round:  15 | Epochs:  75 | Domain: c | loss: 0.4230 | Acc: 94.00%
2024-03-19 09:54 before_fed Round:  15 | Epochs:  75 | Domain: s | loss: 1.3185 | Acc: 78.26%
2024-03-19 09:54 after_fed Round:  15 | Epochs:  75 | Domain: l | loss: 2.5726 | Acc: 62.03%
2024-03-19 09:54 after_fed Round:  15 | Epochs:  75 | Domain: c | loss: 0.8473 | Acc: 86.00%
2024-03-19 09:54 after_fed Round:  15 | Epochs:  75 | Domain: s | loss: 1.0794 | Acc: 78.26%
2024-03-19 09:54 Model saved! Best Val Acc: 157.43%
2024-03-19 09:54 test_domain Round:  15 | Epochs:  75 | Domain: v | loss: 2.0814 | Acc: 61.20%
2024-03-19 09:54 before_fed Round:  16 | Epochs:  80 | Domain: l | loss: 1.3045 | Acc: 68.98%
2024-03-19 09:55 before_fed Round:  16 | Epochs:  80 | Domain: c | loss: 0.3902 | Acc: 93.00%
2024-03-19 09:55 before_fed Round:  16 | Epochs:  80 | Domain: s | loss: 1.3119 | Acc: 78.70%
2024-03-19 09:55 after_fed Round:  16 | Epochs:  80 | Domain: l | loss: 2.5738 | Acc: 62.57%
2024-03-19 09:55 after_fed Round:  16 | Epochs:  80 | Domain: c | loss: 0.7567 | Acc: 87.00%
2024-03-19 09:55 after_fed Round:  16 | Epochs:  80 | Domain: s | loss: 1.0961 | Acc: 78.26%
2024-03-19 09:55 Model saved! Best Val Acc: 156.47%
2024-03-19 09:55 test_domain Round:  16 | Epochs:  80 | Domain: v | loss: 2.0471 | Acc: 61.40%
2024-03-19 09:56 before_fed Round:  17 | Epochs:  85 | Domain: l | loss: 1.2836 | Acc: 67.91%
2024-03-19 09:56 before_fed Round:  17 | Epochs:  85 | Domain: c | loss: 0.3511 | Acc: 94.00%
2024-03-19 09:57 before_fed Round:  17 | Epochs:  85 | Domain: s | loss: 1.2971 | Acc: 78.70%
2024-03-19 09:57 after_fed Round:  17 | Epochs:  85 | Domain: l | loss: 2.3397 | Acc: 63.64%
2024-03-19 09:57 after_fed Round:  17 | Epochs:  85 | Domain: c | loss: 0.6457 | Acc: 87.00%
2024-03-19 09:57 after_fed Round:  17 | Epochs:  85 | Domain: s | loss: 1.0689 | Acc: 78.70%
2024-03-19 09:57 Model saved! Best Val Acc: 144.67%
2024-03-19 09:57 test_domain Round:  17 | Epochs:  85 | Domain: v | loss: 2.0537 | Acc: 61.60%
2024-03-19 09:57 before_fed Round:  18 | Epochs:  90 | Domain: l | loss: 1.3014 | Acc: 68.98%
2024-03-19 09:58 before_fed Round:  18 | Epochs:  90 | Domain: c | loss: 0.3186 | Acc: 95.00%
2024-03-19 09:58 before_fed Round:  18 | Epochs:  90 | Domain: s | loss: 1.2800 | Acc: 78.70%
2024-03-19 09:58 after_fed Round:  18 | Epochs:  90 | Domain: l | loss: 2.2815 | Acc: 64.17%
2024-03-19 09:58 after_fed Round:  18 | Epochs:  90 | Domain: c | loss: 0.5895 | Acc: 88.00%
2024-03-19 09:58 after_fed Round:  18 | Epochs:  90 | Domain: s | loss: 1.0438 | Acc: 78.70%
2024-03-19 09:58 Model saved! Best Val Acc: 140.36%
2024-03-19 09:58 test_domain Round:  18 | Epochs:  90 | Domain: v | loss: 1.9896 | Acc: 62.09%
2024-03-19 09:59 before_fed Round:  19 | Epochs:  95 | Domain: l | loss: 1.3075 | Acc: 70.05%
2024-03-19 09:59 before_fed Round:  19 | Epochs:  95 | Domain: c | loss: 0.2882 | Acc: 95.00%
2024-03-19 10:00 before_fed Round:  19 | Epochs:  95 | Domain: s | loss: 1.2806 | Acc: 80.87%
2024-03-19 10:00 after_fed Round:  19 | Epochs:  95 | Domain: l | loss: 2.0857 | Acc: 65.78%
2024-03-19 10:00 after_fed Round:  19 | Epochs:  95 | Domain: c | loss: 0.5486 | Acc: 89.00%
2024-03-19 10:00 after_fed Round:  19 | Epochs:  95 | Domain: s | loss: 1.0192 | Acc: 80.00%
2024-03-19 10:00 Model saved! Best Val Acc: 131.40%
2024-03-19 10:00 test_domain Round:  19 | Epochs:  95 | Domain: v | loss: 1.9278 | Acc: 63.18%
2024-03-19 10:00 before_fed Round:  20 | Epochs: 100 | Domain: l | loss: 1.2980 | Acc: 70.05%
2024-03-19 10:01 before_fed Round:  20 | Epochs: 100 | Domain: c | loss: 0.2609 | Acc: 95.00%
2024-03-19 10:01 before_fed Round:  20 | Epochs: 100 | Domain: s | loss: 1.3168 | Acc: 78.70%
2024-03-19 10:01 after_fed Round:  20 | Epochs: 100 | Domain: l | loss: 2.2396 | Acc: 64.71%
2024-03-19 10:01 after_fed Round:  20 | Epochs: 100 | Domain: c | loss: 0.4886 | Acc: 90.00%
2024-03-19 10:01 after_fed Round:  20 | Epochs: 100 | Domain: s | loss: 1.0675 | Acc: 76.96%
2024-03-19 10:01 test_domain Round:  20 | Epochs: 100 | Domain: v | loss: 1.8652 | Acc: 62.19%
2024-03-19 10:02 before_fed Round:  21 | Epochs: 105 | Domain: l | loss: 1.3414 | Acc: 70.05%
2024-03-19 10:02 before_fed Round:  21 | Epochs: 105 | Domain: c | loss: 0.2281 | Acc: 95.00%
2024-03-19 10:03 before_fed Round:  21 | Epochs: 105 | Domain: s | loss: 1.3189 | Acc: 80.00%
2024-03-19 10:03 after_fed Round:  21 | Epochs: 105 | Domain: l | loss: 2.2130 | Acc: 65.78%
2024-03-19 10:03 after_fed Round:  21 | Epochs: 105 | Domain: c | loss: 0.4426 | Acc: 88.00%
2024-03-19 10:03 after_fed Round:  21 | Epochs: 105 | Domain: s | loss: 1.0353 | Acc: 78.70%
2024-03-19 10:03 test_domain Round:  21 | Epochs: 105 | Domain: v | loss: 1.8434 | Acc: 62.09%
2024-03-19 10:03 before_fed Round:  22 | Epochs: 110 | Domain: l | loss: 1.3721 | Acc: 70.59%
2024-03-19 10:04 before_fed Round:  22 | Epochs: 110 | Domain: c | loss: 0.2089 | Acc: 95.00%
2024-03-19 10:04 before_fed Round:  22 | Epochs: 110 | Domain: s | loss: 1.3657 | Acc: 78.70%
2024-03-19 10:04 after_fed Round:  22 | Epochs: 110 | Domain: l | loss: 2.3882 | Acc: 63.64%
2024-03-19 10:04 after_fed Round:  22 | Epochs: 110 | Domain: c | loss: 0.4060 | Acc: 89.00%
2024-03-19 10:04 after_fed Round:  22 | Epochs: 110 | Domain: s | loss: 1.0741 | Acc: 77.39%
2024-03-19 10:04 test_domain Round:  22 | Epochs: 110 | Domain: v | loss: 1.8058 | Acc: 63.38%
2024-03-19 10:05 before_fed Round:  23 | Epochs: 115 | Domain: l | loss: 1.4266 | Acc: 71.12%
2024-03-19 10:05 before_fed Round:  23 | Epochs: 115 | Domain: c | loss: 0.1779 | Acc: 96.00%
2024-03-19 10:06 before_fed Round:  23 | Epochs: 115 | Domain: s | loss: 1.4624 | Acc: 79.57%
2024-03-19 10:06 after_fed Round:  23 | Epochs: 115 | Domain: l | loss: 2.6165 | Acc: 63.10%
2024-03-19 10:06 after_fed Round:  23 | Epochs: 115 | Domain: c | loss: 0.3732 | Acc: 93.00%
2024-03-19 10:06 after_fed Round:  23 | Epochs: 115 | Domain: s | loss: 1.1022 | Acc: 77.39%
2024-03-19 10:06 test_domain Round:  23 | Epochs: 115 | Domain: v | loss: 1.8038 | Acc: 61.80%
2024-03-19 10:06 before_fed Round:  24 | Epochs: 120 | Domain: l | loss: 1.5324 | Acc: 71.12%
2024-03-19 10:07 before_fed Round:  24 | Epochs: 120 | Domain: c | loss: 0.1521 | Acc: 97.00%
2024-03-19 10:07 before_fed Round:  24 | Epochs: 120 | Domain: s | loss: 1.3628 | Acc: 77.83%
2024-03-19 10:07 after_fed Round:  24 | Epochs: 120 | Domain: l | loss: 2.4870 | Acc: 64.71%
2024-03-19 10:07 after_fed Round:  24 | Epochs: 120 | Domain: c | loss: 0.3814 | Acc: 90.00%
2024-03-19 10:07 after_fed Round:  24 | Epochs: 120 | Domain: s | loss: 1.0459 | Acc: 78.26%
2024-03-19 10:07 test_domain Round:  24 | Epochs: 120 | Domain: v | loss: 1.7901 | Acc: 62.88%
2024-03-19 10:08 before_fed Round:  25 | Epochs: 125 | Domain: l | loss: 1.5884 | Acc: 70.05%
2024-03-19 10:08 before_fed Round:  25 | Epochs: 125 | Domain: c | loss: 0.1286 | Acc: 97.00%
2024-03-19 10:09 before_fed Round:  25 | Epochs: 125 | Domain: s | loss: 1.5334 | Acc: 77.39%
2024-03-19 10:09 after_fed Round:  25 | Epochs: 125 | Domain: l | loss: 2.9062 | Acc: 65.24%
2024-03-19 10:09 after_fed Round:  25 | Epochs: 125 | Domain: c | loss: 0.4543 | Acc: 90.00%
2024-03-19 10:09 after_fed Round:  25 | Epochs: 125 | Domain: s | loss: 1.0790 | Acc: 77.83%
2024-03-19 10:09 test_domain Round:  25 | Epochs: 125 | Domain: v | loss: 1.8073 | Acc: 64.86%
2024-03-19 10:09 before_fed Round:  26 | Epochs: 130 | Domain: l | loss: 1.6320 | Acc: 70.05%
2024-03-19 10:10 before_fed Round:  26 | Epochs: 130 | Domain: c | loss: 0.1072 | Acc: 98.00%
2024-03-19 10:10 before_fed Round:  26 | Epochs: 130 | Domain: s | loss: 1.5328 | Acc: 77.39%
2024-03-19 10:10 after_fed Round:  26 | Epochs: 130 | Domain: l | loss: 2.8140 | Acc: 65.24%
2024-03-19 10:10 after_fed Round:  26 | Epochs: 130 | Domain: c | loss: 0.3657 | Acc: 93.00%
2024-03-19 10:10 after_fed Round:  26 | Epochs: 130 | Domain: s | loss: 1.1520 | Acc: 77.83%
2024-03-19 10:10 test_domain Round:  26 | Epochs: 130 | Domain: v | loss: 1.7498 | Acc: 64.66%
2024-03-19 10:11 before_fed Round:  27 | Epochs: 135 | Domain: l | loss: 1.7071 | Acc: 67.91%
2024-03-19 10:11 before_fed Round:  27 | Epochs: 135 | Domain: c | loss: 0.0902 | Acc: 99.00%
2024-03-19 10:12 before_fed Round:  27 | Epochs: 135 | Domain: s | loss: 1.4130 | Acc: 79.13%
2024-03-19 10:12 after_fed Round:  27 | Epochs: 135 | Domain: l | loss: 2.6574 | Acc: 66.84%
2024-03-19 10:12 after_fed Round:  27 | Epochs: 135 | Domain: c | loss: 0.3346 | Acc: 92.00%
2024-03-19 10:12 after_fed Round:  27 | Epochs: 135 | Domain: s | loss: 1.1514 | Acc: 78.26%
2024-03-19 10:12 test_domain Round:  27 | Epochs: 135 | Domain: v | loss: 1.7879 | Acc: 64.56%
2024-03-19 10:12 before_fed Round:  28 | Epochs: 140 | Domain: l | loss: 1.7177 | Acc: 68.98%
2024-03-19 10:13 before_fed Round:  28 | Epochs: 140 | Domain: c | loss: 0.0783 | Acc: 99.00%
2024-03-19 10:13 before_fed Round:  28 | Epochs: 140 | Domain: s | loss: 1.5545 | Acc: 77.39%
2024-03-19 10:13 after_fed Round:  28 | Epochs: 140 | Domain: l | loss: 2.5329 | Acc: 65.24%
2024-03-19 10:13 after_fed Round:  28 | Epochs: 140 | Domain: c | loss: 0.3081 | Acc: 94.00%
2024-03-19 10:13 after_fed Round:  28 | Epochs: 140 | Domain: s | loss: 1.2089 | Acc: 79.13%
2024-03-19 10:13 test_domain Round:  28 | Epochs: 140 | Domain: v | loss: 1.8258 | Acc: 63.97%
2024-03-19 10:14 before_fed Round:  29 | Epochs: 145 | Domain: l | loss: 1.6838 | Acc: 70.05%
2024-03-19 10:14 before_fed Round:  29 | Epochs: 145 | Domain: c | loss: 0.0608 | Acc: 99.00%
2024-03-19 10:15 before_fed Round:  29 | Epochs: 145 | Domain: s | loss: 1.4090 | Acc: 80.00%
2024-03-19 10:15 after_fed Round:  29 | Epochs: 145 | Domain: l | loss: 2.5079 | Acc: 68.45%
2024-03-19 10:15 after_fed Round:  29 | Epochs: 145 | Domain: c | loss: 0.3106 | Acc: 94.00%
2024-03-19 10:15 after_fed Round:  29 | Epochs: 145 | Domain: s | loss: 1.1577 | Acc: 79.57%
2024-03-19 10:15 test_domain Round:  29 | Epochs: 145 | Domain: v | loss: 1.8295 | Acc: 63.57%
2024-03-19 10:15 before_fed Round:  30 | Epochs: 150 | Domain: l | loss: 1.7135 | Acc: 71.12%
2024-03-19 10:16 before_fed Round:  30 | Epochs: 150 | Domain: c | loss: 0.0692 | Acc: 99.00%
2024-03-19 10:16 before_fed Round:  30 | Epochs: 150 | Domain: s | loss: 1.5246 | Acc: 78.26%
2024-03-19 10:16 after_fed Round:  30 | Epochs: 150 | Domain: l | loss: 2.6313 | Acc: 67.91%
2024-03-19 10:16 after_fed Round:  30 | Epochs: 150 | Domain: c | loss: 0.3790 | Acc: 92.00%
2024-03-19 10:16 after_fed Round:  30 | Epochs: 150 | Domain: s | loss: 1.1661 | Acc: 78.70%
2024-03-19 10:16 test_domain Round:  30 | Epochs: 150 | Domain: v | loss: 1.9069 | Acc: 63.77%
2024-03-19 10:17 before_fed Round:  31 | Epochs: 155 | Domain: l | loss: 1.7408 | Acc: 72.19%
2024-03-19 10:17 before_fed Round:  31 | Epochs: 155 | Domain: c | loss: 0.0360 | Acc: 99.00%
2024-03-19 10:18 before_fed Round:  31 | Epochs: 155 | Domain: s | loss: 1.4163 | Acc: 80.43%
2024-03-19 10:18 after_fed Round:  31 | Epochs: 155 | Domain: l | loss: 2.7105 | Acc: 68.98%
2024-03-19 10:18 after_fed Round:  31 | Epochs: 155 | Domain: c | loss: 0.2941 | Acc: 95.00%
2024-03-19 10:18 after_fed Round:  31 | Epochs: 155 | Domain: s | loss: 1.1806 | Acc: 79.13%
2024-03-19 10:18 test_domain Round:  31 | Epochs: 155 | Domain: v | loss: 1.8554 | Acc: 63.67%
2024-03-19 10:18 before_fed Round:  32 | Epochs: 160 | Domain: l | loss: 1.7942 | Acc: 71.12%
2024-03-19 10:19 before_fed Round:  32 | Epochs: 160 | Domain: c | loss: 0.0309 | Acc: 99.00%
2024-03-19 10:19 before_fed Round:  32 | Epochs: 160 | Domain: s | loss: 1.5272 | Acc: 80.00%
2024-03-19 10:19 after_fed Round:  32 | Epochs: 160 | Domain: l | loss: 2.7723 | Acc: 66.84%
2024-03-19 10:19 after_fed Round:  32 | Epochs: 160 | Domain: c | loss: 0.3001 | Acc: 95.00%
2024-03-19 10:19 after_fed Round:  32 | Epochs: 160 | Domain: s | loss: 1.1976 | Acc: 78.70%
2024-03-19 10:19 test_domain Round:  32 | Epochs: 160 | Domain: v | loss: 1.8264 | Acc: 65.05%
2024-03-19 10:20 before_fed Round:  33 | Epochs: 165 | Domain: l | loss: 1.8885 | Acc: 71.66%
2024-03-19 10:20 before_fed Round:  33 | Epochs: 165 | Domain: c | loss: 0.0248 | Acc: 99.00%
2024-03-19 10:21 before_fed Round:  33 | Epochs: 165 | Domain: s | loss: 1.5661 | Acc: 78.70%
2024-03-19 10:21 after_fed Round:  33 | Epochs: 165 | Domain: l | loss: 2.9871 | Acc: 66.84%
2024-03-19 10:21 after_fed Round:  33 | Epochs: 165 | Domain: c | loss: 0.2847 | Acc: 96.00%
2024-03-19 10:21 after_fed Round:  33 | Epochs: 165 | Domain: s | loss: 1.2588 | Acc: 78.26%
2024-03-19 10:21 test_domain Round:  33 | Epochs: 165 | Domain: v | loss: 1.8204 | Acc: 65.15%
2024-03-19 10:21 before_fed Round:  34 | Epochs: 170 | Domain: l | loss: 1.9586 | Acc: 73.80%
2024-03-19 10:22 before_fed Round:  34 | Epochs: 170 | Domain: c | loss: 0.0191 | Acc: 100.00%
2024-03-19 10:22 before_fed Round:  34 | Epochs: 170 | Domain: s | loss: 1.4135 | Acc: 80.00%
2024-03-19 10:22 after_fed Round:  34 | Epochs: 170 | Domain: l | loss: 2.8321 | Acc: 70.05%
2024-03-19 10:22 after_fed Round:  34 | Epochs: 170 | Domain: c | loss: 0.2767 | Acc: 94.00%
2024-03-19 10:22 after_fed Round:  34 | Epochs: 170 | Domain: s | loss: 1.1843 | Acc: 78.70%
2024-03-19 10:22 test_domain Round:  34 | Epochs: 170 | Domain: v | loss: 1.8225 | Acc: 65.25%
2024-03-19 10:23 before_fed Round:  35 | Epochs: 175 | Domain: l | loss: 1.8628 | Acc: 68.45%
2024-03-19 10:23 before_fed Round:  35 | Epochs: 175 | Domain: c | loss: 0.0327 | Acc: 99.00%
2024-03-19 10:24 before_fed Round:  35 | Epochs: 175 | Domain: s | loss: 1.4363 | Acc: 79.13%
2024-03-19 10:24 after_fed Round:  35 | Epochs: 175 | Domain: l | loss: 2.7700 | Acc: 67.91%
2024-03-19 10:24 after_fed Round:  35 | Epochs: 175 | Domain: c | loss: 0.2872 | Acc: 93.00%
2024-03-19 10:24 after_fed Round:  35 | Epochs: 175 | Domain: s | loss: 1.1869 | Acc: 79.13%
2024-03-19 10:24 test_domain Round:  35 | Epochs: 175 | Domain: v | loss: 1.9165 | Acc: 64.46%
2024-03-19 10:24 before_fed Round:  36 | Epochs: 180 | Domain: l | loss: 1.9321 | Acc: 69.52%
2024-03-19 10:25 before_fed Round:  36 | Epochs: 180 | Domain: c | loss: 0.0176 | Acc: 99.00%
2024-03-19 10:25 before_fed Round:  36 | Epochs: 180 | Domain: s | loss: 1.5652 | Acc: 76.96%
2024-03-19 10:25 after_fed Round:  36 | Epochs: 180 | Domain: l | loss: 2.9716 | Acc: 67.91%
2024-03-19 10:25 after_fed Round:  36 | Epochs: 180 | Domain: c | loss: 0.2974 | Acc: 93.00%
2024-03-19 10:25 after_fed Round:  36 | Epochs: 180 | Domain: s | loss: 1.1908 | Acc: 78.70%
2024-03-19 10:25 test_domain Round:  36 | Epochs: 180 | Domain: v | loss: 1.9393 | Acc: 64.36%
2024-03-19 10:26 before_fed Round:  37 | Epochs: 185 | Domain: l | loss: 2.0475 | Acc: 70.05%
2024-03-19 10:26 before_fed Round:  37 | Epochs: 185 | Domain: c | loss: 0.0137 | Acc: 99.00%
2024-03-19 10:27 before_fed Round:  37 | Epochs: 185 | Domain: s | loss: 1.5692 | Acc: 78.26%
2024-03-19 10:27 after_fed Round:  37 | Epochs: 185 | Domain: l | loss: 3.1271 | Acc: 67.91%
2024-03-19 10:27 after_fed Round:  37 | Epochs: 185 | Domain: c | loss: 0.2948 | Acc: 93.00%
2024-03-19 10:27 after_fed Round:  37 | Epochs: 185 | Domain: s | loss: 1.2491 | Acc: 80.87%
2024-03-19 10:27 test_domain Round:  37 | Epochs: 185 | Domain: v | loss: 1.9690 | Acc: 63.77%
2024-03-19 10:27 before_fed Round:  38 | Epochs: 190 | Domain: l | loss: 1.9704 | Acc: 69.52%
2024-03-19 10:27 before_fed Round:  38 | Epochs: 190 | Domain: c | loss: 0.0092 | Acc: 100.00%
2024-03-19 10:28 before_fed Round:  38 | Epochs: 190 | Domain: s | loss: 1.5031 | Acc: 79.57%
2024-03-19 10:28 after_fed Round:  38 | Epochs: 190 | Domain: l | loss: 3.2128 | Acc: 67.91%
2024-03-19 10:28 after_fed Round:  38 | Epochs: 190 | Domain: c | loss: 0.2910 | Acc: 95.00%
2024-03-19 10:28 after_fed Round:  38 | Epochs: 190 | Domain: s | loss: 1.2524 | Acc: 79.57%
2024-03-19 10:28 test_domain Round:  38 | Epochs: 190 | Domain: v | loss: 2.0594 | Acc: 61.99%
2024-03-19 10:29 before_fed Round:  39 | Epochs: 195 | Domain: l | loss: 2.0317 | Acc: 68.98%
2024-03-19 10:29 before_fed Round:  39 | Epochs: 195 | Domain: c | loss: 0.0247 | Acc: 99.00%
2024-03-19 10:29 before_fed Round:  39 | Epochs: 195 | Domain: s | loss: 1.3594 | Acc: 79.57%
2024-03-19 10:30 after_fed Round:  39 | Epochs: 195 | Domain: l | loss: 2.7581 | Acc: 68.45%
2024-03-19 10:30 after_fed Round:  39 | Epochs: 195 | Domain: c | loss: 0.2380 | Acc: 96.00%
2024-03-19 10:30 after_fed Round:  39 | Epochs: 195 | Domain: s | loss: 1.2175 | Acc: 78.26%
2024-03-19 10:30 test_domain Round:  39 | Epochs: 195 | Domain: v | loss: 2.1057 | Acc: 60.91%
2024-03-19 10:30 before_fed Round:  40 | Epochs: 200 | Domain: l | loss: 2.0251 | Acc: 70.05%
2024-03-19 10:30 before_fed Round:  40 | Epochs: 200 | Domain: c | loss: 0.0100 | Acc: 99.00%
2024-03-19 10:31 before_fed Round:  40 | Epochs: 200 | Domain: s | loss: 1.5349 | Acc: 80.87%
2024-03-19 10:31 after_fed Round:  40 | Epochs: 200 | Domain: l | loss: 2.9409 | Acc: 67.91%
2024-03-19 10:31 after_fed Round:  40 | Epochs: 200 | Domain: c | loss: 0.2811 | Acc: 93.00%
2024-03-19 10:31 after_fed Round:  40 | Epochs: 200 | Domain: s | loss: 1.2180 | Acc: 77.83%
2024-03-19 10:31 test_domain Round:  40 | Epochs: 200 | Domain: v | loss: 1.9579 | Acc: 64.56%
