2024-03-19 15:43 comment: fed avg, ccnet(1 head), pacs on p
2024-03-19 15:43 before_fed Round:   0 | Epochs:   0 | Domain: a | loss: 1.4328 | Acc: 54.15%
2024-03-19 15:44 before_fed Round:   0 | Epochs:   0 | Domain: c | loss: 1.3659 | Acc: 51.06%
2024-03-19 15:44 before_fed Round:   0 | Epochs:   0 | Domain: s | loss: 1.1420 | Acc: 56.49%
2024-03-19 15:44 after_fed Round:   0 | Epochs:   0 | Domain: a | loss: 1.7001 | Acc: 32.68%
2024-03-19 15:44 after_fed Round:   0 | Epochs:   0 | Domain: c | loss: 1.5254 | Acc: 45.11%
2024-03-19 15:44 after_fed Round:   0 | Epochs:   0 | Domain: s | loss: 1.2990 | Acc: 50.89%
2024-03-19 15:44 Model saved! Best Val Acc: 146.15%
2024-03-19 15:45 test_domain Round:   0 | Epochs:   0 | Domain: p | loss: 1.5753 | Acc: 40.00%
2024-03-19 15:45 before_fed Round:   1 | Epochs:   5 | Domain: a | loss: 1.0945 | Acc: 69.27%
2024-03-19 15:46 before_fed Round:   1 | Epochs:   5 | Domain: c | loss: 1.0323 | Acc: 65.11%
2024-03-19 15:46 before_fed Round:   1 | Epochs:   5 | Domain: s | loss: 0.9065 | Acc: 63.87%
2024-03-19 15:46 after_fed Round:   1 | Epochs:   5 | Domain: a | loss: 1.3082 | Acc: 57.07%
2024-03-19 15:46 after_fed Round:   1 | Epochs:   5 | Domain: c | loss: 1.1689 | Acc: 58.72%
2024-03-19 15:46 after_fed Round:   1 | Epochs:   5 | Domain: s | loss: 0.9767 | Acc: 64.38%
2024-03-19 15:46 Model saved! Best Val Acc: 111.24%
2024-03-19 15:46 test_domain Round:   1 | Epochs:   5 | Domain: p | loss: 1.1447 | Acc: 67.66%
2024-03-19 15:47 before_fed Round:   2 | Epochs:  10 | Domain: a | loss: 0.8692 | Acc: 74.15%
2024-03-19 15:47 before_fed Round:   2 | Epochs:  10 | Domain: c | loss: 0.8497 | Acc: 69.79%
2024-03-19 15:48 before_fed Round:   2 | Epochs:  10 | Domain: s | loss: 0.7695 | Acc: 69.21%
2024-03-19 15:48 after_fed Round:   2 | Epochs:  10 | Domain: a | loss: 1.0266 | Acc: 68.29%
2024-03-19 15:48 after_fed Round:   2 | Epochs:  10 | Domain: c | loss: 0.9685 | Acc: 67.66%
2024-03-19 15:48 after_fed Round:   2 | Epochs:  10 | Domain: s | loss: 0.8162 | Acc: 68.19%
2024-03-19 15:48 Model saved! Best Val Acc: 91.09%
2024-03-19 15:48 test_domain Round:   2 | Epochs:  10 | Domain: p | loss: 0.8291 | Acc: 80.00%
2024-03-19 15:49 before_fed Round:   3 | Epochs:  15 | Domain: a | loss: 0.7278 | Acc: 78.54%
2024-03-19 15:49 before_fed Round:   3 | Epochs:  15 | Domain: c | loss: 0.7353 | Acc: 72.77%
2024-03-19 15:50 before_fed Round:   3 | Epochs:  15 | Domain: s | loss: 0.6873 | Acc: 71.76%
2024-03-19 15:50 after_fed Round:   3 | Epochs:  15 | Domain: a | loss: 0.8595 | Acc: 75.12%
2024-03-19 15:50 after_fed Round:   3 | Epochs:  15 | Domain: c | loss: 0.8722 | Acc: 68.94%
2024-03-19 15:50 after_fed Round:   3 | Epochs:  15 | Domain: s | loss: 0.7268 | Acc: 69.72%
2024-03-19 15:50 Model saved! Best Val Acc: 80.04%
2024-03-19 15:50 test_domain Round:   3 | Epochs:  15 | Domain: p | loss: 0.6429 | Acc: 84.85%
2024-03-19 15:50 before_fed Round:   4 | Epochs:  20 | Domain: a | loss: 0.6405 | Acc: 80.00%
2024-03-19 15:51 before_fed Round:   4 | Epochs:  20 | Domain: c | loss: 0.6722 | Acc: 76.17%
2024-03-19 15:51 before_fed Round:   4 | Epochs:  20 | Domain: s | loss: 0.6253 | Acc: 74.05%
2024-03-19 15:51 after_fed Round:   4 | Epochs:  20 | Domain: a | loss: 0.7660 | Acc: 75.61%
2024-03-19 15:51 after_fed Round:   4 | Epochs:  20 | Domain: c | loss: 0.8267 | Acc: 68.51%
2024-03-19 15:52 after_fed Round:   4 | Epochs:  20 | Domain: s | loss: 0.6671 | Acc: 71.25%
2024-03-19 15:52 Model saved! Best Val Acc: 73.64%
2024-03-19 15:52 test_domain Round:   4 | Epochs:  20 | Domain: p | loss: 0.5391 | Acc: 86.17%
2024-03-19 15:52 before_fed Round:   5 | Epochs:  25 | Domain: a | loss: 0.5837 | Acc: 81.95%
2024-03-19 15:53 before_fed Round:   5 | Epochs:  25 | Domain: c | loss: 0.6365 | Acc: 77.45%
2024-03-19 15:53 before_fed Round:   5 | Epochs:  25 | Domain: s | loss: 0.5835 | Acc: 75.83%
2024-03-19 15:53 after_fed Round:   5 | Epochs:  25 | Domain: a | loss: 0.7088 | Acc: 75.61%
2024-03-19 15:53 after_fed Round:   5 | Epochs:  25 | Domain: c | loss: 0.7957 | Acc: 70.21%
2024-03-19 15:53 after_fed Round:   5 | Epochs:  25 | Domain: s | loss: 0.6244 | Acc: 74.30%
2024-03-19 15:53 Model saved! Best Val Acc: 69.34%
2024-03-19 15:53 test_domain Round:   5 | Epochs:  25 | Domain: p | loss: 0.4718 | Acc: 87.01%
2024-03-19 15:54 before_fed Round:   6 | Epochs:  30 | Domain: a | loss: 0.5479 | Acc: 80.98%
2024-03-19 15:54 before_fed Round:   6 | Epochs:  30 | Domain: c | loss: 0.6106 | Acc: 78.30%
2024-03-19 15:55 before_fed Round:   6 | Epochs:  30 | Domain: s | loss: 0.5410 | Acc: 78.12%
2024-03-19 15:55 after_fed Round:   6 | Epochs:  30 | Domain: a | loss: 0.6705 | Acc: 75.61%
2024-03-19 15:55 after_fed Round:   6 | Epochs:  30 | Domain: c | loss: 0.7782 | Acc: 71.49%
2024-03-19 15:55 after_fed Round:   6 | Epochs:  30 | Domain: s | loss: 0.5857 | Acc: 76.59%
2024-03-19 15:55 Model saved! Best Val Acc: 66.08%
2024-03-19 15:55 test_domain Round:   6 | Epochs:  30 | Domain: p | loss: 0.4259 | Acc: 87.78%
2024-03-19 15:56 before_fed Round:   7 | Epochs:  35 | Domain: a | loss: 0.5247 | Acc: 82.44%
2024-03-19 15:56 before_fed Round:   7 | Epochs:  35 | Domain: c | loss: 0.5912 | Acc: 79.57%
2024-03-19 15:57 before_fed Round:   7 | Epochs:  35 | Domain: s | loss: 0.5098 | Acc: 80.15%
2024-03-19 15:57 after_fed Round:   7 | Epochs:  35 | Domain: a | loss: 0.6403 | Acc: 77.07%
2024-03-19 15:57 after_fed Round:   7 | Epochs:  35 | Domain: c | loss: 0.7585 | Acc: 71.91%
2024-03-19 15:57 after_fed Round:   7 | Epochs:  35 | Domain: s | loss: 0.5545 | Acc: 77.10%
2024-03-19 15:57 Model saved! Best Val Acc: 63.31%
2024-03-19 15:57 test_domain Round:   7 | Epochs:  35 | Domain: p | loss: 0.3921 | Acc: 88.50%
2024-03-19 15:57 before_fed Round:   8 | Epochs:  40 | Domain: a | loss: 0.5075 | Acc: 82.93%
2024-03-19 15:58 before_fed Round:   8 | Epochs:  40 | Domain: c | loss: 0.5846 | Acc: 79.15%
2024-03-19 15:58 before_fed Round:   8 | Epochs:  40 | Domain: s | loss: 0.4783 | Acc: 81.68%
2024-03-19 15:58 after_fed Round:   8 | Epochs:  40 | Domain: a | loss: 0.6173 | Acc: 76.59%
2024-03-19 15:58 after_fed Round:   8 | Epochs:  40 | Domain: c | loss: 0.7434 | Acc: 72.34%
2024-03-19 15:58 after_fed Round:   8 | Epochs:  40 | Domain: s | loss: 0.5235 | Acc: 79.64%
2024-03-19 15:58 Model saved! Best Val Acc: 60.85%
2024-03-19 15:59 test_domain Round:   8 | Epochs:  40 | Domain: p | loss: 0.3670 | Acc: 88.98%
2024-03-19 15:59 before_fed Round:   9 | Epochs:  45 | Domain: a | loss: 0.4958 | Acc: 82.93%
2024-03-19 16:00 before_fed Round:   9 | Epochs:  45 | Domain: c | loss: 0.5785 | Acc: 78.30%
2024-03-19 16:00 before_fed Round:   9 | Epochs:  45 | Domain: s | loss: 0.4580 | Acc: 82.19%
2024-03-19 16:00 after_fed Round:   9 | Epochs:  45 | Domain: a | loss: 0.6001 | Acc: 79.02%
2024-03-19 16:00 after_fed Round:   9 | Epochs:  45 | Domain: c | loss: 0.7312 | Acc: 72.34%
2024-03-19 16:00 after_fed Round:   9 | Epochs:  45 | Domain: s | loss: 0.5008 | Acc: 80.41%
2024-03-19 16:00 Model saved! Best Val Acc: 59.02%
2024-03-19 16:00 test_domain Round:   9 | Epochs:  45 | Domain: p | loss: 0.3501 | Acc: 89.22%
2024-03-19 16:01 before_fed Round:  10 | Epochs:  50 | Domain: a | loss: 0.4865 | Acc: 82.93%
2024-03-19 16:01 before_fed Round:  10 | Epochs:  50 | Domain: c | loss: 0.5751 | Acc: 78.30%
2024-03-19 16:02 before_fed Round:  10 | Epochs:  50 | Domain: s | loss: 0.4403 | Acc: 83.72%
2024-03-19 16:02 after_fed Round:  10 | Epochs:  50 | Domain: a | loss: 0.5860 | Acc: 80.00%
2024-03-19 16:02 after_fed Round:  10 | Epochs:  50 | Domain: c | loss: 0.7222 | Acc: 71.49%
2024-03-19 16:02 after_fed Round:  10 | Epochs:  50 | Domain: s | loss: 0.4809 | Acc: 81.68%
2024-03-19 16:02 Model saved! Best Val Acc: 57.47%
2024-03-19 16:02 test_domain Round:  10 | Epochs:  50 | Domain: p | loss: 0.3370 | Acc: 89.64%
