2024-03-19 10:38 comment: fed avg, ccnet(3heads), vlcs on l
2024-03-19 10:38 before_fed Round:   0 | Epochs:   0 | Domain: v | loss: 0.6758 | Acc: 75.00%
2024-03-19 10:39 before_fed Round:   0 | Epochs:   0 | Domain: c | loss: 0.3847 | Acc: 85.00%
2024-03-19 10:40 before_fed Round:   0 | Epochs:   0 | Domain: s | loss: 0.8876 | Acc: 72.17%
2024-03-19 10:40 after_fed Round:   0 | Epochs:   0 | Domain: v | loss: 1.5384 | Acc: 58.90%
2024-03-19 10:40 after_fed Round:   0 | Epochs:   0 | Domain: c | loss: 0.9207 | Acc: 69.00%
2024-03-19 10:40 after_fed Round:   0 | Epochs:   0 | Domain: s | loss: 0.8019 | Acc: 69.57%
2024-03-19 10:40 Model saved! Best Val Acc: 113.07%
2024-03-19 10:40 test_domain Round:   0 | Epochs:   0 | Domain: l | loss: 1.1413 | Acc: 54.96%
2024-03-19 10:40 before_fed Round:   1 | Epochs:   5 | Domain: v | loss: 0.6955 | Acc: 77.97%
2024-03-19 10:41 before_fed Round:   1 | Epochs:   5 | Domain: c | loss: 0.1351 | Acc: 96.00%
2024-03-19 10:41 before_fed Round:   1 | Epochs:   5 | Domain: s | loss: 0.8148 | Acc: 72.17%
2024-03-19 10:41 after_fed Round:   1 | Epochs:   5 | Domain: v | loss: 0.9089 | Acc: 68.22%
2024-03-19 10:41 after_fed Round:   1 | Epochs:   5 | Domain: c | loss: 0.3397 | Acc: 88.00%
2024-03-19 10:41 after_fed Round:   1 | Epochs:   5 | Domain: s | loss: 0.7422 | Acc: 72.61%
2024-03-19 10:42 Model saved! Best Val Acc: 74.15%
2024-03-19 10:42 test_domain Round:   1 | Epochs:   5 | Domain: l | loss: 1.3490 | Acc: 54.83%
2024-03-19 10:42 before_fed Round:   2 | Epochs:  10 | Domain: v | loss: 0.6302 | Acc: 78.81%
2024-03-19 10:43 before_fed Round:   2 | Epochs:  10 | Domain: c | loss: 0.0410 | Acc: 99.00%
2024-03-19 10:43 before_fed Round:   2 | Epochs:  10 | Domain: s | loss: 0.7467 | Acc: 75.22%
2024-03-19 10:43 after_fed Round:   2 | Epochs:  10 | Domain: v | loss: 0.6478 | Acc: 75.42%
2024-03-19 10:43 after_fed Round:   2 | Epochs:  10 | Domain: c | loss: 0.1270 | Acc: 95.00%
2024-03-19 10:43 after_fed Round:   2 | Epochs:  10 | Domain: s | loss: 0.7326 | Acc: 73.91%
2024-03-19 10:43 Model saved! Best Val Acc: 59.11%
2024-03-19 10:43 test_domain Round:   2 | Epochs:  10 | Domain: l | loss: 1.5263 | Acc: 54.71%
2024-03-19 10:44 before_fed Round:   3 | Epochs:  15 | Domain: v | loss: 0.5749 | Acc: 81.78%
2024-03-19 10:44 before_fed Round:   3 | Epochs:  15 | Domain: c | loss: 0.0186 | Acc: 100.00%
2024-03-19 10:45 before_fed Round:   3 | Epochs:  15 | Domain: s | loss: 0.7270 | Acc: 77.39%
2024-03-19 10:45 after_fed Round:   3 | Epochs:  15 | Domain: v | loss: 0.6357 | Acc: 78.39%
2024-03-19 10:45 after_fed Round:   3 | Epochs:  15 | Domain: c | loss: 0.0775 | Acc: 98.00%
2024-03-19 10:45 after_fed Round:   3 | Epochs:  15 | Domain: s | loss: 0.7275 | Acc: 73.91%
2024-03-19 10:45 Model saved! Best Val Acc: 57.53%
2024-03-19 10:45 test_domain Round:   3 | Epochs:  15 | Domain: l | loss: 1.6299 | Acc: 54.58%
2024-03-19 10:46 before_fed Round:   4 | Epochs:  20 | Domain: v | loss: 0.5766 | Acc: 82.20%
2024-03-19 10:46 before_fed Round:   4 | Epochs:  20 | Domain: c | loss: 0.0099 | Acc: 100.00%
2024-03-19 10:47 before_fed Round:   4 | Epochs:  20 | Domain: s | loss: 0.7301 | Acc: 77.39%
2024-03-19 10:47 after_fed Round:   4 | Epochs:  20 | Domain: v | loss: 0.6506 | Acc: 77.97%
2024-03-19 10:47 after_fed Round:   4 | Epochs:  20 | Domain: c | loss: 0.0514 | Acc: 99.00%
2024-03-19 10:47 after_fed Round:   4 | Epochs:  20 | Domain: s | loss: 0.7212 | Acc: 74.35%
2024-03-19 10:47 Model saved! Best Val Acc: 57.44%
2024-03-19 10:47 test_domain Round:   4 | Epochs:  20 | Domain: l | loss: 1.6194 | Acc: 55.96%
2024-03-19 10:48 before_fed Round:   5 | Epochs:  25 | Domain: v | loss: 0.5835 | Acc: 81.78%
2024-03-19 10:48 before_fed Round:   5 | Epochs:  25 | Domain: c | loss: 0.0060 | Acc: 100.00%
2024-03-19 10:49 before_fed Round:   5 | Epochs:  25 | Domain: s | loss: 0.7516 | Acc: 77.39%
2024-03-19 10:49 after_fed Round:   5 | Epochs:  25 | Domain: v | loss: 0.6707 | Acc: 76.69%
2024-03-19 10:49 after_fed Round:   5 | Epochs:  25 | Domain: c | loss: 0.0473 | Acc: 99.00%
2024-03-19 10:49 after_fed Round:   5 | Epochs:  25 | Domain: s | loss: 0.7285 | Acc: 76.09%
2024-03-19 10:49 test_domain Round:   5 | Epochs:  25 | Domain: l | loss: 1.6671 | Acc: 55.58%
2024-03-19 10:49 before_fed Round:   6 | Epochs:  30 | Domain: v | loss: 0.5971 | Acc: 81.78%
2024-03-19 10:50 before_fed Round:   6 | Epochs:  30 | Domain: c | loss: 0.0046 | Acc: 100.00%
2024-03-19 10:50 before_fed Round:   6 | Epochs:  30 | Domain: s | loss: 0.7684 | Acc: 76.96%
2024-03-19 10:50 after_fed Round:   6 | Epochs:  30 | Domain: v | loss: 0.6913 | Acc: 77.12%
2024-03-19 10:50 after_fed Round:   6 | Epochs:  30 | Domain: c | loss: 0.0508 | Acc: 99.00%
2024-03-19 10:50 after_fed Round:   6 | Epochs:  30 | Domain: s | loss: 0.7457 | Acc: 76.09%
2024-03-19 10:51 test_domain Round:   6 | Epochs:  30 | Domain: l | loss: 1.7424 | Acc: 56.21%
2024-03-19 10:51 before_fed Round:   7 | Epochs:  35 | Domain: v | loss: 0.6343 | Acc: 82.63%
2024-03-19 10:52 before_fed Round:   7 | Epochs:  35 | Domain: c | loss: 0.0044 | Acc: 100.00%
2024-03-19 10:52 before_fed Round:   7 | Epochs:  35 | Domain: s | loss: 0.7924 | Acc: 76.09%
2024-03-19 10:52 after_fed Round:   7 | Epochs:  35 | Domain: v | loss: 0.7178 | Acc: 76.69%
2024-03-19 10:52 after_fed Round:   7 | Epochs:  35 | Domain: c | loss: 0.0542 | Acc: 98.00%
2024-03-19 10:52 after_fed Round:   7 | Epochs:  35 | Domain: s | loss: 0.7622 | Acc: 75.22%
2024-03-19 10:52 test_domain Round:   7 | Epochs:  35 | Domain: l | loss: 1.7866 | Acc: 56.71%
2024-03-19 10:53 before_fed Round:   8 | Epochs:  40 | Domain: v | loss: 0.6366 | Acc: 81.78%
2024-03-19 10:53 before_fed Round:   8 | Epochs:  40 | Domain: c | loss: 0.0043 | Acc: 100.00%
2024-03-19 10:54 before_fed Round:   8 | Epochs:  40 | Domain: s | loss: 0.8227 | Acc: 76.96%
2024-03-19 10:54 after_fed Round:   8 | Epochs:  40 | Domain: v | loss: 0.7390 | Acc: 77.12%
2024-03-19 10:54 after_fed Round:   8 | Epochs:  40 | Domain: c | loss: 0.0562 | Acc: 98.00%
2024-03-19 10:54 after_fed Round:   8 | Epochs:  40 | Domain: s | loss: 0.7895 | Acc: 75.65%
2024-03-19 10:54 test_domain Round:   8 | Epochs:  40 | Domain: l | loss: 1.9121 | Acc: 56.46%
2024-03-19 10:55 before_fed Round:   9 | Epochs:  45 | Domain: v | loss: 0.6572 | Acc: 82.63%
2024-03-19 10:55 before_fed Round:   9 | Epochs:  45 | Domain: c | loss: 0.0045 | Acc: 100.00%
2024-03-19 10:56 before_fed Round:   9 | Epochs:  45 | Domain: s | loss: 0.8575 | Acc: 76.96%
2024-03-19 10:56 after_fed Round:   9 | Epochs:  45 | Domain: v | loss: 0.7646 | Acc: 77.97%
2024-03-19 10:56 after_fed Round:   9 | Epochs:  45 | Domain: c | loss: 0.0553 | Acc: 98.00%
2024-03-19 10:56 after_fed Round:   9 | Epochs:  45 | Domain: s | loss: 0.8147 | Acc: 75.65%
2024-03-19 10:56 test_domain Round:   9 | Epochs:  45 | Domain: l | loss: 1.9843 | Acc: 56.09%
2024-03-19 10:57 before_fed Round:  10 | Epochs:  50 | Domain: v | loss: 0.6902 | Acc: 82.63%
2024-03-19 10:57 before_fed Round:  10 | Epochs:  50 | Domain: c | loss: 0.0043 | Acc: 100.00%
2024-03-19 10:58 before_fed Round:  10 | Epochs:  50 | Domain: s | loss: 0.8913 | Acc: 76.52%
2024-03-19 10:58 after_fed Round:  10 | Epochs:  50 | Domain: v | loss: 0.8025 | Acc: 76.69%
2024-03-19 10:58 after_fed Round:  10 | Epochs:  50 | Domain: c | loss: 0.0546 | Acc: 98.00%
2024-03-19 10:58 after_fed Round:  10 | Epochs:  50 | Domain: s | loss: 0.8482 | Acc: 76.52%
2024-03-19 10:58 test_domain Round:  10 | Epochs:  50 | Domain: l | loss: 2.1149 | Acc: 56.34%
2024-03-19 10:58 before_fed Round:  11 | Epochs:  55 | Domain: v | loss: 0.7188 | Acc: 83.47%
2024-03-19 10:59 before_fed Round:  11 | Epochs:  55 | Domain: c | loss: 0.0041 | Acc: 100.00%
2024-03-19 10:59 before_fed Round:  11 | Epochs:  55 | Domain: s | loss: 0.9199 | Acc: 75.65%
2024-03-19 10:59 after_fed Round:  11 | Epochs:  55 | Domain: v | loss: 0.8278 | Acc: 77.97%
2024-03-19 10:59 after_fed Round:  11 | Epochs:  55 | Domain: c | loss: 0.0551 | Acc: 98.00%
2024-03-19 10:59 after_fed Round:  11 | Epochs:  55 | Domain: s | loss: 0.8696 | Acc: 75.65%
2024-03-19 11:00 test_domain Round:  11 | Epochs:  55 | Domain: l | loss: 2.1602 | Acc: 56.71%
2024-03-19 11:00 before_fed Round:  12 | Epochs:  60 | Domain: v | loss: 0.7166 | Acc: 82.20%
2024-03-19 11:01 before_fed Round:  12 | Epochs:  60 | Domain: c | loss: 0.0042 | Acc: 100.00%
2024-03-19 11:01 before_fed Round:  12 | Epochs:  60 | Domain: s | loss: 0.9648 | Acc: 76.52%
2024-03-19 11:01 after_fed Round:  12 | Epochs:  60 | Domain: v | loss: 0.8307 | Acc: 77.12%
2024-03-19 11:01 after_fed Round:  12 | Epochs:  60 | Domain: c | loss: 0.0519 | Acc: 98.00%
2024-03-19 11:01 after_fed Round:  12 | Epochs:  60 | Domain: s | loss: 0.9065 | Acc: 75.22%
2024-03-19 11:01 test_domain Round:  12 | Epochs:  60 | Domain: l | loss: 2.3359 | Acc: 56.21%
2024-03-19 11:02 before_fed Round:  13 | Epochs:  65 | Domain: v | loss: 0.7446 | Acc: 83.90%
2024-03-19 11:02 before_fed Round:  13 | Epochs:  65 | Domain: c | loss: 0.0044 | Acc: 100.00%
2024-03-19 11:03 before_fed Round:  13 | Epochs:  65 | Domain: s | loss: 0.9978 | Acc: 75.65%
2024-03-19 11:03 after_fed Round:  13 | Epochs:  65 | Domain: v | loss: 0.8694 | Acc: 77.12%
2024-03-19 11:03 after_fed Round:  13 | Epochs:  65 | Domain: c | loss: 0.0518 | Acc: 98.00%
2024-03-19 11:03 after_fed Round:  13 | Epochs:  65 | Domain: s | loss: 0.9352 | Acc: 75.65%
2024-03-19 11:03 test_domain Round:  13 | Epochs:  65 | Domain: l | loss: 2.4077 | Acc: 56.84%
2024-03-19 11:04 before_fed Round:  14 | Epochs:  70 | Domain: v | loss: 0.7812 | Acc: 83.05%
2024-03-19 11:04 before_fed Round:  14 | Epochs:  70 | Domain: c | loss: 0.0044 | Acc: 100.00%
2024-03-19 11:05 before_fed Round:  14 | Epochs:  70 | Domain: s | loss: 1.0366 | Acc: 76.09%
2024-03-19 11:05 after_fed Round:  14 | Epochs:  70 | Domain: v | loss: 0.9037 | Acc: 76.69%
2024-03-19 11:05 after_fed Round:  14 | Epochs:  70 | Domain: c | loss: 0.0500 | Acc: 98.00%
2024-03-19 11:05 after_fed Round:  14 | Epochs:  70 | Domain: s | loss: 0.9666 | Acc: 75.22%
2024-03-19 11:05 test_domain Round:  14 | Epochs:  70 | Domain: l | loss: 2.4786 | Acc: 57.09%
2024-03-19 11:06 before_fed Round:  15 | Epochs:  75 | Domain: v | loss: 0.8019 | Acc: 82.63%
2024-03-19 11:06 before_fed Round:  15 | Epochs:  75 | Domain: c | loss: 0.0043 | Acc: 100.00%
2024-03-19 11:07 before_fed Round:  15 | Epochs:  75 | Domain: s | loss: 1.0796 | Acc: 76.52%
2024-03-19 11:07 after_fed Round:  15 | Epochs:  75 | Domain: v | loss: 0.9183 | Acc: 76.69%
2024-03-19 11:07 after_fed Round:  15 | Epochs:  75 | Domain: c | loss: 0.0502 | Acc: 98.00%
2024-03-19 11:07 after_fed Round:  15 | Epochs:  75 | Domain: s | loss: 1.0017 | Acc: 75.65%
2024-03-19 11:07 test_domain Round:  15 | Epochs:  75 | Domain: l | loss: 2.6166 | Acc: 56.09%
2024-03-19 11:08 before_fed Round:  16 | Epochs:  80 | Domain: v | loss: 0.8267 | Acc: 82.63%
2024-03-19 11:08 before_fed Round:  16 | Epochs:  80 | Domain: c | loss: 0.0049 | Acc: 100.00%
2024-03-19 11:09 before_fed Round:  16 | Epochs:  80 | Domain: s | loss: 1.1397 | Acc: 76.09%
2024-03-19 11:09 after_fed Round:  16 | Epochs:  80 | Domain: v | loss: 0.9530 | Acc: 76.27%
2024-03-19 11:09 after_fed Round:  16 | Epochs:  80 | Domain: c | loss: 0.0510 | Acc: 98.00%
2024-03-19 11:09 after_fed Round:  16 | Epochs:  80 | Domain: s | loss: 1.0390 | Acc: 75.22%
2024-03-19 11:09 test_domain Round:  16 | Epochs:  80 | Domain: l | loss: 2.7306 | Acc: 56.71%
2024-03-19 11:09 before_fed Round:  17 | Epochs:  85 | Domain: v | loss: 0.8640 | Acc: 81.78%
2024-03-19 11:10 before_fed Round:  17 | Epochs:  85 | Domain: c | loss: 0.0050 | Acc: 100.00%
2024-03-19 11:10 before_fed Round:  17 | Epochs:  85 | Domain: s | loss: 1.1711 | Acc: 76.52%
2024-03-19 11:10 after_fed Round:  17 | Epochs:  85 | Domain: v | loss: 0.9850 | Acc: 76.69%
2024-03-19 11:10 after_fed Round:  17 | Epochs:  85 | Domain: c | loss: 0.0484 | Acc: 98.00%
2024-03-19 11:10 after_fed Round:  17 | Epochs:  85 | Domain: s | loss: 1.0776 | Acc: 75.22%
2024-03-19 11:11 test_domain Round:  17 | Epochs:  85 | Domain: l | loss: 2.8534 | Acc: 56.46%
2024-03-19 11:11 before_fed Round:  18 | Epochs:  90 | Domain: v | loss: 0.8807 | Acc: 82.20%
2024-03-19 11:11 before_fed Round:  18 | Epochs:  90 | Domain: c | loss: 0.0045 | Acc: 100.00%
2024-03-19 11:12 before_fed Round:  18 | Epochs:  90 | Domain: s | loss: 1.2143 | Acc: 76.52%
2024-03-19 11:12 after_fed Round:  18 | Epochs:  90 | Domain: v | loss: 1.0086 | Acc: 77.12%
2024-03-19 11:12 after_fed Round:  18 | Epochs:  90 | Domain: c | loss: 0.0453 | Acc: 99.00%
2024-03-19 11:12 after_fed Round:  18 | Epochs:  90 | Domain: s | loss: 1.1169 | Acc: 75.65%
2024-03-19 11:12 test_domain Round:  18 | Epochs:  90 | Domain: l | loss: 3.0456 | Acc: 56.34%
2024-03-19 11:13 before_fed Round:  19 | Epochs:  95 | Domain: v | loss: 0.9002 | Acc: 81.36%
2024-03-19 11:13 before_fed Round:  19 | Epochs:  95 | Domain: c | loss: 0.0047 | Acc: 100.00%
2024-03-19 11:14 before_fed Round:  19 | Epochs:  95 | Domain: s | loss: 1.2615 | Acc: 76.09%
2024-03-19 11:14 after_fed Round:  19 | Epochs:  95 | Domain: v | loss: 1.0305 | Acc: 78.39%
2024-03-19 11:14 after_fed Round:  19 | Epochs:  95 | Domain: c | loss: 0.0446 | Acc: 99.00%
2024-03-19 11:14 after_fed Round:  19 | Epochs:  95 | Domain: s | loss: 1.1577 | Acc: 75.22%
2024-03-19 11:14 test_domain Round:  19 | Epochs:  95 | Domain: l | loss: 3.1663 | Acc: 56.34%
2024-03-19 11:15 before_fed Round:  20 | Epochs: 100 | Domain: v | loss: 0.9599 | Acc: 81.78%
2024-03-19 11:15 before_fed Round:  20 | Epochs: 100 | Domain: c | loss: 0.0050 | Acc: 100.00%
2024-03-19 11:16 before_fed Round:  20 | Epochs: 100 | Domain: s | loss: 1.3085 | Acc: 76.09%
2024-03-19 11:16 after_fed Round:  20 | Epochs: 100 | Domain: v | loss: 1.0780 | Acc: 77.97%
2024-03-19 11:16 after_fed Round:  20 | Epochs: 100 | Domain: c | loss: 0.0461 | Acc: 99.00%
2024-03-19 11:16 after_fed Round:  20 | Epochs: 100 | Domain: s | loss: 1.2025 | Acc: 75.65%
2024-03-19 11:16 test_domain Round:  20 | Epochs: 100 | Domain: l | loss: 3.3050 | Acc: 56.34%
2024-03-19 11:16 before_fed Round:  21 | Epochs: 105 | Domain: v | loss: 0.9821 | Acc: 81.36%
2024-03-19 11:17 before_fed Round:  21 | Epochs: 105 | Domain: c | loss: 0.0058 | Acc: 100.00%
2024-03-19 11:18 before_fed Round:  21 | Epochs: 105 | Domain: s | loss: 1.3435 | Acc: 75.65%
2024-03-19 11:18 after_fed Round:  21 | Epochs: 105 | Domain: v | loss: 1.0956 | Acc: 79.66%
2024-03-19 11:18 after_fed Round:  21 | Epochs: 105 | Domain: c | loss: 0.0439 | Acc: 99.00%
2024-03-19 11:18 after_fed Round:  21 | Epochs: 105 | Domain: s | loss: 1.2378 | Acc: 75.65%
2024-03-19 11:18 test_domain Round:  21 | Epochs: 105 | Domain: l | loss: 3.4143 | Acc: 56.59%
2024-03-19 11:18 before_fed Round:  22 | Epochs: 110 | Domain: v | loss: 1.0003 | Acc: 81.36%
2024-03-19 11:19 before_fed Round:  22 | Epochs: 110 | Domain: c | loss: 0.0057 | Acc: 100.00%
2024-03-19 11:19 before_fed Round:  22 | Epochs: 110 | Domain: s | loss: 1.3917 | Acc: 76.09%
2024-03-19 11:19 after_fed Round:  22 | Epochs: 110 | Domain: v | loss: 1.1193 | Acc: 79.66%
2024-03-19 11:19 after_fed Round:  22 | Epochs: 110 | Domain: c | loss: 0.0414 | Acc: 99.00%
2024-03-19 11:19 after_fed Round:  22 | Epochs: 110 | Domain: s | loss: 1.2854 | Acc: 76.52%
2024-03-19 11:19 test_domain Round:  22 | Epochs: 110 | Domain: l | loss: 3.5364 | Acc: 56.34%
2024-03-19 11:20 before_fed Round:  23 | Epochs: 115 | Domain: v | loss: 1.0528 | Acc: 81.36%
2024-03-19 11:21 before_fed Round:  23 | Epochs: 115 | Domain: c | loss: 0.0064 | Acc: 100.00%
2024-03-19 11:21 before_fed Round:  23 | Epochs: 115 | Domain: s | loss: 1.4668 | Acc: 76.09%
2024-03-19 11:21 after_fed Round:  23 | Epochs: 115 | Domain: v | loss: 1.1730 | Acc: 79.66%
2024-03-19 11:21 after_fed Round:  23 | Epochs: 115 | Domain: c | loss: 0.0426 | Acc: 99.00%
2024-03-19 11:21 after_fed Round:  23 | Epochs: 115 | Domain: s | loss: 1.3314 | Acc: 75.22%
2024-03-19 11:21 test_domain Round:  23 | Epochs: 115 | Domain: l | loss: 3.6669 | Acc: 56.34%
2024-03-19 11:22 before_fed Round:  24 | Epochs: 120 | Domain: v | loss: 1.1042 | Acc: 81.78%
2024-03-19 11:22 before_fed Round:  24 | Epochs: 120 | Domain: c | loss: 0.0056 | Acc: 100.00%
2024-03-19 11:23 before_fed Round:  24 | Epochs: 120 | Domain: s | loss: 1.4828 | Acc: 76.09%
2024-03-19 11:23 after_fed Round:  24 | Epochs: 120 | Domain: v | loss: 1.2156 | Acc: 78.81%
2024-03-19 11:23 after_fed Round:  24 | Epochs: 120 | Domain: c | loss: 0.0391 | Acc: 99.00%
2024-03-19 11:23 after_fed Round:  24 | Epochs: 120 | Domain: s | loss: 1.3683 | Acc: 75.22%
2024-03-19 11:23 test_domain Round:  24 | Epochs: 120 | Domain: l | loss: 3.7698 | Acc: 56.46%
2024-03-19 11:24 before_fed Round:  25 | Epochs: 125 | Domain: v | loss: 1.1252 | Acc: 82.20%
2024-03-19 11:24 before_fed Round:  25 | Epochs: 125 | Domain: c | loss: 0.0064 | Acc: 100.00%
2024-03-19 11:25 before_fed Round:  25 | Epochs: 125 | Domain: s | loss: 1.5431 | Acc: 76.96%
2024-03-19 11:25 after_fed Round:  25 | Epochs: 125 | Domain: v | loss: 1.2261 | Acc: 78.81%
2024-03-19 11:25 after_fed Round:  25 | Epochs: 125 | Domain: c | loss: 0.0331 | Acc: 99.00%
2024-03-19 11:25 after_fed Round:  25 | Epochs: 125 | Domain: s | loss: 1.4214 | Acc: 75.65%
2024-03-19 11:25 test_domain Round:  25 | Epochs: 125 | Domain: l | loss: 4.0409 | Acc: 56.46%
2024-03-19 11:26 before_fed Round:  26 | Epochs: 130 | Domain: v | loss: 1.1752 | Acc: 81.36%
2024-03-19 11:26 before_fed Round:  26 | Epochs: 130 | Domain: c | loss: 0.0067 | Acc: 100.00%
2024-03-19 11:27 before_fed Round:  26 | Epochs: 130 | Domain: s | loss: 1.5939 | Acc: 75.65%
2024-03-19 11:27 after_fed Round:  26 | Epochs: 130 | Domain: v | loss: 1.2724 | Acc: 79.24%
2024-03-19 11:27 after_fed Round:  26 | Epochs: 130 | Domain: c | loss: 0.0361 | Acc: 99.00%
2024-03-19 11:27 after_fed Round:  26 | Epochs: 130 | Domain: s | loss: 1.4782 | Acc: 75.22%
2024-03-19 11:27 test_domain Round:  26 | Epochs: 130 | Domain: l | loss: 4.2365 | Acc: 56.71%
2024-03-19 11:27 before_fed Round:  27 | Epochs: 135 | Domain: v | loss: 1.2391 | Acc: 81.36%
2024-03-19 11:28 before_fed Round:  27 | Epochs: 135 | Domain: c | loss: 0.0053 | Acc: 100.00%
2024-03-19 11:28 before_fed Round:  27 | Epochs: 135 | Domain: s | loss: 1.6574 | Acc: 76.09%
2024-03-19 11:28 after_fed Round:  27 | Epochs: 135 | Domain: v | loss: 1.3328 | Acc: 79.24%
2024-03-19 11:28 after_fed Round:  27 | Epochs: 135 | Domain: c | loss: 0.0363 | Acc: 99.00%
2024-03-19 11:28 after_fed Round:  27 | Epochs: 135 | Domain: s | loss: 1.5449 | Acc: 76.52%
2024-03-19 11:29 test_domain Round:  27 | Epochs: 135 | Domain: l | loss: 4.3900 | Acc: 56.34%
2024-03-19 11:29 before_fed Round:  28 | Epochs: 140 | Domain: v | loss: 1.2789 | Acc: 80.93%
2024-03-19 11:30 before_fed Round:  28 | Epochs: 140 | Domain: c | loss: 0.0055 | Acc: 100.00%
2024-03-19 11:30 before_fed Round:  28 | Epochs: 140 | Domain: s | loss: 1.7148 | Acc: 76.52%
2024-03-19 11:30 after_fed Round:  28 | Epochs: 140 | Domain: v | loss: 1.3667 | Acc: 79.24%
2024-03-19 11:30 after_fed Round:  28 | Epochs: 140 | Domain: c | loss: 0.0350 | Acc: 99.00%
2024-03-19 11:30 after_fed Round:  28 | Epochs: 140 | Domain: s | loss: 1.6072 | Acc: 77.39%
2024-03-19 11:30 test_domain Round:  28 | Epochs: 140 | Domain: l | loss: 4.6464 | Acc: 56.34%
2024-03-19 11:31 before_fed Round:  29 | Epochs: 145 | Domain: v | loss: 1.3373 | Acc: 80.51%
2024-03-19 11:31 before_fed Round:  29 | Epochs: 145 | Domain: c | loss: 0.0054 | Acc: 100.00%
2024-03-19 11:32 before_fed Round:  29 | Epochs: 145 | Domain: s | loss: 1.7230 | Acc: 76.96%
2024-03-19 11:32 after_fed Round:  29 | Epochs: 145 | Domain: v | loss: 1.3984 | Acc: 79.24%
2024-03-19 11:32 after_fed Round:  29 | Epochs: 145 | Domain: c | loss: 0.0277 | Acc: 99.00%
2024-03-19 11:32 after_fed Round:  29 | Epochs: 145 | Domain: s | loss: 1.6396 | Acc: 76.09%
2024-03-19 11:32 test_domain Round:  29 | Epochs: 145 | Domain: l | loss: 4.7146 | Acc: 56.21%
2024-03-19 11:33 before_fed Round:  30 | Epochs: 150 | Domain: v | loss: 1.3488 | Acc: 81.78%
2024-03-19 11:33 before_fed Round:  30 | Epochs: 150 | Domain: c | loss: 0.0029 | Acc: 100.00%
2024-03-19 11:34 before_fed Round:  30 | Epochs: 150 | Domain: s | loss: 1.8081 | Acc: 76.52%
2024-03-19 11:34 after_fed Round:  30 | Epochs: 150 | Domain: v | loss: 1.4501 | Acc: 78.81%
2024-03-19 11:34 after_fed Round:  30 | Epochs: 150 | Domain: c | loss: 0.0298 | Acc: 99.00%
2024-03-19 11:34 after_fed Round:  30 | Epochs: 150 | Domain: s | loss: 1.7067 | Acc: 75.22%
2024-03-19 11:34 test_domain Round:  30 | Epochs: 150 | Domain: l | loss: 4.9636 | Acc: 56.09%
2024-03-19 11:35 before_fed Round:  31 | Epochs: 155 | Domain: v | loss: 1.3963 | Acc: 81.78%
2024-03-19 11:35 before_fed Round:  31 | Epochs: 155 | Domain: c | loss: 0.0027 | Acc: 100.00%
2024-03-19 11:36 before_fed Round:  31 | Epochs: 155 | Domain: s | loss: 1.8681 | Acc: 76.52%
2024-03-19 11:36 after_fed Round:  31 | Epochs: 155 | Domain: v | loss: 1.4728 | Acc: 79.24%
2024-03-19 11:36 after_fed Round:  31 | Epochs: 155 | Domain: c | loss: 0.0298 | Acc: 99.00%
2024-03-19 11:36 after_fed Round:  31 | Epochs: 155 | Domain: s | loss: 1.7579 | Acc: 74.78%
2024-03-19 11:36 test_domain Round:  31 | Epochs: 155 | Domain: l | loss: 5.0742 | Acc: 55.96%
2024-03-19 11:36 before_fed Round:  32 | Epochs: 160 | Domain: v | loss: 1.4132 | Acc: 81.36%
2024-03-19 11:37 before_fed Round:  32 | Epochs: 160 | Domain: c | loss: 0.0037 | Acc: 100.00%
2024-03-19 11:37 before_fed Round:  32 | Epochs: 160 | Domain: s | loss: 1.9010 | Acc: 75.65%
2024-03-19 11:37 after_fed Round:  32 | Epochs: 160 | Domain: v | loss: 1.5104 | Acc: 78.81%
2024-03-19 11:37 after_fed Round:  32 | Epochs: 160 | Domain: c | loss: 0.0297 | Acc: 99.00%
2024-03-19 11:38 after_fed Round:  32 | Epochs: 160 | Domain: s | loss: 1.7984 | Acc: 75.22%
2024-03-19 11:38 test_domain Round:  32 | Epochs: 160 | Domain: l | loss: 5.2206 | Acc: 55.83%
2024-03-19 11:38 before_fed Round:  33 | Epochs: 165 | Domain: v | loss: 1.4471 | Acc: 81.78%
2024-03-19 11:39 before_fed Round:  33 | Epochs: 165 | Domain: c | loss: 0.0033 | Acc: 100.00%
2024-03-19 11:39 before_fed Round:  33 | Epochs: 165 | Domain: s | loss: 1.9648 | Acc: 76.09%
2024-03-19 11:39 after_fed Round:  33 | Epochs: 165 | Domain: v | loss: 1.5653 | Acc: 79.66%
2024-03-19 11:39 after_fed Round:  33 | Epochs: 165 | Domain: c | loss: 0.0358 | Acc: 99.00%
2024-03-19 11:39 after_fed Round:  33 | Epochs: 165 | Domain: s | loss: 1.8325 | Acc: 75.65%
2024-03-19 11:39 test_domain Round:  33 | Epochs: 165 | Domain: l | loss: 5.3614 | Acc: 56.09%
2024-03-19 11:40 before_fed Round:  34 | Epochs: 170 | Domain: v | loss: 1.4866 | Acc: 81.36%
2024-03-19 11:40 before_fed Round:  34 | Epochs: 170 | Domain: c | loss: 0.0034 | Acc: 100.00%
2024-03-19 11:41 before_fed Round:  34 | Epochs: 170 | Domain: s | loss: 2.0236 | Acc: 76.52%
2024-03-19 11:41 after_fed Round:  34 | Epochs: 170 | Domain: v | loss: 1.5762 | Acc: 79.66%
2024-03-19 11:41 after_fed Round:  34 | Epochs: 170 | Domain: c | loss: 0.0275 | Acc: 99.00%
2024-03-19 11:41 after_fed Round:  34 | Epochs: 170 | Domain: s | loss: 1.8846 | Acc: 75.22%
2024-03-19 11:41 test_domain Round:  34 | Epochs: 170 | Domain: l | loss: 5.6150 | Acc: 55.83%
2024-03-19 11:42 before_fed Round:  35 | Epochs: 175 | Domain: v | loss: 1.5137 | Acc: 80.51%
2024-03-19 11:42 before_fed Round:  35 | Epochs: 175 | Domain: c | loss: 0.0020 | Acc: 100.00%
2024-03-19 11:43 before_fed Round:  35 | Epochs: 175 | Domain: s | loss: 2.0260 | Acc: 77.39%
2024-03-19 11:43 after_fed Round:  35 | Epochs: 175 | Domain: v | loss: 1.6029 | Acc: 80.51%
2024-03-19 11:43 after_fed Round:  35 | Epochs: 175 | Domain: c | loss: 0.0290 | Acc: 99.00%
2024-03-19 11:43 after_fed Round:  35 | Epochs: 175 | Domain: s | loss: 1.9247 | Acc: 75.22%
2024-03-19 11:43 test_domain Round:  35 | Epochs: 175 | Domain: l | loss: 5.8374 | Acc: 55.96%
2024-03-19 11:44 before_fed Round:  36 | Epochs: 180 | Domain: v | loss: 1.5684 | Acc: 80.51%
2024-03-19 11:44 before_fed Round:  36 | Epochs: 180 | Domain: c | loss: 0.0020 | Acc: 100.00%
2024-03-19 11:45 before_fed Round:  36 | Epochs: 180 | Domain: s | loss: 2.0748 | Acc: 75.22%
2024-03-19 11:45 after_fed Round:  36 | Epochs: 180 | Domain: v | loss: 1.6530 | Acc: 80.93%
2024-03-19 11:45 after_fed Round:  36 | Epochs: 180 | Domain: c | loss: 0.0313 | Acc: 99.00%
2024-03-19 11:45 after_fed Round:  36 | Epochs: 180 | Domain: s | loss: 1.9812 | Acc: 75.22%
2024-03-19 11:45 test_domain Round:  36 | Epochs: 180 | Domain: l | loss: 5.8752 | Acc: 55.33%
2024-03-19 11:45 before_fed Round:  37 | Epochs: 185 | Domain: v | loss: 1.6364 | Acc: 80.51%
2024-03-19 11:46 before_fed Round:  37 | Epochs: 185 | Domain: c | loss: 0.0022 | Acc: 100.00%
2024-03-19 11:46 before_fed Round:  37 | Epochs: 185 | Domain: s | loss: 2.0830 | Acc: 77.83%
2024-03-19 11:46 after_fed Round:  37 | Epochs: 185 | Domain: v | loss: 1.6889 | Acc: 79.66%
2024-03-19 11:46 after_fed Round:  37 | Epochs: 185 | Domain: c | loss: 0.0295 | Acc: 99.00%
2024-03-19 11:46 after_fed Round:  37 | Epochs: 185 | Domain: s | loss: 2.0162 | Acc: 74.78%
2024-03-19 11:46 test_domain Round:  37 | Epochs: 185 | Domain: l | loss: 6.0093 | Acc: 55.46%
2024-03-19 11:47 before_fed Round:  38 | Epochs: 190 | Domain: v | loss: 1.6635 | Acc: 80.08%
2024-03-19 11:47 before_fed Round:  38 | Epochs: 190 | Domain: c | loss: 0.0020 | Acc: 100.00%
2024-03-19 11:48 before_fed Round:  38 | Epochs: 190 | Domain: s | loss: 2.1027 | Acc: 76.52%
2024-03-19 11:48 after_fed Round:  38 | Epochs: 190 | Domain: v | loss: 1.7485 | Acc: 80.08%
2024-03-19 11:48 after_fed Round:  38 | Epochs: 190 | Domain: c | loss: 0.0295 | Acc: 99.00%
2024-03-19 11:48 after_fed Round:  38 | Epochs: 190 | Domain: s | loss: 2.0370 | Acc: 75.22%
2024-03-19 11:48 test_domain Round:  38 | Epochs: 190 | Domain: l | loss: 5.9161 | Acc: 55.58%
2024-03-19 11:49 before_fed Round:  39 | Epochs: 195 | Domain: v | loss: 1.7086 | Acc: 81.36%
2024-03-19 11:49 before_fed Round:  39 | Epochs: 195 | Domain: c | loss: 0.0022 | Acc: 100.00%
2024-03-19 11:50 before_fed Round:  39 | Epochs: 195 | Domain: s | loss: 2.1701 | Acc: 75.22%
2024-03-19 11:50 after_fed Round:  39 | Epochs: 195 | Domain: v | loss: 1.7775 | Acc: 80.51%
2024-03-19 11:50 after_fed Round:  39 | Epochs: 195 | Domain: c | loss: 0.0269 | Acc: 99.00%
2024-03-19 11:50 after_fed Round:  39 | Epochs: 195 | Domain: s | loss: 2.0751 | Acc: 75.22%
2024-03-19 11:50 test_domain Round:  39 | Epochs: 195 | Domain: l | loss: 5.9003 | Acc: 55.96%
2024-03-19 11:51 before_fed Round:  40 | Epochs: 200 | Domain: v | loss: 1.6542 | Acc: 79.66%
2024-03-19 11:51 before_fed Round:  40 | Epochs: 200 | Domain: c | loss: 0.0014 | Acc: 100.00%
2024-03-19 11:52 before_fed Round:  40 | Epochs: 200 | Domain: s | loss: 2.2060 | Acc: 76.96%
2024-03-19 11:52 after_fed Round:  40 | Epochs: 200 | Domain: v | loss: 1.7686 | Acc: 80.08%
2024-03-19 11:52 after_fed Round:  40 | Epochs: 200 | Domain: c | loss: 0.0249 | Acc: 99.00%
2024-03-19 11:52 after_fed Round:  40 | Epochs: 200 | Domain: s | loss: 2.1088 | Acc: 75.22%
2024-03-19 11:52 test_domain Round:  40 | Epochs: 200 | Domain: l | loss: 6.2898 | Acc: 55.46%
