2024-04-16 14:07 comment: RSC, ccnet(3heads), pacs on s
2024-04-16 14:08 before_fed Round:   0 | Epochs:   0 | Domain: p | loss: 0.3291 | Acc: 95.81%
2024-04-16 14:08 before_fed Round:   0 | Epochs:   0 | Domain: a | loss: 1.0232 | Acc: 88.78%
2024-04-16 14:09 before_fed Round:   0 | Epochs:   0 | Domain: c | loss: 1.5222 | Acc: 86.38%
2024-04-16 14:09 after_fed Round:   0 | Epochs:   0 | Domain: p | loss: 0.5071 | Acc: 95.81%
2024-04-16 14:09 after_fed Round:   0 | Epochs:   0 | Domain: a | loss: 2.0765 | Acc: 84.39%
2024-04-16 14:09 after_fed Round:   0 | Epochs:   0 | Domain: c | loss: 2.7308 | Acc: 76.17%
2024-04-16 14:09 Model saved! Best Val Acc: 84.36%
2024-04-16 14:09 test_domain Round:   0 | Epochs:   0 | Domain: s | loss: 3.5832 | Acc: 64.93%
2024-04-16 14:10 before_fed Round:   1 | Epochs:   5 | Domain: p | loss: 0.4279 | Acc: 95.81%
2024-04-16 14:10 before_fed Round:   1 | Epochs:   5 | Domain: a | loss: 1.6495 | Acc: 89.27%
2024-04-16 14:11 before_fed Round:   1 | Epochs:   5 | Domain: c | loss: 2.1392 | Acc: 84.68%
2024-04-16 14:11 after_fed Round:   1 | Epochs:   5 | Domain: p | loss: 0.7118 | Acc: 95.21%
2024-04-16 14:11 after_fed Round:   1 | Epochs:   5 | Domain: a | loss: 2.7496 | Acc: 84.39%
2024-04-16 14:11 after_fed Round:   1 | Epochs:   5 | Domain: c | loss: 2.7207 | Acc: 80.43%
2024-04-16 14:11 Model saved! Best Val Acc: 85.84%
2024-04-16 14:11 test_domain Round:   1 | Epochs:   5 | Domain: s | loss: 5.2353 | Acc: 65.46%
2024-04-16 14:12 before_fed Round:   2 | Epochs:  10 | Domain: p | loss: 0.5046 | Acc: 97.60%
2024-04-16 14:12 before_fed Round:   2 | Epochs:  10 | Domain: a | loss: 2.0072 | Acc: 88.78%
2024-04-16 14:13 before_fed Round:   2 | Epochs:  10 | Domain: c | loss: 2.6358 | Acc: 82.55%
2024-04-16 14:13 after_fed Round:   2 | Epochs:  10 | Domain: p | loss: 0.7497 | Acc: 97.01%
2024-04-16 14:13 after_fed Round:   2 | Epochs:  10 | Domain: a | loss: 3.2792 | Acc: 82.93%
2024-04-16 14:13 after_fed Round:   2 | Epochs:  10 | Domain: c | loss: 2.8528 | Acc: 81.70%
2024-04-16 14:13 Model saved! Best Val Acc: 86.33%
2024-04-16 14:13 test_domain Round:   2 | Epochs:  10 | Domain: s | loss: 5.8750 | Acc: 65.77%
2024-04-16 14:13 before_fed Round:   3 | Epochs:  15 | Domain: p | loss: 0.7366 | Acc: 97.01%
2024-04-16 14:14 before_fed Round:   3 | Epochs:  15 | Domain: a | loss: 2.5361 | Acc: 89.27%
2024-04-16 14:14 before_fed Round:   3 | Epochs:  15 | Domain: c | loss: 2.3555 | Acc: 84.26%
2024-04-16 14:14 after_fed Round:   3 | Epochs:  15 | Domain: p | loss: 0.8279 | Acc: 97.60%
2024-04-16 14:15 after_fed Round:   3 | Epochs:  15 | Domain: a | loss: 3.5636 | Acc: 84.39%
2024-04-16 14:15 after_fed Round:   3 | Epochs:  15 | Domain: c | loss: 3.0741 | Acc: 81.28%
2024-04-16 14:15 Model saved! Best Val Acc: 86.83%
2024-04-16 14:15 test_domain Round:   3 | Epochs:  15 | Domain: s | loss: 6.5606 | Acc: 65.56%
2024-04-16 14:15 before_fed Round:   4 | Epochs:  20 | Domain: p | loss: 0.6870 | Acc: 98.20%
2024-04-16 14:16 before_fed Round:   4 | Epochs:  20 | Domain: a | loss: 3.2092 | Acc: 85.85%
2024-04-16 14:16 before_fed Round:   4 | Epochs:  20 | Domain: c | loss: 2.5271 | Acc: 87.23%
2024-04-16 14:16 after_fed Round:   4 | Epochs:  20 | Domain: p | loss: 0.8189 | Acc: 97.60%
2024-04-16 14:16 after_fed Round:   4 | Epochs:  20 | Domain: a | loss: 3.5294 | Acc: 86.34%
2024-04-16 14:16 after_fed Round:   4 | Epochs:  20 | Domain: c | loss: 3.4662 | Acc: 81.28%
2024-04-16 14:16 Model saved! Best Val Acc: 87.49%
2024-04-16 14:16 test_domain Round:   4 | Epochs:  20 | Domain: s | loss: 7.6690 | Acc: 65.05%
2024-04-16 14:17 before_fed Round:   5 | Epochs:  25 | Domain: p | loss: 0.6875 | Acc: 97.60%
2024-04-16 14:17 before_fed Round:   5 | Epochs:  25 | Domain: a | loss: 3.1247 | Acc: 86.83%
2024-04-16 14:18 before_fed Round:   5 | Epochs:  25 | Domain: c | loss: 2.7649 | Acc: 87.23%
2024-04-16 14:18 after_fed Round:   5 | Epochs:  25 | Domain: p | loss: 0.8760 | Acc: 97.60%
2024-04-16 14:18 after_fed Round:   5 | Epochs:  25 | Domain: a | loss: 3.9045 | Acc: 85.37%
2024-04-16 14:18 after_fed Round:   5 | Epochs:  25 | Domain: c | loss: 3.5966 | Acc: 82.13%
2024-04-16 14:18 test_domain Round:   5 | Epochs:  25 | Domain: s | loss: 7.9950 | Acc: 64.21%
2024-04-16 14:18 before_fed Round:   6 | Epochs:  30 | Domain: p | loss: 0.9064 | Acc: 97.60%
2024-04-16 14:19 before_fed Round:   6 | Epochs:  30 | Domain: a | loss: 3.3907 | Acc: 85.85%
2024-04-16 14:19 before_fed Round:   6 | Epochs:  30 | Domain: c | loss: 2.9051 | Acc: 86.81%
2024-04-16 14:19 after_fed Round:   6 | Epochs:  30 | Domain: p | loss: 1.1067 | Acc: 97.60%
2024-04-16 14:19 after_fed Round:   6 | Epochs:  30 | Domain: a | loss: 3.9998 | Acc: 86.83%
2024-04-16 14:19 after_fed Round:   6 | Epochs:  30 | Domain: c | loss: 4.1336 | Acc: 80.43%
2024-04-16 14:20 test_domain Round:   6 | Epochs:  30 | Domain: s | loss: 8.4019 | Acc: 65.18%
2024-04-16 14:20 before_fed Round:   7 | Epochs:  35 | Domain: p | loss: 1.1921 | Acc: 97.60%
2024-04-16 14:21 before_fed Round:   7 | Epochs:  35 | Domain: a | loss: 3.8798 | Acc: 85.85%
2024-04-16 14:21 before_fed Round:   7 | Epochs:  35 | Domain: c | loss: 2.5563 | Acc: 88.09%
2024-04-16 14:21 after_fed Round:   7 | Epochs:  35 | Domain: p | loss: 1.2262 | Acc: 97.60%
2024-04-16 14:21 after_fed Round:   7 | Epochs:  35 | Domain: a | loss: 4.1286 | Acc: 85.85%
2024-04-16 14:21 after_fed Round:   7 | Epochs:  35 | Domain: c | loss: 3.7501 | Acc: 84.26%
2024-04-16 14:21 Model saved! Best Val Acc: 88.47%
2024-04-16 14:21 test_domain Round:   7 | Epochs:  35 | Domain: s | loss: 9.5925 | Acc: 63.68%
2024-04-16 14:22 before_fed Round:   8 | Epochs:  40 | Domain: p | loss: 1.2108 | Acc: 98.20%
2024-04-16 14:22 before_fed Round:   8 | Epochs:  40 | Domain: a | loss: 3.7036 | Acc: 86.83%
2024-04-16 14:23 before_fed Round:   8 | Epochs:  40 | Domain: c | loss: 3.1604 | Acc: 84.26%
2024-04-16 14:23 after_fed Round:   8 | Epochs:  40 | Domain: p | loss: 1.2376 | Acc: 97.60%
2024-04-16 14:23 after_fed Round:   8 | Epochs:  40 | Domain: a | loss: 4.1705 | Acc: 86.83%
2024-04-16 14:23 after_fed Round:   8 | Epochs:  40 | Domain: c | loss: 3.3264 | Acc: 83.40%
2024-04-16 14:23 Model saved! Best Val Acc: 88.47%
2024-04-16 14:23 test_domain Round:   8 | Epochs:  40 | Domain: s | loss: 9.0834 | Acc: 64.72%
2024-04-16 14:23 before_fed Round:   9 | Epochs:  45 | Domain: p | loss: 1.2174 | Acc: 97.60%
2024-04-16 14:24 before_fed Round:   9 | Epochs:  45 | Domain: a | loss: 3.7183 | Acc: 86.83%
2024-04-16 14:24 before_fed Round:   9 | Epochs:  45 | Domain: c | loss: 3.0353 | Acc: 84.68%
2024-04-16 14:24 after_fed Round:   9 | Epochs:  45 | Domain: p | loss: 1.2085 | Acc: 98.20%
2024-04-16 14:24 after_fed Round:   9 | Epochs:  45 | Domain: a | loss: 4.0024 | Acc: 86.83%
2024-04-16 14:24 after_fed Round:   9 | Epochs:  45 | Domain: c | loss: 3.2378 | Acc: 85.53%
2024-04-16 14:24 Model saved! Best Val Acc: 89.46%
2024-04-16 14:24 test_domain Round:   9 | Epochs:  45 | Domain: s | loss: 8.8523 | Acc: 64.90%
2024-04-16 14:25 before_fed Round:  10 | Epochs:  50 | Domain: p | loss: 1.1726 | Acc: 97.60%
2024-04-16 14:25 before_fed Round:  10 | Epochs:  50 | Domain: a | loss: 3.8125 | Acc: 87.32%
2024-04-16 14:26 before_fed Round:  10 | Epochs:  50 | Domain: c | loss: 3.2186 | Acc: 85.11%
2024-04-16 14:26 after_fed Round:  10 | Epochs:  50 | Domain: p | loss: 1.2030 | Acc: 97.60%
2024-04-16 14:26 after_fed Round:  10 | Epochs:  50 | Domain: a | loss: 3.9537 | Acc: 85.37%
2024-04-16 14:26 after_fed Round:  10 | Epochs:  50 | Domain: c | loss: 3.2444 | Acc: 84.26%
2024-04-16 14:26 test_domain Round:  10 | Epochs:  50 | Domain: s | loss: 8.7379 | Acc: 65.11%
