2024-03-19 17:55 comment: fed avg, agglomerator(pretrainstep), vlcs on l
2024-03-19 17:56 before_fed Round:   0 | Epochs:   0 | Domain: v | loss: 0.0047
2024-03-19 17:57 before_fed Round:   0 | Epochs:   0 | Domain: c | loss: 0.0115
2024-03-19 17:58 before_fed Round:   0 | Epochs:   0 | Domain: s | loss: 0.0046
2024-03-19 17:58 after_fed Round:   0 | Epochs:   0 | Domain: v | loss: 0.0047
2024-03-19 17:58 after_fed Round:   0 | Epochs:   0 | Domain: c | loss: 0.0115
2024-03-19 17:58 after_fed Round:   0 | Epochs:   0 | Domain: s | loss: 0.0046
2024-03-19 17:58 Model saved! Best Val Acc: 0.59%
2024-03-19 17:58 test_domain Round:   0 | Epochs:   0 | Domain: l | loss: 0.0053
2024-03-19 17:59 before_fed Round:   1 | Epochs:   5 | Domain: v | loss: 0.0047
2024-03-19 17:59 before_fed Round:   1 | Epochs:   5 | Domain: c | loss: 0.0115
2024-03-19 18:00 before_fed Round:   1 | Epochs:   5 | Domain: s | loss: 0.0046
2024-03-19 18:00 after_fed Round:   1 | Epochs:   5 | Domain: v | loss: 0.0047
2024-03-19 18:00 after_fed Round:   1 | Epochs:   5 | Domain: c | loss: 0.0115
2024-03-19 18:00 after_fed Round:   1 | Epochs:   5 | Domain: s | loss: 0.0046
2024-03-19 18:00 Model saved! Best Val Acc: 0.58%
2024-03-19 18:01 test_domain Round:   1 | Epochs:   5 | Domain: l | loss: 0.0053
2024-03-19 18:01 before_fed Round:   2 | Epochs:  10 | Domain: v | loss: 0.0047
2024-03-19 18:02 before_fed Round:   2 | Epochs:  10 | Domain: c | loss: 0.0114
2024-03-19 18:03 before_fed Round:   2 | Epochs:  10 | Domain: s | loss: 0.0046
2024-03-19 18:03 after_fed Round:   2 | Epochs:  10 | Domain: v | loss: 0.0047
2024-03-19 18:03 after_fed Round:   2 | Epochs:  10 | Domain: c | loss: 0.0115
2024-03-19 18:03 after_fed Round:   2 | Epochs:  10 | Domain: s | loss: 0.0046
2024-03-19 18:03 Model saved! Best Val Acc: 0.58%
2024-03-19 18:03 test_domain Round:   2 | Epochs:  10 | Domain: l | loss: 0.0053
2024-03-19 18:04 before_fed Round:   3 | Epochs:  15 | Domain: v | loss: 0.0047
2024-03-19 18:05 before_fed Round:   3 | Epochs:  15 | Domain: c | loss: 0.0114
2024-03-19 18:06 before_fed Round:   3 | Epochs:  15 | Domain: s | loss: 0.0046
2024-03-19 18:06 after_fed Round:   3 | Epochs:  15 | Domain: v | loss: 0.0047
2024-03-19 18:06 after_fed Round:   3 | Epochs:  15 | Domain: c | loss: 0.0115
2024-03-19 18:06 after_fed Round:   3 | Epochs:  15 | Domain: s | loss: 0.0046
2024-03-19 18:06 Model saved! Best Val Acc: 0.58%
2024-03-19 18:06 test_domain Round:   3 | Epochs:  15 | Domain: l | loss: 0.0053
2024-03-19 18:07 before_fed Round:   4 | Epochs:  20 | Domain: v | loss: 0.0047
2024-03-19 18:07 before_fed Round:   4 | Epochs:  20 | Domain: c | loss: 0.0114
2024-03-19 18:08 before_fed Round:   4 | Epochs:  20 | Domain: s | loss: 0.0046
2024-03-19 18:08 after_fed Round:   4 | Epochs:  20 | Domain: v | loss: 0.0047
2024-03-19 18:08 after_fed Round:   4 | Epochs:  20 | Domain: c | loss: 0.0114
2024-03-19 18:08 after_fed Round:   4 | Epochs:  20 | Domain: s | loss: 0.0046
2024-03-19 18:08 Model saved! Best Val Acc: 0.58%
2024-03-19 18:08 test_domain Round:   4 | Epochs:  20 | Domain: l | loss: 0.0053
2024-03-19 18:09 before_fed Round:   5 | Epochs:  25 | Domain: v | loss: 0.0047
2024-03-19 18:10 before_fed Round:   5 | Epochs:  25 | Domain: c | loss: 0.0114
2024-03-19 18:11 before_fed Round:   5 | Epochs:  25 | Domain: s | loss: 0.0046
2024-03-19 18:11 after_fed Round:   5 | Epochs:  25 | Domain: v | loss: 0.0047
2024-03-19 18:11 after_fed Round:   5 | Epochs:  25 | Domain: c | loss: 0.0114
2024-03-19 18:11 after_fed Round:   5 | Epochs:  25 | Domain: s | loss: 0.0046
2024-03-19 18:11 Model saved! Best Val Acc: 0.58%
2024-03-19 18:11 test_domain Round:   5 | Epochs:  25 | Domain: l | loss: 0.0053
2024-03-19 18:12 before_fed Round:   6 | Epochs:  30 | Domain: v | loss: 0.0047
2024-03-19 18:12 before_fed Round:   6 | Epochs:  30 | Domain: c | loss: 0.0114
2024-03-19 18:13 before_fed Round:   6 | Epochs:  30 | Domain: s | loss: 0.0046
2024-03-19 18:13 after_fed Round:   6 | Epochs:  30 | Domain: v | loss: 0.0047
2024-03-19 18:13 after_fed Round:   6 | Epochs:  30 | Domain: c | loss: 0.0114
2024-03-19 18:14 after_fed Round:   6 | Epochs:  30 | Domain: s | loss: 0.0046
2024-03-19 18:14 Model saved! Best Val Acc: 0.58%
2024-03-19 18:14 test_domain Round:   6 | Epochs:  30 | Domain: l | loss: 0.0053
2024-03-19 18:15 before_fed Round:   7 | Epochs:  35 | Domain: v | loss: 0.0047
2024-03-19 18:15 before_fed Round:   7 | Epochs:  35 | Domain: c | loss: 0.0114
2024-03-19 18:16 before_fed Round:   7 | Epochs:  35 | Domain: s | loss: 0.0046
2024-03-19 18:16 after_fed Round:   7 | Epochs:  35 | Domain: v | loss: 0.0047
2024-03-19 18:16 after_fed Round:   7 | Epochs:  35 | Domain: c | loss: 0.0114
2024-03-19 18:16 after_fed Round:   7 | Epochs:  35 | Domain: s | loss: 0.0046
2024-03-19 18:16 Model saved! Best Val Acc: 0.58%
2024-03-19 18:16 test_domain Round:   7 | Epochs:  35 | Domain: l | loss: 0.0053
2024-03-19 18:17 before_fed Round:   8 | Epochs:  40 | Domain: v | loss: 0.0047
2024-03-19 18:18 before_fed Round:   8 | Epochs:  40 | Domain: c | loss: 0.0114
2024-03-19 18:19 before_fed Round:   8 | Epochs:  40 | Domain: s | loss: 0.0046
2024-03-19 18:19 after_fed Round:   8 | Epochs:  40 | Domain: v | loss: 0.0047
2024-03-19 18:19 after_fed Round:   8 | Epochs:  40 | Domain: c | loss: 0.0114
2024-03-19 18:19 after_fed Round:   8 | Epochs:  40 | Domain: s | loss: 0.0046
2024-03-19 18:19 Model saved! Best Val Acc: 0.58%
2024-03-19 18:19 test_domain Round:   8 | Epochs:  40 | Domain: l | loss: 0.0053
2024-03-19 18:20 before_fed Round:   9 | Epochs:  45 | Domain: v | loss: 0.0047
2024-03-19 18:20 before_fed Round:   9 | Epochs:  45 | Domain: c | loss: 0.0114
2024-03-19 18:21 before_fed Round:   9 | Epochs:  45 | Domain: s | loss: 0.0046
2024-03-19 18:21 after_fed Round:   9 | Epochs:  45 | Domain: v | loss: 0.0047
2024-03-19 18:21 after_fed Round:   9 | Epochs:  45 | Domain: c | loss: 0.0114
2024-03-19 18:21 after_fed Round:   9 | Epochs:  45 | Domain: s | loss: 0.0046
2024-03-19 18:21 Model saved! Best Val Acc: 0.58%
2024-03-19 18:21 test_domain Round:   9 | Epochs:  45 | Domain: l | loss: 0.0053
2024-03-19 18:22 before_fed Round:  10 | Epochs:  50 | Domain: v | loss: 0.0046
2024-03-19 18:23 before_fed Round:  10 | Epochs:  50 | Domain: c | loss: 0.0114
2024-03-19 18:24 before_fed Round:  10 | Epochs:  50 | Domain: s | loss: 0.0045
2024-03-19 18:24 after_fed Round:  10 | Epochs:  50 | Domain: v | loss: 0.0047
2024-03-19 18:24 after_fed Round:  10 | Epochs:  50 | Domain: c | loss: 0.0114
2024-03-19 18:24 after_fed Round:  10 | Epochs:  50 | Domain: s | loss: 0.0046
2024-03-19 18:24 Model saved! Best Val Acc: 0.58%
2024-03-19 18:24 test_domain Round:  10 | Epochs:  50 | Domain: l | loss: 0.0052
