2024-03-16 23:57 comment: fed avg, agglomerator(pretrainstep), pacs on s
2024-03-16 23:58 before_fed Round:   0 | Epochs:   0 | Domain: p | loss: 0.0069
2024-03-16 23:59 before_fed Round:   0 | Epochs:   0 | Domain: a | loss: 0.0063
2024-03-17 00:00 before_fed Round:   0 | Epochs:   0 | Domain: c | loss: 0.0063
2024-03-17 00:00 after_fed Round:   0 | Epochs:   0 | Domain: p | loss: 0.0069
2024-03-17 00:00 after_fed Round:   0 | Epochs:   0 | Domain: a | loss: 0.0063
2024-03-17 00:00 after_fed Round:   0 | Epochs:   0 | Domain: c | loss: 0.0063
2024-03-17 00:00 Model saved! Best Val Acc: 0.65%
2024-03-17 00:00 test_domain Round:   0 | Epochs:   0 | Domain: s | loss: 0.0056
2024-03-17 00:01 before_fed Round:   1 | Epochs:   5 | Domain: p | loss: 0.0069
2024-03-17 00:02 before_fed Round:   1 | Epochs:   5 | Domain: a | loss: 0.0063
2024-03-17 00:03 before_fed Round:   1 | Epochs:   5 | Domain: c | loss: 0.0063
2024-03-17 00:03 after_fed Round:   1 | Epochs:   5 | Domain: p | loss: 0.0069
2024-03-17 00:03 after_fed Round:   1 | Epochs:   5 | Domain: a | loss: 0.0063
2024-03-17 00:03 after_fed Round:   1 | Epochs:   5 | Domain: c | loss: 0.0063
2024-03-17 00:03 Model saved! Best Val Acc: 0.65%
2024-03-17 00:03 test_domain Round:   1 | Epochs:   5 | Domain: s | loss: 0.0056
2024-03-17 00:04 before_fed Round:   2 | Epochs:  10 | Domain: p | loss: 0.0068
2024-03-17 00:05 before_fed Round:   2 | Epochs:  10 | Domain: a | loss: 0.0063
2024-03-17 00:06 before_fed Round:   2 | Epochs:  10 | Domain: c | loss: 0.0063
2024-03-17 00:06 after_fed Round:   2 | Epochs:  10 | Domain: p | loss: 0.0069
2024-03-17 00:06 after_fed Round:   2 | Epochs:  10 | Domain: a | loss: 0.0063
2024-03-17 00:06 after_fed Round:   2 | Epochs:  10 | Domain: c | loss: 0.0063
2024-03-17 00:06 Model saved! Best Val Acc: 0.64%
2024-03-17 00:06 test_domain Round:   2 | Epochs:  10 | Domain: s | loss: 0.0056
2024-03-17 00:07 before_fed Round:   3 | Epochs:  15 | Domain: p | loss: 0.0068
2024-03-17 00:07 before_fed Round:   3 | Epochs:  15 | Domain: a | loss: 0.0062
2024-03-17 00:08 before_fed Round:   3 | Epochs:  15 | Domain: c | loss: 0.0063
2024-03-17 00:08 after_fed Round:   3 | Epochs:  15 | Domain: p | loss: 0.0069
2024-03-17 00:08 after_fed Round:   3 | Epochs:  15 | Domain: a | loss: 0.0063
2024-03-17 00:08 after_fed Round:   3 | Epochs:  15 | Domain: c | loss: 0.0063
2024-03-17 00:08 Model saved! Best Val Acc: 0.64%
2024-03-17 00:09 test_domain Round:   3 | Epochs:  15 | Domain: s | loss: 0.0056
2024-03-17 00:09 before_fed Round:   4 | Epochs:  20 | Domain: p | loss: 0.0068
2024-03-17 00:10 before_fed Round:   4 | Epochs:  20 | Domain: a | loss: 0.0062
2024-03-17 00:11 before_fed Round:   4 | Epochs:  20 | Domain: c | loss: 0.0063
2024-03-17 00:11 after_fed Round:   4 | Epochs:  20 | Domain: p | loss: 0.0069
2024-03-17 00:11 after_fed Round:   4 | Epochs:  20 | Domain: a | loss: 0.0063
2024-03-17 00:11 after_fed Round:   4 | Epochs:  20 | Domain: c | loss: 0.0063
2024-03-17 00:11 Model saved! Best Val Acc: 0.64%
2024-03-17 00:11 test_domain Round:   4 | Epochs:  20 | Domain: s | loss: 0.0056
2024-03-17 00:12 before_fed Round:   5 | Epochs:  25 | Domain: p | loss: 0.0068
2024-03-17 00:13 before_fed Round:   5 | Epochs:  25 | Domain: a | loss: 0.0062
2024-03-17 00:14 before_fed Round:   5 | Epochs:  25 | Domain: c | loss: 0.0062
2024-03-17 00:14 after_fed Round:   5 | Epochs:  25 | Domain: p | loss: 0.0068
2024-03-17 00:14 after_fed Round:   5 | Epochs:  25 | Domain: a | loss: 0.0062
2024-03-17 00:14 after_fed Round:   5 | Epochs:  25 | Domain: c | loss: 0.0063
2024-03-17 00:14 Model saved! Best Val Acc: 0.64%
2024-03-17 00:14 test_domain Round:   5 | Epochs:  25 | Domain: s | loss: 0.0056
2024-03-17 00:15 before_fed Round:   6 | Epochs:  30 | Domain: p | loss: 0.0068
2024-03-17 00:16 before_fed Round:   6 | Epochs:  30 | Domain: a | loss: 0.0062
2024-03-17 00:17 before_fed Round:   6 | Epochs:  30 | Domain: c | loss: 0.0062
2024-03-17 00:17 after_fed Round:   6 | Epochs:  30 | Domain: p | loss: 0.0068
2024-03-17 00:17 after_fed Round:   6 | Epochs:  30 | Domain: a | loss: 0.0062
2024-03-17 00:17 after_fed Round:   6 | Epochs:  30 | Domain: c | loss: 0.0063
2024-03-17 00:17 Model saved! Best Val Acc: 0.64%
2024-03-17 00:17 test_domain Round:   6 | Epochs:  30 | Domain: s | loss: 0.0056
2024-03-17 00:18 before_fed Round:   7 | Epochs:  35 | Domain: p | loss: 0.0068
2024-03-17 00:18 before_fed Round:   7 | Epochs:  35 | Domain: a | loss: 0.0062
2024-03-17 00:19 before_fed Round:   7 | Epochs:  35 | Domain: c | loss: 0.0062
2024-03-17 00:19 after_fed Round:   7 | Epochs:  35 | Domain: p | loss: 0.0068
2024-03-17 00:19 after_fed Round:   7 | Epochs:  35 | Domain: a | loss: 0.0062
2024-03-17 00:19 after_fed Round:   7 | Epochs:  35 | Domain: c | loss: 0.0063
2024-03-17 00:19 Model saved! Best Val Acc: 0.64%
2024-03-17 00:20 test_domain Round:   7 | Epochs:  35 | Domain: s | loss: 0.0056
2024-03-17 00:20 before_fed Round:   8 | Epochs:  40 | Domain: p | loss: 0.0068
2024-03-17 00:21 before_fed Round:   8 | Epochs:  40 | Domain: a | loss: 0.0062
2024-03-17 00:22 before_fed Round:   8 | Epochs:  40 | Domain: c | loss: 0.0062
2024-03-17 00:22 after_fed Round:   8 | Epochs:  40 | Domain: p | loss: 0.0068
2024-03-17 00:22 after_fed Round:   8 | Epochs:  40 | Domain: a | loss: 0.0062
2024-03-17 00:22 after_fed Round:   8 | Epochs:  40 | Domain: c | loss: 0.0063
2024-03-17 00:22 Model saved! Best Val Acc: 0.64%
2024-03-17 00:22 test_domain Round:   8 | Epochs:  40 | Domain: s | loss: 0.0056
2024-03-17 00:23 before_fed Round:   9 | Epochs:  45 | Domain: p | loss: 0.0068
2024-03-17 00:24 before_fed Round:   9 | Epochs:  45 | Domain: a | loss: 0.0062
2024-03-17 00:25 before_fed Round:   9 | Epochs:  45 | Domain: c | loss: 0.0062
2024-03-17 00:25 after_fed Round:   9 | Epochs:  45 | Domain: p | loss: 0.0068
2024-03-17 00:25 after_fed Round:   9 | Epochs:  45 | Domain: a | loss: 0.0062
2024-03-17 00:25 after_fed Round:   9 | Epochs:  45 | Domain: c | loss: 0.0063
2024-03-17 00:25 Model saved! Best Val Acc: 0.64%
2024-03-17 00:25 test_domain Round:   9 | Epochs:  45 | Domain: s | loss: 0.0056
2024-03-17 00:26 before_fed Round:  10 | Epochs:  50 | Domain: p | loss: 0.0068
2024-03-17 00:27 before_fed Round:  10 | Epochs:  50 | Domain: a | loss: 0.0062
2024-03-17 00:28 before_fed Round:  10 | Epochs:  50 | Domain: c | loss: 0.0062
2024-03-17 00:28 after_fed Round:  10 | Epochs:  50 | Domain: p | loss: 0.0068
2024-03-17 00:28 after_fed Round:  10 | Epochs:  50 | Domain: a | loss: 0.0062
2024-03-17 00:28 after_fed Round:  10 | Epochs:  50 | Domain: c | loss: 0.0063
2024-03-17 00:28 Model saved! Best Val Acc: 0.64%
2024-03-17 00:28 test_domain Round:  10 | Epochs:  50 | Domain: s | loss: 0.0056