2024-03-19 15:18 comment: fed avg, ccnet(2heads), pacs on s
2024-03-19 15:18 before_fed Round:   0 | Epochs:   0 | Domain: p | loss: 1.1253 | Acc: 83.23%
2024-03-19 15:19 before_fed Round:   0 | Epochs:   0 | Domain: a | loss: 1.4753 | Acc: 53.17%
2024-03-19 15:19 before_fed Round:   0 | Epochs:   0 | Domain: c | loss: 1.2939 | Acc: 56.17%
2024-03-19 15:19 after_fed Round:   0 | Epochs:   0 | Domain: p | loss: 1.2728 | Acc: 71.26%
2024-03-19 15:19 after_fed Round:   0 | Epochs:   0 | Domain: a | loss: 1.6133 | Acc: 46.34%
2024-03-19 15:19 after_fed Round:   0 | Epochs:   0 | Domain: c | loss: 1.5079 | Acc: 47.23%
2024-03-19 15:19 Model saved! Best Val Acc: 147.87%
2024-03-19 15:20 test_domain Round:   0 | Epochs:   0 | Domain: s | loss: 1.6644 | Acc: 45.18%
2024-03-19 15:20 before_fed Round:   1 | Epochs:   5 | Domain: p | loss: 0.7326 | Acc: 87.43%
2024-03-19 15:20 before_fed Round:   1 | Epochs:   5 | Domain: a | loss: 1.1742 | Acc: 60.98%
2024-03-19 15:21 before_fed Round:   1 | Epochs:   5 | Domain: c | loss: 1.0189 | Acc: 68.94%
2024-03-19 15:21 after_fed Round:   1 | Epochs:   5 | Domain: p | loss: 0.8285 | Acc: 83.83%
2024-03-19 15:21 after_fed Round:   1 | Epochs:   5 | Domain: a | loss: 1.2954 | Acc: 60.98%
2024-03-19 15:21 after_fed Round:   1 | Epochs:   5 | Domain: c | loss: 1.2170 | Acc: 59.57%
2024-03-19 15:21 Model saved! Best Val Acc: 113.65%
2024-03-19 15:21 test_domain Round:   1 | Epochs:   5 | Domain: s | loss: 1.4615 | Acc: 52.20%
2024-03-19 15:21 before_fed Round:   2 | Epochs:  10 | Domain: p | loss: 0.5076 | Acc: 89.82%
2024-03-19 15:22 before_fed Round:   2 | Epochs:  10 | Domain: a | loss: 0.9607 | Acc: 70.73%
2024-03-19 15:22 before_fed Round:   2 | Epochs:  10 | Domain: c | loss: 0.8480 | Acc: 73.62%
2024-03-19 15:22 after_fed Round:   2 | Epochs:  10 | Domain: p | loss: 0.5792 | Acc: 86.83%
2024-03-19 15:22 after_fed Round:   2 | Epochs:  10 | Domain: a | loss: 1.0766 | Acc: 69.27%
2024-03-19 15:23 after_fed Round:   2 | Epochs:  10 | Domain: c | loss: 1.0018 | Acc: 65.96%
2024-03-19 15:23 Model saved! Best Val Acc: 91.06%
2024-03-19 15:23 test_domain Round:   2 | Epochs:  10 | Domain: s | loss: 1.2728 | Acc: 57.42%
2024-03-19 15:23 before_fed Round:   3 | Epochs:  15 | Domain: p | loss: 0.3692 | Acc: 94.01%
2024-03-19 15:24 before_fed Round:   3 | Epochs:  15 | Domain: a | loss: 0.8139 | Acc: 76.10%
2024-03-19 15:24 before_fed Round:   3 | Epochs:  15 | Domain: c | loss: 0.7386 | Acc: 74.04%
2024-03-19 15:24 after_fed Round:   3 | Epochs:  15 | Domain: p | loss: 0.4337 | Acc: 90.42%
2024-03-19 15:24 after_fed Round:   3 | Epochs:  15 | Domain: a | loss: 0.9243 | Acc: 72.20%
2024-03-19 15:24 after_fed Round:   3 | Epochs:  15 | Domain: c | loss: 0.8544 | Acc: 71.06%
2024-03-19 15:24 Model saved! Best Val Acc: 76.21%
2024-03-19 15:24 test_domain Round:   3 | Epochs:  15 | Domain: s | loss: 1.1261 | Acc: 60.91%
2024-03-19 15:25 before_fed Round:   4 | Epochs:  20 | Domain: p | loss: 0.2832 | Acc: 94.01%
2024-03-19 15:25 before_fed Round:   4 | Epochs:  20 | Domain: a | loss: 0.7174 | Acc: 79.51%
2024-03-19 15:26 before_fed Round:   4 | Epochs:  20 | Domain: c | loss: 0.6694 | Acc: 76.60%
2024-03-19 15:26 after_fed Round:   4 | Epochs:  20 | Domain: p | loss: 0.3451 | Acc: 93.41%
2024-03-19 15:26 after_fed Round:   4 | Epochs:  20 | Domain: a | loss: 0.8176 | Acc: 74.15%
2024-03-19 15:26 after_fed Round:   4 | Epochs:  20 | Domain: c | loss: 0.7603 | Acc: 71.91%
2024-03-19 15:26 Model saved! Best Val Acc: 66.53%
2024-03-19 15:26 test_domain Round:   4 | Epochs:  20 | Domain: s | loss: 1.0294 | Acc: 62.76%
2024-03-19 15:26 before_fed Round:   5 | Epochs:  25 | Domain: p | loss: 0.2293 | Acc: 94.01%
2024-03-19 15:27 before_fed Round:   5 | Epochs:  25 | Domain: a | loss: 0.6513 | Acc: 80.00%
2024-03-19 15:27 before_fed Round:   5 | Epochs:  25 | Domain: c | loss: 0.6182 | Acc: 77.45%
2024-03-19 15:27 after_fed Round:   5 | Epochs:  25 | Domain: p | loss: 0.2881 | Acc: 93.41%
2024-03-19 15:27 after_fed Round:   5 | Epochs:  25 | Domain: a | loss: 0.7398 | Acc: 75.61%
2024-03-19 15:27 after_fed Round:   5 | Epochs:  25 | Domain: c | loss: 0.6987 | Acc: 74.89%
2024-03-19 15:27 Model saved! Best Val Acc: 59.95%
2024-03-19 15:27 test_domain Round:   5 | Epochs:  25 | Domain: s | loss: 0.9658 | Acc: 64.52%
2024-03-19 15:28 before_fed Round:   6 | Epochs:  30 | Domain: p | loss: 0.1939 | Acc: 94.01%
2024-03-19 15:28 before_fed Round:   6 | Epochs:  30 | Domain: a | loss: 0.6043 | Acc: 81.46%
2024-03-19 15:29 before_fed Round:   6 | Epochs:  30 | Domain: c | loss: 0.5831 | Acc: 77.87%
2024-03-19 15:29 after_fed Round:   6 | Epochs:  30 | Domain: p | loss: 0.2503 | Acc: 93.41%
2024-03-19 15:29 after_fed Round:   6 | Epochs:  30 | Domain: a | loss: 0.6826 | Acc: 76.59%
2024-03-19 15:29 after_fed Round:   6 | Epochs:  30 | Domain: c | loss: 0.6540 | Acc: 76.60%
2024-03-19 15:29 Model saved! Best Val Acc: 55.25%
2024-03-19 15:29 test_domain Round:   6 | Epochs:  30 | Domain: s | loss: 0.9223 | Acc: 65.64%
2024-03-19 15:29 before_fed Round:   7 | Epochs:  35 | Domain: p | loss: 0.1700 | Acc: 94.61%
2024-03-19 15:30 before_fed Round:   7 | Epochs:  35 | Domain: a | loss: 0.5684 | Acc: 82.44%
2024-03-19 15:30 before_fed Round:   7 | Epochs:  35 | Domain: c | loss: 0.5499 | Acc: 79.57%
2024-03-19 15:30 after_fed Round:   7 | Epochs:  35 | Domain: p | loss: 0.2234 | Acc: 93.41%
2024-03-19 15:30 after_fed Round:   7 | Epochs:  35 | Domain: a | loss: 0.6386 | Acc: 78.05%
2024-03-19 15:31 after_fed Round:   7 | Epochs:  35 | Domain: c | loss: 0.6180 | Acc: 76.17%
2024-03-19 15:31 Model saved! Best Val Acc: 51.62%
2024-03-19 15:31 test_domain Round:   7 | Epochs:  35 | Domain: s | loss: 0.8887 | Acc: 66.89%
2024-03-19 15:31 before_fed Round:   8 | Epochs:  40 | Domain: p | loss: 0.1530 | Acc: 94.61%
2024-03-19 15:32 before_fed Round:   8 | Epochs:  40 | Domain: a | loss: 0.5390 | Acc: 81.95%
2024-03-19 15:32 before_fed Round:   8 | Epochs:  40 | Domain: c | loss: 0.5267 | Acc: 80.00%
2024-03-19 15:32 after_fed Round:   8 | Epochs:  40 | Domain: p | loss: 0.2035 | Acc: 93.41%
2024-03-19 15:32 after_fed Round:   8 | Epochs:  40 | Domain: a | loss: 0.6036 | Acc: 79.51%
2024-03-19 15:32 after_fed Round:   8 | Epochs:  40 | Domain: c | loss: 0.5877 | Acc: 77.87%
2024-03-19 15:32 Model saved! Best Val Acc: 48.73%
2024-03-19 15:32 test_domain Round:   8 | Epochs:  40 | Domain: s | loss: 0.8632 | Acc: 67.91%
2024-03-19 15:33 before_fed Round:   9 | Epochs:  45 | Domain: p | loss: 0.1397 | Acc: 95.21%
2024-03-19 15:33 before_fed Round:   9 | Epochs:  45 | Domain: a | loss: 0.5161 | Acc: 82.44%
2024-03-19 15:34 before_fed Round:   9 | Epochs:  45 | Domain: c | loss: 0.5046 | Acc: 82.13%
2024-03-19 15:34 after_fed Round:   9 | Epochs:  45 | Domain: p | loss: 0.1887 | Acc: 93.41%
2024-03-19 15:34 after_fed Round:   9 | Epochs:  45 | Domain: a | loss: 0.5746 | Acc: 80.49%
2024-03-19 15:34 after_fed Round:   9 | Epochs:  45 | Domain: c | loss: 0.5623 | Acc: 77.45%
2024-03-19 15:34 Model saved! Best Val Acc: 46.35%
2024-03-19 15:34 test_domain Round:   9 | Epochs:  45 | Domain: s | loss: 0.8446 | Acc: 68.36%
2024-03-19 15:34 before_fed Round:  10 | Epochs:  50 | Domain: p | loss: 0.1303 | Acc: 95.21%
2024-03-19 15:35 before_fed Round:  10 | Epochs:  50 | Domain: a | loss: 0.4978 | Acc: 82.44%
2024-03-19 15:35 before_fed Round:  10 | Epochs:  50 | Domain: c | loss: 0.4916 | Acc: 82.13%
2024-03-19 15:35 after_fed Round:  10 | Epochs:  50 | Domain: p | loss: 0.1770 | Acc: 93.41%
2024-03-19 15:35 after_fed Round:  10 | Epochs:  50 | Domain: a | loss: 0.5503 | Acc: 80.98%
2024-03-19 15:35 after_fed Round:  10 | Epochs:  50 | Domain: c | loss: 0.5414 | Acc: 78.30%
2024-03-19 15:35 Model saved! Best Val Acc: 44.41%
2024-03-19 15:35 test_domain Round:  10 | Epochs:  50 | Domain: s | loss: 0.8320 | Acc: 68.90%