2024-03-16 02:41 comment: fed avg, ccnet(3heads), pacs on p
2024-03-16 02:42 before_fed Round:   0 | Epochs:   0 | Domain: a | loss: 0.6830 | Acc: 75.61%
2024-03-16 02:42 before_fed Round:   0 | Epochs:   0 | Domain: c | loss: 0.6252 | Acc: 76.60%
2024-03-16 02:43 before_fed Round:   0 | Epochs:   0 | Domain: s | loss: 0.5843 | Acc: 80.41%
2024-03-16 02:43 after_fed Round:   0 | Epochs:   0 | Domain: a | loss: 0.9587 | Acc: 71.22%
2024-03-16 02:43 after_fed Round:   0 | Epochs:   0 | Domain: c | loss: 0.9152 | Acc: 65.11%
2024-03-16 02:43 after_fed Round:   0 | Epochs:   0 | Domain: s | loss: 0.6138 | Acc: 77.35%
2024-03-16 02:43 Model saved! Best Val Acc: 78.36%
2024-03-16 02:43 test_domain Round:   0 | Epochs:   0 | Domain: p | loss: 0.7272 | Acc: 81.80%
2024-03-16 02:44 before_fed Round:   1 | Epochs:   5 | Domain: a | loss: 0.5097 | Acc: 80.49%
2024-03-16 02:45 before_fed Round:   1 | Epochs:   5 | Domain: c | loss: 0.5224 | Acc: 80.43%
2024-03-16 02:45 before_fed Round:   1 | Epochs:   5 | Domain: s | loss: 0.3916 | Acc: 87.28%
2024-03-16 02:45 after_fed Round:   1 | Epochs:   5 | Domain: a | loss: 0.7910 | Acc: 74.15%
2024-03-16 02:45 after_fed Round:   1 | Epochs:   5 | Domain: c | loss: 0.8822 | Acc: 69.36%
2024-03-16 02:45 after_fed Round:   1 | Epochs:   5 | Domain: s | loss: 0.4934 | Acc: 81.68%
2024-03-16 02:45 Model saved! Best Val Acc: 67.62%
2024-03-16 02:45 test_domain Round:   1 | Epochs:   5 | Domain: p | loss: 0.4624 | Acc: 87.19%
2024-03-16 02:46 before_fed Round:   2 | Epochs:  10 | Domain: a | loss: 0.4659 | Acc: 82.93%
2024-03-16 02:47 before_fed Round:   2 | Epochs:  10 | Domain: c | loss: 0.4870 | Acc: 82.98%
2024-03-16 02:47 before_fed Round:   2 | Epochs:  10 | Domain: s | loss: 0.3403 | Acc: 89.06%
2024-03-16 02:47 after_fed Round:   2 | Epochs:  10 | Domain: a | loss: 0.7178 | Acc: 76.59%
2024-03-16 02:47 after_fed Round:   2 | Epochs:  10 | Domain: c | loss: 0.8329 | Acc: 71.91%
2024-03-16 02:47 after_fed Round:   2 | Epochs:  10 | Domain: s | loss: 0.4313 | Acc: 85.50%
2024-03-16 02:47 Model saved! Best Val Acc: 61.49%
2024-03-16 02:48 test_domain Round:   2 | Epochs:  10 | Domain: p | loss: 0.3804 | Acc: 89.10%
2024-03-16 02:48 before_fed Round:   3 | Epochs:  15 | Domain: a | loss: 0.4404 | Acc: 83.41%
2024-03-16 02:49 before_fed Round:   3 | Epochs:  15 | Domain: c | loss: 0.4749 | Acc: 84.26%
2024-03-16 02:49 before_fed Round:   3 | Epochs:  15 | Domain: s | loss: 0.3260 | Acc: 88.30%
2024-03-16 02:49 after_fed Round:   3 | Epochs:  15 | Domain: a | loss: 0.6560 | Acc: 79.02%
2024-03-16 02:49 after_fed Round:   3 | Epochs:  15 | Domain: c | loss: 0.7795 | Acc: 74.47%
2024-03-16 02:49 after_fed Round:   3 | Epochs:  15 | Domain: s | loss: 0.4011 | Acc: 87.79%
2024-03-16 02:49 Model saved! Best Val Acc: 57.04%
2024-03-16 02:50 test_domain Round:   3 | Epochs:  15 | Domain: p | loss: 0.3386 | Acc: 89.94%
2024-03-16 02:50 before_fed Round:   4 | Epochs:  20 | Domain: a | loss: 0.4169 | Acc: 85.37%
2024-03-16 02:51 before_fed Round:   4 | Epochs:  20 | Domain: c | loss: 0.4801 | Acc: 85.11%
2024-03-16 02:51 before_fed Round:   4 | Epochs:  20 | Domain: s | loss: 0.3205 | Acc: 89.06%
2024-03-16 02:51 after_fed Round:   4 | Epochs:  20 | Domain: a | loss: 0.6041 | Acc: 80.49%
2024-03-16 02:51 after_fed Round:   4 | Epochs:  20 | Domain: c | loss: 0.7396 | Acc: 77.02%
2024-03-16 02:51 after_fed Round:   4 | Epochs:  20 | Domain: s | loss: 0.3836 | Acc: 87.53%
2024-03-16 02:51 Model saved! Best Val Acc: 53.82%
2024-03-16 02:52 test_domain Round:   4 | Epochs:  20 | Domain: p | loss: 0.3218 | Acc: 90.48%
2024-03-16 02:52 before_fed Round:   5 | Epochs:  25 | Domain: a | loss: 0.4106 | Acc: 86.34%
2024-03-16 02:53 before_fed Round:   5 | Epochs:  25 | Domain: c | loss: 0.4621 | Acc: 86.81%
2024-03-16 02:53 before_fed Round:   5 | Epochs:  25 | Domain: s | loss: 0.3204 | Acc: 89.31%
2024-03-16 02:53 after_fed Round:   5 | Epochs:  25 | Domain: a | loss: 0.5724 | Acc: 81.46%
2024-03-16 02:53 after_fed Round:   5 | Epochs:  25 | Domain: c | loss: 0.7110 | Acc: 79.57%
2024-03-16 02:53 after_fed Round:   5 | Epochs:  25 | Domain: s | loss: 0.3678 | Acc: 89.06%
2024-03-16 02:53 Model saved! Best Val Acc: 51.48%
2024-03-16 02:53 test_domain Round:   5 | Epochs:  25 | Domain: p | loss: 0.3075 | Acc: 91.32%
2024-03-16 02:54 before_fed Round:   6 | Epochs:  30 | Domain: a | loss: 0.4103 | Acc: 85.85%
2024-03-16 02:55 before_fed Round:   6 | Epochs:  30 | Domain: c | loss: 0.4612 | Acc: 86.81%
2024-03-16 02:55 before_fed Round:   6 | Epochs:  30 | Domain: s | loss: 0.3244 | Acc: 89.31%
2024-03-16 02:55 after_fed Round:   6 | Epochs:  30 | Domain: a | loss: 0.5585 | Acc: 81.95%
2024-03-16 02:55 after_fed Round:   6 | Epochs:  30 | Domain: c | loss: 0.7017 | Acc: 79.57%
2024-03-16 02:55 after_fed Round:   6 | Epochs:  30 | Domain: s | loss: 0.3610 | Acc: 88.55%
2024-03-16 02:55 Model saved! Best Val Acc: 50.56%
2024-03-16 02:56 test_domain Round:   6 | Epochs:  30 | Domain: p | loss: 0.3023 | Acc: 91.44%
2024-03-16 02:56 before_fed Round:   7 | Epochs:  35 | Domain: a | loss: 0.4095 | Acc: 86.34%
2024-03-16 02:57 before_fed Round:   7 | Epochs:  35 | Domain: c | loss: 0.4740 | Acc: 85.96%
2024-03-16 02:57 before_fed Round:   7 | Epochs:  35 | Domain: s | loss: 0.3251 | Acc: 90.33%
2024-03-16 02:57 after_fed Round:   7 | Epochs:  35 | Domain: a | loss: 0.5462 | Acc: 82.44%
2024-03-16 02:57 after_fed Round:   7 | Epochs:  35 | Domain: c | loss: 0.7107 | Acc: 79.57%
2024-03-16 02:57 after_fed Round:   7 | Epochs:  35 | Domain: s | loss: 0.3525 | Acc: 88.80%
2024-03-16 02:57 Model saved! Best Val Acc: 50.11%
2024-03-16 02:58 test_domain Round:   7 | Epochs:  35 | Domain: p | loss: 0.3096 | Acc: 91.44%
2024-03-16 02:58 before_fed Round:   8 | Epochs:  40 | Domain: a | loss: 0.4183 | Acc: 84.88%
2024-03-16 02:59 before_fed Round:   8 | Epochs:  40 | Domain: c | loss: 0.4612 | Acc: 86.81%
2024-03-16 02:59 before_fed Round:   8 | Epochs:  40 | Domain: s | loss: 0.3459 | Acc: 89.82%
2024-03-16 02:59 after_fed Round:   8 | Epochs:  40 | Domain: a | loss: 0.5423 | Acc: 84.39%
2024-03-16 02:59 after_fed Round:   8 | Epochs:  40 | Domain: c | loss: 0.7191 | Acc: 80.43%
2024-03-16 02:59 after_fed Round:   8 | Epochs:  40 | Domain: s | loss: 0.3607 | Acc: 89.06%
2024-03-16 03:00 test_domain Round:   8 | Epochs:  40 | Domain: p | loss: 0.3115 | Acc: 91.68%
2024-03-16 03:00 before_fed Round:   9 | Epochs:  45 | Domain: a | loss: 0.4330 | Acc: 86.34%
2024-03-16 03:01 before_fed Round:   9 | Epochs:  45 | Domain: c | loss: 0.4855 | Acc: 86.81%
2024-03-16 03:01 before_fed Round:   9 | Epochs:  45 | Domain: s | loss: 0.3609 | Acc: 90.33%
2024-03-16 03:01 after_fed Round:   9 | Epochs:  45 | Domain: a | loss: 0.5458 | Acc: 82.93%
2024-03-16 03:01 after_fed Round:   9 | Epochs:  45 | Domain: c | loss: 0.7323 | Acc: 80.43%
2024-03-16 03:01 after_fed Round:   9 | Epochs:  45 | Domain: s | loss: 0.3710 | Acc: 89.06%
2024-03-16 03:02 test_domain Round:   9 | Epochs:  45 | Domain: p | loss: 0.3152 | Acc: 91.92%
2024-03-16 03:02 before_fed Round:  10 | Epochs:  50 | Domain: a | loss: 0.4437 | Acc: 86.34%
2024-03-16 03:03 before_fed Round:  10 | Epochs:  50 | Domain: c | loss: 0.4934 | Acc: 85.96%
2024-03-16 03:03 before_fed Round:  10 | Epochs:  50 | Domain: s | loss: 0.3687 | Acc: 90.08%
2024-03-16 03:03 after_fed Round:  10 | Epochs:  50 | Domain: a | loss: 0.5540 | Acc: 82.93%
2024-03-16 03:03 after_fed Round:  10 | Epochs:  50 | Domain: c | loss: 0.7458 | Acc: 80.43%
2024-03-16 03:03 after_fed Round:  10 | Epochs:  50 | Domain: s | loss: 0.3789 | Acc: 88.55%
2024-03-16 03:04 test_domain Round:  10 | Epochs:  50 | Domain: p | loss: 0.3306 | Acc: 91.50%