2024-04-16 15:12 comment: RSC, ccnet(3heads), vlcs on v
2024-04-16 15:13 before_fed Round:   0 | Epochs:   0 | Domain: l | loss: 2.8789 | Acc: 68.98%
2024-04-16 15:13 before_fed Round:   0 | Epochs:   0 | Domain: c | loss: 0.2684 | Acc: 99.00%
2024-04-16 15:14 before_fed Round:   0 | Epochs:   0 | Domain: s | loss: 2.0632 | Acc: 71.74%
2024-04-16 15:14 after_fed Round:   0 | Epochs:   0 | Domain: l | loss: 4.6044 | Acc: 62.03%
2024-04-16 15:14 after_fed Round:   0 | Epochs:   0 | Domain: c | loss: 0.7082 | Acc: 98.00%
2024-04-16 15:14 after_fed Round:   0 | Epochs:   0 | Domain: s | loss: 2.4500 | Acc: 66.52%
2024-04-16 15:14 Model saved! Best Val Acc: 70.95%
2024-04-16 15:14 test_domain Round:   0 | Epochs:   0 | Domain: v | loss: 4.1275 | Acc: 64.46%
2024-04-16 15:14 before_fed Round:   1 | Epochs:   5 | Domain: l | loss: 3.3287 | Acc: 70.05%
2024-04-16 15:15 before_fed Round:   1 | Epochs:   5 | Domain: c | loss: 0.2271 | Acc: 99.00%
2024-04-16 15:15 before_fed Round:   1 | Epochs:   5 | Domain: s | loss: 3.0207 | Acc: 76.96%
2024-04-16 15:15 after_fed Round:   1 | Epochs:   5 | Domain: l | loss: 6.0526 | Acc: 59.89%
2024-04-16 15:15 after_fed Round:   1 | Epochs:   5 | Domain: c | loss: 0.6099 | Acc: 99.00%
2024-04-16 15:15 after_fed Round:   1 | Epochs:   5 | Domain: s | loss: 2.3596 | Acc: 75.22%
2024-04-16 15:15 Model saved! Best Val Acc: 74.25%
2024-04-16 15:15 test_domain Round:   1 | Epochs:   5 | Domain: v | loss: 5.3250 | Acc: 65.45%
2024-04-16 15:16 before_fed Round:   2 | Epochs:  10 | Domain: l | loss: 4.1054 | Acc: 68.45%
2024-04-16 15:16 before_fed Round:   2 | Epochs:  10 | Domain: c | loss: 0.1701 | Acc: 99.00%
2024-04-16 15:17 before_fed Round:   2 | Epochs:  10 | Domain: s | loss: 3.9407 | Acc: 71.74%
2024-04-16 15:17 after_fed Round:   2 | Epochs:  10 | Domain: l | loss: 6.7113 | Acc: 61.50%
2024-04-16 15:17 after_fed Round:   2 | Epochs:  10 | Domain: c | loss: 0.6133 | Acc: 99.00%
2024-04-16 15:17 after_fed Round:   2 | Epochs:  10 | Domain: s | loss: 2.6250 | Acc: 76.09%
2024-04-16 15:17 Model saved! Best Val Acc: 75.22%
2024-04-16 15:17 test_domain Round:   2 | Epochs:  10 | Domain: v | loss: 5.8554 | Acc: 66.24%
2024-04-16 15:17 before_fed Round:   3 | Epochs:  15 | Domain: l | loss: 4.8159 | Acc: 68.98%
2024-04-16 15:18 before_fed Round:   3 | Epochs:  15 | Domain: c | loss: 0.1490 | Acc: 99.00%
2024-04-16 15:18 before_fed Round:   3 | Epochs:  15 | Domain: s | loss: 4.4813 | Acc: 73.04%
2024-04-16 15:18 after_fed Round:   3 | Epochs:  15 | Domain: l | loss: 6.1176 | Acc: 65.24%
2024-04-16 15:18 after_fed Round:   3 | Epochs:  15 | Domain: c | loss: 0.6069 | Acc: 99.00%
2024-04-16 15:18 after_fed Round:   3 | Epochs:  15 | Domain: s | loss: 3.0319 | Acc: 76.52%
2024-04-16 15:18 Model saved! Best Val Acc: 76.77%
2024-04-16 15:19 test_domain Round:   3 | Epochs:  15 | Domain: v | loss: 6.0612 | Acc: 66.04%
2024-04-16 15:19 before_fed Round:   4 | Epochs:  20 | Domain: l | loss: 5.4669 | Acc: 68.98%
2024-04-16 15:20 before_fed Round:   4 | Epochs:  20 | Domain: c | loss: 0.2069 | Acc: 99.00%
2024-04-16 15:20 before_fed Round:   4 | Epochs:  20 | Domain: s | loss: 5.8561 | Acc: 71.74%
2024-04-16 15:21 after_fed Round:   4 | Epochs:  20 | Domain: l | loss: 7.8077 | Acc: 61.50%
2024-04-16 15:21 after_fed Round:   4 | Epochs:  20 | Domain: c | loss: 0.5465 | Acc: 99.00%
2024-04-16 15:21 after_fed Round:   4 | Epochs:  20 | Domain: s | loss: 3.8390 | Acc: 76.52%
2024-04-16 15:21 test_domain Round:   4 | Epochs:  20 | Domain: v | loss: 6.6754 | Acc: 67.03%
2024-04-16 15:21 before_fed Round:   5 | Epochs:  25 | Domain: l | loss: 6.5966 | Acc: 70.59%
2024-04-16 15:22 before_fed Round:   5 | Epochs:  25 | Domain: c | loss: 0.2103 | Acc: 99.00%
2024-04-16 15:23 before_fed Round:   5 | Epochs:  25 | Domain: s | loss: 5.8248 | Acc: 72.17%
2024-04-16 15:23 after_fed Round:   5 | Epochs:  25 | Domain: l | loss: 7.7213 | Acc: 62.57%
2024-04-16 15:23 after_fed Round:   5 | Epochs:  25 | Domain: c | loss: 0.5148 | Acc: 98.00%
2024-04-16 15:23 after_fed Round:   5 | Epochs:  25 | Domain: s | loss: 4.1791 | Acc: 74.78%
2024-04-16 15:23 test_domain Round:   5 | Epochs:  25 | Domain: v | loss: 7.4858 | Acc: 67.32%
2024-04-16 15:23 before_fed Round:   6 | Epochs:  30 | Domain: l | loss: 7.2125 | Acc: 71.12%
2024-04-16 15:24 before_fed Round:   6 | Epochs:  30 | Domain: c | loss: 0.2357 | Acc: 99.00%
2024-04-16 15:25 before_fed Round:   6 | Epochs:  30 | Domain: s | loss: 5.9550 | Acc: 73.91%
2024-04-16 15:25 after_fed Round:   6 | Epochs:  30 | Domain: l | loss: 9.1994 | Acc: 62.57%
2024-04-16 15:25 after_fed Round:   6 | Epochs:  30 | Domain: c | loss: 0.5034 | Acc: 99.00%
2024-04-16 15:25 after_fed Round:   6 | Epochs:  30 | Domain: s | loss: 4.4985 | Acc: 74.78%
2024-04-16 15:25 test_domain Round:   6 | Epochs:  30 | Domain: v | loss: 7.6968 | Acc: 68.31%
2024-04-16 15:25 before_fed Round:   7 | Epochs:  35 | Domain: l | loss: 7.5755 | Acc: 67.91%
2024-04-16 15:26 before_fed Round:   7 | Epochs:  35 | Domain: c | loss: 0.2570 | Acc: 99.00%
2024-04-16 15:27 before_fed Round:   7 | Epochs:  35 | Domain: s | loss: 6.1886 | Acc: 73.91%
2024-04-16 15:27 after_fed Round:   7 | Epochs:  35 | Domain: l | loss: 11.5249 | Acc: 62.57%
2024-04-16 15:27 after_fed Round:   7 | Epochs:  35 | Domain: c | loss: 0.4773 | Acc: 98.00%
2024-04-16 15:27 after_fed Round:   7 | Epochs:  35 | Domain: s | loss: 5.0077 | Acc: 75.65%
2024-04-16 15:27 test_domain Round:   7 | Epochs:  35 | Domain: v | loss: 8.7131 | Acc: 66.63%
2024-04-16 15:27 before_fed Round:   8 | Epochs:  40 | Domain: l | loss: 7.6117 | Acc: 71.66%
2024-04-16 15:28 before_fed Round:   8 | Epochs:  40 | Domain: c | loss: 0.4307 | Acc: 99.00%
2024-04-16 15:29 before_fed Round:   8 | Epochs:  40 | Domain: s | loss: 5.4294 | Acc: 74.35%
2024-04-16 15:29 after_fed Round:   8 | Epochs:  40 | Domain: l | loss: 9.4632 | Acc: 62.03%
2024-04-16 15:29 after_fed Round:   8 | Epochs:  40 | Domain: c | loss: 0.4645 | Acc: 99.00%
2024-04-16 15:29 after_fed Round:   8 | Epochs:  40 | Domain: s | loss: 4.6027 | Acc: 75.22%
2024-04-16 15:29 test_domain Round:   8 | Epochs:  40 | Domain: v | loss: 8.5512 | Acc: 67.32%
2024-04-16 15:30 before_fed Round:   9 | Epochs:  45 | Domain: l | loss: 7.6070 | Acc: 71.66%
2024-04-16 15:30 before_fed Round:   9 | Epochs:  45 | Domain: c | loss: 0.4281 | Acc: 99.00%
2024-04-16 15:31 before_fed Round:   9 | Epochs:  45 | Domain: s | loss: 5.7539 | Acc: 74.78%
2024-04-16 15:31 after_fed Round:   9 | Epochs:  45 | Domain: l | loss: 9.3861 | Acc: 61.50%
2024-04-16 15:31 after_fed Round:   9 | Epochs:  45 | Domain: c | loss: 0.4623 | Acc: 99.00%
2024-04-16 15:31 after_fed Round:   9 | Epochs:  45 | Domain: s | loss: 4.6196 | Acc: 75.65%
2024-04-16 15:31 test_domain Round:   9 | Epochs:  45 | Domain: v | loss: 8.7138 | Acc: 66.34%
2024-04-16 15:32 before_fed Round:  10 | Epochs:  50 | Domain: l | loss: 7.3591 | Acc: 72.73%
2024-04-16 15:32 before_fed Round:  10 | Epochs:  50 | Domain: c | loss: 0.4278 | Acc: 99.00%
2024-04-16 15:33 before_fed Round:  10 | Epochs:  50 | Domain: s | loss: 5.7063 | Acc: 74.78%
2024-04-16 15:33 after_fed Round:  10 | Epochs:  50 | Domain: l | loss: 9.7783 | Acc: 60.43%
2024-04-16 15:33 after_fed Round:  10 | Epochs:  50 | Domain: c | loss: 0.4673 | Acc: 99.00%
2024-04-16 15:33 after_fed Round:  10 | Epochs:  50 | Domain: s | loss: 4.6844 | Acc: 75.22%
2024-04-16 15:33 test_domain Round:  10 | Epochs:  50 | Domain: v | loss: 8.8296 | Acc: 66.24%
