2024-04-16 13:17 comment: RSC, mobilenetv1 pretrained, vlcs on l
2024-04-16 13:18 before_fed Round:   0 | Epochs:   0 | Domain: v | loss: 0.9922 | Acc: 79.66%
2024-04-16 13:19 before_fed Round:   0 | Epochs:   0 | Domain: c | loss: 1.2479 | Acc: 83.00%
2024-04-16 13:19 before_fed Round:   0 | Epochs:   0 | Domain: s | loss: 1.7339 | Acc: 75.22%
2024-04-16 13:19 after_fed Round:   0 | Epochs:   0 | Domain: v | loss: 1.1231 | Acc: 79.66%
2024-04-16 13:19 after_fed Round:   0 | Epochs:   0 | Domain: c | loss: 0.5413 | Acc: 94.00%
2024-04-16 13:19 after_fed Round:   0 | Epochs:   0 | Domain: s | loss: 2.1238 | Acc: 66.52%
2024-04-16 13:19 Model saved! Best Val Acc: 76.83%
2024-04-16 13:19 test_domain Round:   0 | Epochs:   0 | Domain: l | loss: 8.2358 | Acc: 53.32%
2024-04-16 13:20 before_fed Round:   1 | Epochs:   5 | Domain: v | loss: 1.0921 | Acc: 77.97%
2024-04-16 13:20 before_fed Round:   1 | Epochs:   5 | Domain: c | loss: 0.0344 | Acc: 98.00%
2024-04-16 13:21 before_fed Round:   1 | Epochs:   5 | Domain: s | loss: 1.5060 | Acc: 72.17%
2024-04-16 13:21 after_fed Round:   1 | Epochs:   5 | Domain: v | loss: 1.2120 | Acc: 68.22%
2024-04-16 13:21 after_fed Round:   1 | Epochs:   5 | Domain: c | loss: 0.1071 | Acc: 96.00%
2024-04-16 13:21 after_fed Round:   1 | Epochs:   5 | Domain: s | loss: 1.4083 | Acc: 65.65%
2024-04-16 13:21 test_domain Round:   1 | Epochs:   5 | Domain: l | loss: 5.5703 | Acc: 55.33%
2024-04-16 13:21 before_fed Round:   2 | Epochs:  10 | Domain: v | loss: 1.2252 | Acc: 79.66%
2024-04-16 13:22 before_fed Round:   2 | Epochs:  10 | Domain: c | loss: 0.0084 | Acc: 100.00%
2024-04-16 13:22 before_fed Round:   2 | Epochs:  10 | Domain: s | loss: 2.0712 | Acc: 78.26%
2024-04-16 13:22 after_fed Round:   2 | Epochs:  10 | Domain: v | loss: 1.1728 | Acc: 69.49%
2024-04-16 13:22 after_fed Round:   2 | Epochs:  10 | Domain: c | loss: 0.4087 | Acc: 92.00%
2024-04-16 13:22 after_fed Round:   2 | Epochs:  10 | Domain: s | loss: 1.3832 | Acc: 68.26%
2024-04-16 13:22 test_domain Round:   2 | Epochs:  10 | Domain: l | loss: 5.8699 | Acc: 53.58%
2024-04-16 13:23 before_fed Round:   3 | Epochs:  15 | Domain: v | loss: 1.3959 | Acc: 78.39%
2024-04-16 13:23 before_fed Round:   3 | Epochs:  15 | Domain: c | loss: 0.0081 | Acc: 100.00%
2024-04-16 13:24 before_fed Round:   3 | Epochs:  15 | Domain: s | loss: 2.1088 | Acc: 74.35%
2024-04-16 13:24 after_fed Round:   3 | Epochs:  15 | Domain: v | loss: 1.1593 | Acc: 73.31%
2024-04-16 13:24 after_fed Round:   3 | Epochs:  15 | Domain: c | loss: 0.3559 | Acc: 88.00%
2024-04-16 13:24 after_fed Round:   3 | Epochs:  15 | Domain: s | loss: 1.6909 | Acc: 62.17%
2024-04-16 13:24 test_domain Round:   3 | Epochs:  15 | Domain: l | loss: 6.1423 | Acc: 54.20%
2024-04-16 13:24 before_fed Round:   4 | Epochs:  20 | Domain: v | loss: 1.3588 | Acc: 79.24%
2024-04-16 13:25 before_fed Round:   4 | Epochs:  20 | Domain: c | loss: 0.0024 | Acc: 100.00%
2024-04-16 13:25 before_fed Round:   4 | Epochs:  20 | Domain: s | loss: 1.9540 | Acc: 74.78%
2024-04-16 13:25 after_fed Round:   4 | Epochs:  20 | Domain: v | loss: 1.0428 | Acc: 73.73%
2024-04-16 13:25 after_fed Round:   4 | Epochs:  20 | Domain: c | loss: 0.3277 | Acc: 87.00%
2024-04-16 13:25 after_fed Round:   4 | Epochs:  20 | Domain: s | loss: 0.8833 | Acc: 77.39%
2024-04-16 13:25 Model saved! Best Val Acc: 77.54%
2024-04-16 13:25 test_domain Round:   4 | Epochs:  20 | Domain: l | loss: 4.9754 | Acc: 56.21%
2024-04-16 13:26 before_fed Round:   5 | Epochs:  25 | Domain: v | loss: 1.3497 | Acc: 80.08%
2024-04-16 13:26 before_fed Round:   5 | Epochs:  25 | Domain: c | loss: 0.0008 | Acc: 100.00%
2024-04-16 13:27 before_fed Round:   5 | Epochs:  25 | Domain: s | loss: 2.1388 | Acc: 74.78%
2024-04-16 13:27 after_fed Round:   5 | Epochs:  25 | Domain: v | loss: 1.1333 | Acc: 76.69%
2024-04-16 13:27 after_fed Round:   5 | Epochs:  25 | Domain: c | loss: 0.2325 | Acc: 90.00%
2024-04-16 13:27 after_fed Round:   5 | Epochs:  25 | Domain: s | loss: 1.1493 | Acc: 73.48%
2024-04-16 13:27 Model saved! Best Val Acc: 77.72%
2024-04-16 13:27 test_domain Round:   5 | Epochs:  25 | Domain: l | loss: 5.8093 | Acc: 54.20%
2024-04-16 13:28 before_fed Round:   6 | Epochs:  30 | Domain: v | loss: 1.4441 | Acc: 76.69%
2024-04-16 13:28 before_fed Round:   6 | Epochs:  30 | Domain: c | loss: 0.0146 | Acc: 99.00%
2024-04-16 13:29 before_fed Round:   6 | Epochs:  30 | Domain: s | loss: 2.3021 | Acc: 76.09%
2024-04-16 13:29 after_fed Round:   6 | Epochs:  30 | Domain: v | loss: 1.1337 | Acc: 78.81%
2024-04-16 13:29 after_fed Round:   6 | Epochs:  30 | Domain: c | loss: 0.1157 | Acc: 97.00%
2024-04-16 13:29 after_fed Round:   6 | Epochs:  30 | Domain: s | loss: 1.1935 | Acc: 76.96%
2024-04-16 13:29 Model saved! Best Val Acc: 81.24%
2024-04-16 13:29 test_domain Round:   6 | Epochs:  30 | Domain: l | loss: 5.5115 | Acc: 58.09%
2024-04-16 13:29 before_fed Round:   7 | Epochs:  35 | Domain: v | loss: 1.2012 | Acc: 80.08%
2024-04-16 13:30 before_fed Round:   7 | Epochs:  35 | Domain: c | loss: 0.0231 | Acc: 99.00%
2024-04-16 13:30 before_fed Round:   7 | Epochs:  35 | Domain: s | loss: 2.1339 | Acc: 77.39%
2024-04-16 13:30 after_fed Round:   7 | Epochs:  35 | Domain: v | loss: 1.2472 | Acc: 76.27%
2024-04-16 13:30 after_fed Round:   7 | Epochs:  35 | Domain: c | loss: 0.1983 | Acc: 93.00%
2024-04-16 13:30 after_fed Round:   7 | Epochs:  35 | Domain: s | loss: 1.1183 | Acc: 76.96%
2024-04-16 13:30 test_domain Round:   7 | Epochs:  35 | Domain: l | loss: 5.5056 | Acc: 60.60%
2024-04-16 13:31 before_fed Round:   8 | Epochs:  40 | Domain: v | loss: 1.0265 | Acc: 83.90%
2024-04-16 13:31 before_fed Round:   8 | Epochs:  40 | Domain: c | loss: 0.0126 | Acc: 100.00%
2024-04-16 13:32 before_fed Round:   8 | Epochs:  40 | Domain: s | loss: 1.5695 | Acc: 78.26%
2024-04-16 13:32 after_fed Round:   8 | Epochs:  40 | Domain: v | loss: 1.1652 | Acc: 81.36%
2024-04-16 13:32 after_fed Round:   8 | Epochs:  40 | Domain: c | loss: 0.1203 | Acc: 96.00%
2024-04-16 13:32 after_fed Round:   8 | Epochs:  40 | Domain: s | loss: 1.3882 | Acc: 79.13%
2024-04-16 13:32 Model saved! Best Val Acc: 83.01%
2024-04-16 13:32 test_domain Round:   8 | Epochs:  40 | Domain: l | loss: 6.1454 | Acc: 61.10%
2024-04-16 13:32 before_fed Round:   9 | Epochs:  45 | Domain: v | loss: 0.9890 | Acc: 82.20%
2024-04-16 13:33 before_fed Round:   9 | Epochs:  45 | Domain: c | loss: 0.0050 | Acc: 100.00%
2024-04-16 13:33 before_fed Round:   9 | Epochs:  45 | Domain: s | loss: 1.5046 | Acc: 78.26%
2024-04-16 13:33 after_fed Round:   9 | Epochs:  45 | Domain: v | loss: 1.0336 | Acc: 83.05%
2024-04-16 13:33 after_fed Round:   9 | Epochs:  45 | Domain: c | loss: 0.0519 | Acc: 97.00%
2024-04-16 13:33 after_fed Round:   9 | Epochs:  45 | Domain: s | loss: 1.4076 | Acc: 77.83%
2024-04-16 13:33 Model saved! Best Val Acc: 83.37%
2024-04-16 13:33 test_domain Round:   9 | Epochs:  45 | Domain: l | loss: 6.1992 | Acc: 60.35%
2024-04-16 13:34 before_fed Round:  10 | Epochs:  50 | Domain: v | loss: 1.0765 | Acc: 83.05%
2024-04-16 13:34 before_fed Round:  10 | Epochs:  50 | Domain: c | loss: 0.0091 | Acc: 100.00%
2024-04-16 13:35 before_fed Round:  10 | Epochs:  50 | Domain: s | loss: 1.5557 | Acc: 76.96%
2024-04-16 13:35 after_fed Round:  10 | Epochs:  50 | Domain: v | loss: 1.0919 | Acc: 80.51%
2024-04-16 13:35 after_fed Round:  10 | Epochs:  50 | Domain: c | loss: 0.0212 | Acc: 99.00%
2024-04-16 13:35 after_fed Round:  10 | Epochs:  50 | Domain: s | loss: 1.5433 | Acc: 76.52%
2024-04-16 13:35 test_domain Round:  10 | Epochs:  50 | Domain: l | loss: 6.7849 | Acc: 58.85%
