2024-03-19 09:29 comment: fed avg, ccnet(3heads), vlcs on v
2024-03-19 09:30 before_fed Round:   0 | Epochs:   0 | Domain: l | loss: 1.3001 | Acc: 65.78%
2024-03-19 09:30 before_fed Round:   0 | Epochs:   0 | Domain: c | loss: 0.3906 | Acc: 84.00%
2024-03-19 09:31 before_fed Round:   0 | Epochs:   0 | Domain: s | loss: 0.8986 | Acc: 71.74%
2024-03-19 09:31 after_fed Round:   0 | Epochs:   0 | Domain: l | loss: 1.2799 | Acc: 59.89%
2024-03-19 09:31 after_fed Round:   0 | Epochs:   0 | Domain: c | loss: 1.6812 | Acc: 70.00%
2024-03-19 09:31 after_fed Round:   0 | Epochs:   0 | Domain: s | loss: 1.5240 | Acc: 52.61%
2024-03-19 09:31 Model saved! Best Val Acc: 146.60%
2024-03-19 09:31 test_domain Round:   0 | Epochs:   0 | Domain: v | loss: 2.7736 | Acc: 47.19%
2024-03-19 09:31 before_fed Round:   1 | Epochs:   5 | Domain: l | loss: 0.8811 | Acc: 71.12%
2024-03-19 09:32 before_fed Round:   1 | Epochs:   5 | Domain: c | loss: 0.5009 | Acc: 82.00%
2024-03-19 09:32 before_fed Round:   1 | Epochs:   5 | Domain: s | loss: 0.9416 | Acc: 72.17%
2024-03-19 09:32 after_fed Round:   1 | Epochs:   5 | Domain: l | loss: 1.4365 | Acc: 56.15%
2024-03-19 09:32 after_fed Round:   1 | Epochs:   5 | Domain: c | loss: 1.1659 | Acc: 74.00%
2024-03-19 09:32 after_fed Round:   1 | Epochs:   5 | Domain: s | loss: 0.8144 | Acc: 72.17%
2024-03-19 09:32 Model saved! Best Val Acc: 110.67%
2024-03-19 09:32 test_domain Round:   1 | Epochs:   5 | Domain: v | loss: 2.3244 | Acc: 56.56%
2024-03-19 09:33 before_fed Round:   2 | Epochs:  10 | Domain: l | loss: 0.7186 | Acc: 72.73%
2024-03-19 09:33 before_fed Round:   2 | Epochs:  10 | Domain: c | loss: 0.1822 | Acc: 96.00%
2024-03-19 09:34 before_fed Round:   2 | Epochs:  10 | Domain: s | loss: 0.7772 | Acc: 74.78%
2024-03-19 09:34 after_fed Round:   2 | Epochs:  10 | Domain: l | loss: 1.2122 | Acc: 60.43%
2024-03-19 09:34 after_fed Round:   2 | Epochs:  10 | Domain: c | loss: 0.3647 | Acc: 94.00%
2024-03-19 09:34 after_fed Round:   2 | Epochs:  10 | Domain: s | loss: 0.6645 | Acc: 75.65%
2024-03-19 09:34 Model saved! Best Val Acc: 80.48%
2024-03-19 09:34 test_domain Round:   2 | Epochs:  10 | Domain: v | loss: 1.1544 | Acc: 62.19%
2024-03-19 09:35 before_fed Round:   3 | Epochs:  15 | Domain: l | loss: 0.7817 | Acc: 71.66%
2024-03-19 09:35 before_fed Round:   3 | Epochs:  15 | Domain: c | loss: 0.0657 | Acc: 99.00%
2024-03-19 09:36 before_fed Round:   3 | Epochs:  15 | Domain: s | loss: 0.7533 | Acc: 76.96%
2024-03-19 09:36 after_fed Round:   3 | Epochs:  15 | Domain: l | loss: 1.1339 | Acc: 65.24%
2024-03-19 09:36 after_fed Round:   3 | Epochs:  15 | Domain: c | loss: 0.2473 | Acc: 98.00%
2024-03-19 09:36 after_fed Round:   3 | Epochs:  15 | Domain: s | loss: 0.6676 | Acc: 76.09%
2024-03-19 09:36 Model saved! Best Val Acc: 75.53%
2024-03-19 09:36 test_domain Round:   3 | Epochs:  15 | Domain: v | loss: 1.1175 | Acc: 64.26%
2024-03-19 09:36 before_fed Round:   4 | Epochs:  20 | Domain: l | loss: 0.7543 | Acc: 73.80%
2024-03-19 09:37 before_fed Round:   4 | Epochs:  20 | Domain: c | loss: 0.0647 | Acc: 99.00%
2024-03-19 09:37 before_fed Round:   4 | Epochs:  20 | Domain: s | loss: 0.7396 | Acc: 76.96%
2024-03-19 09:37 after_fed Round:   4 | Epochs:  20 | Domain: l | loss: 1.0964 | Acc: 65.78%
2024-03-19 09:37 after_fed Round:   4 | Epochs:  20 | Domain: c | loss: 0.2086 | Acc: 98.00%
2024-03-19 09:37 after_fed Round:   4 | Epochs:  20 | Domain: s | loss: 0.6593 | Acc: 76.52%
2024-03-19 09:37 Model saved! Best Val Acc: 73.06%
2024-03-19 09:38 test_domain Round:   4 | Epochs:  20 | Domain: v | loss: 1.1165 | Acc: 65.35%
2024-03-19 09:38 before_fed Round:   5 | Epochs:  25 | Domain: l | loss: 0.7476 | Acc: 72.73%
2024-03-19 09:38 before_fed Round:   5 | Epochs:  25 | Domain: c | loss: 0.0627 | Acc: 99.00%
2024-03-19 09:39 before_fed Round:   5 | Epochs:  25 | Domain: s | loss: 0.7618 | Acc: 76.96%
2024-03-19 09:39 after_fed Round:   5 | Epochs:  25 | Domain: l | loss: 1.1052 | Acc: 64.71%
2024-03-19 09:39 after_fed Round:   5 | Epochs:  25 | Domain: c | loss: 0.1634 | Acc: 98.00%
2024-03-19 09:39 after_fed Round:   5 | Epochs:  25 | Domain: s | loss: 0.6695 | Acc: 76.52%
2024-03-19 09:39 Model saved! Best Val Acc: 72.96%
2024-03-19 09:39 test_domain Round:   5 | Epochs:  25 | Domain: v | loss: 1.1146 | Acc: 66.24%
2024-03-19 09:40 before_fed Round:   6 | Epochs:  30 | Domain: l | loss: 0.7486 | Acc: 72.19%
2024-03-19 09:40 before_fed Round:   6 | Epochs:  30 | Domain: c | loss: 0.0553 | Acc: 99.00%
2024-03-19 09:41 before_fed Round:   6 | Epochs:  30 | Domain: s | loss: 0.7870 | Acc: 76.52%
2024-03-19 09:41 after_fed Round:   6 | Epochs:  30 | Domain: l | loss: 1.1442 | Acc: 64.71%
2024-03-19 09:41 after_fed Round:   6 | Epochs:  30 | Domain: c | loss: 0.1482 | Acc: 97.00%
2024-03-19 09:41 after_fed Round:   6 | Epochs:  30 | Domain: s | loss: 0.6824 | Acc: 76.52%
2024-03-19 09:41 test_domain Round:   6 | Epochs:  30 | Domain: v | loss: 1.1412 | Acc: 66.14%
2024-03-19 09:41 before_fed Round:   7 | Epochs:  35 | Domain: l | loss: 0.7560 | Acc: 72.19%
2024-03-19 09:42 before_fed Round:   7 | Epochs:  35 | Domain: c | loss: 0.0513 | Acc: 99.00%
2024-03-19 09:42 before_fed Round:   7 | Epochs:  35 | Domain: s | loss: 0.8152 | Acc: 76.96%
2024-03-19 09:42 after_fed Round:   7 | Epochs:  35 | Domain: l | loss: 1.1915 | Acc: 63.10%
2024-03-19 09:42 after_fed Round:   7 | Epochs:  35 | Domain: c | loss: 0.1427 | Acc: 98.00%
2024-03-19 09:42 after_fed Round:   7 | Epochs:  35 | Domain: s | loss: 0.6991 | Acc: 77.39%
2024-03-19 09:42 test_domain Round:   7 | Epochs:  35 | Domain: v | loss: 1.2149 | Acc: 65.75%
2024-03-19 09:43 before_fed Round:   8 | Epochs:  40 | Domain: l | loss: 0.7664 | Acc: 72.19%
2024-03-19 09:43 before_fed Round:   8 | Epochs:  40 | Domain: c | loss: 0.0490 | Acc: 99.00%
2024-03-19 09:44 before_fed Round:   8 | Epochs:  40 | Domain: s | loss: 0.8399 | Acc: 76.96%
2024-03-19 09:44 after_fed Round:   8 | Epochs:  40 | Domain: l | loss: 1.2430 | Acc: 64.71%
2024-03-19 09:44 after_fed Round:   8 | Epochs:  40 | Domain: c | loss: 0.1326 | Acc: 98.00%
2024-03-19 09:44 after_fed Round:   8 | Epochs:  40 | Domain: s | loss: 0.7123 | Acc: 77.83%
2024-03-19 09:44 test_domain Round:   8 | Epochs:  40 | Domain: v | loss: 1.2362 | Acc: 65.75%
2024-03-19 09:45 before_fed Round:   9 | Epochs:  45 | Domain: l | loss: 0.7866 | Acc: 71.66%
2024-03-19 09:45 before_fed Round:   9 | Epochs:  45 | Domain: c | loss: 0.0460 | Acc: 99.00%
2024-03-19 09:46 before_fed Round:   9 | Epochs:  45 | Domain: s | loss: 0.8738 | Acc: 76.52%
2024-03-19 09:46 after_fed Round:   9 | Epochs:  45 | Domain: l | loss: 1.2905 | Acc: 64.17%
2024-03-19 09:46 after_fed Round:   9 | Epochs:  45 | Domain: c | loss: 0.1260 | Acc: 98.00%
2024-03-19 09:46 after_fed Round:   9 | Epochs:  45 | Domain: s | loss: 0.7333 | Acc: 77.83%
2024-03-19 09:46 test_domain Round:   9 | Epochs:  45 | Domain: v | loss: 1.2798 | Acc: 65.65%
2024-03-19 09:46 before_fed Round:  10 | Epochs:  50 | Domain: l | loss: 0.8097 | Acc: 72.19%
2024-03-19 09:47 before_fed Round:  10 | Epochs:  50 | Domain: c | loss: 0.0452 | Acc: 99.00%
2024-03-19 09:47 before_fed Round:  10 | Epochs:  50 | Domain: s | loss: 0.9297 | Acc: 77.39%
2024-03-19 09:47 after_fed Round:  10 | Epochs:  50 | Domain: l | loss: 1.3970 | Acc: 64.17%
2024-03-19 09:47 after_fed Round:  10 | Epochs:  50 | Domain: c | loss: 0.1254 | Acc: 98.00%
2024-03-19 09:47 after_fed Round:  10 | Epochs:  50 | Domain: s | loss: 0.7607 | Acc: 77.83%
2024-03-19 09:48 test_domain Round:  10 | Epochs:  50 | Domain: v | loss: 1.3361 | Acc: 65.35%
2024-03-19 09:48 before_fed Round:  11 | Epochs:  55 | Domain: l | loss: 0.8220 | Acc: 72.19%
2024-03-19 09:48 before_fed Round:  11 | Epochs:  55 | Domain: c | loss: 0.0457 | Acc: 99.00%
2024-03-19 09:49 before_fed Round:  11 | Epochs:  55 | Domain: s | loss: 0.9566 | Acc: 76.96%
2024-03-19 09:49 after_fed Round:  11 | Epochs:  55 | Domain: l | loss: 1.4517 | Acc: 63.64%
2024-03-19 09:49 after_fed Round:  11 | Epochs:  55 | Domain: c | loss: 0.1268 | Acc: 98.00%
2024-03-19 09:49 after_fed Round:  11 | Epochs:  55 | Domain: s | loss: 0.7845 | Acc: 77.83%
2024-03-19 09:49 test_domain Round:  11 | Epochs:  55 | Domain: v | loss: 1.3766 | Acc: 65.15%
2024-03-19 09:50 before_fed Round:  12 | Epochs:  60 | Domain: l | loss: 0.8477 | Acc: 71.12%
2024-03-19 09:50 before_fed Round:  12 | Epochs:  60 | Domain: c | loss: 0.0476 | Acc: 99.00%
2024-03-19 09:51 before_fed Round:  12 | Epochs:  60 | Domain: s | loss: 1.0059 | Acc: 77.83%
2024-03-19 09:51 after_fed Round:  12 | Epochs:  60 | Domain: l | loss: 1.5270 | Acc: 64.71%
2024-03-19 09:51 after_fed Round:  12 | Epochs:  60 | Domain: c | loss: 0.1237 | Acc: 99.00%
2024-03-19 09:51 after_fed Round:  12 | Epochs:  60 | Domain: s | loss: 0.8159 | Acc: 76.96%
2024-03-19 09:51 test_domain Round:  12 | Epochs:  60 | Domain: v | loss: 1.4248 | Acc: 65.55%
2024-03-19 09:51 before_fed Round:  13 | Epochs:  65 | Domain: l | loss: 0.8736 | Acc: 71.12%
2024-03-19 09:52 before_fed Round:  13 | Epochs:  65 | Domain: c | loss: 0.0489 | Acc: 99.00%
2024-03-19 09:52 before_fed Round:  13 | Epochs:  65 | Domain: s | loss: 1.0448 | Acc: 78.26%
2024-03-19 09:52 after_fed Round:  13 | Epochs:  65 | Domain: l | loss: 1.6055 | Acc: 64.17%
2024-03-19 09:52 after_fed Round:  13 | Epochs:  65 | Domain: c | loss: 0.1274 | Acc: 98.00%
2024-03-19 09:52 after_fed Round:  13 | Epochs:  65 | Domain: s | loss: 0.8471 | Acc: 77.39%
2024-03-19 09:52 test_domain Round:  13 | Epochs:  65 | Domain: v | loss: 1.4945 | Acc: 65.75%
2024-03-19 09:53 before_fed Round:  14 | Epochs:  70 | Domain: l | loss: 0.9068 | Acc: 71.12%
2024-03-19 09:53 before_fed Round:  14 | Epochs:  70 | Domain: c | loss: 0.0514 | Acc: 99.00%
2024-03-19 09:54 before_fed Round:  14 | Epochs:  70 | Domain: s | loss: 1.0925 | Acc: 77.39%
2024-03-19 09:54 after_fed Round:  14 | Epochs:  70 | Domain: l | loss: 1.7006 | Acc: 64.17%
2024-03-19 09:54 after_fed Round:  14 | Epochs:  70 | Domain: c | loss: 0.1273 | Acc: 99.00%
2024-03-19 09:54 after_fed Round:  14 | Epochs:  70 | Domain: s | loss: 0.8801 | Acc: 77.39%
2024-03-19 09:54 test_domain Round:  14 | Epochs:  70 | Domain: v | loss: 1.5385 | Acc: 65.84%
2024-03-19 09:55 before_fed Round:  15 | Epochs:  75 | Domain: l | loss: 0.9623 | Acc: 68.98%
2024-03-19 09:55 before_fed Round:  15 | Epochs:  75 | Domain: c | loss: 0.0526 | Acc: 99.00%
2024-03-19 09:56 before_fed Round:  15 | Epochs:  75 | Domain: s | loss: 1.1428 | Acc: 76.96%
2024-03-19 09:56 after_fed Round:  15 | Epochs:  75 | Domain: l | loss: 1.8151 | Acc: 63.64%
2024-03-19 09:56 after_fed Round:  15 | Epochs:  75 | Domain: c | loss: 0.1298 | Acc: 99.00%
2024-03-19 09:56 after_fed Round:  15 | Epochs:  75 | Domain: s | loss: 0.9166 | Acc: 76.96%
2024-03-19 09:56 test_domain Round:  15 | Epochs:  75 | Domain: v | loss: 1.5928 | Acc: 65.94%
2024-03-19 09:56 before_fed Round:  16 | Epochs:  80 | Domain: l | loss: 1.0109 | Acc: 67.91%
2024-03-19 09:57 before_fed Round:  16 | Epochs:  80 | Domain: c | loss: 0.0549 | Acc: 99.00%
2024-03-19 09:57 before_fed Round:  16 | Epochs:  80 | Domain: s | loss: 1.1782 | Acc: 77.39%
2024-03-19 09:57 after_fed Round:  16 | Epochs:  80 | Domain: l | loss: 1.9127 | Acc: 62.57%
2024-03-19 09:57 after_fed Round:  16 | Epochs:  80 | Domain: c | loss: 0.1312 | Acc: 99.00%
2024-03-19 09:57 after_fed Round:  16 | Epochs:  80 | Domain: s | loss: 0.9517 | Acc: 76.52%
2024-03-19 09:58 test_domain Round:  16 | Epochs:  80 | Domain: v | loss: 1.6511 | Acc: 65.65%
2024-03-19 09:58 before_fed Round:  17 | Epochs:  85 | Domain: l | loss: 1.0868 | Acc: 66.84%
2024-03-19 09:58 before_fed Round:  17 | Epochs:  85 | Domain: c | loss: 0.0571 | Acc: 99.00%
2024-03-19 09:59 before_fed Round:  17 | Epochs:  85 | Domain: s | loss: 1.2203 | Acc: 76.96%
2024-03-19 09:59 after_fed Round:  17 | Epochs:  85 | Domain: l | loss: 2.0275 | Acc: 63.10%
2024-03-19 09:59 after_fed Round:  17 | Epochs:  85 | Domain: c | loss: 0.1303 | Acc: 99.00%
2024-03-19 09:59 after_fed Round:  17 | Epochs:  85 | Domain: s | loss: 0.9886 | Acc: 76.96%
2024-03-19 09:59 test_domain Round:  17 | Epochs:  85 | Domain: v | loss: 1.6990 | Acc: 65.65%
2024-03-19 10:00 before_fed Round:  18 | Epochs:  90 | Domain: l | loss: 1.1412 | Acc: 67.38%
2024-03-19 10:00 before_fed Round:  18 | Epochs:  90 | Domain: c | loss: 0.0574 | Acc: 99.00%
2024-03-19 10:01 before_fed Round:  18 | Epochs:  90 | Domain: s | loss: 1.2582 | Acc: 77.83%
2024-03-19 10:01 after_fed Round:  18 | Epochs:  90 | Domain: l | loss: 2.1046 | Acc: 62.03%
2024-03-19 10:01 after_fed Round:  18 | Epochs:  90 | Domain: c | loss: 0.1311 | Acc: 99.00%
2024-03-19 10:01 after_fed Round:  18 | Epochs:  90 | Domain: s | loss: 1.0241 | Acc: 76.96%
2024-03-19 10:01 test_domain Round:  18 | Epochs:  90 | Domain: v | loss: 1.7594 | Acc: 65.65%
2024-03-19 10:01 before_fed Round:  19 | Epochs:  95 | Domain: l | loss: 1.1823 | Acc: 66.31%
2024-03-19 10:02 before_fed Round:  19 | Epochs:  95 | Domain: c | loss: 0.0591 | Acc: 99.00%
2024-03-19 10:02 before_fed Round:  19 | Epochs:  95 | Domain: s | loss: 1.3030 | Acc: 77.83%
2024-03-19 10:02 after_fed Round:  19 | Epochs:  95 | Domain: l | loss: 2.1974 | Acc: 62.03%
2024-03-19 10:02 after_fed Round:  19 | Epochs:  95 | Domain: c | loss: 0.1323 | Acc: 98.00%
2024-03-19 10:02 after_fed Round:  19 | Epochs:  95 | Domain: s | loss: 1.0596 | Acc: 77.39%
2024-03-19 10:02 test_domain Round:  19 | Epochs:  95 | Domain: v | loss: 1.7962 | Acc: 65.55%
2024-03-19 10:03 before_fed Round:  20 | Epochs: 100 | Domain: l | loss: 1.2021 | Acc: 66.84%
2024-03-19 10:03 before_fed Round:  20 | Epochs: 100 | Domain: c | loss: 0.0608 | Acc: 99.00%
2024-03-19 10:04 before_fed Round:  20 | Epochs: 100 | Domain: s | loss: 1.3690 | Acc: 77.39%
2024-03-19 10:04 after_fed Round:  20 | Epochs: 100 | Domain: l | loss: 2.2676 | Acc: 61.50%
2024-03-19 10:04 after_fed Round:  20 | Epochs: 100 | Domain: c | loss: 0.1370 | Acc: 97.00%
2024-03-19 10:04 after_fed Round:  20 | Epochs: 100 | Domain: s | loss: 1.1051 | Acc: 76.96%
2024-03-19 10:04 test_domain Round:  20 | Epochs: 100 | Domain: v | loss: 1.8595 | Acc: 65.75%
2024-03-19 10:05 before_fed Round:  21 | Epochs: 105 | Domain: l | loss: 1.2461 | Acc: 67.38%
2024-03-19 10:05 before_fed Round:  21 | Epochs: 105 | Domain: c | loss: 0.0626 | Acc: 99.00%
2024-03-19 10:06 before_fed Round:  21 | Epochs: 105 | Domain: s | loss: 1.4161 | Acc: 77.39%
2024-03-19 10:06 after_fed Round:  21 | Epochs: 105 | Domain: l | loss: 2.3766 | Acc: 62.03%
2024-03-19 10:06 after_fed Round:  21 | Epochs: 105 | Domain: c | loss: 0.1434 | Acc: 97.00%
2024-03-19 10:06 after_fed Round:  21 | Epochs: 105 | Domain: s | loss: 1.1519 | Acc: 76.96%
2024-03-19 10:06 test_domain Round:  21 | Epochs: 105 | Domain: v | loss: 1.9463 | Acc: 65.65%
2024-03-19 10:06 before_fed Round:  22 | Epochs: 110 | Domain: l | loss: 1.3127 | Acc: 67.91%
2024-03-19 10:07 before_fed Round:  22 | Epochs: 110 | Domain: c | loss: 0.0661 | Acc: 99.00%
2024-03-19 10:07 before_fed Round:  22 | Epochs: 110 | Domain: s | loss: 1.4469 | Acc: 77.39%
2024-03-19 10:07 after_fed Round:  22 | Epochs: 110 | Domain: l | loss: 2.4491 | Acc: 61.50%
2024-03-19 10:07 after_fed Round:  22 | Epochs: 110 | Domain: c | loss: 0.1469 | Acc: 97.00%
2024-03-19 10:07 after_fed Round:  22 | Epochs: 110 | Domain: s | loss: 1.1907 | Acc: 76.96%
2024-03-19 10:08 test_domain Round:  22 | Epochs: 110 | Domain: v | loss: 2.0181 | Acc: 64.96%
2024-03-19 10:08 before_fed Round:  23 | Epochs: 115 | Domain: l | loss: 1.3030 | Acc: 67.38%
2024-03-19 10:08 before_fed Round:  23 | Epochs: 115 | Domain: c | loss: 0.0688 | Acc: 99.00%
2024-03-19 10:09 before_fed Round:  23 | Epochs: 115 | Domain: s | loss: 1.4811 | Acc: 76.52%
2024-03-19 10:09 after_fed Round:  23 | Epochs: 115 | Domain: l | loss: 2.4973 | Acc: 62.03%
2024-03-19 10:09 after_fed Round:  23 | Epochs: 115 | Domain: c | loss: 0.1494 | Acc: 97.00%
2024-03-19 10:09 after_fed Round:  23 | Epochs: 115 | Domain: s | loss: 1.2190 | Acc: 76.52%
2024-03-19 10:09 test_domain Round:  23 | Epochs: 115 | Domain: v | loss: 2.0731 | Acc: 65.25%
2024-03-19 10:10 before_fed Round:  24 | Epochs: 120 | Domain: l | loss: 1.3089 | Acc: 66.84%
2024-03-19 10:10 before_fed Round:  24 | Epochs: 120 | Domain: c | loss: 0.0712 | Acc: 99.00%
2024-03-19 10:11 before_fed Round:  24 | Epochs: 120 | Domain: s | loss: 1.5423 | Acc: 77.39%
2024-03-19 10:11 after_fed Round:  24 | Epochs: 120 | Domain: l | loss: 2.5534 | Acc: 62.03%
2024-03-19 10:11 after_fed Round:  24 | Epochs: 120 | Domain: c | loss: 0.1510 | Acc: 97.00%
2024-03-19 10:11 after_fed Round:  24 | Epochs: 120 | Domain: s | loss: 1.2597 | Acc: 76.52%
2024-03-19 10:11 test_domain Round:  24 | Epochs: 120 | Domain: v | loss: 2.1352 | Acc: 65.05%
2024-03-19 10:11 before_fed Round:  25 | Epochs: 125 | Domain: l | loss: 1.3526 | Acc: 67.38%
2024-03-19 10:12 before_fed Round:  25 | Epochs: 125 | Domain: c | loss: 0.0737 | Acc: 99.00%
2024-03-19 10:12 before_fed Round:  25 | Epochs: 125 | Domain: s | loss: 1.5534 | Acc: 77.39%
2024-03-19 10:12 after_fed Round:  25 | Epochs: 125 | Domain: l | loss: 2.6011 | Acc: 62.03%
2024-03-19 10:12 after_fed Round:  25 | Epochs: 125 | Domain: c | loss: 0.1523 | Acc: 97.00%
2024-03-19 10:12 after_fed Round:  25 | Epochs: 125 | Domain: s | loss: 1.2854 | Acc: 77.39%
2024-03-19 10:12 test_domain Round:  25 | Epochs: 125 | Domain: v | loss: 2.1796 | Acc: 65.25%
2024-03-19 10:13 before_fed Round:  26 | Epochs: 130 | Domain: l | loss: 1.3647 | Acc: 66.84%
2024-03-19 10:13 before_fed Round:  26 | Epochs: 130 | Domain: c | loss: 0.0762 | Acc: 99.00%
2024-03-19 10:14 before_fed Round:  26 | Epochs: 130 | Domain: s | loss: 1.5915 | Acc: 78.26%
2024-03-19 10:14 after_fed Round:  26 | Epochs: 130 | Domain: l | loss: 2.6469 | Acc: 61.50%
2024-03-19 10:14 after_fed Round:  26 | Epochs: 130 | Domain: c | loss: 0.1515 | Acc: 97.00%
2024-03-19 10:14 after_fed Round:  26 | Epochs: 130 | Domain: s | loss: 1.3167 | Acc: 77.39%
2024-03-19 10:14 test_domain Round:  26 | Epochs: 130 | Domain: v | loss: 2.2390 | Acc: 65.45%
2024-03-19 10:15 before_fed Round:  27 | Epochs: 135 | Domain: l | loss: 1.3715 | Acc: 65.78%
2024-03-19 10:15 before_fed Round:  27 | Epochs: 135 | Domain: c | loss: 0.0773 | Acc: 99.00%
2024-03-19 10:16 before_fed Round:  27 | Epochs: 135 | Domain: s | loss: 1.6345 | Acc: 77.39%
2024-03-19 10:16 after_fed Round:  27 | Epochs: 135 | Domain: l | loss: 2.6307 | Acc: 61.50%
2024-03-19 10:16 after_fed Round:  27 | Epochs: 135 | Domain: c | loss: 0.1563 | Acc: 97.00%
2024-03-19 10:16 after_fed Round:  27 | Epochs: 135 | Domain: s | loss: 1.3515 | Acc: 78.26%
2024-03-19 10:16 test_domain Round:  27 | Epochs: 135 | Domain: v | loss: 2.2814 | Acc: 65.15%
2024-03-19 10:16 before_fed Round:  28 | Epochs: 140 | Domain: l | loss: 1.3923 | Acc: 66.31%
2024-03-19 10:17 before_fed Round:  28 | Epochs: 140 | Domain: c | loss: 0.0803 | Acc: 99.00%
2024-03-19 10:17 before_fed Round:  28 | Epochs: 140 | Domain: s | loss: 1.6864 | Acc: 76.52%
2024-03-19 10:17 after_fed Round:  28 | Epochs: 140 | Domain: l | loss: 2.7210 | Acc: 61.50%
2024-03-19 10:17 after_fed Round:  28 | Epochs: 140 | Domain: c | loss: 0.1585 | Acc: 98.00%
2024-03-19 10:17 after_fed Round:  28 | Epochs: 140 | Domain: s | loss: 1.3935 | Acc: 77.83%
2024-03-19 10:17 test_domain Round:  28 | Epochs: 140 | Domain: v | loss: 2.3460 | Acc: 65.25%
2024-03-19 10:18 before_fed Round:  29 | Epochs: 145 | Domain: l | loss: 1.4251 | Acc: 67.38%
2024-03-19 10:18 before_fed Round:  29 | Epochs: 145 | Domain: c | loss: 0.0832 | Acc: 99.00%
2024-03-19 10:19 before_fed Round:  29 | Epochs: 145 | Domain: s | loss: 1.7300 | Acc: 76.09%
2024-03-19 10:19 after_fed Round:  29 | Epochs: 145 | Domain: l | loss: 2.8105 | Acc: 60.96%
2024-03-19 10:19 after_fed Round:  29 | Epochs: 145 | Domain: c | loss: 0.1621 | Acc: 98.00%
2024-03-19 10:19 after_fed Round:  29 | Epochs: 145 | Domain: s | loss: 1.4306 | Acc: 77.83%
2024-03-19 10:19 test_domain Round:  29 | Epochs: 145 | Domain: v | loss: 2.3809 | Acc: 65.45%
2024-03-19 10:20 before_fed Round:  30 | Epochs: 150 | Domain: l | loss: 1.4581 | Acc: 67.91%
2024-03-19 10:20 before_fed Round:  30 | Epochs: 150 | Domain: c | loss: 0.0865 | Acc: 99.00%
2024-03-19 10:21 before_fed Round:  30 | Epochs: 150 | Domain: s | loss: 1.7627 | Acc: 76.09%
2024-03-19 10:21 after_fed Round:  30 | Epochs: 150 | Domain: l | loss: 2.8329 | Acc: 62.57%
2024-03-19 10:21 after_fed Round:  30 | Epochs: 150 | Domain: c | loss: 0.1659 | Acc: 98.00%
2024-03-19 10:21 after_fed Round:  30 | Epochs: 150 | Domain: s | loss: 1.4640 | Acc: 77.83%
2024-03-19 10:21 test_domain Round:  30 | Epochs: 150 | Domain: v | loss: 2.4616 | Acc: 65.35%
2024-03-19 10:21 before_fed Round:  31 | Epochs: 155 | Domain: l | loss: 1.4609 | Acc: 68.45%
2024-03-19 10:22 before_fed Round:  31 | Epochs: 155 | Domain: c | loss: 0.0878 | Acc: 99.00%
2024-03-19 10:22 before_fed Round:  31 | Epochs: 155 | Domain: s | loss: 1.7946 | Acc: 76.09%
2024-03-19 10:22 after_fed Round:  31 | Epochs: 155 | Domain: l | loss: 2.8252 | Acc: 63.64%
2024-03-19 10:22 after_fed Round:  31 | Epochs: 155 | Domain: c | loss: 0.1664 | Acc: 98.00%
2024-03-19 10:22 after_fed Round:  31 | Epochs: 155 | Domain: s | loss: 1.4951 | Acc: 77.83%
2024-03-19 10:22 test_domain Round:  31 | Epochs: 155 | Domain: v | loss: 2.5271 | Acc: 65.15%
2024-03-19 10:23 before_fed Round:  32 | Epochs: 160 | Domain: l | loss: 1.4966 | Acc: 68.98%
2024-03-19 10:23 before_fed Round:  32 | Epochs: 160 | Domain: c | loss: 0.0885 | Acc: 99.00%
2024-03-19 10:24 before_fed Round:  32 | Epochs: 160 | Domain: s | loss: 1.7789 | Acc: 76.96%
2024-03-19 10:24 after_fed Round:  32 | Epochs: 160 | Domain: l | loss: 2.7937 | Acc: 63.10%
2024-03-19 10:24 after_fed Round:  32 | Epochs: 160 | Domain: c | loss: 0.1639 | Acc: 98.00%
2024-03-19 10:24 after_fed Round:  32 | Epochs: 160 | Domain: s | loss: 1.5108 | Acc: 76.52%
2024-03-19 10:24 test_domain Round:  32 | Epochs: 160 | Domain: v | loss: 2.5162 | Acc: 65.55%
2024-03-19 10:25 before_fed Round:  33 | Epochs: 165 | Domain: l | loss: 1.5055 | Acc: 68.45%
2024-03-19 10:25 before_fed Round:  33 | Epochs: 165 | Domain: c | loss: 0.0896 | Acc: 99.00%
2024-03-19 10:26 before_fed Round:  33 | Epochs: 165 | Domain: s | loss: 1.8327 | Acc: 75.65%
2024-03-19 10:26 after_fed Round:  33 | Epochs: 165 | Domain: l | loss: 2.8820 | Acc: 62.57%
2024-03-19 10:26 after_fed Round:  33 | Epochs: 165 | Domain: c | loss: 0.1622 | Acc: 98.00%
2024-03-19 10:26 after_fed Round:  33 | Epochs: 165 | Domain: s | loss: 1.5384 | Acc: 77.83%
2024-03-19 10:26 test_domain Round:  33 | Epochs: 165 | Domain: v | loss: 2.5464 | Acc: 65.55%
2024-03-19 10:26 before_fed Round:  34 | Epochs: 170 | Domain: l | loss: 1.5738 | Acc: 66.84%
2024-03-19 10:27 before_fed Round:  34 | Epochs: 170 | Domain: c | loss: 0.0907 | Acc: 99.00%
2024-03-19 10:27 before_fed Round:  34 | Epochs: 170 | Domain: s | loss: 1.8955 | Acc: 75.65%
2024-03-19 10:27 after_fed Round:  34 | Epochs: 170 | Domain: l | loss: 3.0873 | Acc: 62.57%
2024-03-19 10:27 after_fed Round:  34 | Epochs: 170 | Domain: c | loss: 0.1585 | Acc: 98.00%
2024-03-19 10:27 after_fed Round:  34 | Epochs: 170 | Domain: s | loss: 1.5824 | Acc: 77.39%
2024-03-19 10:27 test_domain Round:  34 | Epochs: 170 | Domain: v | loss: 2.5786 | Acc: 65.65%
2024-03-19 10:28 before_fed Round:  35 | Epochs: 175 | Domain: l | loss: 1.6004 | Acc: 68.98%
2024-03-19 10:28 before_fed Round:  35 | Epochs: 175 | Domain: c | loss: 0.0895 | Acc: 99.00%
2024-03-19 10:29 before_fed Round:  35 | Epochs: 175 | Domain: s | loss: 1.9004 | Acc: 75.65%
2024-03-19 10:29 after_fed Round:  35 | Epochs: 175 | Domain: l | loss: 3.1436 | Acc: 62.57%
2024-03-19 10:29 after_fed Round:  35 | Epochs: 175 | Domain: c | loss: 0.1653 | Acc: 98.00%
2024-03-19 10:29 after_fed Round:  35 | Epochs: 175 | Domain: s | loss: 1.6066 | Acc: 77.83%
2024-03-19 10:29 test_domain Round:  35 | Epochs: 175 | Domain: v | loss: 2.6633 | Acc: 65.65%
2024-03-19 10:29 before_fed Round:  36 | Epochs: 180 | Domain: l | loss: 1.6246 | Acc: 69.52%
2024-03-19 10:30 before_fed Round:  36 | Epochs: 180 | Domain: c | loss: 0.0943 | Acc: 99.00%
2024-03-19 10:30 before_fed Round:  36 | Epochs: 180 | Domain: s | loss: 1.9469 | Acc: 76.96%
2024-03-19 10:31 after_fed Round:  36 | Epochs: 180 | Domain: l | loss: 3.0766 | Acc: 63.10%
2024-03-19 10:31 after_fed Round:  36 | Epochs: 180 | Domain: c | loss: 0.1716 | Acc: 98.00%
2024-03-19 10:31 after_fed Round:  36 | Epochs: 180 | Domain: s | loss: 1.6458 | Acc: 77.39%
2024-03-19 10:31 test_domain Round:  36 | Epochs: 180 | Domain: v | loss: 2.7512 | Acc: 65.45%
2024-03-19 10:31 before_fed Round:  37 | Epochs: 185 | Domain: l | loss: 1.6360 | Acc: 68.45%
2024-03-19 10:32 before_fed Round:  37 | Epochs: 185 | Domain: c | loss: 0.0986 | Acc: 99.00%
2024-03-19 10:32 before_fed Round:  37 | Epochs: 185 | Domain: s | loss: 2.0409 | Acc: 75.65%
2024-03-19 10:32 after_fed Round:  37 | Epochs: 185 | Domain: l | loss: 3.2630 | Acc: 63.10%
2024-03-19 10:32 after_fed Round:  37 | Epochs: 185 | Domain: c | loss: 0.1740 | Acc: 98.00%
2024-03-19 10:32 after_fed Round:  37 | Epochs: 185 | Domain: s | loss: 1.6944 | Acc: 77.39%
2024-03-19 10:32 test_domain Round:  37 | Epochs: 185 | Domain: v | loss: 2.7747 | Acc: 65.65%
2024-03-19 10:33 before_fed Round:  38 | Epochs: 190 | Domain: l | loss: 1.6722 | Acc: 68.45%
2024-03-19 10:33 before_fed Round:  38 | Epochs: 190 | Domain: c | loss: 0.1017 | Acc: 99.00%
2024-03-19 10:34 before_fed Round:  38 | Epochs: 190 | Domain: s | loss: 2.1005 | Acc: 76.52%
2024-03-19 10:34 after_fed Round:  38 | Epochs: 190 | Domain: l | loss: 3.3377 | Acc: 63.10%
2024-03-19 10:34 after_fed Round:  38 | Epochs: 190 | Domain: c | loss: 0.1756 | Acc: 98.00%
2024-03-19 10:34 after_fed Round:  38 | Epochs: 190 | Domain: s | loss: 1.7445 | Acc: 77.39%
2024-03-19 10:34 test_domain Round:  38 | Epochs: 190 | Domain: v | loss: 2.8723 | Acc: 64.96%
2024-03-19 10:35 before_fed Round:  39 | Epochs: 195 | Domain: l | loss: 1.6999 | Acc: 67.38%
2024-03-19 10:35 before_fed Round:  39 | Epochs: 195 | Domain: c | loss: 0.1026 | Acc: 99.00%
2024-03-19 10:36 before_fed Round:  39 | Epochs: 195 | Domain: s | loss: 2.0171 | Acc: 76.96%
2024-03-19 10:36 after_fed Round:  39 | Epochs: 195 | Domain: l | loss: 3.1827 | Acc: 63.10%
2024-03-19 10:36 after_fed Round:  39 | Epochs: 195 | Domain: c | loss: 0.1775 | Acc: 98.00%
2024-03-19 10:36 after_fed Round:  39 | Epochs: 195 | Domain: s | loss: 1.7407 | Acc: 77.83%
2024-03-19 10:36 test_domain Round:  39 | Epochs: 195 | Domain: v | loss: 2.9283 | Acc: 65.15%
2024-03-19 10:36 before_fed Round:  40 | Epochs: 200 | Domain: l | loss: 1.7078 | Acc: 67.91%
2024-03-19 10:37 before_fed Round:  40 | Epochs: 200 | Domain: c | loss: 0.1042 | Acc: 99.00%
2024-03-19 10:37 before_fed Round:  40 | Epochs: 200 | Domain: s | loss: 2.0664 | Acc: 75.65%
2024-03-19 10:37 after_fed Round:  40 | Epochs: 200 | Domain: l | loss: 3.2008 | Acc: 63.64%
2024-03-19 10:37 after_fed Round:  40 | Epochs: 200 | Domain: c | loss: 0.1782 | Acc: 98.00%
2024-03-19 10:37 after_fed Round:  40 | Epochs: 200 | Domain: s | loss: 1.7632 | Acc: 77.83%
2024-03-19 10:38 test_domain Round:  40 | Epochs: 200 | Domain: v | loss: 2.9387 | Acc: 65.55%
