2024-03-17 16:44 comment: fed avg, agglomerator(no-pre), pacs on a
2024-03-17 16:45 before_fed Round:   0 | Epochs:   0 | Domain: p | loss: 1.2021 | Acc: 55.09%
2024-03-17 16:46 before_fed Round:   0 | Epochs:   0 | Domain: c | loss: 1.2220 | Acc: 53.19%
2024-03-17 16:47 before_fed Round:   0 | Epochs:   0 | Domain: s | loss: 1.2799 | Acc: 51.15%
2024-03-17 16:47 after_fed Round:   0 | Epochs:   0 | Domain: p | loss: 1.9976 | Acc: 19.76%
2024-03-17 16:47 after_fed Round:   0 | Epochs:   0 | Domain: c | loss: 1.8086 | Acc: 33.19%
2024-03-17 16:47 after_fed Round:   0 | Epochs:   0 | Domain: s | loss: 1.3768 | Acc: 42.75%
2024-03-17 16:47 Model saved! Best Val Acc: 163.47%
2024-03-17 16:47 test_domain Round:   0 | Epochs:   0 | Domain: a | loss: 2.0829 | Acc: 17.24%
2024-03-17 16:48 before_fed Round:   1 | Epochs:   5 | Domain: p | loss: 1.0922 | Acc: 61.68%
2024-03-17 16:49 before_fed Round:   1 | Epochs:   5 | Domain: c | loss: 1.1524 | Acc: 57.87%
2024-03-17 16:50 before_fed Round:   1 | Epochs:   5 | Domain: s | loss: 1.1015 | Acc: 58.78%
2024-03-17 16:50 after_fed Round:   1 | Epochs:   5 | Domain: p | loss: 1.7077 | Acc: 41.92%
2024-03-17 16:50 after_fed Round:   1 | Epochs:   5 | Domain: c | loss: 1.6700 | Acc: 40.85%
2024-03-17 16:50 after_fed Round:   1 | Epochs:   5 | Domain: s | loss: 1.2925 | Acc: 52.42%
2024-03-17 16:50 Model saved! Best Val Acc: 149.12%
2024-03-17 16:50 test_domain Round:   1 | Epochs:   5 | Domain: a | loss: 2.1482 | Acc: 22.80%
2024-03-17 16:51 before_fed Round:   2 | Epochs:  10 | Domain: p | loss: 1.0745 | Acc: 59.28%
2024-03-17 16:52 before_fed Round:   2 | Epochs:  10 | Domain: c | loss: 1.1146 | Acc: 60.85%
2024-03-17 16:53 before_fed Round:   2 | Epochs:  10 | Domain: s | loss: 0.9257 | Acc: 64.12%
2024-03-17 16:53 after_fed Round:   2 | Epochs:  10 | Domain: p | loss: 1.6556 | Acc: 46.11%
2024-03-17 16:53 after_fed Round:   2 | Epochs:  10 | Domain: c | loss: 1.6157 | Acc: 44.68%
2024-03-17 16:54 after_fed Round:   2 | Epochs:  10 | Domain: s | loss: 1.1904 | Acc: 54.96%
2024-03-17 16:54 Model saved! Best Val Acc: 141.37%
2024-03-17 16:54 test_domain Round:   2 | Epochs:  10 | Domain: a | loss: 2.2770 | Acc: 24.85%
2024-03-17 16:54 before_fed Round:   3 | Epochs:  15 | Domain: p | loss: 1.0336 | Acc: 61.08%
2024-03-17 16:55 before_fed Round:   3 | Epochs:  15 | Domain: c | loss: 1.0473 | Acc: 65.11%
2024-03-17 16:57 before_fed Round:   3 | Epochs:  15 | Domain: s | loss: 0.8957 | Acc: 67.94%
2024-03-17 16:57 after_fed Round:   3 | Epochs:  15 | Domain: p | loss: 1.6257 | Acc: 47.90%
2024-03-17 16:57 after_fed Round:   3 | Epochs:  15 | Domain: c | loss: 1.7110 | Acc: 47.66%
2024-03-17 16:57 after_fed Round:   3 | Epochs:  15 | Domain: s | loss: 1.2277 | Acc: 57.76%
2024-03-17 16:57 test_domain Round:   3 | Epochs:  15 | Domain: a | loss: 2.4236 | Acc: 24.46%
2024-03-17 16:57 before_fed Round:   4 | Epochs:  20 | Domain: p | loss: 1.0166 | Acc: 62.87%
2024-03-17 16:58 before_fed Round:   4 | Epochs:  20 | Domain: c | loss: 1.0604 | Acc: 64.68%
2024-03-17 17:00 before_fed Round:   4 | Epochs:  20 | Domain: s | loss: 0.7935 | Acc: 70.74%
2024-03-17 17:00 after_fed Round:   4 | Epochs:  20 | Domain: p | loss: 1.5553 | Acc: 53.89%
2024-03-17 17:00 after_fed Round:   4 | Epochs:  20 | Domain: c | loss: 1.6855 | Acc: 50.21%
2024-03-17 17:00 after_fed Round:   4 | Epochs:  20 | Domain: s | loss: 1.0283 | Acc: 59.80%
2024-03-17 17:00 Model saved! Best Val Acc: 133.30%
2024-03-17 17:00 test_domain Round:   4 | Epochs:  20 | Domain: a | loss: 2.4604 | Acc: 26.07%
2024-03-17 17:01 before_fed Round:   5 | Epochs:  25 | Domain: p | loss: 1.0185 | Acc: 62.28%
2024-03-17 17:02 before_fed Round:   5 | Epochs:  25 | Domain: c | loss: 1.0476 | Acc: 62.55%
2024-03-17 17:03 before_fed Round:   5 | Epochs:  25 | Domain: s | loss: 0.7859 | Acc: 71.50%
2024-03-17 17:03 after_fed Round:   5 | Epochs:  25 | Domain: p | loss: 1.5177 | Acc: 54.49%
2024-03-17 17:03 after_fed Round:   5 | Epochs:  25 | Domain: c | loss: 1.6432 | Acc: 51.49%
2024-03-17 17:03 after_fed Round:   5 | Epochs:  25 | Domain: s | loss: 0.9327 | Acc: 63.61%
2024-03-17 17:03 Model saved! Best Val Acc: 126.53%
2024-03-17 17:03 test_domain Round:   5 | Epochs:  25 | Domain: a | loss: 2.5343 | Acc: 25.88%
2024-03-17 17:04 before_fed Round:   6 | Epochs:  30 | Domain: p | loss: 1.0034 | Acc: 65.87%
2024-03-17 17:05 before_fed Round:   6 | Epochs:  30 | Domain: c | loss: 1.0763 | Acc: 65.53%
2024-03-17 17:06 before_fed Round:   6 | Epochs:  30 | Domain: s | loss: 0.7691 | Acc: 73.79%
2024-03-17 17:06 after_fed Round:   6 | Epochs:  30 | Domain: p | loss: 1.4962 | Acc: 55.69%
2024-03-17 17:06 after_fed Round:   6 | Epochs:  30 | Domain: c | loss: 1.6504 | Acc: 50.21%
2024-03-17 17:06 after_fed Round:   6 | Epochs:  30 | Domain: s | loss: 0.8903 | Acc: 67.18%
2024-03-17 17:06 Model saved! Best Val Acc: 124.20%
2024-03-17 17:06 test_domain Round:   6 | Epochs:  30 | Domain: a | loss: 2.6252 | Acc: 25.54%
2024-03-17 17:07 before_fed Round:   7 | Epochs:  35 | Domain: p | loss: 0.9729 | Acc: 67.07%
2024-03-17 17:08 before_fed Round:   7 | Epochs:  35 | Domain: c | loss: 1.0655 | Acc: 67.66%
2024-03-17 17:09 before_fed Round:   7 | Epochs:  35 | Domain: s | loss: 0.7524 | Acc: 76.08%
2024-03-17 17:09 after_fed Round:   7 | Epochs:  35 | Domain: p | loss: 1.4878 | Acc: 53.29%
2024-03-17 17:09 after_fed Round:   7 | Epochs:  35 | Domain: c | loss: 1.7005 | Acc: 50.21%
2024-03-17 17:09 after_fed Round:   7 | Epochs:  35 | Domain: s | loss: 0.8770 | Acc: 68.19%
2024-03-17 17:09 test_domain Round:   7 | Epochs:  35 | Domain: a | loss: 2.7244 | Acc: 26.17%
2024-03-17 17:10 before_fed Round:   8 | Epochs:  40 | Domain: p | loss: 0.9612 | Acc: 65.87%
2024-03-17 17:11 before_fed Round:   8 | Epochs:  40 | Domain: c | loss: 1.0736 | Acc: 65.53%
2024-03-17 17:12 before_fed Round:   8 | Epochs:  40 | Domain: s | loss: 0.8058 | Acc: 74.30%
2024-03-17 17:12 after_fed Round:   8 | Epochs:  40 | Domain: p | loss: 1.5162 | Acc: 54.49%
2024-03-17 17:12 after_fed Round:   8 | Epochs:  40 | Domain: c | loss: 1.6240 | Acc: 52.77%
2024-03-17 17:13 after_fed Round:   8 | Epochs:  40 | Domain: s | loss: 0.9166 | Acc: 66.67%
2024-03-17 17:13 test_domain Round:   8 | Epochs:  40 | Domain: a | loss: 2.8551 | Acc: 24.71%
2024-03-17 17:13 before_fed Round:   9 | Epochs:  45 | Domain: p | loss: 0.9665 | Acc: 66.47%
2024-03-17 17:14 before_fed Round:   9 | Epochs:  45 | Domain: c | loss: 1.1292 | Acc: 64.68%
2024-03-17 17:16 before_fed Round:   9 | Epochs:  45 | Domain: s | loss: 0.9268 | Acc: 71.50%
2024-03-17 17:16 after_fed Round:   9 | Epochs:  45 | Domain: p | loss: 1.5037 | Acc: 56.29%
2024-03-17 17:16 after_fed Round:   9 | Epochs:  45 | Domain: c | loss: 1.6754 | Acc: 53.62%
2024-03-17 17:16 after_fed Round:   9 | Epochs:  45 | Domain: s | loss: 0.9780 | Acc: 67.94%
2024-03-17 17:16 test_domain Round:   9 | Epochs:  45 | Domain: a | loss: 2.9401 | Acc: 24.07%
2024-03-17 17:16 before_fed Round:  10 | Epochs:  50 | Domain: p | loss: 0.9513 | Acc: 64.07%
2024-03-17 17:17 before_fed Round:  10 | Epochs:  50 | Domain: c | loss: 1.0947 | Acc: 67.23%
2024-03-17 17:19 before_fed Round:  10 | Epochs:  50 | Domain: s | loss: 1.0255 | Acc: 69.72%
2024-03-17 17:19 after_fed Round:  10 | Epochs:  50 | Domain: p | loss: 1.4614 | Acc: 57.49%
2024-03-17 17:19 after_fed Round:  10 | Epochs:  50 | Domain: c | loss: 1.7711 | Acc: 54.04%
2024-03-17 17:19 after_fed Round:  10 | Epochs:  50 | Domain: s | loss: 0.9784 | Acc: 68.96%
2024-03-17 17:19 test_domain Round:  10 | Epochs:  50 | Domain: a | loss: 2.8870 | Acc: 25.20%