2024-04-16 13:21 comment: RSC, ccnet(3heads), pacs on a
2024-04-16 13:21 before_fed Round:   0 | Epochs:   0 | Domain: p | loss: 0.2033 | Acc: 97.01%
2024-04-16 13:22 before_fed Round:   0 | Epochs:   0 | Domain: c | loss: 1.5291 | Acc: 87.23%
2024-04-16 13:23 before_fed Round:   0 | Epochs:   0 | Domain: s | loss: 1.1295 | Acc: 86.01%
2024-04-16 13:23 after_fed Round:   0 | Epochs:   0 | Domain: p | loss: 0.6343 | Acc: 91.62%
2024-04-16 13:23 after_fed Round:   0 | Epochs:   0 | Domain: c | loss: 3.9199 | Acc: 69.79%
2024-04-16 13:23 after_fed Round:   0 | Epochs:   0 | Domain: s | loss: 1.2903 | Acc: 82.19%
2024-04-16 13:23 Model saved! Best Val Acc: 80.51%
2024-04-16 13:23 test_domain Round:   0 | Epochs:   0 | Domain: a | loss: 3.5222 | Acc: 74.46%
2024-04-16 13:24 before_fed Round:   1 | Epochs:   5 | Domain: p | loss: 0.3854 | Acc: 96.41%
2024-04-16 13:24 before_fed Round:   1 | Epochs:   5 | Domain: c | loss: 1.8315 | Acc: 83.83%
2024-04-16 13:25 before_fed Round:   1 | Epochs:   5 | Domain: s | loss: 1.6627 | Acc: 87.02%
2024-04-16 13:25 after_fed Round:   1 | Epochs:   5 | Domain: p | loss: 0.8513 | Acc: 92.22%
2024-04-16 13:25 after_fed Round:   1 | Epochs:   5 | Domain: c | loss: 4.2462 | Acc: 76.60%
2024-04-16 13:25 after_fed Round:   1 | Epochs:   5 | Domain: s | loss: 1.7939 | Acc: 82.70%
2024-04-16 13:25 Model saved! Best Val Acc: 82.90%
2024-04-16 13:25 test_domain Round:   1 | Epochs:   5 | Domain: a | loss: 4.6737 | Acc: 75.15%
2024-04-16 13:26 before_fed Round:   2 | Epochs:  10 | Domain: p | loss: 0.3543 | Acc: 96.41%
2024-04-16 13:26 before_fed Round:   2 | Epochs:  10 | Domain: c | loss: 2.5505 | Acc: 85.11%
2024-04-16 13:27 before_fed Round:   2 | Epochs:  10 | Domain: s | loss: 2.2063 | Acc: 86.26%
2024-04-16 13:27 after_fed Round:   2 | Epochs:  10 | Domain: p | loss: 0.7949 | Acc: 93.41%
2024-04-16 13:27 after_fed Round:   2 | Epochs:  10 | Domain: c | loss: 4.4636 | Acc: 75.74%
2024-04-16 13:27 after_fed Round:   2 | Epochs:  10 | Domain: s | loss: 1.9382 | Acc: 83.97%
2024-04-16 13:27 Model saved! Best Val Acc: 83.53%
2024-04-16 13:27 test_domain Round:   2 | Epochs:  10 | Domain: a | loss: 5.2634 | Acc: 75.44%
2024-04-16 13:28 before_fed Round:   3 | Epochs:  15 | Domain: p | loss: 0.4871 | Acc: 96.41%
2024-04-16 13:28 before_fed Round:   3 | Epochs:  15 | Domain: c | loss: 3.1336 | Acc: 84.26%
2024-04-16 13:29 before_fed Round:   3 | Epochs:  15 | Domain: s | loss: 2.4451 | Acc: 86.77%
2024-04-16 13:29 after_fed Round:   3 | Epochs:  15 | Domain: p | loss: 0.5242 | Acc: 95.81%
2024-04-16 13:29 after_fed Round:   3 | Epochs:  15 | Domain: c | loss: 4.1941 | Acc: 80.43%
2024-04-16 13:29 after_fed Round:   3 | Epochs:  15 | Domain: s | loss: 1.9810 | Acc: 84.99%
2024-04-16 13:29 Model saved! Best Val Acc: 85.92%
2024-04-16 13:29 test_domain Round:   3 | Epochs:  15 | Domain: a | loss: 6.1018 | Acc: 74.27%
2024-04-16 13:30 before_fed Round:   4 | Epochs:  20 | Domain: p | loss: 0.6431 | Acc: 97.01%
2024-04-16 13:30 before_fed Round:   4 | Epochs:  20 | Domain: c | loss: 3.0056 | Acc: 82.13%
2024-04-16 13:31 before_fed Round:   4 | Epochs:  20 | Domain: s | loss: 2.7089 | Acc: 85.75%
2024-04-16 13:31 after_fed Round:   4 | Epochs:  20 | Domain: p | loss: 0.4958 | Acc: 97.01%
2024-04-16 13:31 after_fed Round:   4 | Epochs:  20 | Domain: c | loss: 4.6698 | Acc: 79.15%
2024-04-16 13:31 after_fed Round:   4 | Epochs:  20 | Domain: s | loss: 2.7951 | Acc: 84.22%
2024-04-16 13:32 test_domain Round:   4 | Epochs:  20 | Domain: a | loss: 6.4426 | Acc: 74.76%
2024-04-16 13:32 before_fed Round:   5 | Epochs:  25 | Domain: p | loss: 0.5098 | Acc: 97.01%
2024-04-16 13:33 before_fed Round:   5 | Epochs:  25 | Domain: c | loss: 3.1383 | Acc: 86.38%
2024-04-16 13:33 before_fed Round:   5 | Epochs:  25 | Domain: s | loss: 2.5995 | Acc: 86.01%
2024-04-16 13:33 after_fed Round:   5 | Epochs:  25 | Domain: p | loss: 0.5933 | Acc: 96.41%
2024-04-16 13:33 after_fed Round:   5 | Epochs:  25 | Domain: c | loss: 4.5000 | Acc: 79.57%
2024-04-16 13:33 after_fed Round:   5 | Epochs:  25 | Domain: s | loss: 2.7080 | Acc: 86.01%
2024-04-16 13:33 Model saved! Best Val Acc: 86.29%
2024-04-16 13:34 test_domain Round:   5 | Epochs:  25 | Domain: a | loss: 7.1187 | Acc: 73.44%
2024-04-16 13:34 before_fed Round:   6 | Epochs:  30 | Domain: p | loss: 1.3613 | Acc: 95.81%
2024-04-16 13:35 before_fed Round:   6 | Epochs:  30 | Domain: c | loss: 4.5417 | Acc: 82.98%
2024-04-16 13:35 before_fed Round:   6 | Epochs:  30 | Domain: s | loss: 3.0059 | Acc: 85.75%
2024-04-16 13:35 after_fed Round:   6 | Epochs:  30 | Domain: p | loss: 0.8813 | Acc: 95.21%
2024-04-16 13:35 after_fed Round:   6 | Epochs:  30 | Domain: c | loss: 5.7427 | Acc: 77.45%
2024-04-16 13:35 after_fed Round:   6 | Epochs:  30 | Domain: s | loss: 2.9939 | Acc: 85.24%
2024-04-16 13:36 test_domain Round:   6 | Epochs:  30 | Domain: a | loss: 6.9122 | Acc: 74.22%
2024-04-16 13:36 before_fed Round:   7 | Epochs:  35 | Domain: p | loss: 0.7278 | Acc: 97.01%
2024-04-16 13:37 before_fed Round:   7 | Epochs:  35 | Domain: c | loss: 4.8724 | Acc: 82.13%
2024-04-16 13:37 before_fed Round:   7 | Epochs:  35 | Domain: s | loss: 2.9653 | Acc: 87.28%
2024-04-16 13:37 after_fed Round:   7 | Epochs:  35 | Domain: p | loss: 1.2405 | Acc: 94.61%
2024-04-16 13:37 after_fed Round:   7 | Epochs:  35 | Domain: c | loss: 5.7453 | Acc: 78.30%
2024-04-16 13:38 after_fed Round:   7 | Epochs:  35 | Domain: s | loss: 2.9498 | Acc: 87.02%
2024-04-16 13:38 test_domain Round:   7 | Epochs:  35 | Domain: a | loss: 7.4725 | Acc: 74.90%
2024-04-16 13:38 before_fed Round:   8 | Epochs:  40 | Domain: p | loss: 1.1584 | Acc: 95.21%
2024-04-16 13:39 before_fed Round:   8 | Epochs:  40 | Domain: c | loss: 5.6164 | Acc: 79.15%
2024-04-16 13:39 before_fed Round:   8 | Epochs:  40 | Domain: s | loss: 2.6002 | Acc: 89.31%
2024-04-16 13:40 after_fed Round:   8 | Epochs:  40 | Domain: p | loss: 1.2494 | Acc: 95.21%
2024-04-16 13:40 after_fed Round:   8 | Epochs:  40 | Domain: c | loss: 5.4735 | Acc: 77.87%
2024-04-16 13:40 after_fed Round:   8 | Epochs:  40 | Domain: s | loss: 2.6781 | Acc: 87.28%
2024-04-16 13:40 test_domain Round:   8 | Epochs:  40 | Domain: a | loss: 7.6225 | Acc: 74.56%
2024-04-16 13:40 before_fed Round:   9 | Epochs:  45 | Domain: p | loss: 1.1641 | Acc: 95.21%
2024-04-16 13:41 before_fed Round:   9 | Epochs:  45 | Domain: c | loss: 5.2911 | Acc: 80.85%
2024-04-16 13:42 before_fed Round:   9 | Epochs:  45 | Domain: s | loss: 2.5571 | Acc: 87.53%
2024-04-16 13:42 after_fed Round:   9 | Epochs:  45 | Domain: p | loss: 1.2790 | Acc: 94.61%
2024-04-16 13:42 after_fed Round:   9 | Epochs:  45 | Domain: c | loss: 5.5063 | Acc: 78.72%
2024-04-16 13:42 after_fed Round:   9 | Epochs:  45 | Domain: s | loss: 2.6237 | Acc: 88.30%
2024-04-16 13:42 Model saved! Best Val Acc: 86.80%
2024-04-16 13:42 test_domain Round:   9 | Epochs:  45 | Domain: a | loss: 7.6551 | Acc: 74.66%
2024-04-16 13:42 before_fed Round:  10 | Epochs:  50 | Domain: p | loss: 1.1766 | Acc: 95.21%
2024-04-16 13:43 before_fed Round:  10 | Epochs:  50 | Domain: c | loss: 5.1404 | Acc: 80.43%
2024-04-16 13:44 before_fed Round:  10 | Epochs:  50 | Domain: s | loss: 2.7101 | Acc: 88.80%
2024-04-16 13:44 after_fed Round:  10 | Epochs:  50 | Domain: p | loss: 1.2757 | Acc: 94.61%
2024-04-16 13:44 after_fed Round:  10 | Epochs:  50 | Domain: c | loss: 5.5066 | Acc: 78.30%
2024-04-16 13:44 after_fed Round:  10 | Epochs:  50 | Domain: s | loss: 2.6202 | Acc: 88.80%
2024-04-16 13:44 Model saved! Best Val Acc: 86.92%
2024-04-16 13:44 test_domain Round:  10 | Epochs:  50 | Domain: a | loss: 7.5430 | Acc: 75.00%
