2024-03-19 13:12 comment: fed avg, ccnet(3heads), vlcs on r
2024-03-19 13:12 before_fed Round:   0 | Epochs:   0 | Domain: v | loss: 0.6816 | Acc: 77.12%
2024-03-19 13:13 before_fed Round:   0 | Epochs:   0 | Domain: l | loss: 1.1319 | Acc: 65.24%
2024-03-19 13:13 before_fed Round:   0 | Epochs:   0 | Domain: c | loss: 0.3486 | Acc: 85.00%
2024-03-19 13:13 after_fed Round:   0 | Epochs:   0 | Domain: v | loss: 1.1775 | Acc: 55.08%
2024-03-19 13:13 after_fed Round:   0 | Epochs:   0 | Domain: l | loss: 0.8611 | Acc: 63.64%
2024-03-19 13:13 after_fed Round:   0 | Epochs:   0 | Domain: c | loss: 0.4825 | Acc: 81.00%
2024-03-19 13:13 Model saved! Best Val Acc: 93.27%
2024-03-19 13:13 test_domain Round:   0 | Epochs:   0 | Domain: s | loss: 1.3197 | Acc: 47.31%
2024-03-19 13:14 before_fed Round:   1 | Epochs:   5 | Domain: v | loss: 0.6739 | Acc: 77.97%
2024-03-19 13:14 before_fed Round:   1 | Epochs:   5 | Domain: l | loss: 0.7294 | Acc: 71.66%
2024-03-19 13:15 before_fed Round:   1 | Epochs:   5 | Domain: c | loss: 0.0681 | Acc: 99.00%
2024-03-19 13:15 after_fed Round:   1 | Epochs:   5 | Domain: v | loss: 0.6904 | Acc: 72.88%
2024-03-19 13:15 after_fed Round:   1 | Epochs:   5 | Domain: l | loss: 0.8521 | Acc: 65.78%
2024-03-19 13:15 after_fed Round:   1 | Epochs:   5 | Domain: c | loss: 0.1656 | Acc: 96.00%
2024-03-19 13:15 Model saved! Best Val Acc: 64.85%
2024-03-19 13:15 test_domain Round:   1 | Epochs:   5 | Domain: s | loss: 0.8780 | Acc: 64.26%
2024-03-19 13:16 before_fed Round:   2 | Epochs:  10 | Domain: v | loss: 0.6353 | Acc: 78.81%
2024-03-19 13:16 before_fed Round:   2 | Epochs:  10 | Domain: l | loss: 0.7179 | Acc: 75.40%
2024-03-19 13:16 before_fed Round:   2 | Epochs:  10 | Domain: c | loss: 0.0213 | Acc: 100.00%
2024-03-19 13:16 after_fed Round:   2 | Epochs:  10 | Domain: v | loss: 0.6084 | Acc: 77.97%
2024-03-19 13:17 after_fed Round:   2 | Epochs:  10 | Domain: l | loss: 0.8942 | Acc: 63.64%
2024-03-19 13:17 after_fed Round:   2 | Epochs:  10 | Domain: c | loss: 0.0790 | Acc: 99.00%
2024-03-19 13:17 Model saved! Best Val Acc: 60.99%
2024-03-19 13:17 test_domain Round:   2 | Epochs:  10 | Domain: s | loss: 0.8020 | Acc: 68.32%
2024-03-19 13:17 before_fed Round:   3 | Epochs:  15 | Domain: v | loss: 0.6179 | Acc: 80.93%
2024-03-19 13:18 before_fed Round:   3 | Epochs:  15 | Domain: l | loss: 0.7408 | Acc: 74.87%
2024-03-19 13:18 before_fed Round:   3 | Epochs:  15 | Domain: c | loss: 0.0117 | Acc: 100.00%
2024-03-19 13:18 after_fed Round:   3 | Epochs:  15 | Domain: v | loss: 0.5904 | Acc: 78.81%
2024-03-19 13:18 after_fed Round:   3 | Epochs:  15 | Domain: l | loss: 0.8919 | Acc: 65.24%
2024-03-19 13:18 after_fed Round:   3 | Epochs:  15 | Domain: c | loss: 0.0392 | Acc: 99.00%
2024-03-19 13:18 Model saved! Best Val Acc: 59.34%
2024-03-19 13:18 test_domain Round:   3 | Epochs:  15 | Domain: s | loss: 0.8006 | Acc: 67.92%
2024-03-19 13:19 before_fed Round:   4 | Epochs:  20 | Domain: v | loss: 0.6179 | Acc: 80.08%
2024-03-19 13:19 before_fed Round:   4 | Epochs:  20 | Domain: l | loss: 0.7599 | Acc: 75.40%
2024-03-19 13:20 before_fed Round:   4 | Epochs:  20 | Domain: c | loss: 0.0065 | Acc: 100.00%
2024-03-19 13:20 after_fed Round:   4 | Epochs:  20 | Domain: v | loss: 0.5970 | Acc: 78.39%
2024-03-19 13:20 after_fed Round:   4 | Epochs:  20 | Domain: l | loss: 0.9101 | Acc: 66.84%
2024-03-19 13:20 after_fed Round:   4 | Epochs:  20 | Domain: c | loss: 0.0221 | Acc: 100.00%
2024-03-19 13:20 test_domain Round:   4 | Epochs:  20 | Domain: s | loss: 0.8114 | Acc: 67.72%
2024-03-19 13:21 before_fed Round:   5 | Epochs:  25 | Domain: v | loss: 0.6243 | Acc: 81.36%
2024-03-19 13:21 before_fed Round:   5 | Epochs:  25 | Domain: l | loss: 0.7661 | Acc: 73.26%
2024-03-19 13:21 before_fed Round:   5 | Epochs:  25 | Domain: c | loss: 0.0043 | Acc: 100.00%
2024-03-19 13:21 after_fed Round:   5 | Epochs:  25 | Domain: v | loss: 0.6053 | Acc: 79.66%
2024-03-19 13:21 after_fed Round:   5 | Epochs:  25 | Domain: l | loss: 0.9310 | Acc: 67.38%
2024-03-19 13:21 after_fed Round:   5 | Epochs:  25 | Domain: c | loss: 0.0164 | Acc: 100.00%
2024-03-19 13:22 test_domain Round:   5 | Epochs:  25 | Domain: s | loss: 0.8147 | Acc: 68.83%
2024-03-19 13:22 before_fed Round:   6 | Epochs:  30 | Domain: v | loss: 0.6376 | Acc: 79.24%
2024-03-19 13:23 before_fed Round:   6 | Epochs:  30 | Domain: l | loss: 0.7921 | Acc: 73.26%
2024-03-19 13:23 before_fed Round:   6 | Epochs:  30 | Domain: c | loss: 0.0035 | Acc: 100.00%
2024-03-19 13:23 after_fed Round:   6 | Epochs:  30 | Domain: v | loss: 0.6189 | Acc: 79.66%
2024-03-19 13:23 after_fed Round:   6 | Epochs:  30 | Domain: l | loss: 0.9945 | Acc: 65.78%
2024-03-19 13:23 after_fed Round:   6 | Epochs:  30 | Domain: c | loss: 0.0157 | Acc: 100.00%
2024-03-19 13:23 test_domain Round:   6 | Epochs:  30 | Domain: s | loss: 0.8157 | Acc: 70.25%
2024-03-19 13:24 before_fed Round:   7 | Epochs:  35 | Domain: v | loss: 0.6609 | Acc: 80.93%
2024-03-19 13:24 before_fed Round:   7 | Epochs:  35 | Domain: l | loss: 0.8108 | Acc: 73.80%
2024-03-19 13:25 before_fed Round:   7 | Epochs:  35 | Domain: c | loss: 0.0033 | Acc: 100.00%
2024-03-19 13:25 after_fed Round:   7 | Epochs:  35 | Domain: v | loss: 0.6296 | Acc: 78.81%
2024-03-19 13:25 after_fed Round:   7 | Epochs:  35 | Domain: l | loss: 1.0288 | Acc: 65.24%
2024-03-19 13:25 after_fed Round:   7 | Epochs:  35 | Domain: c | loss: 0.0154 | Acc: 99.00%
2024-03-19 13:25 test_domain Round:   7 | Epochs:  35 | Domain: s | loss: 0.8269 | Acc: 70.25%
2024-03-19 13:26 before_fed Round:   8 | Epochs:  40 | Domain: v | loss: 0.6936 | Acc: 80.51%
2024-03-19 13:26 before_fed Round:   8 | Epochs:  40 | Domain: l | loss: 0.8562 | Acc: 72.73%
2024-03-19 13:27 before_fed Round:   8 | Epochs:  40 | Domain: c | loss: 0.0034 | Acc: 100.00%
2024-03-19 13:27 after_fed Round:   8 | Epochs:  40 | Domain: v | loss: 0.6584 | Acc: 79.66%
2024-03-19 13:27 after_fed Round:   8 | Epochs:  40 | Domain: l | loss: 1.0654 | Acc: 66.31%
2024-03-19 13:27 after_fed Round:   8 | Epochs:  40 | Domain: c | loss: 0.0156 | Acc: 99.00%
2024-03-19 13:27 test_domain Round:   8 | Epochs:  40 | Domain: s | loss: 0.8453 | Acc: 70.36%
2024-03-19 13:27 before_fed Round:   9 | Epochs:  45 | Domain: v | loss: 0.7232 | Acc: 80.51%
2024-03-19 13:28 before_fed Round:   9 | Epochs:  45 | Domain: l | loss: 0.8623 | Acc: 73.26%
2024-03-19 13:28 before_fed Round:   9 | Epochs:  45 | Domain: c | loss: 0.0035 | Acc: 100.00%
2024-03-19 13:28 after_fed Round:   9 | Epochs:  45 | Domain: v | loss: 0.6760 | Acc: 80.08%
2024-03-19 13:28 after_fed Round:   9 | Epochs:  45 | Domain: l | loss: 1.1357 | Acc: 65.78%
2024-03-19 13:28 after_fed Round:   9 | Epochs:  45 | Domain: c | loss: 0.0141 | Acc: 99.00%
2024-03-19 13:28 test_domain Round:   9 | Epochs:  45 | Domain: s | loss: 0.8674 | Acc: 70.15%
2024-03-19 13:29 before_fed Round:  10 | Epochs:  50 | Domain: v | loss: 0.7588 | Acc: 80.51%
2024-03-19 13:30 before_fed Round:  10 | Epochs:  50 | Domain: l | loss: 0.9002 | Acc: 71.66%
2024-03-19 13:30 before_fed Round:  10 | Epochs:  50 | Domain: c | loss: 0.0038 | Acc: 100.00%
2024-03-19 13:30 after_fed Round:  10 | Epochs:  50 | Domain: v | loss: 0.7027 | Acc: 80.08%
2024-03-19 13:30 after_fed Round:  10 | Epochs:  50 | Domain: l | loss: 1.1662 | Acc: 65.78%
2024-03-19 13:30 after_fed Round:  10 | Epochs:  50 | Domain: c | loss: 0.0127 | Acc: 99.00%
2024-03-19 13:30 test_domain Round:  10 | Epochs:  50 | Domain: s | loss: 0.8990 | Acc: 70.25%
2024-03-19 13:31 before_fed Round:  11 | Epochs:  55 | Domain: v | loss: 0.7984 | Acc: 79.66%
2024-03-19 13:31 before_fed Round:  11 | Epochs:  55 | Domain: l | loss: 0.9453 | Acc: 71.66%
2024-03-19 13:32 before_fed Round:  11 | Epochs:  55 | Domain: c | loss: 0.0042 | Acc: 100.00%
2024-03-19 13:32 after_fed Round:  11 | Epochs:  55 | Domain: v | loss: 0.7315 | Acc: 80.51%
2024-03-19 13:32 after_fed Round:  11 | Epochs:  55 | Domain: l | loss: 1.2286 | Acc: 65.78%
2024-03-19 13:32 after_fed Round:  11 | Epochs:  55 | Domain: c | loss: 0.0116 | Acc: 100.00%
2024-03-19 13:32 test_domain Round:  11 | Epochs:  55 | Domain: s | loss: 0.9293 | Acc: 69.85%
2024-03-19 13:33 before_fed Round:  12 | Epochs:  60 | Domain: v | loss: 0.8318 | Acc: 79.66%
2024-03-19 13:33 before_fed Round:  12 | Epochs:  60 | Domain: l | loss: 0.9783 | Acc: 71.66%
2024-03-19 13:33 before_fed Round:  12 | Epochs:  60 | Domain: c | loss: 0.0053 | Acc: 100.00%
2024-03-19 13:33 after_fed Round:  12 | Epochs:  60 | Domain: v | loss: 0.7620 | Acc: 80.08%
2024-03-19 13:34 after_fed Round:  12 | Epochs:  60 | Domain: l | loss: 1.2894 | Acc: 64.71%
2024-03-19 13:34 after_fed Round:  12 | Epochs:  60 | Domain: c | loss: 0.0112 | Acc: 100.00%
2024-03-19 13:34 test_domain Round:  12 | Epochs:  60 | Domain: s | loss: 0.9654 | Acc: 69.24%
2024-03-19 13:34 before_fed Round:  13 | Epochs:  65 | Domain: v | loss: 0.8778 | Acc: 80.51%
2024-03-19 13:35 before_fed Round:  13 | Epochs:  65 | Domain: l | loss: 1.0030 | Acc: 71.12%
2024-03-19 13:35 before_fed Round:  13 | Epochs:  65 | Domain: c | loss: 0.0066 | Acc: 100.00%
2024-03-19 13:35 after_fed Round:  13 | Epochs:  65 | Domain: v | loss: 0.7925 | Acc: 79.66%
2024-03-19 13:35 after_fed Round:  13 | Epochs:  65 | Domain: l | loss: 1.3359 | Acc: 65.78%
2024-03-19 13:35 after_fed Round:  13 | Epochs:  65 | Domain: c | loss: 0.0113 | Acc: 100.00%
2024-03-19 13:35 test_domain Round:  13 | Epochs:  65 | Domain: s | loss: 1.0020 | Acc: 68.93%
2024-03-19 13:36 before_fed Round:  14 | Epochs:  70 | Domain: v | loss: 0.9223 | Acc: 81.78%
2024-03-19 13:37 before_fed Round:  14 | Epochs:  70 | Domain: l | loss: 1.0645 | Acc: 71.12%
2024-03-19 13:37 before_fed Round:  14 | Epochs:  70 | Domain: c | loss: 0.0087 | Acc: 99.00%
2024-03-19 13:37 after_fed Round:  14 | Epochs:  70 | Domain: v | loss: 0.8308 | Acc: 79.24%
2024-03-19 13:37 after_fed Round:  14 | Epochs:  70 | Domain: l | loss: 1.3910 | Acc: 64.71%
2024-03-19 13:37 after_fed Round:  14 | Epochs:  70 | Domain: c | loss: 0.0114 | Acc: 100.00%
2024-03-19 13:37 test_domain Round:  14 | Epochs:  70 | Domain: s | loss: 1.0445 | Acc: 68.73%
2024-03-19 13:38 before_fed Round:  15 | Epochs:  75 | Domain: v | loss: 0.9581 | Acc: 80.08%
2024-03-19 13:38 before_fed Round:  15 | Epochs:  75 | Domain: l | loss: 1.1052 | Acc: 70.59%
2024-03-19 13:39 before_fed Round:  15 | Epochs:  75 | Domain: c | loss: 0.0099 | Acc: 99.00%
2024-03-19 13:39 after_fed Round:  15 | Epochs:  75 | Domain: v | loss: 0.8690 | Acc: 78.81%
2024-03-19 13:39 after_fed Round:  15 | Epochs:  75 | Domain: l | loss: 1.4758 | Acc: 63.64%
2024-03-19 13:39 after_fed Round:  15 | Epochs:  75 | Domain: c | loss: 0.0108 | Acc: 100.00%
2024-03-19 13:39 test_domain Round:  15 | Epochs:  75 | Domain: s | loss: 1.0878 | Acc: 68.73%
2024-03-19 13:40 before_fed Round:  16 | Epochs:  80 | Domain: v | loss: 0.9905 | Acc: 79.24%
2024-03-19 13:40 before_fed Round:  16 | Epochs:  80 | Domain: l | loss: 1.1560 | Acc: 70.59%
2024-03-19 13:40 before_fed Round:  16 | Epochs:  80 | Domain: c | loss: 0.0120 | Acc: 99.00%
2024-03-19 13:40 after_fed Round:  16 | Epochs:  80 | Domain: v | loss: 0.9042 | Acc: 79.66%
2024-03-19 13:41 after_fed Round:  16 | Epochs:  80 | Domain: l | loss: 1.5582 | Acc: 63.10%
2024-03-19 13:41 after_fed Round:  16 | Epochs:  80 | Domain: c | loss: 0.0110 | Acc: 100.00%
2024-03-19 13:41 test_domain Round:  16 | Epochs:  80 | Domain: s | loss: 1.1361 | Acc: 68.83%
2024-03-19 13:41 before_fed Round:  17 | Epochs:  85 | Domain: v | loss: 1.0302 | Acc: 80.51%
2024-03-19 13:42 before_fed Round:  17 | Epochs:  85 | Domain: l | loss: 1.1956 | Acc: 69.52%
2024-03-19 13:42 before_fed Round:  17 | Epochs:  85 | Domain: c | loss: 0.0151 | Acc: 99.00%
2024-03-19 13:42 after_fed Round:  17 | Epochs:  85 | Domain: v | loss: 0.9423 | Acc: 79.66%
2024-03-19 13:42 after_fed Round:  17 | Epochs:  85 | Domain: l | loss: 1.6274 | Acc: 63.10%
2024-03-19 13:42 after_fed Round:  17 | Epochs:  85 | Domain: c | loss: 0.0113 | Acc: 100.00%
2024-03-19 13:42 test_domain Round:  17 | Epochs:  85 | Domain: s | loss: 1.1834 | Acc: 68.63%
2024-03-19 13:43 before_fed Round:  18 | Epochs:  90 | Domain: v | loss: 1.0780 | Acc: 79.66%
2024-03-19 13:44 before_fed Round:  18 | Epochs:  90 | Domain: l | loss: 1.2557 | Acc: 69.52%
2024-03-19 13:44 before_fed Round:  18 | Epochs:  90 | Domain: c | loss: 0.0154 | Acc: 99.00%
2024-03-19 13:44 after_fed Round:  18 | Epochs:  90 | Domain: v | loss: 0.9854 | Acc: 79.66%
2024-03-19 13:44 after_fed Round:  18 | Epochs:  90 | Domain: l | loss: 1.7047 | Acc: 62.57%
2024-03-19 13:44 after_fed Round:  18 | Epochs:  90 | Domain: c | loss: 0.0123 | Acc: 100.00%
2024-03-19 13:44 test_domain Round:  18 | Epochs:  90 | Domain: s | loss: 1.2313 | Acc: 68.73%
2024-03-19 13:45 before_fed Round:  19 | Epochs:  95 | Domain: v | loss: 1.1127 | Acc: 80.08%
2024-03-19 13:45 before_fed Round:  19 | Epochs:  95 | Domain: l | loss: 1.3011 | Acc: 69.52%
2024-03-19 13:46 before_fed Round:  19 | Epochs:  95 | Domain: c | loss: 0.0157 | Acc: 99.00%
2024-03-19 13:46 after_fed Round:  19 | Epochs:  95 | Domain: v | loss: 1.0201 | Acc: 80.08%
2024-03-19 13:46 after_fed Round:  19 | Epochs:  95 | Domain: l | loss: 1.7706 | Acc: 62.57%
2024-03-19 13:46 after_fed Round:  19 | Epochs:  95 | Domain: c | loss: 0.0140 | Acc: 99.00%
2024-03-19 13:46 test_domain Round:  19 | Epochs:  95 | Domain: s | loss: 1.2863 | Acc: 68.63%
2024-03-19 13:47 before_fed Round:  20 | Epochs: 100 | Domain: v | loss: 1.1650 | Acc: 80.08%
2024-03-19 13:47 before_fed Round:  20 | Epochs: 100 | Domain: l | loss: 1.3462 | Acc: 68.98%
2024-03-19 13:48 before_fed Round:  20 | Epochs: 100 | Domain: c | loss: 0.0169 | Acc: 99.00%
2024-03-19 13:48 after_fed Round:  20 | Epochs: 100 | Domain: v | loss: 1.0611 | Acc: 80.08%
2024-03-19 13:48 after_fed Round:  20 | Epochs: 100 | Domain: l | loss: 1.8364 | Acc: 62.03%
2024-03-19 13:48 after_fed Round:  20 | Epochs: 100 | Domain: c | loss: 0.0148 | Acc: 98.00%
2024-03-19 13:48 test_domain Round:  20 | Epochs: 100 | Domain: s | loss: 1.3357 | Acc: 68.83%
2024-03-19 13:48 before_fed Round:  21 | Epochs: 105 | Domain: v | loss: 1.2238 | Acc: 80.08%
2024-03-19 13:49 before_fed Round:  21 | Epochs: 105 | Domain: l | loss: 1.4136 | Acc: 68.45%
2024-03-19 13:49 before_fed Round:  21 | Epochs: 105 | Domain: c | loss: 0.0191 | Acc: 99.00%
2024-03-19 13:49 after_fed Round:  21 | Epochs: 105 | Domain: v | loss: 1.1149 | Acc: 79.66%
2024-03-19 13:49 after_fed Round:  21 | Epochs: 105 | Domain: l | loss: 1.9269 | Acc: 61.50%
2024-03-19 13:49 after_fed Round:  21 | Epochs: 105 | Domain: c | loss: 0.0136 | Acc: 99.00%
2024-03-19 13:49 test_domain Round:  21 | Epochs: 105 | Domain: s | loss: 1.3977 | Acc: 68.63%
2024-03-19 13:50 before_fed Round:  22 | Epochs: 110 | Domain: v | loss: 1.2745 | Acc: 80.51%
2024-03-19 13:51 before_fed Round:  22 | Epochs: 110 | Domain: l | loss: 1.4865 | Acc: 68.45%
2024-03-19 13:51 before_fed Round:  22 | Epochs: 110 | Domain: c | loss: 0.0201 | Acc: 99.00%
2024-03-19 13:51 after_fed Round:  22 | Epochs: 110 | Domain: v | loss: 1.1661 | Acc: 79.66%
2024-03-19 13:51 after_fed Round:  22 | Epochs: 110 | Domain: l | loss: 1.9957 | Acc: 61.50%
2024-03-19 13:51 after_fed Round:  22 | Epochs: 110 | Domain: c | loss: 0.0133 | Acc: 99.00%
2024-03-19 13:51 test_domain Round:  22 | Epochs: 110 | Domain: s | loss: 1.4583 | Acc: 68.32%
2024-03-19 13:52 before_fed Round:  23 | Epochs: 115 | Domain: v | loss: 1.2993 | Acc: 79.24%
2024-03-19 13:52 before_fed Round:  23 | Epochs: 115 | Domain: l | loss: 1.5091 | Acc: 68.45%
2024-03-19 13:53 before_fed Round:  23 | Epochs: 115 | Domain: c | loss: 0.0222 | Acc: 99.00%
2024-03-19 13:53 after_fed Round:  23 | Epochs: 115 | Domain: v | loss: 1.2004 | Acc: 79.66%
2024-03-19 13:53 after_fed Round:  23 | Epochs: 115 | Domain: l | loss: 2.1021 | Acc: 62.57%
2024-03-19 13:53 after_fed Round:  23 | Epochs: 115 | Domain: c | loss: 0.0137 | Acc: 99.00%
2024-03-19 13:53 test_domain Round:  23 | Epochs: 115 | Domain: s | loss: 1.5147 | Acc: 68.12%
2024-03-19 13:53 before_fed Round:  24 | Epochs: 120 | Domain: v | loss: 1.3602 | Acc: 80.51%
2024-03-19 13:54 before_fed Round:  24 | Epochs: 120 | Domain: l | loss: 1.5783 | Acc: 67.91%
2024-03-19 13:54 before_fed Round:  24 | Epochs: 120 | Domain: c | loss: 0.0233 | Acc: 99.00%
2024-03-19 13:54 after_fed Round:  24 | Epochs: 120 | Domain: v | loss: 1.2397 | Acc: 79.66%
2024-03-19 13:54 after_fed Round:  24 | Epochs: 120 | Domain: l | loss: 2.1734 | Acc: 62.57%
2024-03-19 13:54 after_fed Round:  24 | Epochs: 120 | Domain: c | loss: 0.0140 | Acc: 99.00%
2024-03-19 13:54 test_domain Round:  24 | Epochs: 120 | Domain: s | loss: 1.5696 | Acc: 67.82%
2024-03-19 13:55 before_fed Round:  25 | Epochs: 125 | Domain: v | loss: 1.4232 | Acc: 79.66%
2024-03-19 13:56 before_fed Round:  25 | Epochs: 125 | Domain: l | loss: 1.6629 | Acc: 68.45%
2024-03-19 13:56 before_fed Round:  25 | Epochs: 125 | Domain: c | loss: 0.0246 | Acc: 99.00%
2024-03-19 13:56 after_fed Round:  25 | Epochs: 125 | Domain: v | loss: 1.3000 | Acc: 79.66%
2024-03-19 13:56 after_fed Round:  25 | Epochs: 125 | Domain: l | loss: 2.2793 | Acc: 62.03%
2024-03-19 13:56 after_fed Round:  25 | Epochs: 125 | Domain: c | loss: 0.0162 | Acc: 99.00%
2024-03-19 13:56 test_domain Round:  25 | Epochs: 125 | Domain: s | loss: 1.6289 | Acc: 67.72%
2024-03-19 13:57 before_fed Round:  26 | Epochs: 130 | Domain: v | loss: 1.4738 | Acc: 80.08%
2024-03-19 13:57 before_fed Round:  26 | Epochs: 130 | Domain: l | loss: 1.7393 | Acc: 68.45%
2024-03-19 13:57 before_fed Round:  26 | Epochs: 130 | Domain: c | loss: 0.0238 | Acc: 99.00%
2024-03-19 13:58 after_fed Round:  26 | Epochs: 130 | Domain: v | loss: 1.3470 | Acc: 79.66%
2024-03-19 13:58 after_fed Round:  26 | Epochs: 130 | Domain: l | loss: 2.4059 | Acc: 60.96%
2024-03-19 13:58 after_fed Round:  26 | Epochs: 130 | Domain: c | loss: 0.0173 | Acc: 98.00%
2024-03-19 13:58 test_domain Round:  26 | Epochs: 130 | Domain: s | loss: 1.6918 | Acc: 67.61%
2024-03-19 13:58 before_fed Round:  27 | Epochs: 135 | Domain: v | loss: 1.4982 | Acc: 79.24%
2024-03-19 13:59 before_fed Round:  27 | Epochs: 135 | Domain: l | loss: 1.8397 | Acc: 68.98%
2024-03-19 13:59 before_fed Round:  27 | Epochs: 135 | Domain: c | loss: 0.0237 | Acc: 99.00%
2024-03-19 13:59 after_fed Round:  27 | Epochs: 135 | Domain: v | loss: 1.3821 | Acc: 79.66%
2024-03-19 13:59 after_fed Round:  27 | Epochs: 135 | Domain: l | loss: 2.5391 | Acc: 60.96%
2024-03-19 13:59 after_fed Round:  27 | Epochs: 135 | Domain: c | loss: 0.0178 | Acc: 99.00%
2024-03-19 13:59 test_domain Round:  27 | Epochs: 135 | Domain: s | loss: 1.7442 | Acc: 67.51%
2024-03-19 14:00 before_fed Round:  28 | Epochs: 140 | Domain: v | loss: 1.5701 | Acc: 79.24%
2024-03-19 14:00 before_fed Round:  28 | Epochs: 140 | Domain: l | loss: 1.9168 | Acc: 68.45%
2024-03-19 14:01 before_fed Round:  28 | Epochs: 140 | Domain: c | loss: 0.0263 | Acc: 99.00%
2024-03-19 14:01 after_fed Round:  28 | Epochs: 140 | Domain: v | loss: 1.4324 | Acc: 79.24%
2024-03-19 14:01 after_fed Round:  28 | Epochs: 140 | Domain: l | loss: 2.6046 | Acc: 60.43%
2024-03-19 14:01 after_fed Round:  28 | Epochs: 140 | Domain: c | loss: 0.0172 | Acc: 99.00%
2024-03-19 14:01 test_domain Round:  28 | Epochs: 140 | Domain: s | loss: 1.7999 | Acc: 67.41%
2024-03-19 14:01 before_fed Round:  29 | Epochs: 145 | Domain: v | loss: 1.6425 | Acc: 78.81%
2024-03-19 14:02 before_fed Round:  29 | Epochs: 145 | Domain: l | loss: 1.9516 | Acc: 67.91%
2024-03-19 14:02 before_fed Round:  29 | Epochs: 145 | Domain: c | loss: 0.0246 | Acc: 99.00%
2024-03-19 14:02 after_fed Round:  29 | Epochs: 145 | Domain: v | loss: 1.4873 | Acc: 79.24%
2024-03-19 14:02 after_fed Round:  29 | Epochs: 145 | Domain: l | loss: 2.6960 | Acc: 60.96%
2024-03-19 14:02 after_fed Round:  29 | Epochs: 145 | Domain: c | loss: 0.0177 | Acc: 99.00%
2024-03-19 14:02 test_domain Round:  29 | Epochs: 145 | Domain: s | loss: 1.8556 | Acc: 67.51%
2024-03-19 14:03 before_fed Round:  30 | Epochs: 150 | Domain: v | loss: 1.6545 | Acc: 78.81%
2024-03-19 14:03 before_fed Round:  30 | Epochs: 150 | Domain: l | loss: 2.1189 | Acc: 68.98%
2024-03-19 14:04 before_fed Round:  30 | Epochs: 150 | Domain: c | loss: 0.0256 | Acc: 99.00%
2024-03-19 14:04 after_fed Round:  30 | Epochs: 150 | Domain: v | loss: 1.5263 | Acc: 79.24%
2024-03-19 14:04 after_fed Round:  30 | Epochs: 150 | Domain: l | loss: 2.8227 | Acc: 60.96%
2024-03-19 14:04 after_fed Round:  30 | Epochs: 150 | Domain: c | loss: 0.0205 | Acc: 99.00%
2024-03-19 14:04 test_domain Round:  30 | Epochs: 150 | Domain: s | loss: 1.9141 | Acc: 67.61%
2024-03-19 14:05 before_fed Round:  31 | Epochs: 155 | Domain: v | loss: 1.6982 | Acc: 79.66%
2024-03-19 14:05 before_fed Round:  31 | Epochs: 155 | Domain: l | loss: 2.1384 | Acc: 68.98%
2024-03-19 14:05 before_fed Round:  31 | Epochs: 155 | Domain: c | loss: 0.0288 | Acc: 99.00%
2024-03-19 14:05 after_fed Round:  31 | Epochs: 155 | Domain: v | loss: 1.5648 | Acc: 79.66%
2024-03-19 14:05 after_fed Round:  31 | Epochs: 155 | Domain: l | loss: 2.7961 | Acc: 61.50%
2024-03-19 14:06 after_fed Round:  31 | Epochs: 155 | Domain: c | loss: 0.0216 | Acc: 99.00%
2024-03-19 14:06 test_domain Round:  31 | Epochs: 155 | Domain: s | loss: 1.9738 | Acc: 67.61%
2024-03-19 14:06 before_fed Round:  32 | Epochs: 160 | Domain: v | loss: 1.7540 | Acc: 79.66%
2024-03-19 14:07 before_fed Round:  32 | Epochs: 160 | Domain: l | loss: 2.1880 | Acc: 67.91%
2024-03-19 14:07 before_fed Round:  32 | Epochs: 160 | Domain: c | loss: 0.0292 | Acc: 99.00%
2024-03-19 14:07 after_fed Round:  32 | Epochs: 160 | Domain: v | loss: 1.6146 | Acc: 79.24%
2024-03-19 14:07 after_fed Round:  32 | Epochs: 160 | Domain: l | loss: 2.9082 | Acc: 62.03%
2024-03-19 14:07 after_fed Round:  32 | Epochs: 160 | Domain: c | loss: 0.0217 | Acc: 99.00%
2024-03-19 14:07 test_domain Round:  32 | Epochs: 160 | Domain: s | loss: 2.0303 | Acc: 67.41%
2024-03-19 14:08 before_fed Round:  33 | Epochs: 165 | Domain: v | loss: 1.7700 | Acc: 78.81%
2024-03-19 14:08 before_fed Round:  33 | Epochs: 165 | Domain: l | loss: 2.2788 | Acc: 67.91%
2024-03-19 14:09 before_fed Round:  33 | Epochs: 165 | Domain: c | loss: 0.0287 | Acc: 99.00%
2024-03-19 14:09 after_fed Round:  33 | Epochs: 165 | Domain: v | loss: 1.6482 | Acc: 79.66%
2024-03-19 14:09 after_fed Round:  33 | Epochs: 165 | Domain: l | loss: 3.0866 | Acc: 62.03%
2024-03-19 14:09 after_fed Round:  33 | Epochs: 165 | Domain: c | loss: 0.0223 | Acc: 99.00%
2024-03-19 14:09 test_domain Round:  33 | Epochs: 165 | Domain: s | loss: 2.0811 | Acc: 67.72%
2024-03-19 14:09 before_fed Round:  34 | Epochs: 170 | Domain: v | loss: 1.8194 | Acc: 79.24%
2024-03-19 14:10 before_fed Round:  34 | Epochs: 170 | Domain: l | loss: 2.3506 | Acc: 67.91%
2024-03-19 14:10 before_fed Round:  34 | Epochs: 170 | Domain: c | loss: 0.0297 | Acc: 99.00%
2024-03-19 14:10 after_fed Round:  34 | Epochs: 170 | Domain: v | loss: 1.6945 | Acc: 79.66%
2024-03-19 14:10 after_fed Round:  34 | Epochs: 170 | Domain: l | loss: 3.1002 | Acc: 62.03%
2024-03-19 14:10 after_fed Round:  34 | Epochs: 170 | Domain: c | loss: 0.0211 | Acc: 99.00%
2024-03-19 14:10 test_domain Round:  34 | Epochs: 170 | Domain: s | loss: 2.1639 | Acc: 67.21%
2024-03-19 14:11 before_fed Round:  35 | Epochs: 175 | Domain: v | loss: 1.8987 | Acc: 77.97%
2024-03-19 14:11 before_fed Round:  35 | Epochs: 175 | Domain: l | loss: 2.4099 | Acc: 67.38%
2024-03-19 14:12 before_fed Round:  35 | Epochs: 175 | Domain: c | loss: 0.0289 | Acc: 99.00%
2024-03-19 14:12 after_fed Round:  35 | Epochs: 175 | Domain: v | loss: 1.7517 | Acc: 77.97%
2024-03-19 14:12 after_fed Round:  35 | Epochs: 175 | Domain: l | loss: 3.2065 | Acc: 62.57%
2024-03-19 14:12 after_fed Round:  35 | Epochs: 175 | Domain: c | loss: 0.0222 | Acc: 99.00%
2024-03-19 14:12 test_domain Round:  35 | Epochs: 175 | Domain: s | loss: 2.2243 | Acc: 67.41%
2024-03-19 14:12 before_fed Round:  36 | Epochs: 180 | Domain: v | loss: 1.9143 | Acc: 78.81%
2024-03-19 14:13 before_fed Round:  36 | Epochs: 180 | Domain: l | loss: 2.4235 | Acc: 68.45%
2024-03-19 14:13 before_fed Round:  36 | Epochs: 180 | Domain: c | loss: 0.0309 | Acc: 99.00%
2024-03-19 14:13 after_fed Round:  36 | Epochs: 180 | Domain: v | loss: 1.7777 | Acc: 78.81%
2024-03-19 14:13 after_fed Round:  36 | Epochs: 180 | Domain: l | loss: 3.2678 | Acc: 62.03%
2024-03-19 14:13 after_fed Round:  36 | Epochs: 180 | Domain: c | loss: 0.0215 | Acc: 99.00%
2024-03-19 14:14 test_domain Round:  36 | Epochs: 180 | Domain: s | loss: 2.2727 | Acc: 67.72%
2024-03-19 14:14 before_fed Round:  37 | Epochs: 185 | Domain: v | loss: 1.9034 | Acc: 78.81%
2024-03-19 14:15 before_fed Round:  37 | Epochs: 185 | Domain: l | loss: 2.4116 | Acc: 67.91%
2024-03-19 14:15 before_fed Round:  37 | Epochs: 185 | Domain: c | loss: 0.0316 | Acc: 99.00%
2024-03-19 14:15 after_fed Round:  37 | Epochs: 185 | Domain: v | loss: 1.8049 | Acc: 78.81%
2024-03-19 14:15 after_fed Round:  37 | Epochs: 185 | Domain: l | loss: 3.2622 | Acc: 63.10%
2024-03-19 14:15 after_fed Round:  37 | Epochs: 185 | Domain: c | loss: 0.0214 | Acc: 99.00%
2024-03-19 14:15 test_domain Round:  37 | Epochs: 185 | Domain: s | loss: 2.3383 | Acc: 67.41%
2024-03-19 14:16 before_fed Round:  38 | Epochs: 190 | Domain: v | loss: 1.8957 | Acc: 77.97%
2024-03-19 14:16 before_fed Round:  38 | Epochs: 190 | Domain: l | loss: 2.5000 | Acc: 66.84%
2024-03-19 14:17 before_fed Round:  38 | Epochs: 190 | Domain: c | loss: 0.0322 | Acc: 99.00%
2024-03-19 14:17 after_fed Round:  38 | Epochs: 190 | Domain: v | loss: 1.8196 | Acc: 79.66%
2024-03-19 14:17 after_fed Round:  38 | Epochs: 190 | Domain: l | loss: 3.3373 | Acc: 60.96%
2024-03-19 14:17 after_fed Round:  38 | Epochs: 190 | Domain: c | loss: 0.0212 | Acc: 99.00%
2024-03-19 14:17 test_domain Round:  38 | Epochs: 190 | Domain: s | loss: 2.4069 | Acc: 67.01%
2024-03-19 14:17 before_fed Round:  39 | Epochs: 195 | Domain: v | loss: 1.9837 | Acc: 78.39%
2024-03-19 14:18 before_fed Round:  39 | Epochs: 195 | Domain: l | loss: 2.5789 | Acc: 67.38%
2024-03-19 14:18 before_fed Round:  39 | Epochs: 195 | Domain: c | loss: 0.0321 | Acc: 99.00%
2024-03-19 14:18 after_fed Round:  39 | Epochs: 195 | Domain: v | loss: 1.8815 | Acc: 79.24%
2024-03-19 14:18 after_fed Round:  39 | Epochs: 195 | Domain: l | loss: 3.5397 | Acc: 60.43%
2024-03-19 14:18 after_fed Round:  39 | Epochs: 195 | Domain: c | loss: 0.0209 | Acc: 99.00%
2024-03-19 14:18 test_domain Round:  39 | Epochs: 195 | Domain: s | loss: 2.4468 | Acc: 67.01%
2024-03-19 14:19 before_fed Round:  40 | Epochs: 200 | Domain: v | loss: 2.0151 | Acc: 77.97%
2024-03-19 14:19 before_fed Round:  40 | Epochs: 200 | Domain: l | loss: 2.6334 | Acc: 68.45%
2024-03-19 14:20 before_fed Round:  40 | Epochs: 200 | Domain: c | loss: 0.0302 | Acc: 99.00%
2024-03-19 14:20 after_fed Round:  40 | Epochs: 200 | Domain: v | loss: 1.9195 | Acc: 78.81%
2024-03-19 14:20 after_fed Round:  40 | Epochs: 200 | Domain: l | loss: 3.6983 | Acc: 58.82%
2024-03-19 14:20 after_fed Round:  40 | Epochs: 200 | Domain: c | loss: 0.0239 | Acc: 99.00%
2024-03-19 14:20 test_domain Round:  40 | Epochs: 200 | Domain: s | loss: 2.4695 | Acc: 67.82%
