2024-04-16 16:46 comment: scaffold, ccnet(3heads), pacs on s
2024-04-16 16:47 before_fed Round:   0 | Epochs:   0 | Domain: p | loss: 0.5167 | Acc: 85.63%
2024-04-16 16:48 before_fed Round:   0 | Epochs:   0 | Domain: a | loss: 0.9185 | Acc: 70.73%
2024-04-16 16:49 before_fed Round:   0 | Epochs:   0 | Domain: c | loss: 0.9092 | Acc: 69.79%
2024-04-16 16:49 after_fed Round:   0 | Epochs:   0 | Domain: p | loss: 0.6735 | Acc: 82.63%
2024-04-16 16:49 after_fed Round:   0 | Epochs:   0 | Domain: a | loss: 1.0820 | Acc: 61.95%
2024-04-16 16:49 after_fed Round:   0 | Epochs:   0 | Domain: c | loss: 1.2062 | Acc: 56.17%
2024-04-16 16:49 Model saved! Best Val Acc: 65.41%
2024-04-16 16:49 test_domain Round:   0 | Epochs:   0 | Domain: s | loss: 1.5946 | Acc: 37.21%
2024-04-16 16:50 before_fed Round:   1 | Epochs:   5 | Domain: p | loss: 0.1999 | Acc: 94.01%
2024-04-16 16:50 before_fed Round:   1 | Epochs:   5 | Domain: a | loss: 0.5649 | Acc: 80.98%
2024-04-16 16:51 before_fed Round:   1 | Epochs:   5 | Domain: c | loss: 0.6464 | Acc: 77.02%
2024-04-16 16:51 after_fed Round:   1 | Epochs:   5 | Domain: p | loss: 0.3104 | Acc: 89.82%
2024-04-16 16:51 after_fed Round:   1 | Epochs:   5 | Domain: a | loss: 0.7200 | Acc: 78.54%
2024-04-16 16:51 after_fed Round:   1 | Epochs:   5 | Domain: c | loss: 0.8420 | Acc: 69.79%
2024-04-16 16:51 Model saved! Best Val Acc: 78.26%
2024-04-16 16:51 test_domain Round:   1 | Epochs:   5 | Domain: s | loss: 1.2043 | Acc: 56.07%
2024-04-16 16:52 before_fed Round:   2 | Epochs:  10 | Domain: p | loss: 0.1394 | Acc: 95.81%
2024-04-16 16:52 before_fed Round:   2 | Epochs:  10 | Domain: a | loss: 0.5110 | Acc: 81.95%
2024-04-16 16:53 before_fed Round:   2 | Epochs:  10 | Domain: c | loss: 0.5755 | Acc: 80.43%
2024-04-16 16:53 after_fed Round:   2 | Epochs:  10 | Domain: p | loss: 0.2235 | Acc: 92.22%
2024-04-16 16:53 after_fed Round:   2 | Epochs:  10 | Domain: a | loss: 0.6100 | Acc: 80.00%
2024-04-16 16:53 after_fed Round:   2 | Epochs:  10 | Domain: c | loss: 0.7234 | Acc: 76.17%
2024-04-16 16:53 Model saved! Best Val Acc: 81.88%
2024-04-16 16:53 test_domain Round:   2 | Epochs:  10 | Domain: s | loss: 1.0508 | Acc: 61.87%
2024-04-16 16:54 before_fed Round:   3 | Epochs:  15 | Domain: p | loss: 0.1288 | Acc: 95.81%
2024-04-16 16:54 before_fed Round:   3 | Epochs:  15 | Domain: a | loss: 0.4888 | Acc: 81.95%
2024-04-16 16:55 before_fed Round:   3 | Epochs:  15 | Domain: c | loss: 0.5458 | Acc: 80.85%
2024-04-16 16:55 after_fed Round:   3 | Epochs:  15 | Domain: p | loss: 0.1932 | Acc: 92.22%
2024-04-16 16:55 after_fed Round:   3 | Epochs:  15 | Domain: a | loss: 0.5640 | Acc: 80.98%
2024-04-16 16:55 after_fed Round:   3 | Epochs:  15 | Domain: c | loss: 0.6646 | Acc: 77.87%
2024-04-16 16:55 Model saved! Best Val Acc: 82.87%
2024-04-16 16:55 test_domain Round:   3 | Epochs:  15 | Domain: s | loss: 0.9889 | Acc: 63.60%
2024-04-16 16:56 before_fed Round:   4 | Epochs:  20 | Domain: p | loss: 0.1234 | Acc: 95.21%
2024-04-16 16:56 before_fed Round:   4 | Epochs:  20 | Domain: a | loss: 0.4735 | Acc: 81.46%
2024-04-16 16:57 before_fed Round:   4 | Epochs:  20 | Domain: c | loss: 0.5336 | Acc: 81.28%
2024-04-16 16:57 after_fed Round:   4 | Epochs:  20 | Domain: p | loss: 0.1775 | Acc: 92.22%
2024-04-16 16:57 after_fed Round:   4 | Epochs:  20 | Domain: a | loss: 0.5370 | Acc: 81.95%
2024-04-16 16:57 after_fed Round:   4 | Epochs:  20 | Domain: c | loss: 0.6257 | Acc: 79.57%
2024-04-16 16:57 Model saved! Best Val Acc: 83.86%
2024-04-16 16:57 test_domain Round:   4 | Epochs:  20 | Domain: s | loss: 0.9575 | Acc: 64.47%
2024-04-16 16:58 before_fed Round:   5 | Epochs:  25 | Domain: p | loss: 0.1184 | Acc: 95.21%
2024-04-16 16:58 before_fed Round:   5 | Epochs:  25 | Domain: a | loss: 0.4613 | Acc: 81.95%
2024-04-16 16:59 before_fed Round:   5 | Epochs:  25 | Domain: c | loss: 0.5213 | Acc: 81.28%
2024-04-16 16:59 after_fed Round:   5 | Epochs:  25 | Domain: p | loss: 0.1665 | Acc: 92.81%
2024-04-16 16:59 after_fed Round:   5 | Epochs:  25 | Domain: a | loss: 0.5173 | Acc: 82.93%
2024-04-16 16:59 after_fed Round:   5 | Epochs:  25 | Domain: c | loss: 0.5993 | Acc: 80.43%
2024-04-16 16:59 Model saved! Best Val Acc: 84.68%
2024-04-16 16:59 test_domain Round:   5 | Epochs:  25 | Domain: s | loss: 0.9365 | Acc: 65.03%
2024-04-16 16:59 before_fed Round:   6 | Epochs:  30 | Domain: p | loss: 0.1145 | Acc: 95.81%
2024-04-16 17:00 before_fed Round:   6 | Epochs:  30 | Domain: a | loss: 0.4526 | Acc: 81.95%
2024-04-16 17:01 before_fed Round:   6 | Epochs:  30 | Domain: c | loss: 0.5064 | Acc: 82.13%
2024-04-16 17:01 after_fed Round:   6 | Epochs:  30 | Domain: p | loss: 0.1582 | Acc: 93.41%
2024-04-16 17:01 after_fed Round:   6 | Epochs:  30 | Domain: a | loss: 0.5032 | Acc: 82.93%
2024-04-16 17:01 after_fed Round:   6 | Epochs:  30 | Domain: c | loss: 0.5776 | Acc: 81.28%
2024-04-16 17:01 Model saved! Best Val Acc: 85.18%
2024-04-16 17:01 test_domain Round:   6 | Epochs:  30 | Domain: s | loss: 0.9182 | Acc: 65.59%
2024-04-16 17:01 before_fed Round:   7 | Epochs:  35 | Domain: p | loss: 0.1117 | Acc: 96.41%
2024-04-16 17:02 before_fed Round:   7 | Epochs:  35 | Domain: a | loss: 0.4462 | Acc: 83.90%
2024-04-16 17:02 before_fed Round:   7 | Epochs:  35 | Domain: c | loss: 0.4990 | Acc: 82.13%
2024-04-16 17:02 after_fed Round:   7 | Epochs:  35 | Domain: p | loss: 0.1522 | Acc: 93.41%
2024-04-16 17:02 after_fed Round:   7 | Epochs:  35 | Domain: a | loss: 0.4916 | Acc: 82.93%
2024-04-16 17:02 after_fed Round:   7 | Epochs:  35 | Domain: c | loss: 0.5623 | Acc: 82.55%
2024-04-16 17:02 Model saved! Best Val Acc: 85.67%
2024-04-16 17:02 test_domain Round:   7 | Epochs:  35 | Domain: s | loss: 0.9064 | Acc: 65.97%
2024-04-16 17:03 before_fed Round:   8 | Epochs:  40 | Domain: p | loss: 0.1114 | Acc: 96.41%
2024-04-16 17:03 before_fed Round:   8 | Epochs:  40 | Domain: a | loss: 0.4405 | Acc: 83.90%
2024-04-16 17:04 before_fed Round:   8 | Epochs:  40 | Domain: c | loss: 0.4927 | Acc: 82.13%
2024-04-16 17:04 after_fed Round:   8 | Epochs:  40 | Domain: p | loss: 0.1477 | Acc: 94.01%
2024-04-16 17:04 after_fed Round:   8 | Epochs:  40 | Domain: a | loss: 0.4834 | Acc: 83.90%
2024-04-16 17:04 after_fed Round:   8 | Epochs:  40 | Domain: c | loss: 0.5485 | Acc: 83.83%
2024-04-16 17:04 Model saved! Best Val Acc: 86.66%
2024-04-16 17:04 test_domain Round:   8 | Epochs:  40 | Domain: s | loss: 0.9013 | Acc: 66.10%
2024-04-16 17:05 before_fed Round:   9 | Epochs:  45 | Domain: p | loss: 0.1087 | Acc: 96.41%
2024-04-16 17:05 before_fed Round:   9 | Epochs:  45 | Domain: a | loss: 0.4361 | Acc: 83.90%
2024-04-16 17:06 before_fed Round:   9 | Epochs:  45 | Domain: c | loss: 0.4848 | Acc: 83.40%
2024-04-16 17:06 after_fed Round:   9 | Epochs:  45 | Domain: p | loss: 0.1434 | Acc: 94.01%
2024-04-16 17:06 after_fed Round:   9 | Epochs:  45 | Domain: a | loss: 0.4767 | Acc: 84.39%
2024-04-16 17:06 after_fed Round:   9 | Epochs:  45 | Domain: c | loss: 0.5367 | Acc: 83.83%
2024-04-16 17:06 Model saved! Best Val Acc: 86.82%
2024-04-16 17:06 test_domain Round:   9 | Epochs:  45 | Domain: s | loss: 0.8938 | Acc: 66.30%
2024-04-16 17:06 before_fed Round:  10 | Epochs:  50 | Domain: p | loss: 0.1070 | Acc: 96.41%
2024-04-16 17:07 before_fed Round:  10 | Epochs:  50 | Domain: a | loss: 0.4322 | Acc: 83.90%
2024-04-16 17:07 before_fed Round:  10 | Epochs:  50 | Domain: c | loss: 0.4852 | Acc: 82.98%
2024-04-16 17:07 after_fed Round:  10 | Epochs:  50 | Domain: p | loss: 0.1399 | Acc: 94.01%
2024-04-16 17:07 after_fed Round:  10 | Epochs:  50 | Domain: a | loss: 0.4715 | Acc: 84.88%
2024-04-16 17:07 after_fed Round:  10 | Epochs:  50 | Domain: c | loss: 0.5288 | Acc: 84.26%
2024-04-16 17:07 Model saved! Best Val Acc: 87.15%
2024-04-16 17:07 test_domain Round:  10 | Epochs:  50 | Domain: s | loss: 0.8931 | Acc: 66.40%
