2024-04-15 11:48 comment: fedprox, ccnet(3heads), vlcs on v
2024-04-15 11:48 before_fed Round:   0 | Epochs:   0 | Domain: l | loss: 0.8051 | Acc: 73.26%
2024-04-15 11:49 before_fed Round:   0 | Epochs:   0 | Domain: c | loss: 0.0489 | Acc: 99.00%
2024-04-15 11:49 before_fed Round:   0 | Epochs:   0 | Domain: s | loss: 0.8015 | Acc: 74.78%
2024-04-15 11:49 after_fed Round:   0 | Epochs:   0 | Domain: l | loss: 1.2252 | Acc: 60.43%
2024-04-15 11:50 after_fed Round:   0 | Epochs:   0 | Domain: c | loss: 0.1853 | Acc: 95.00%
2024-04-15 11:50 after_fed Round:   0 | Epochs:   0 | Domain: s | loss: 0.7920 | Acc: 70.00%
2024-04-15 11:50 Model saved! Best Val Acc: 71.35%
2024-04-15 11:50 test_domain Round:   0 | Epochs:   0 | Domain: v | loss: 1.2232 | Acc: 63.38%
2024-04-15 11:50 before_fed Round:   1 | Epochs:   5 | Domain: l | loss: 0.7655 | Acc: 75.40%
2024-04-15 11:50 before_fed Round:   1 | Epochs:   5 | Domain: c | loss: 0.0219 | Acc: 99.00%
2024-04-15 11:51 before_fed Round:   1 | Epochs:   5 | Domain: s | loss: 0.7318 | Acc: 74.78%
2024-04-15 11:51 after_fed Round:   1 | Epochs:   5 | Domain: l | loss: 1.3642 | Acc: 62.03%
2024-04-15 11:51 after_fed Round:   1 | Epochs:   5 | Domain: c | loss: 0.1118 | Acc: 98.00%
2024-04-15 11:51 after_fed Round:   1 | Epochs:   5 | Domain: s | loss: 0.6748 | Acc: 74.35%
2024-04-15 11:51 Model saved! Best Val Acc: 74.44%
2024-04-15 11:51 test_domain Round:   1 | Epochs:   5 | Domain: v | loss: 1.0267 | Acc: 66.44%
2024-04-15 11:52 before_fed Round:   2 | Epochs:  10 | Domain: l | loss: 0.7673 | Acc: 74.33%
2024-04-15 11:52 before_fed Round:   2 | Epochs:  10 | Domain: c | loss: 0.0358 | Acc: 99.00%
2024-04-15 11:53 before_fed Round:   2 | Epochs:  10 | Domain: s | loss: 0.7196 | Acc: 74.78%
2024-04-15 11:53 after_fed Round:   2 | Epochs:  10 | Domain: l | loss: 1.1939 | Acc: 64.17%
2024-04-15 11:53 after_fed Round:   2 | Epochs:  10 | Domain: c | loss: 0.1028 | Acc: 98.00%
2024-04-15 11:53 after_fed Round:   2 | Epochs:  10 | Domain: s | loss: 0.6723 | Acc: 73.91%
2024-04-15 11:53 Model saved! Best Val Acc: 75.02%
2024-04-15 11:53 test_domain Round:   2 | Epochs:  10 | Domain: v | loss: 0.9924 | Acc: 67.23%
2024-04-15 11:53 before_fed Round:   3 | Epochs:  15 | Domain: l | loss: 0.7822 | Acc: 72.73%
2024-04-15 11:54 before_fed Round:   3 | Epochs:  15 | Domain: c | loss: 0.0377 | Acc: 99.00%
2024-04-15 11:54 before_fed Round:   3 | Epochs:  15 | Domain: s | loss: 0.7275 | Acc: 74.35%
2024-04-15 11:54 after_fed Round:   3 | Epochs:  15 | Domain: l | loss: 1.2603 | Acc: 63.64%
2024-04-15 11:54 after_fed Round:   3 | Epochs:  15 | Domain: c | loss: 0.0967 | Acc: 98.00%
2024-04-15 11:54 after_fed Round:   3 | Epochs:  15 | Domain: s | loss: 0.6662 | Acc: 76.09%
2024-04-15 11:54 Model saved! Best Val Acc: 75.80%
2024-04-15 11:54 test_domain Round:   3 | Epochs:  15 | Domain: v | loss: 0.9825 | Acc: 67.72%
2024-04-15 11:55 before_fed Round:   4 | Epochs:  20 | Domain: l | loss: 0.7838 | Acc: 71.12%
2024-04-15 11:55 before_fed Round:   4 | Epochs:  20 | Domain: c | loss: 0.0420 | Acc: 99.00%
2024-04-15 11:56 before_fed Round:   4 | Epochs:  20 | Domain: s | loss: 0.7238 | Acc: 75.22%
2024-04-15 11:56 after_fed Round:   4 | Epochs:  20 | Domain: l | loss: 1.2222 | Acc: 65.78%
2024-04-15 11:56 after_fed Round:   4 | Epochs:  20 | Domain: c | loss: 0.0934 | Acc: 98.00%
2024-04-15 11:56 after_fed Round:   4 | Epochs:  20 | Domain: s | loss: 0.6738 | Acc: 76.09%
2024-04-15 11:56 Model saved! Best Val Acc: 76.57%
2024-04-15 11:56 test_domain Round:   4 | Epochs:  20 | Domain: v | loss: 1.0033 | Acc: 67.72%
2024-04-15 11:57 before_fed Round:   5 | Epochs:  25 | Domain: l | loss: 0.8164 | Acc: 70.59%
2024-04-15 11:57 before_fed Round:   5 | Epochs:  25 | Domain: c | loss: 0.0450 | Acc: 99.00%
2024-04-15 11:57 before_fed Round:   5 | Epochs:  25 | Domain: s | loss: 0.7285 | Acc: 74.35%
2024-04-15 11:57 after_fed Round:   5 | Epochs:  25 | Domain: l | loss: 1.1584 | Acc: 67.38%
2024-04-15 11:57 after_fed Round:   5 | Epochs:  25 | Domain: c | loss: 0.0890 | Acc: 98.00%
2024-04-15 11:58 after_fed Round:   5 | Epochs:  25 | Domain: s | loss: 0.6865 | Acc: 74.35%
2024-04-15 11:58 test_domain Round:   5 | Epochs:  25 | Domain: v | loss: 1.0240 | Acc: 67.92%
2024-04-15 11:58 before_fed Round:   6 | Epochs:  30 | Domain: l | loss: 0.8527 | Acc: 73.80%
2024-04-15 11:58 before_fed Round:   6 | Epochs:  30 | Domain: c | loss: 0.0459 | Acc: 99.00%
2024-04-15 11:59 before_fed Round:   6 | Epochs:  30 | Domain: s | loss: 0.7503 | Acc: 75.22%
2024-04-15 11:59 after_fed Round:   6 | Epochs:  30 | Domain: l | loss: 1.1242 | Acc: 67.38%
2024-04-15 11:59 after_fed Round:   6 | Epochs:  30 | Domain: c | loss: 0.0910 | Acc: 98.00%
2024-04-15 11:59 after_fed Round:   6 | Epochs:  30 | Domain: s | loss: 0.6995 | Acc: 74.78%
2024-04-15 11:59 test_domain Round:   6 | Epochs:  30 | Domain: v | loss: 1.0376 | Acc: 68.11%
2024-04-15 12:00 before_fed Round:   7 | Epochs:  35 | Domain: l | loss: 0.8485 | Acc: 74.33%
2024-04-15 12:00 before_fed Round:   7 | Epochs:  35 | Domain: c | loss: 0.0472 | Acc: 99.00%
2024-04-15 12:01 before_fed Round:   7 | Epochs:  35 | Domain: s | loss: 0.7560 | Acc: 76.09%
2024-04-15 12:01 after_fed Round:   7 | Epochs:  35 | Domain: l | loss: 1.1388 | Acc: 67.38%
2024-04-15 12:01 after_fed Round:   7 | Epochs:  35 | Domain: c | loss: 0.0901 | Acc: 98.00%
2024-04-15 12:01 after_fed Round:   7 | Epochs:  35 | Domain: s | loss: 0.7030 | Acc: 75.65%
2024-04-15 12:01 Model saved! Best Val Acc: 76.96%
2024-04-15 12:01 test_domain Round:   7 | Epochs:  35 | Domain: v | loss: 1.0506 | Acc: 67.92%
2024-04-15 12:02 before_fed Round:   8 | Epochs:  40 | Domain: l | loss: 0.8397 | Acc: 70.05%
2024-04-15 12:02 before_fed Round:   8 | Epochs:  40 | Domain: c | loss: 0.0513 | Acc: 99.00%
2024-04-15 12:03 before_fed Round:   8 | Epochs:  40 | Domain: s | loss: 0.7625 | Acc: 74.35%
2024-04-15 12:03 after_fed Round:   8 | Epochs:  40 | Domain: l | loss: 1.2068 | Acc: 64.71%
2024-04-15 12:03 after_fed Round:   8 | Epochs:  40 | Domain: c | loss: 0.0895 | Acc: 98.00%
2024-04-15 12:03 after_fed Round:   8 | Epochs:  40 | Domain: s | loss: 0.7146 | Acc: 75.22%
2024-04-15 12:03 test_domain Round:   8 | Epochs:  40 | Domain: v | loss: 1.0714 | Acc: 68.02%
2024-04-15 12:03 before_fed Round:   9 | Epochs:  45 | Domain: l | loss: 0.8664 | Acc: 69.52%
2024-04-15 12:04 before_fed Round:   9 | Epochs:  45 | Domain: c | loss: 0.0508 | Acc: 99.00%
2024-04-15 12:04 before_fed Round:   9 | Epochs:  45 | Domain: s | loss: 0.7750 | Acc: 75.22%
2024-04-15 12:04 after_fed Round:   9 | Epochs:  45 | Domain: l | loss: 1.2346 | Acc: 65.78%
2024-04-15 12:04 after_fed Round:   9 | Epochs:  45 | Domain: c | loss: 0.0894 | Acc: 98.00%
2024-04-15 12:04 after_fed Round:   9 | Epochs:  45 | Domain: s | loss: 0.7220 | Acc: 75.22%
2024-04-15 12:04 test_domain Round:   9 | Epochs:  45 | Domain: v | loss: 1.0883 | Acc: 67.23%
2024-04-15 12:05 before_fed Round:  10 | Epochs:  50 | Domain: l | loss: 0.9150 | Acc: 71.66%
2024-04-15 12:05 before_fed Round:  10 | Epochs:  50 | Domain: c | loss: 0.0812 | Acc: 98.00%
2024-04-15 12:06 before_fed Round:  10 | Epochs:  50 | Domain: s | loss: 0.7381 | Acc: 74.78%
2024-04-15 12:06 after_fed Round:  10 | Epochs:  50 | Domain: l | loss: 1.1464 | Acc: 66.31%
2024-04-15 12:06 after_fed Round:  10 | Epochs:  50 | Domain: c | loss: 0.0898 | Acc: 98.00%
2024-04-15 12:06 after_fed Round:  10 | Epochs:  50 | Domain: s | loss: 0.7284 | Acc: 73.91%
2024-04-15 12:06 test_domain Round:  10 | Epochs:  50 | Domain: v | loss: 1.0986 | Acc: 66.93%
