2024-03-19 12:50 comment: fed avg, mobilenetv1 pretrained, vlcs on r
2024-03-19 12:51 before_fed Round:   0 | Epochs:   0 | Domain: v | loss: 8.3580 | Acc: 3.81%
2024-03-19 12:51 before_fed Round:   0 | Epochs:   0 | Domain: l | loss: 8.3346 | Acc: 0.00%
2024-03-19 12:52 before_fed Round:   0 | Epochs:   0 | Domain: c | loss: 8.7342 | Acc: 0.00%
2024-03-19 12:52 after_fed Round:   0 | Epochs:   0 | Domain: v | loss: 10.0994 | Acc: 0.42%
2024-03-19 12:52 after_fed Round:   0 | Epochs:   0 | Domain: l | loss: 9.9409 | Acc: 0.00%
2024-03-19 12:52 after_fed Round:   0 | Epochs:   0 | Domain: c | loss: 8.7777 | Acc: 2.00%
2024-03-19 12:52 Model saved! Best Val Acc: 979.20%
2024-03-19 12:52 test_domain Round:   0 | Epochs:   0 | Domain: s | loss: 10.8693 | Acc: 0.00%
2024-03-19 12:52 before_fed Round:   1 | Epochs:   5 | Domain: v | loss: 6.1595 | Acc: 20.34%
2024-03-19 12:53 before_fed Round:   1 | Epochs:   5 | Domain: l | loss: 6.4649 | Acc: 11.23%
2024-03-19 12:53 before_fed Round:   1 | Epochs:   5 | Domain: c | loss: 6.4234 | Acc: 5.00%
2024-03-19 12:53 after_fed Round:   1 | Epochs:   5 | Domain: v | loss: 7.4895 | Acc: 10.59%
2024-03-19 12:53 after_fed Round:   1 | Epochs:   5 | Domain: l | loss: 7.6258 | Acc: 6.42%
2024-03-19 12:53 after_fed Round:   1 | Epochs:   5 | Domain: c | loss: 6.7221 | Acc: 3.00%
2024-03-19 12:53 Model saved! Best Val Acc: 739.24%
2024-03-19 12:53 test_domain Round:   1 | Epochs:   5 | Domain: s | loss: 8.6641 | Acc: 2.23%
2024-03-19 12:54 before_fed Round:   2 | Epochs:  10 | Domain: v | loss: 4.8131 | Acc: 40.25%
2024-03-19 12:54 before_fed Round:   2 | Epochs:  10 | Domain: l | loss: 5.0176 | Acc: 36.36%
2024-03-19 12:55 before_fed Round:   2 | Epochs:  10 | Domain: c | loss: 4.3699 | Acc: 40.00%
2024-03-19 12:55 after_fed Round:   2 | Epochs:  10 | Domain: v | loss: 5.6702 | Acc: 27.97%
2024-03-19 12:55 after_fed Round:   2 | Epochs:  10 | Domain: l | loss: 5.9899 | Acc: 30.48%
2024-03-19 12:55 after_fed Round:   2 | Epochs:  10 | Domain: c | loss: 4.9486 | Acc: 29.00%
2024-03-19 12:55 Model saved! Best Val Acc: 564.73%
2024-03-19 12:55 test_domain Round:   2 | Epochs:  10 | Domain: s | loss: 6.7831 | Acc: 13.40%
2024-03-19 12:55 before_fed Round:   3 | Epochs:  15 | Domain: v | loss: 3.8888 | Acc: 56.78%
2024-03-19 12:56 before_fed Round:   3 | Epochs:  15 | Domain: l | loss: 4.2364 | Acc: 49.20%
2024-03-19 12:56 before_fed Round:   3 | Epochs:  15 | Domain: c | loss: 2.9887 | Acc: 57.00%
2024-03-19 12:56 after_fed Round:   3 | Epochs:  15 | Domain: v | loss: 4.4321 | Acc: 44.49%
2024-03-19 12:56 after_fed Round:   3 | Epochs:  15 | Domain: l | loss: 5.3589 | Acc: 42.25%
2024-03-19 12:56 after_fed Round:   3 | Epochs:  15 | Domain: c | loss: 3.3714 | Acc: 47.00%
2024-03-19 12:56 Model saved! Best Val Acc: 456.14%
2024-03-19 12:56 test_domain Round:   3 | Epochs:  15 | Domain: s | loss: 5.4220 | Acc: 30.46%
2024-03-19 12:57 before_fed Round:   4 | Epochs:  20 | Domain: v | loss: 3.3241 | Acc: 62.29%
2024-03-19 12:57 before_fed Round:   4 | Epochs:  20 | Domain: l | loss: 3.6455 | Acc: 56.15%
2024-03-19 12:58 before_fed Round:   4 | Epochs:  20 | Domain: c | loss: 2.1026 | Acc: 71.00%
2024-03-19 12:58 after_fed Round:   4 | Epochs:  20 | Domain: v | loss: 3.5991 | Acc: 54.66%
2024-03-19 12:58 after_fed Round:   4 | Epochs:  20 | Domain: l | loss: 4.7751 | Acc: 51.34%
2024-03-19 12:58 after_fed Round:   4 | Epochs:  20 | Domain: c | loss: 2.1257 | Acc: 71.00%
2024-03-19 12:58 Model saved! Best Val Acc: 373.90%
2024-03-19 12:58 test_domain Round:   4 | Epochs:  20 | Domain: s | loss: 4.4454 | Acc: 42.13%
2024-03-19 12:58 before_fed Round:   5 | Epochs:  25 | Domain: v | loss: 2.7668 | Acc: 62.71%
2024-03-19 12:59 before_fed Round:   5 | Epochs:  25 | Domain: l | loss: 3.2246 | Acc: 58.82%
2024-03-19 12:59 before_fed Round:   5 | Epochs:  25 | Domain: c | loss: 1.3712 | Acc: 85.00%
2024-03-19 12:59 after_fed Round:   5 | Epochs:  25 | Domain: v | loss: 3.0414 | Acc: 59.75%
2024-03-19 12:59 after_fed Round:   5 | Epochs:  25 | Domain: l | loss: 4.1596 | Acc: 57.22%
2024-03-19 12:59 after_fed Round:   5 | Epochs:  25 | Domain: c | loss: 1.3254 | Acc: 82.00%
2024-03-19 12:59 Model saved! Best Val Acc: 311.46%
2024-03-19 12:59 test_domain Round:   5 | Epochs:  25 | Domain: s | loss: 3.6482 | Acc: 50.86%
2024-03-19 13:00 before_fed Round:   6 | Epochs:  30 | Domain: v | loss: 2.3201 | Acc: 65.68%
2024-03-19 13:00 before_fed Round:   6 | Epochs:  30 | Domain: l | loss: 2.7968 | Acc: 60.96%
2024-03-19 13:01 before_fed Round:   6 | Epochs:  30 | Domain: c | loss: 0.8286 | Acc: 90.00%
2024-03-19 13:01 after_fed Round:   6 | Epochs:  30 | Domain: v | loss: 2.5740 | Acc: 64.41%
2024-03-19 13:01 after_fed Round:   6 | Epochs:  30 | Domain: l | loss: 3.3368 | Acc: 62.57%
2024-03-19 13:01 after_fed Round:   6 | Epochs:  30 | Domain: c | loss: 0.8289 | Acc: 89.00%
2024-03-19 13:01 Model saved! Best Val Acc: 251.49%
2024-03-19 13:01 test_domain Round:   6 | Epochs:  30 | Domain: s | loss: 2.9357 | Acc: 57.06%
2024-03-19 13:01 before_fed Round:   7 | Epochs:  35 | Domain: v | loss: 2.0764 | Acc: 67.37%
2024-03-19 13:02 before_fed Round:   7 | Epochs:  35 | Domain: l | loss: 2.5535 | Acc: 63.10%
2024-03-19 13:02 before_fed Round:   7 | Epochs:  35 | Domain: c | loss: 0.6785 | Acc: 92.00%
2024-03-19 13:02 after_fed Round:   7 | Epochs:  35 | Domain: v | loss: 2.3149 | Acc: 61.86%
2024-03-19 13:02 after_fed Round:   7 | Epochs:  35 | Domain: l | loss: 3.0242 | Acc: 66.31%
2024-03-19 13:02 after_fed Round:   7 | Epochs:  35 | Domain: c | loss: 0.6792 | Acc: 90.00%
2024-03-19 13:02 Model saved! Best Val Acc: 225.75%
2024-03-19 13:02 test_domain Round:   7 | Epochs:  35 | Domain: s | loss: 2.4871 | Acc: 58.98%
2024-03-19 13:03 before_fed Round:   8 | Epochs:  40 | Domain: v | loss: 1.8254 | Acc: 70.34%
2024-03-19 13:04 before_fed Round:   8 | Epochs:  40 | Domain: l | loss: 2.0996 | Acc: 66.84%
2024-03-19 13:04 before_fed Round:   8 | Epochs:  40 | Domain: c | loss: 0.5769 | Acc: 92.00%
2024-03-19 13:04 after_fed Round:   8 | Epochs:  40 | Domain: v | loss: 2.0295 | Acc: 63.98%
2024-03-19 13:04 after_fed Round:   8 | Epochs:  40 | Domain: l | loss: 2.8692 | Acc: 65.78%
2024-03-19 13:04 after_fed Round:   8 | Epochs:  40 | Domain: c | loss: 0.5877 | Acc: 91.00%
2024-03-19 13:04 Model saved! Best Val Acc: 205.54%
2024-03-19 13:04 test_domain Round:   8 | Epochs:  40 | Domain: s | loss: 2.0147 | Acc: 62.34%
2024-03-19 13:05 before_fed Round:   9 | Epochs:  45 | Domain: v | loss: 1.6629 | Acc: 70.76%
2024-03-19 13:05 before_fed Round:   9 | Epochs:  45 | Domain: l | loss: 1.8224 | Acc: 70.05%
2024-03-19 13:05 before_fed Round:   9 | Epochs:  45 | Domain: c | loss: 0.5317 | Acc: 93.00%
2024-03-19 13:05 after_fed Round:   9 | Epochs:  45 | Domain: v | loss: 1.8336 | Acc: 66.53%
2024-03-19 13:05 after_fed Round:   9 | Epochs:  45 | Domain: l | loss: 2.6312 | Acc: 65.24%
2024-03-19 13:05 after_fed Round:   9 | Epochs:  45 | Domain: c | loss: 0.5321 | Acc: 93.00%
2024-03-19 13:05 Model saved! Best Val Acc: 187.11%
2024-03-19 13:06 test_domain Round:   9 | Epochs:  45 | Domain: s | loss: 1.7670 | Acc: 64.57%
2024-03-19 13:06 before_fed Round:  10 | Epochs:  50 | Domain: v | loss: 1.5402 | Acc: 71.19%
2024-03-19 13:07 before_fed Round:  10 | Epochs:  50 | Domain: l | loss: 1.5681 | Acc: 71.66%
2024-03-19 13:07 before_fed Round:  10 | Epochs:  50 | Domain: c | loss: 0.4771 | Acc: 93.00%
2024-03-19 13:07 after_fed Round:  10 | Epochs:  50 | Domain: v | loss: 1.6483 | Acc: 69.07%
2024-03-19 13:07 after_fed Round:  10 | Epochs:  50 | Domain: l | loss: 2.2911 | Acc: 64.71%
2024-03-19 13:07 after_fed Round:  10 | Epochs:  50 | Domain: c | loss: 0.4939 | Acc: 92.00%
2024-03-19 13:07 Model saved! Best Val Acc: 165.85%
2024-03-19 13:07 test_domain Round:  10 | Epochs:  50 | Domain: s | loss: 1.5551 | Acc: 65.18%
2024-03-19 13:08 before_fed Round:  11 | Epochs:  55 | Domain: v | loss: 1.4818 | Acc: 71.61%
2024-03-19 13:08 before_fed Round:  11 | Epochs:  55 | Domain: l | loss: 1.3725 | Acc: 70.59%
2024-03-19 13:09 before_fed Round:  11 | Epochs:  55 | Domain: c | loss: 0.4435 | Acc: 93.00%
2024-03-19 13:09 after_fed Round:  11 | Epochs:  55 | Domain: v | loss: 1.5466 | Acc: 70.34%
2024-03-19 13:09 after_fed Round:  11 | Epochs:  55 | Domain: l | loss: 2.0788 | Acc: 63.10%
2024-03-19 13:09 after_fed Round:  11 | Epochs:  55 | Domain: c | loss: 0.4560 | Acc: 93.00%
2024-03-19 13:09 Model saved! Best Val Acc: 152.95%
2024-03-19 13:09 test_domain Round:  11 | Epochs:  55 | Domain: s | loss: 1.4673 | Acc: 65.28%
2024-03-19 13:09 before_fed Round:  12 | Epochs:  60 | Domain: v | loss: 1.3798 | Acc: 71.19%
2024-03-19 13:10 before_fed Round:  12 | Epochs:  60 | Domain: l | loss: 1.2659 | Acc: 70.59%
2024-03-19 13:10 before_fed Round:  12 | Epochs:  60 | Domain: c | loss: 0.4434 | Acc: 92.00%
2024-03-19 13:10 after_fed Round:  12 | Epochs:  60 | Domain: v | loss: 1.4712 | Acc: 68.22%
2024-03-19 13:10 after_fed Round:  12 | Epochs:  60 | Domain: l | loss: 2.0189 | Acc: 63.10%
2024-03-19 13:10 after_fed Round:  12 | Epochs:  60 | Domain: c | loss: 0.4224 | Acc: 95.00%
2024-03-19 13:10 Model saved! Best Val Acc: 146.75%
2024-03-19 13:10 test_domain Round:  12 | Epochs:  60 | Domain: s | loss: 1.4052 | Acc: 66.70%
2024-03-19 13:11 before_fed Round:  13 | Epochs:  65 | Domain: v | loss: 1.2868 | Acc: 73.31%
2024-03-19 13:11 before_fed Round:  13 | Epochs:  65 | Domain: l | loss: 1.1698 | Acc: 69.52%
2024-03-19 13:12 before_fed Round:  13 | Epochs:  65 | Domain: c | loss: 0.3754 | Acc: 95.00%
2024-03-19 13:12 after_fed Round:  13 | Epochs:  65 | Domain: v | loss: 1.3579 | Acc: 69.49%
2024-03-19 13:12 after_fed Round:  13 | Epochs:  65 | Domain: l | loss: 1.9304 | Acc: 62.03%
2024-03-19 13:12 after_fed Round:  13 | Epochs:  65 | Domain: c | loss: 0.4057 | Acc: 95.00%
2024-03-19 13:12 Model saved! Best Val Acc: 138.14%
2024-03-19 13:12 test_domain Round:  13 | Epochs:  65 | Domain: s | loss: 1.2768 | Acc: 67.11%
2024-03-19 13:12 before_fed Round:  14 | Epochs:  70 | Domain: v | loss: 1.2069 | Acc: 71.19%
2024-03-19 13:13 before_fed Round:  14 | Epochs:  70 | Domain: l | loss: 1.1765 | Acc: 70.59%
2024-03-19 13:13 before_fed Round:  14 | Epochs:  70 | Domain: c | loss: 0.3441 | Acc: 95.00%
2024-03-19 13:13 after_fed Round:  14 | Epochs:  70 | Domain: v | loss: 1.2661 | Acc: 70.34%
2024-03-19 13:13 after_fed Round:  14 | Epochs:  70 | Domain: l | loss: 1.9090 | Acc: 62.03%
2024-03-19 13:13 after_fed Round:  14 | Epochs:  70 | Domain: c | loss: 0.3775 | Acc: 95.00%
2024-03-19 13:13 Model saved! Best Val Acc: 132.68%
2024-03-19 13:13 test_domain Round:  14 | Epochs:  70 | Domain: s | loss: 1.2874 | Acc: 68.12%
2024-03-19 13:14 before_fed Round:  15 | Epochs:  75 | Domain: v | loss: 1.0765 | Acc: 72.88%
2024-03-19 13:14 before_fed Round:  15 | Epochs:  75 | Domain: l | loss: 1.1187 | Acc: 70.05%
2024-03-19 13:15 before_fed Round:  15 | Epochs:  75 | Domain: c | loss: 0.3126 | Acc: 95.00%
2024-03-19 13:15 after_fed Round:  15 | Epochs:  75 | Domain: v | loss: 1.1702 | Acc: 71.61%
2024-03-19 13:15 after_fed Round:  15 | Epochs:  75 | Domain: l | loss: 1.6802 | Acc: 64.17%
2024-03-19 13:15 after_fed Round:  15 | Epochs:  75 | Domain: c | loss: 0.3305 | Acc: 95.00%
2024-03-19 13:15 Model saved! Best Val Acc: 119.28%
2024-03-19 13:15 test_domain Round:  15 | Epochs:  75 | Domain: s | loss: 1.2934 | Acc: 66.70%
2024-03-19 13:16 before_fed Round:  16 | Epochs:  80 | Domain: v | loss: 0.9190 | Acc: 77.12%
2024-03-19 13:16 before_fed Round:  16 | Epochs:  80 | Domain: l | loss: 1.1405 | Acc: 71.66%
2024-03-19 13:16 before_fed Round:  16 | Epochs:  80 | Domain: c | loss: 0.2762 | Acc: 95.00%
2024-03-19 13:16 after_fed Round:  16 | Epochs:  80 | Domain: v | loss: 1.0675 | Acc: 70.34%
2024-03-19 13:16 after_fed Round:  16 | Epochs:  80 | Domain: l | loss: 1.4730 | Acc: 65.78%
2024-03-19 13:16 after_fed Round:  16 | Epochs:  80 | Domain: c | loss: 0.2845 | Acc: 95.00%
2024-03-19 13:16 Model saved! Best Val Acc: 106.36%
2024-03-19 13:16 test_domain Round:  16 | Epochs:  80 | Domain: s | loss: 1.2695 | Acc: 66.60%
2024-03-19 13:17 before_fed Round:  17 | Epochs:  85 | Domain: v | loss: 0.8134 | Acc: 78.81%
2024-03-19 13:18 before_fed Round:  17 | Epochs:  85 | Domain: l | loss: 1.1678 | Acc: 70.05%
2024-03-19 13:18 before_fed Round:  17 | Epochs:  85 | Domain: c | loss: 0.2241 | Acc: 95.00%
2024-03-19 13:18 after_fed Round:  17 | Epochs:  85 | Domain: v | loss: 0.9435 | Acc: 72.88%
2024-03-19 13:18 after_fed Round:  17 | Epochs:  85 | Domain: l | loss: 1.4826 | Acc: 65.78%
2024-03-19 13:18 after_fed Round:  17 | Epochs:  85 | Domain: c | loss: 0.2209 | Acc: 96.00%
2024-03-19 13:18 Model saved! Best Val Acc: 99.87%
2024-03-19 13:18 test_domain Round:  17 | Epochs:  85 | Domain: s | loss: 1.2417 | Acc: 67.01%
2024-03-19 13:19 before_fed Round:  18 | Epochs:  90 | Domain: v | loss: 0.7218 | Acc: 79.24%
2024-03-19 13:19 before_fed Round:  18 | Epochs:  90 | Domain: l | loss: 1.1812 | Acc: 72.19%
2024-03-19 13:19 before_fed Round:  18 | Epochs:  90 | Domain: c | loss: 0.1498 | Acc: 96.00%
2024-03-19 13:20 after_fed Round:  18 | Epochs:  90 | Domain: v | loss: 0.8060 | Acc: 77.54%
2024-03-19 13:20 after_fed Round:  18 | Epochs:  90 | Domain: l | loss: 1.5800 | Acc: 65.78%
2024-03-19 13:20 after_fed Round:  18 | Epochs:  90 | Domain: c | loss: 0.1250 | Acc: 97.00%
2024-03-19 13:20 Model saved! Best Val Acc: 95.29%
2024-03-19 13:20 test_domain Round:  18 | Epochs:  90 | Domain: s | loss: 1.2373 | Acc: 67.01%
2024-03-19 13:20 before_fed Round:  19 | Epochs:  95 | Domain: v | loss: 0.6945 | Acc: 79.24%
2024-03-19 13:21 before_fed Round:  19 | Epochs:  95 | Domain: l | loss: 1.1736 | Acc: 71.12%
2024-03-19 13:21 before_fed Round:  19 | Epochs:  95 | Domain: c | loss: 0.0679 | Acc: 99.00%
2024-03-19 13:21 after_fed Round:  19 | Epochs:  95 | Domain: v | loss: 0.7329 | Acc: 79.24%
2024-03-19 13:21 after_fed Round:  19 | Epochs:  95 | Domain: l | loss: 1.6014 | Acc: 63.64%
2024-03-19 13:21 after_fed Round:  19 | Epochs:  95 | Domain: c | loss: 0.0442 | Acc: 100.00%
2024-03-19 13:21 Model saved! Best Val Acc: 91.20%
2024-03-19 13:21 test_domain Round:  19 | Epochs:  95 | Domain: s | loss: 1.2826 | Acc: 67.01%
2024-03-19 13:22 before_fed Round:  20 | Epochs: 100 | Domain: v | loss: 0.6690 | Acc: 82.63%
2024-03-19 13:22 before_fed Round:  20 | Epochs: 100 | Domain: l | loss: 1.2387 | Acc: 72.19%
2024-03-19 13:22 before_fed Round:  20 | Epochs: 100 | Domain: c | loss: 0.0211 | Acc: 100.00%
2024-03-19 13:22 after_fed Round:  20 | Epochs: 100 | Domain: v | loss: 0.7136 | Acc: 77.54%
2024-03-19 13:22 after_fed Round:  20 | Epochs: 100 | Domain: l | loss: 1.5826 | Acc: 67.91%
2024-03-19 13:22 after_fed Round:  20 | Epochs: 100 | Domain: c | loss: 0.0227 | Acc: 100.00%
2024-03-19 13:22 Model saved! Best Val Acc: 89.25%
2024-03-19 13:23 test_domain Round:  20 | Epochs: 100 | Domain: s | loss: 1.2873 | Acc: 66.09%
2024-03-19 13:23 before_fed Round:  21 | Epochs: 105 | Domain: v | loss: 0.7405 | Acc: 80.08%
2024-03-19 13:24 before_fed Round:  21 | Epochs: 105 | Domain: l | loss: 1.2855 | Acc: 71.66%
2024-03-19 13:24 before_fed Round:  21 | Epochs: 105 | Domain: c | loss: 0.0130 | Acc: 100.00%
2024-03-19 13:24 after_fed Round:  21 | Epochs: 105 | Domain: v | loss: 0.7356 | Acc: 78.39%
2024-03-19 13:24 after_fed Round:  21 | Epochs: 105 | Domain: l | loss: 1.8063 | Acc: 66.31%
2024-03-19 13:24 after_fed Round:  21 | Epochs: 105 | Domain: c | loss: 0.0230 | Acc: 100.00%
2024-03-19 13:24 test_domain Round:  21 | Epochs: 105 | Domain: s | loss: 1.3146 | Acc: 67.51%
2024-03-19 13:25 before_fed Round:  22 | Epochs: 110 | Domain: v | loss: 0.7185 | Acc: 80.08%
2024-03-19 13:25 before_fed Round:  22 | Epochs: 110 | Domain: l | loss: 1.2864 | Acc: 73.26%
2024-03-19 13:25 before_fed Round:  22 | Epochs: 110 | Domain: c | loss: 0.0099 | Acc: 100.00%
2024-03-19 13:25 after_fed Round:  22 | Epochs: 110 | Domain: v | loss: 0.7512 | Acc: 77.54%
2024-03-19 13:25 after_fed Round:  22 | Epochs: 110 | Domain: l | loss: 1.8594 | Acc: 66.31%
2024-03-19 13:25 after_fed Round:  22 | Epochs: 110 | Domain: c | loss: 0.0179 | Acc: 100.00%
2024-03-19 13:25 test_domain Round:  22 | Epochs: 110 | Domain: s | loss: 1.3384 | Acc: 67.41%
2024-03-19 13:26 before_fed Round:  23 | Epochs: 115 | Domain: v | loss: 0.7762 | Acc: 81.36%
2024-03-19 13:27 before_fed Round:  23 | Epochs: 115 | Domain: l | loss: 1.3775 | Acc: 72.19%
2024-03-19 13:27 before_fed Round:  23 | Epochs: 115 | Domain: c | loss: 0.0084 | Acc: 100.00%
2024-03-19 13:27 after_fed Round:  23 | Epochs: 115 | Domain: v | loss: 0.7695 | Acc: 78.39%
2024-03-19 13:27 after_fed Round:  23 | Epochs: 115 | Domain: l | loss: 1.9717 | Acc: 66.84%
2024-03-19 13:27 after_fed Round:  23 | Epochs: 115 | Domain: c | loss: 0.0175 | Acc: 100.00%
2024-03-19 13:27 test_domain Round:  23 | Epochs: 115 | Domain: s | loss: 1.4052 | Acc: 68.02%
2024-03-19 13:28 before_fed Round:  24 | Epochs: 120 | Domain: v | loss: 0.7811 | Acc: 80.51%
2024-03-19 13:28 before_fed Round:  24 | Epochs: 120 | Domain: l | loss: 1.4242 | Acc: 72.19%
2024-03-19 13:28 before_fed Round:  24 | Epochs: 120 | Domain: c | loss: 0.0030 | Acc: 100.00%
2024-03-19 13:28 after_fed Round:  24 | Epochs: 120 | Domain: v | loss: 0.7817 | Acc: 80.08%
2024-03-19 13:28 after_fed Round:  24 | Epochs: 120 | Domain: l | loss: 2.1173 | Acc: 66.31%
2024-03-19 13:28 after_fed Round:  24 | Epochs: 120 | Domain: c | loss: 0.0101 | Acc: 100.00%
2024-03-19 13:28 test_domain Round:  24 | Epochs: 120 | Domain: s | loss: 1.4456 | Acc: 68.32%
2024-03-19 13:29 before_fed Round:  25 | Epochs: 125 | Domain: v | loss: 0.7669 | Acc: 80.51%
2024-03-19 13:30 before_fed Round:  25 | Epochs: 125 | Domain: l | loss: 1.4589 | Acc: 72.19%
2024-03-19 13:30 before_fed Round:  25 | Epochs: 125 | Domain: c | loss: 0.0067 | Acc: 100.00%
2024-03-19 13:30 after_fed Round:  25 | Epochs: 125 | Domain: v | loss: 0.7751 | Acc: 79.66%
2024-03-19 13:30 after_fed Round:  25 | Epochs: 125 | Domain: l | loss: 2.4129 | Acc: 64.17%
2024-03-19 13:30 after_fed Round:  25 | Epochs: 125 | Domain: c | loss: 0.0074 | Acc: 100.00%
2024-03-19 13:30 test_domain Round:  25 | Epochs: 125 | Domain: s | loss: 1.5203 | Acc: 67.61%
2024-03-19 13:30 before_fed Round:  26 | Epochs: 130 | Domain: v | loss: 0.7859 | Acc: 79.24%
2024-03-19 13:31 before_fed Round:  26 | Epochs: 130 | Domain: l | loss: 1.5979 | Acc: 71.66%
2024-03-19 13:31 before_fed Round:  26 | Epochs: 130 | Domain: c | loss: 0.0018 | Acc: 100.00%
2024-03-19 13:31 after_fed Round:  26 | Epochs: 130 | Domain: v | loss: 0.7922 | Acc: 81.36%
2024-03-19 13:31 after_fed Round:  26 | Epochs: 130 | Domain: l | loss: 2.1922 | Acc: 66.84%
2024-03-19 13:31 after_fed Round:  26 | Epochs: 130 | Domain: c | loss: 0.0067 | Acc: 100.00%
2024-03-19 13:31 test_domain Round:  26 | Epochs: 130 | Domain: s | loss: 1.5404 | Acc: 67.21%
2024-03-19 13:32 before_fed Round:  27 | Epochs: 135 | Domain: v | loss: 0.8335 | Acc: 80.93%
2024-03-19 13:32 before_fed Round:  27 | Epochs: 135 | Domain: l | loss: 1.6040 | Acc: 71.66%
2024-03-19 13:33 before_fed Round:  27 | Epochs: 135 | Domain: c | loss: 0.0006 | Acc: 100.00%
2024-03-19 13:33 after_fed Round:  27 | Epochs: 135 | Domain: v | loss: 0.7715 | Acc: 80.93%
2024-03-19 13:33 after_fed Round:  27 | Epochs: 135 | Domain: l | loss: 2.4902 | Acc: 64.71%
2024-03-19 13:33 after_fed Round:  27 | Epochs: 135 | Domain: c | loss: 0.0066 | Acc: 100.00%
2024-03-19 13:33 test_domain Round:  27 | Epochs: 135 | Domain: s | loss: 1.6188 | Acc: 68.12%
2024-03-19 13:33 before_fed Round:  28 | Epochs: 140 | Domain: v | loss: 0.8417 | Acc: 80.51%
2024-03-19 13:34 before_fed Round:  28 | Epochs: 140 | Domain: l | loss: 1.6377 | Acc: 72.73%
2024-03-19 13:34 before_fed Round:  28 | Epochs: 140 | Domain: c | loss: 0.0017 | Acc: 100.00%
2024-03-19 13:34 after_fed Round:  28 | Epochs: 140 | Domain: v | loss: 0.7878 | Acc: 81.36%
2024-03-19 13:34 after_fed Round:  28 | Epochs: 140 | Domain: l | loss: 2.6559 | Acc: 65.78%
2024-03-19 13:34 after_fed Round:  28 | Epochs: 140 | Domain: c | loss: 0.0049 | Acc: 100.00%
2024-03-19 13:34 test_domain Round:  28 | Epochs: 140 | Domain: s | loss: 1.7362 | Acc: 68.43%
2024-03-19 13:35 before_fed Round:  29 | Epochs: 145 | Domain: v | loss: 0.9242 | Acc: 83.05%
2024-03-19 13:35 before_fed Round:  29 | Epochs: 145 | Domain: l | loss: 1.7250 | Acc: 73.80%
2024-03-19 13:36 before_fed Round:  29 | Epochs: 145 | Domain: c | loss: 0.0009 | Acc: 100.00%
2024-03-19 13:36 after_fed Round:  29 | Epochs: 145 | Domain: v | loss: 0.8495 | Acc: 80.51%
2024-03-19 13:36 after_fed Round:  29 | Epochs: 145 | Domain: l | loss: 2.4565 | Acc: 66.31%
2024-03-19 13:36 after_fed Round:  29 | Epochs: 145 | Domain: c | loss: 0.0029 | Acc: 100.00%
2024-03-19 13:36 test_domain Round:  29 | Epochs: 145 | Domain: s | loss: 1.7823 | Acc: 67.21%
2024-03-19 13:36 before_fed Round:  30 | Epochs: 150 | Domain: v | loss: 0.9156 | Acc: 82.63%
2024-03-19 13:37 before_fed Round:  30 | Epochs: 150 | Domain: l | loss: 1.8070 | Acc: 72.19%
2024-03-19 13:37 before_fed Round:  30 | Epochs: 150 | Domain: c | loss: 0.0005 | Acc: 100.00%
2024-03-19 13:37 after_fed Round:  30 | Epochs: 150 | Domain: v | loss: 0.8611 | Acc: 80.08%
2024-03-19 13:37 after_fed Round:  30 | Epochs: 150 | Domain: l | loss: 2.5052 | Acc: 65.24%
2024-03-19 13:37 after_fed Round:  30 | Epochs: 150 | Domain: c | loss: 0.0044 | Acc: 100.00%
2024-03-19 13:37 test_domain Round:  30 | Epochs: 150 | Domain: s | loss: 1.7465 | Acc: 67.51%
2024-03-19 13:38 before_fed Round:  31 | Epochs: 155 | Domain: v | loss: 0.8542 | Acc: 83.05%
2024-03-19 13:38 before_fed Round:  31 | Epochs: 155 | Domain: l | loss: 1.7482 | Acc: 72.19%
2024-03-19 13:39 before_fed Round:  31 | Epochs: 155 | Domain: c | loss: 0.0015 | Acc: 100.00%
2024-03-19 13:39 after_fed Round:  31 | Epochs: 155 | Domain: v | loss: 0.8501 | Acc: 78.81%
2024-03-19 13:39 after_fed Round:  31 | Epochs: 155 | Domain: l | loss: 2.8246 | Acc: 65.78%
2024-03-19 13:39 after_fed Round:  31 | Epochs: 155 | Domain: c | loss: 0.0032 | Acc: 100.00%
2024-03-19 13:39 test_domain Round:  31 | Epochs: 155 | Domain: s | loss: 1.8383 | Acc: 66.60%
2024-03-19 13:39 before_fed Round:  32 | Epochs: 160 | Domain: v | loss: 0.8538 | Acc: 80.08%
2024-03-19 13:40 before_fed Round:  32 | Epochs: 160 | Domain: l | loss: 1.8885 | Acc: 72.19%
2024-03-19 13:40 before_fed Round:  32 | Epochs: 160 | Domain: c | loss: 0.0006 | Acc: 100.00%
2024-03-19 13:40 after_fed Round:  32 | Epochs: 160 | Domain: v | loss: 0.8268 | Acc: 81.36%
2024-03-19 13:40 after_fed Round:  32 | Epochs: 160 | Domain: l | loss: 2.6434 | Acc: 66.84%
2024-03-19 13:40 after_fed Round:  32 | Epochs: 160 | Domain: c | loss: 0.0040 | Acc: 100.00%
2024-03-19 13:40 test_domain Round:  32 | Epochs: 160 | Domain: s | loss: 1.7737 | Acc: 66.50%
2024-03-19 13:41 before_fed Round:  33 | Epochs: 165 | Domain: v | loss: 0.8833 | Acc: 81.36%
2024-03-19 13:41 before_fed Round:  33 | Epochs: 165 | Domain: l | loss: 1.8751 | Acc: 73.26%
2024-03-19 13:42 before_fed Round:  33 | Epochs: 165 | Domain: c | loss: 0.0004 | Acc: 100.00%
2024-03-19 13:42 after_fed Round:  33 | Epochs: 165 | Domain: v | loss: 0.8693 | Acc: 82.20%
2024-03-19 13:42 after_fed Round:  33 | Epochs: 165 | Domain: l | loss: 2.4338 | Acc: 66.31%
2024-03-19 13:42 after_fed Round:  33 | Epochs: 165 | Domain: c | loss: 0.0047 | Acc: 100.00%
2024-03-19 13:42 test_domain Round:  33 | Epochs: 165 | Domain: s | loss: 1.8147 | Acc: 66.09%
2024-03-19 13:42 before_fed Round:  34 | Epochs: 170 | Domain: v | loss: 0.9850 | Acc: 81.78%
2024-03-19 13:43 before_fed Round:  34 | Epochs: 170 | Domain: l | loss: 1.9987 | Acc: 73.26%
2024-03-19 13:43 before_fed Round:  34 | Epochs: 170 | Domain: c | loss: 0.0005 | Acc: 100.00%
2024-03-19 13:43 after_fed Round:  34 | Epochs: 170 | Domain: v | loss: 0.8967 | Acc: 80.93%
2024-03-19 13:43 after_fed Round:  34 | Epochs: 170 | Domain: l | loss: 2.7701 | Acc: 64.17%
2024-03-19 13:43 after_fed Round:  34 | Epochs: 170 | Domain: c | loss: 0.0053 | Acc: 100.00%
2024-03-19 13:43 test_domain Round:  34 | Epochs: 170 | Domain: s | loss: 1.8672 | Acc: 66.70%
2024-03-19 13:44 before_fed Round:  35 | Epochs: 175 | Domain: v | loss: 0.9640 | Acc: 80.93%
2024-03-19 13:44 before_fed Round:  35 | Epochs: 175 | Domain: l | loss: 2.0179 | Acc: 72.19%
2024-03-19 13:44 before_fed Round:  35 | Epochs: 175 | Domain: c | loss: 0.0022 | Acc: 100.00%
2024-03-19 13:45 after_fed Round:  35 | Epochs: 175 | Domain: v | loss: 0.8983 | Acc: 79.66%
2024-03-19 13:45 after_fed Round:  35 | Epochs: 175 | Domain: l | loss: 2.9256 | Acc: 62.57%
2024-03-19 13:45 after_fed Round:  35 | Epochs: 175 | Domain: c | loss: 0.0046 | Acc: 100.00%
2024-03-19 13:45 test_domain Round:  35 | Epochs: 175 | Domain: s | loss: 1.9452 | Acc: 66.60%
2024-03-19 13:45 before_fed Round:  36 | Epochs: 180 | Domain: v | loss: 0.9234 | Acc: 80.51%
2024-03-19 13:46 before_fed Round:  36 | Epochs: 180 | Domain: l | loss: 2.1038 | Acc: 72.19%
2024-03-19 13:46 before_fed Round:  36 | Epochs: 180 | Domain: c | loss: 0.0011 | Acc: 100.00%
2024-03-19 13:46 after_fed Round:  36 | Epochs: 180 | Domain: v | loss: 0.9118 | Acc: 79.66%
2024-03-19 13:46 after_fed Round:  36 | Epochs: 180 | Domain: l | loss: 2.7320 | Acc: 65.24%
2024-03-19 13:46 after_fed Round:  36 | Epochs: 180 | Domain: c | loss: 0.0034 | Acc: 100.00%
2024-03-19 13:46 test_domain Round:  36 | Epochs: 180 | Domain: s | loss: 1.9171 | Acc: 67.31%
2024-03-19 13:47 before_fed Round:  37 | Epochs: 185 | Domain: v | loss: 0.9220 | Acc: 83.05%
2024-03-19 13:47 before_fed Round:  37 | Epochs: 185 | Domain: l | loss: 2.1685 | Acc: 72.19%
2024-03-19 13:47 before_fed Round:  37 | Epochs: 185 | Domain: c | loss: 0.0007 | Acc: 100.00%
2024-03-19 13:47 after_fed Round:  37 | Epochs: 185 | Domain: v | loss: 0.9090 | Acc: 80.93%
2024-03-19 13:47 after_fed Round:  37 | Epochs: 185 | Domain: l | loss: 2.9565 | Acc: 64.17%
2024-03-19 13:47 after_fed Round:  37 | Epochs: 185 | Domain: c | loss: 0.0076 | Acc: 100.00%
2024-03-19 13:48 test_domain Round:  37 | Epochs: 185 | Domain: s | loss: 1.9197 | Acc: 67.01%
2024-03-19 13:48 before_fed Round:  38 | Epochs: 190 | Domain: v | loss: 0.8878 | Acc: 82.20%
2024-03-19 13:49 before_fed Round:  38 | Epochs: 190 | Domain: l | loss: 2.1951 | Acc: 70.59%
2024-03-19 13:49 before_fed Round:  38 | Epochs: 190 | Domain: c | loss: 0.0002 | Acc: 100.00%
2024-03-19 13:49 after_fed Round:  38 | Epochs: 190 | Domain: v | loss: 0.9070 | Acc: 80.93%
2024-03-19 13:49 after_fed Round:  38 | Epochs: 190 | Domain: l | loss: 3.1262 | Acc: 63.10%
2024-03-19 13:49 after_fed Round:  38 | Epochs: 190 | Domain: c | loss: 0.0017 | Acc: 100.00%
2024-03-19 13:49 test_domain Round:  38 | Epochs: 190 | Domain: s | loss: 2.0361 | Acc: 67.51%
2024-03-19 13:50 before_fed Round:  39 | Epochs: 195 | Domain: v | loss: 0.8413 | Acc: 80.93%
2024-03-19 13:50 before_fed Round:  39 | Epochs: 195 | Domain: l | loss: 2.2233 | Acc: 71.66%
2024-03-19 13:50 before_fed Round:  39 | Epochs: 195 | Domain: c | loss: 0.0001 | Acc: 100.00%
2024-03-19 13:50 after_fed Round:  39 | Epochs: 195 | Domain: v | loss: 0.8743 | Acc: 79.66%
2024-03-19 13:50 after_fed Round:  39 | Epochs: 195 | Domain: l | loss: 2.9797 | Acc: 66.31%
2024-03-19 13:50 after_fed Round:  39 | Epochs: 195 | Domain: c | loss: 0.0018 | Acc: 100.00%
2024-03-19 13:50 test_domain Round:  39 | Epochs: 195 | Domain: s | loss: 2.1132 | Acc: 65.69%
2024-03-19 13:51 before_fed Round:  40 | Epochs: 200 | Domain: v | loss: 0.8993 | Acc: 81.36%
2024-03-19 13:51 before_fed Round:  40 | Epochs: 200 | Domain: l | loss: 2.2536 | Acc: 71.12%
2024-03-19 13:52 before_fed Round:  40 | Epochs: 200 | Domain: c | loss: 0.0001 | Acc: 100.00%
2024-03-19 13:52 after_fed Round:  40 | Epochs: 200 | Domain: v | loss: 0.8917 | Acc: 80.93%
2024-03-19 13:52 after_fed Round:  40 | Epochs: 200 | Domain: l | loss: 3.2230 | Acc: 64.17%
2024-03-19 13:52 after_fed Round:  40 | Epochs: 200 | Domain: c | loss: 0.0012 | Acc: 100.00%
2024-03-19 13:52 test_domain Round:  40 | Epochs: 200 | Domain: s | loss: 1.9771 | Acc: 67.21%
