2024-03-19 12:58 comment: fed avg, ccnet(2heads), pacs on a
2024-03-19 12:59 before_fed Round:   0 | Epochs:   0 | Domain: p | loss: 1.2736 | Acc: 77.25%
2024-03-19 13:00 before_fed Round:   0 | Epochs:   0 | Domain: c | loss: 1.3179 | Acc: 59.15%
2024-03-19 13:00 before_fed Round:   0 | Epochs:   0 | Domain: s | loss: 1.0437 | Acc: 62.34%
2024-03-19 13:00 after_fed Round:   0 | Epochs:   0 | Domain: p | loss: 1.7483 | Acc: 44.31%
2024-03-19 13:00 after_fed Round:   0 | Epochs:   0 | Domain: c | loss: 1.4700 | Acc: 47.66%
2024-03-19 13:00 after_fed Round:   0 | Epochs:   0 | Domain: s | loss: 1.2070 | Acc: 60.05%
2024-03-19 13:00 Model saved! Best Val Acc: 139.84%
2024-03-19 13:00 test_domain Round:   0 | Epochs:   0 | Domain: a | loss: 1.8065 | Acc: 29.49%
2024-03-19 13:01 before_fed Round:   1 | Epochs:   5 | Domain: p | loss: 0.9204 | Acc: 91.02%
2024-03-19 13:01 before_fed Round:   1 | Epochs:   5 | Domain: c | loss: 0.9874 | Acc: 69.36%
2024-03-19 13:02 before_fed Round:   1 | Epochs:   5 | Domain: s | loss: 0.8043 | Acc: 69.21%
2024-03-19 13:02 after_fed Round:   1 | Epochs:   5 | Domain: p | loss: 1.2912 | Acc: 58.68%
2024-03-19 13:02 after_fed Round:   1 | Epochs:   5 | Domain: c | loss: 1.1320 | Acc: 59.15%
2024-03-19 13:02 after_fed Round:   1 | Epochs:   5 | Domain: s | loss: 0.8820 | Acc: 67.68%
2024-03-19 13:02 Model saved! Best Val Acc: 104.18%
2024-03-19 13:02 test_domain Round:   1 | Epochs:   5 | Domain: a | loss: 1.4902 | Acc: 47.75%
2024-03-19 13:02 before_fed Round:   2 | Epochs:  10 | Domain: p | loss: 0.6482 | Acc: 91.02%
2024-03-19 13:03 before_fed Round:   2 | Epochs:  10 | Domain: c | loss: 0.8145 | Acc: 71.06%
2024-03-19 13:04 before_fed Round:   2 | Epochs:  10 | Domain: s | loss: 0.6745 | Acc: 73.79%
2024-03-19 13:04 after_fed Round:   2 | Epochs:  10 | Domain: p | loss: 0.9306 | Acc: 76.05%
2024-03-19 13:04 after_fed Round:   2 | Epochs:  10 | Domain: c | loss: 0.9395 | Acc: 64.26%
2024-03-19 13:04 after_fed Round:   2 | Epochs:  10 | Domain: s | loss: 0.7320 | Acc: 72.26%
2024-03-19 13:04 Model saved! Best Val Acc: 83.50%
2024-03-19 13:04 test_domain Round:   2 | Epochs:  10 | Domain: a | loss: 1.2375 | Acc: 62.16%
2024-03-19 13:04 before_fed Round:   3 | Epochs:  15 | Domain: p | loss: 0.4891 | Acc: 88.62%
2024-03-19 13:05 before_fed Round:   3 | Epochs:  15 | Domain: c | loss: 0.7054 | Acc: 76.17%
2024-03-19 13:05 before_fed Round:   3 | Epochs:  15 | Domain: s | loss: 0.6016 | Acc: 76.08%
2024-03-19 13:05 after_fed Round:   3 | Epochs:  15 | Domain: p | loss: 0.7261 | Acc: 82.63%
2024-03-19 13:05 after_fed Round:   3 | Epochs:  15 | Domain: c | loss: 0.8546 | Acc: 66.38%
2024-03-19 13:05 after_fed Round:   3 | Epochs:  15 | Domain: s | loss: 0.6555 | Acc: 74.30%
2024-03-19 13:05 Model saved! Best Val Acc: 72.91%
2024-03-19 13:05 test_domain Round:   3 | Epochs:  15 | Domain: a | loss: 1.0966 | Acc: 66.80%
2024-03-19 13:06 before_fed Round:   4 | Epochs:  20 | Domain: p | loss: 0.4004 | Acc: 88.62%
2024-03-19 13:06 before_fed Round:   4 | Epochs:  20 | Domain: c | loss: 0.6433 | Acc: 76.17%
2024-03-19 13:07 before_fed Round:   4 | Epochs:  20 | Domain: s | loss: 0.5495 | Acc: 78.63%
2024-03-19 13:07 after_fed Round:   4 | Epochs:  20 | Domain: p | loss: 0.5984 | Acc: 83.83%
2024-03-19 13:07 after_fed Round:   4 | Epochs:  20 | Domain: c | loss: 0.8109 | Acc: 67.66%
2024-03-19 13:07 after_fed Round:   4 | Epochs:  20 | Domain: s | loss: 0.6071 | Acc: 76.34%
2024-03-19 13:07 Model saved! Best Val Acc: 66.54%
2024-03-19 13:07 test_domain Round:   4 | Epochs:  20 | Domain: a | loss: 1.0114 | Acc: 68.85%
2024-03-19 13:08 before_fed Round:   5 | Epochs:  25 | Domain: p | loss: 0.3348 | Acc: 89.82%
2024-03-19 13:08 before_fed Round:   5 | Epochs:  25 | Domain: c | loss: 0.6088 | Acc: 75.74%
2024-03-19 13:09 before_fed Round:   5 | Epochs:  25 | Domain: s | loss: 0.5077 | Acc: 80.15%
2024-03-19 13:09 after_fed Round:   5 | Epochs:  25 | Domain: p | loss: 0.5046 | Acc: 86.23%
2024-03-19 13:09 after_fed Round:   5 | Epochs:  25 | Domain: c | loss: 0.7846 | Acc: 68.51%
2024-03-19 13:09 after_fed Round:   5 | Epochs:  25 | Domain: s | loss: 0.5687 | Acc: 78.88%
2024-03-19 13:09 Model saved! Best Val Acc: 61.89%
2024-03-19 13:09 test_domain Round:   5 | Epochs:  25 | Domain: a | loss: 0.9529 | Acc: 69.68%
2024-03-19 13:09 before_fed Round:   6 | Epochs:  30 | Domain: p | loss: 0.2873 | Acc: 91.62%
2024-03-19 13:10 before_fed Round:   6 | Epochs:  30 | Domain: c | loss: 0.5898 | Acc: 77.87%
2024-03-19 13:10 before_fed Round:   6 | Epochs:  30 | Domain: s | loss: 0.4754 | Acc: 81.93%
2024-03-19 13:10 after_fed Round:   6 | Epochs:  30 | Domain: p | loss: 0.4338 | Acc: 86.23%
2024-03-19 13:10 after_fed Round:   6 | Epochs:  30 | Domain: c | loss: 0.7632 | Acc: 70.64%
2024-03-19 13:10 after_fed Round:   6 | Epochs:  30 | Domain: s | loss: 0.5359 | Acc: 80.66%
2024-03-19 13:10 Model saved! Best Val Acc: 58.15%
2024-03-19 13:10 test_domain Round:   6 | Epochs:  30 | Domain: a | loss: 0.9129 | Acc: 71.44%
2024-03-19 13:11 before_fed Round:   7 | Epochs:  35 | Domain: p | loss: 0.2522 | Acc: 92.81%
2024-03-19 13:11 before_fed Round:   7 | Epochs:  35 | Domain: c | loss: 0.5749 | Acc: 77.02%
2024-03-19 13:12 before_fed Round:   7 | Epochs:  35 | Domain: s | loss: 0.4509 | Acc: 84.48%
2024-03-19 13:12 after_fed Round:   7 | Epochs:  35 | Domain: p | loss: 0.3817 | Acc: 87.43%
2024-03-19 13:12 after_fed Round:   7 | Epochs:  35 | Domain: c | loss: 0.7415 | Acc: 72.34%
2024-03-19 13:12 after_fed Round:   7 | Epochs:  35 | Domain: s | loss: 0.5096 | Acc: 81.93%
2024-03-19 13:12 Model saved! Best Val Acc: 55.11%
2024-03-19 13:12 test_domain Round:   7 | Epochs:  35 | Domain: a | loss: 0.8897 | Acc: 71.39%
2024-03-19 13:13 before_fed Round:   8 | Epochs:  40 | Domain: p | loss: 0.2259 | Acc: 94.61%
2024-03-19 13:13 before_fed Round:   8 | Epochs:  40 | Domain: c | loss: 0.5706 | Acc: 77.87%
2024-03-19 13:14 before_fed Round:   8 | Epochs:  40 | Domain: s | loss: 0.4274 | Acc: 84.99%
2024-03-19 13:14 after_fed Round:   8 | Epochs:  40 | Domain: p | loss: 0.3442 | Acc: 89.22%
2024-03-19 13:14 after_fed Round:   8 | Epochs:  40 | Domain: c | loss: 0.7303 | Acc: 71.91%
2024-03-19 13:14 after_fed Round:   8 | Epochs:  40 | Domain: s | loss: 0.4824 | Acc: 83.21%
2024-03-19 13:14 Model saved! Best Val Acc: 52.65%
2024-03-19 13:14 test_domain Round:   8 | Epochs:  40 | Domain: a | loss: 0.8755 | Acc: 72.22%
2024-03-19 13:14 before_fed Round:   9 | Epochs:  45 | Domain: p | loss: 0.2061 | Acc: 95.21%
2024-03-19 13:15 before_fed Round:   9 | Epochs:  45 | Domain: c | loss: 0.5627 | Acc: 77.87%
2024-03-19 13:15 before_fed Round:   9 | Epochs:  45 | Domain: s | loss: 0.4117 | Acc: 85.75%
2024-03-19 13:15 after_fed Round:   9 | Epochs:  45 | Domain: p | loss: 0.3105 | Acc: 89.82%
2024-03-19 13:15 after_fed Round:   9 | Epochs:  45 | Domain: c | loss: 0.7177 | Acc: 71.49%
2024-03-19 13:15 after_fed Round:   9 | Epochs:  45 | Domain: s | loss: 0.4626 | Acc: 83.72%
2024-03-19 13:15 Model saved! Best Val Acc: 50.59%
2024-03-19 13:15 test_domain Round:   9 | Epochs:  45 | Domain: a | loss: 0.8649 | Acc: 72.27%
2024-03-19 13:16 before_fed Round:  10 | Epochs:  50 | Domain: p | loss: 0.1886 | Acc: 96.41%
2024-03-19 13:16 before_fed Round:  10 | Epochs:  50 | Domain: c | loss: 0.5576 | Acc: 78.30%
2024-03-19 13:17 before_fed Round:  10 | Epochs:  50 | Domain: s | loss: 0.4021 | Acc: 86.77%
2024-03-19 13:17 after_fed Round:  10 | Epochs:  50 | Domain: p | loss: 0.2866 | Acc: 90.42%
2024-03-19 13:17 after_fed Round:  10 | Epochs:  50 | Domain: c | loss: 0.7007 | Acc: 72.34%
2024-03-19 13:17 after_fed Round:  10 | Epochs:  50 | Domain: s | loss: 0.4495 | Acc: 83.97%
2024-03-19 13:17 Model saved! Best Val Acc: 48.94%
2024-03-19 13:17 test_domain Round:  10 | Epochs:  50 | Domain: a | loss: 0.8615 | Acc: 72.51%