2024-03-19 17:28 comment: fed avg, agglomerator(pretrainstep), vlcs on v
2024-03-19 17:29 before_fed Round:   0 | Epochs:   0 | Domain: l | loss: 0.0055
2024-03-19 17:29 before_fed Round:   0 | Epochs:   0 | Domain: c | loss: 0.0115
2024-03-19 17:30 before_fed Round:   0 | Epochs:   0 | Domain: s | loss: 0.0046
2024-03-19 17:30 after_fed Round:   0 | Epochs:   0 | Domain: l | loss: 0.0055
2024-03-19 17:31 after_fed Round:   0 | Epochs:   0 | Domain: c | loss: 0.0115
2024-03-19 17:31 after_fed Round:   0 | Epochs:   0 | Domain: s | loss: 0.0046
2024-03-19 17:31 Model saved! Best Val Acc: 0.63%
2024-03-19 17:31 test_domain Round:   0 | Epochs:   0 | Domain: v | loss: 0.0044
2024-03-19 17:31 before_fed Round:   1 | Epochs:   5 | Domain: l | loss: 0.0055
2024-03-19 17:32 before_fed Round:   1 | Epochs:   5 | Domain: c | loss: 0.0114
2024-03-19 17:33 before_fed Round:   1 | Epochs:   5 | Domain: s | loss: 0.0046
2024-03-19 17:33 after_fed Round:   1 | Epochs:   5 | Domain: l | loss: 0.0055
2024-03-19 17:33 after_fed Round:   1 | Epochs:   5 | Domain: c | loss: 0.0115
2024-03-19 17:33 after_fed Round:   1 | Epochs:   5 | Domain: s | loss: 0.0046
2024-03-19 17:33 Model saved! Best Val Acc: 0.63%
2024-03-19 17:33 test_domain Round:   1 | Epochs:   5 | Domain: v | loss: 0.0044
2024-03-19 17:34 before_fed Round:   2 | Epochs:  10 | Domain: l | loss: 0.0055
2024-03-19 17:34 before_fed Round:   2 | Epochs:  10 | Domain: c | loss: 0.0114
2024-03-19 17:35 before_fed Round:   2 | Epochs:  10 | Domain: s | loss: 0.0046
2024-03-19 17:35 after_fed Round:   2 | Epochs:  10 | Domain: l | loss: 0.0055
2024-03-19 17:35 after_fed Round:   2 | Epochs:  10 | Domain: c | loss: 0.0115
2024-03-19 17:35 after_fed Round:   2 | Epochs:  10 | Domain: s | loss: 0.0046
2024-03-19 17:35 Model saved! Best Val Acc: 0.62%
2024-03-19 17:35 test_domain Round:   2 | Epochs:  10 | Domain: v | loss: 0.0044
2024-03-19 17:36 before_fed Round:   3 | Epochs:  15 | Domain: l | loss: 0.0054
2024-03-19 17:37 before_fed Round:   3 | Epochs:  15 | Domain: c | loss: 0.0114
2024-03-19 17:38 before_fed Round:   3 | Epochs:  15 | Domain: s | loss: 0.0046
2024-03-19 17:38 after_fed Round:   3 | Epochs:  15 | Domain: l | loss: 0.0055
2024-03-19 17:38 after_fed Round:   3 | Epochs:  15 | Domain: c | loss: 0.0115
2024-03-19 17:38 after_fed Round:   3 | Epochs:  15 | Domain: s | loss: 0.0046
2024-03-19 17:38 Model saved! Best Val Acc: 0.62%
2024-03-19 17:38 test_domain Round:   3 | Epochs:  15 | Domain: v | loss: 0.0044
2024-03-19 17:39 before_fed Round:   4 | Epochs:  20 | Domain: l | loss: 0.0054
2024-03-19 17:39 before_fed Round:   4 | Epochs:  20 | Domain: c | loss: 0.0114
2024-03-19 17:40 before_fed Round:   4 | Epochs:  20 | Domain: s | loss: 0.0046
2024-03-19 17:40 after_fed Round:   4 | Epochs:  20 | Domain: l | loss: 0.0054
2024-03-19 17:40 after_fed Round:   4 | Epochs:  20 | Domain: c | loss: 0.0115
2024-03-19 17:40 after_fed Round:   4 | Epochs:  20 | Domain: s | loss: 0.0046
2024-03-19 17:40 Model saved! Best Val Acc: 0.62%
2024-03-19 17:40 test_domain Round:   4 | Epochs:  20 | Domain: v | loss: 0.0044
2024-03-19 17:41 before_fed Round:   5 | Epochs:  25 | Domain: l | loss: 0.0054
2024-03-19 17:42 before_fed Round:   5 | Epochs:  25 | Domain: c | loss: 0.0114
2024-03-19 17:43 before_fed Round:   5 | Epochs:  25 | Domain: s | loss: 0.0046
2024-03-19 17:43 after_fed Round:   5 | Epochs:  25 | Domain: l | loss: 0.0054
2024-03-19 17:43 after_fed Round:   5 | Epochs:  25 | Domain: c | loss: 0.0115
2024-03-19 17:43 after_fed Round:   5 | Epochs:  25 | Domain: s | loss: 0.0046
2024-03-19 17:43 Model saved! Best Val Acc: 0.62%
2024-03-19 17:43 test_domain Round:   5 | Epochs:  25 | Domain: v | loss: 0.0043
2024-03-19 17:44 before_fed Round:   6 | Epochs:  30 | Domain: l | loss: 0.0054
2024-03-19 17:44 before_fed Round:   6 | Epochs:  30 | Domain: c | loss: 0.0114
2024-03-19 17:45 before_fed Round:   6 | Epochs:  30 | Domain: s | loss: 0.0046
2024-03-19 17:45 after_fed Round:   6 | Epochs:  30 | Domain: l | loss: 0.0054
2024-03-19 17:45 after_fed Round:   6 | Epochs:  30 | Domain: c | loss: 0.0115
2024-03-19 17:45 after_fed Round:   6 | Epochs:  30 | Domain: s | loss: 0.0046
2024-03-19 17:45 Model saved! Best Val Acc: 0.62%
2024-03-19 17:45 test_domain Round:   6 | Epochs:  30 | Domain: v | loss: 0.0043
2024-03-19 17:46 before_fed Round:   7 | Epochs:  35 | Domain: l | loss: 0.0054
2024-03-19 17:47 before_fed Round:   7 | Epochs:  35 | Domain: c | loss: 0.0114
2024-03-19 17:48 before_fed Round:   7 | Epochs:  35 | Domain: s | loss: 0.0046
2024-03-19 17:48 after_fed Round:   7 | Epochs:  35 | Domain: l | loss: 0.0054
2024-03-19 17:48 after_fed Round:   7 | Epochs:  35 | Domain: c | loss: 0.0115
2024-03-19 17:48 after_fed Round:   7 | Epochs:  35 | Domain: s | loss: 0.0046
2024-03-19 17:48 Model saved! Best Val Acc: 0.62%
2024-03-19 17:48 test_domain Round:   7 | Epochs:  35 | Domain: v | loss: 0.0043
2024-03-19 17:48 before_fed Round:   8 | Epochs:  40 | Domain: l | loss: 0.0054
2024-03-19 17:49 before_fed Round:   8 | Epochs:  40 | Domain: c | loss: 0.0114
2024-03-19 17:50 before_fed Round:   8 | Epochs:  40 | Domain: s | loss: 0.0046
2024-03-19 17:50 after_fed Round:   8 | Epochs:  40 | Domain: l | loss: 0.0054
2024-03-19 17:50 after_fed Round:   8 | Epochs:  40 | Domain: c | loss: 0.0115
2024-03-19 17:50 after_fed Round:   8 | Epochs:  40 | Domain: s | loss: 0.0046
2024-03-19 17:50 Model saved! Best Val Acc: 0.62%
2024-03-19 17:50 test_domain Round:   8 | Epochs:  40 | Domain: v | loss: 0.0043
2024-03-19 17:51 before_fed Round:   9 | Epochs:  45 | Domain: l | loss: 0.0054
2024-03-19 17:51 before_fed Round:   9 | Epochs:  45 | Domain: c | loss: 0.0114
2024-03-19 17:52 before_fed Round:   9 | Epochs:  45 | Domain: s | loss: 0.0046
2024-03-19 17:52 after_fed Round:   9 | Epochs:  45 | Domain: l | loss: 0.0054
2024-03-19 17:52 after_fed Round:   9 | Epochs:  45 | Domain: c | loss: 0.0115
2024-03-19 17:52 after_fed Round:   9 | Epochs:  45 | Domain: s | loss: 0.0046
2024-03-19 17:52 Model saved! Best Val Acc: 0.62%
2024-03-19 17:53 test_domain Round:   9 | Epochs:  45 | Domain: v | loss: 0.0043
2024-03-19 17:53 before_fed Round:  10 | Epochs:  50 | Domain: l | loss: 0.0053
2024-03-19 17:54 before_fed Round:  10 | Epochs:  50 | Domain: c | loss: 0.0114
2024-03-19 17:55 before_fed Round:  10 | Epochs:  50 | Domain: s | loss: 0.0045
2024-03-19 17:55 after_fed Round:  10 | Epochs:  50 | Domain: l | loss: 0.0054
2024-03-19 17:55 after_fed Round:  10 | Epochs:  50 | Domain: c | loss: 0.0115
2024-03-19 17:55 after_fed Round:  10 | Epochs:  50 | Domain: s | loss: 0.0046
2024-03-19 17:55 Model saved! Best Val Acc: 0.62%
2024-03-19 17:55 test_domain Round:  10 | Epochs:  50 | Domain: v | loss: 0.0043
