2024-04-16 12:56 comment: RSC, ccnet(3heads), pacs on p
2024-04-16 12:57 before_fed Round:   0 | Epochs:   0 | Domain: a | loss: 1.3394 | Acc: 88.78%
2024-04-16 12:58 before_fed Round:   0 | Epochs:   0 | Domain: c | loss: 1.6336 | Acc: 87.66%
2024-04-16 12:58 before_fed Round:   0 | Epochs:   0 | Domain: s | loss: 1.2361 | Acc: 86.51%
2024-04-16 12:58 after_fed Round:   0 | Epochs:   0 | Domain: a | loss: 3.0326 | Acc: 77.07%
2024-04-16 12:58 after_fed Round:   0 | Epochs:   0 | Domain: c | loss: 3.7843 | Acc: 73.19%
2024-04-16 12:58 after_fed Round:   0 | Epochs:   0 | Domain: s | loss: 1.3270 | Acc: 82.19%
2024-04-16 12:58 Model saved! Best Val Acc: 78.39%
2024-04-16 12:59 test_domain Round:   0 | Epochs:   0 | Domain: p | loss: 1.0901 | Acc: 90.48%
2024-04-16 12:59 before_fed Round:   1 | Epochs:   5 | Domain: a | loss: 1.8244 | Acc: 89.27%
2024-04-16 13:00 before_fed Round:   1 | Epochs:   5 | Domain: c | loss: 1.7876 | Acc: 85.96%
2024-04-16 13:01 before_fed Round:   1 | Epochs:   5 | Domain: s | loss: 1.8049 | Acc: 86.01%
2024-04-16 13:01 after_fed Round:   1 | Epochs:   5 | Domain: a | loss: 2.8691 | Acc: 80.00%
2024-04-16 13:01 after_fed Round:   1 | Epochs:   5 | Domain: c | loss: 4.1378 | Acc: 77.45%
2024-04-16 13:01 after_fed Round:   1 | Epochs:   5 | Domain: s | loss: 1.7865 | Acc: 83.46%
2024-04-16 13:01 Model saved! Best Val Acc: 80.91%
2024-04-16 13:01 test_domain Round:   1 | Epochs:   5 | Domain: p | loss: 1.5278 | Acc: 90.48%
2024-04-16 13:01 before_fed Round:   2 | Epochs:  10 | Domain: a | loss: 1.9960 | Acc: 87.80%
2024-04-16 13:02 before_fed Round:   2 | Epochs:  10 | Domain: c | loss: 2.2682 | Acc: 83.40%
2024-04-16 13:03 before_fed Round:   2 | Epochs:  10 | Domain: s | loss: 2.1985 | Acc: 86.01%
2024-04-16 13:03 after_fed Round:   2 | Epochs:  10 | Domain: a | loss: 2.7788 | Acc: 82.93%
2024-04-16 13:03 after_fed Round:   2 | Epochs:  10 | Domain: c | loss: 4.0927 | Acc: 75.74%
2024-04-16 13:03 after_fed Round:   2 | Epochs:  10 | Domain: s | loss: 2.1610 | Acc: 83.72%
2024-04-16 13:03 Model saved! Best Val Acc: 81.28%
2024-04-16 13:03 test_domain Round:   2 | Epochs:  10 | Domain: p | loss: 1.8590 | Acc: 89.34%
2024-04-16 13:04 before_fed Round:   3 | Epochs:  15 | Domain: a | loss: 2.4845 | Acc: 86.83%
2024-04-16 13:04 before_fed Round:   3 | Epochs:  15 | Domain: c | loss: 3.0823 | Acc: 83.83%
2024-04-16 13:05 before_fed Round:   3 | Epochs:  15 | Domain: s | loss: 2.2809 | Acc: 87.28%
2024-04-16 13:05 after_fed Round:   3 | Epochs:  15 | Domain: a | loss: 2.8587 | Acc: 85.37%
2024-04-16 13:05 after_fed Round:   3 | Epochs:  15 | Domain: c | loss: 4.4812 | Acc: 80.43%
2024-04-16 13:05 after_fed Round:   3 | Epochs:  15 | Domain: s | loss: 2.2426 | Acc: 85.75%
2024-04-16 13:05 Model saved! Best Val Acc: 84.16%
2024-04-16 13:05 test_domain Round:   3 | Epochs:  15 | Domain: p | loss: 2.1993 | Acc: 88.80%
2024-04-16 13:06 before_fed Round:   4 | Epochs:  20 | Domain: a | loss: 2.7795 | Acc: 87.32%
2024-04-16 13:06 before_fed Round:   4 | Epochs:  20 | Domain: c | loss: 3.2630 | Acc: 85.96%
2024-04-16 13:07 before_fed Round:   4 | Epochs:  20 | Domain: s | loss: 2.7135 | Acc: 84.99%
2024-04-16 13:07 after_fed Round:   4 | Epochs:  20 | Domain: a | loss: 3.4059 | Acc: 86.34%
2024-04-16 13:07 after_fed Round:   4 | Epochs:  20 | Domain: c | loss: 4.9574 | Acc: 80.85%
2024-04-16 13:07 after_fed Round:   4 | Epochs:  20 | Domain: s | loss: 2.4723 | Acc: 85.50%
2024-04-16 13:07 Model saved! Best Val Acc: 84.40%
2024-04-16 13:07 test_domain Round:   4 | Epochs:  20 | Domain: p | loss: 2.7563 | Acc: 87.49%
2024-04-16 13:08 before_fed Round:   5 | Epochs:  25 | Domain: a | loss: 2.7423 | Acc: 86.83%
2024-04-16 13:09 before_fed Round:   5 | Epochs:  25 | Domain: c | loss: 3.7158 | Acc: 83.83%
2024-04-16 13:10 before_fed Round:   5 | Epochs:  25 | Domain: s | loss: 2.7607 | Acc: 85.24%
2024-04-16 13:10 after_fed Round:   5 | Epochs:  25 | Domain: a | loss: 3.3746 | Acc: 86.83%
2024-04-16 13:10 after_fed Round:   5 | Epochs:  25 | Domain: c | loss: 5.0864 | Acc: 78.30%
2024-04-16 13:10 after_fed Round:   5 | Epochs:  25 | Domain: s | loss: 2.6731 | Acc: 85.75%
2024-04-16 13:10 test_domain Round:   5 | Epochs:  25 | Domain: p | loss: 2.5760 | Acc: 88.26%
2024-04-16 13:10 before_fed Round:   6 | Epochs:  30 | Domain: a | loss: 2.6639 | Acc: 88.78%
2024-04-16 13:11 before_fed Round:   6 | Epochs:  30 | Domain: c | loss: 4.2009 | Acc: 83.83%
2024-04-16 13:12 before_fed Round:   6 | Epochs:  30 | Domain: s | loss: 2.9014 | Acc: 85.24%
2024-04-16 13:12 after_fed Round:   6 | Epochs:  30 | Domain: a | loss: 3.8840 | Acc: 85.37%
2024-04-16 13:12 after_fed Round:   6 | Epochs:  30 | Domain: c | loss: 5.5232 | Acc: 80.43%
2024-04-16 13:12 after_fed Round:   6 | Epochs:  30 | Domain: s | loss: 2.7992 | Acc: 85.50%
2024-04-16 13:12 test_domain Round:   6 | Epochs:  30 | Domain: p | loss: 2.8755 | Acc: 88.50%
2024-04-16 13:12 before_fed Round:   7 | Epochs:  35 | Domain: a | loss: 3.7813 | Acc: 84.39%
2024-04-16 13:13 before_fed Round:   7 | Epochs:  35 | Domain: c | loss: 4.2592 | Acc: 83.83%
2024-04-16 13:14 before_fed Round:   7 | Epochs:  35 | Domain: s | loss: 2.8089 | Acc: 87.79%
2024-04-16 13:14 after_fed Round:   7 | Epochs:  35 | Domain: a | loss: 4.2658 | Acc: 84.88%
2024-04-16 13:14 after_fed Round:   7 | Epochs:  35 | Domain: c | loss: 5.3337 | Acc: 80.85%
2024-04-16 13:14 after_fed Round:   7 | Epochs:  35 | Domain: s | loss: 2.9511 | Acc: 87.28%
2024-04-16 13:14 Model saved! Best Val Acc: 84.88%
2024-04-16 13:14 test_domain Round:   7 | Epochs:  35 | Domain: p | loss: 3.0132 | Acc: 88.68%
2024-04-16 13:15 before_fed Round:   8 | Epochs:  40 | Domain: a | loss: 3.5608 | Acc: 85.37%
2024-04-16 13:15 before_fed Round:   8 | Epochs:  40 | Domain: c | loss: 5.0407 | Acc: 80.85%
2024-04-16 13:16 before_fed Round:   8 | Epochs:  40 | Domain: s | loss: 2.4025 | Acc: 88.30%
2024-04-16 13:16 after_fed Round:   8 | Epochs:  40 | Domain: a | loss: 4.2289 | Acc: 84.88%
2024-04-16 13:16 after_fed Round:   8 | Epochs:  40 | Domain: c | loss: 5.2629 | Acc: 81.70%
2024-04-16 13:16 after_fed Round:   8 | Epochs:  40 | Domain: s | loss: 2.6912 | Acc: 87.53%
2024-04-16 13:16 Model saved! Best Val Acc: 85.24%
2024-04-16 13:16 test_domain Round:   8 | Epochs:  40 | Domain: p | loss: 2.9696 | Acc: 88.74%
2024-04-16 13:17 before_fed Round:   9 | Epochs:  45 | Domain: a | loss: 3.5034 | Acc: 84.39%
2024-04-16 13:17 before_fed Round:   9 | Epochs:  45 | Domain: c | loss: 4.9286 | Acc: 79.57%
2024-04-16 13:18 before_fed Round:   9 | Epochs:  45 | Domain: s | loss: 2.3560 | Acc: 88.55%
2024-04-16 13:18 after_fed Round:   9 | Epochs:  45 | Domain: a | loss: 4.1327 | Acc: 84.88%
2024-04-16 13:18 after_fed Round:   9 | Epochs:  45 | Domain: c | loss: 5.3263 | Acc: 81.70%
2024-04-16 13:18 after_fed Round:   9 | Epochs:  45 | Domain: s | loss: 2.5337 | Acc: 87.53%
2024-04-16 13:18 Model saved! Best Val Acc: 85.24%
2024-04-16 13:18 test_domain Round:   9 | Epochs:  45 | Domain: p | loss: 2.9436 | Acc: 88.68%
2024-04-16 13:19 before_fed Round:  10 | Epochs:  50 | Domain: a | loss: 3.5673 | Acc: 84.39%
2024-04-16 13:19 before_fed Round:  10 | Epochs:  50 | Domain: c | loss: 4.7987 | Acc: 80.43%
2024-04-16 13:20 before_fed Round:  10 | Epochs:  50 | Domain: s | loss: 2.4881 | Acc: 88.04%
2024-04-16 13:20 after_fed Round:  10 | Epochs:  50 | Domain: a | loss: 4.0837 | Acc: 84.88%
2024-04-16 13:20 after_fed Round:  10 | Epochs:  50 | Domain: c | loss: 5.3200 | Acc: 81.70%
2024-04-16 13:20 after_fed Round:  10 | Epochs:  50 | Domain: s | loss: 2.5295 | Acc: 88.30%
2024-04-16 13:20 Model saved! Best Val Acc: 85.60%
2024-04-16 13:21 test_domain Round:  10 | Epochs:  50 | Domain: p | loss: 2.9255 | Acc: 88.62%
