2024-03-19 10:31 comment: fed avg, mobilenetv1 pretrained, vlcs on l
2024-03-19 10:32 before_fed Round:   0 | Epochs:   0 | Domain: v | loss: 8.4828 | Acc: 2.97%
2024-03-19 10:32 before_fed Round:   0 | Epochs:   0 | Domain: c | loss: 8.7956 | Acc: 0.00%
2024-03-19 10:33 before_fed Round:   0 | Epochs:   0 | Domain: s | loss: 7.8741 | Acc: 2.17%
2024-03-19 10:33 after_fed Round:   0 | Epochs:   0 | Domain: v | loss: 9.7479 | Acc: 0.85%
2024-03-19 10:33 after_fed Round:   0 | Epochs:   0 | Domain: c | loss: 8.6590 | Acc: 3.00%
2024-03-19 10:33 after_fed Round:   0 | Epochs:   0 | Domain: s | loss: 9.8496 | Acc: 0.43%
2024-03-19 10:33 Model saved! Best Val Acc: 959.86%
2024-03-19 10:33 test_domain Round:   0 | Epochs:   0 | Domain: l | loss: 10.2713 | Acc: 0.13%
2024-03-19 10:34 before_fed Round:   1 | Epochs:   5 | Domain: v | loss: 6.1209 | Acc: 23.73%
2024-03-19 10:34 before_fed Round:   1 | Epochs:   5 | Domain: c | loss: 6.5349 | Acc: 10.00%
2024-03-19 10:35 before_fed Round:   1 | Epochs:   5 | Domain: s | loss: 5.1620 | Acc: 30.00%
2024-03-19 10:35 after_fed Round:   1 | Epochs:   5 | Domain: v | loss: 6.8187 | Acc: 12.71%
2024-03-19 10:35 after_fed Round:   1 | Epochs:   5 | Domain: c | loss: 6.6234 | Acc: 13.00%
2024-03-19 10:35 after_fed Round:   1 | Epochs:   5 | Domain: s | loss: 6.6660 | Acc: 16.96%
2024-03-19 10:35 Model saved! Best Val Acc: 672.24%
2024-03-19 10:35 test_domain Round:   1 | Epochs:   5 | Domain: l | loss: 8.1343 | Acc: 17.82%
2024-03-19 10:35 before_fed Round:   2 | Epochs:  10 | Domain: v | loss: 4.6954 | Acc: 43.64%
2024-03-19 10:36 before_fed Round:   2 | Epochs:  10 | Domain: c | loss: 4.8032 | Acc: 33.00%
2024-03-19 10:36 before_fed Round:   2 | Epochs:  10 | Domain: s | loss: 3.7350 | Acc: 53.48%
2024-03-19 10:36 after_fed Round:   2 | Epochs:  10 | Domain: v | loss: 4.8303 | Acc: 41.53%
2024-03-19 10:36 after_fed Round:   2 | Epochs:  10 | Domain: c | loss: 4.7749 | Acc: 31.00%
2024-03-19 10:36 after_fed Round:   2 | Epochs:  10 | Domain: s | loss: 4.9484 | Acc: 44.78%
2024-03-19 10:36 Model saved! Best Val Acc: 486.86%
2024-03-19 10:36 test_domain Round:   2 | Epochs:  10 | Domain: l | loss: 7.4874 | Acc: 39.52%
2024-03-19 10:37 before_fed Round:   3 | Epochs:  15 | Domain: v | loss: 3.7603 | Acc: 60.17%
2024-03-19 10:37 before_fed Round:   3 | Epochs:  15 | Domain: c | loss: 3.2244 | Acc: 56.00%
2024-03-19 10:38 before_fed Round:   3 | Epochs:  15 | Domain: s | loss: 3.1411 | Acc: 60.87%
2024-03-19 10:38 after_fed Round:   3 | Epochs:  15 | Domain: v | loss: 3.8180 | Acc: 54.66%
2024-03-19 10:38 after_fed Round:   3 | Epochs:  15 | Domain: c | loss: 3.1814 | Acc: 54.00%
2024-03-19 10:38 after_fed Round:   3 | Epochs:  15 | Domain: s | loss: 4.2764 | Acc: 53.91%
2024-03-19 10:38 Model saved! Best Val Acc: 389.30%
2024-03-19 10:38 test_domain Round:   3 | Epochs:  15 | Domain: l | loss: 7.9378 | Acc: 43.91%
2024-03-19 10:38 before_fed Round:   4 | Epochs:  20 | Domain: v | loss: 3.0496 | Acc: 66.10%
2024-03-19 10:39 before_fed Round:   4 | Epochs:  20 | Domain: c | loss: 1.9651 | Acc: 71.00%
2024-03-19 10:39 before_fed Round:   4 | Epochs:  20 | Domain: s | loss: 2.9050 | Acc: 64.78%
2024-03-19 10:39 after_fed Round:   4 | Epochs:  20 | Domain: v | loss: 3.1563 | Acc: 63.56%
2024-03-19 10:39 after_fed Round:   4 | Epochs:  20 | Domain: c | loss: 1.8397 | Acc: 78.00%
2024-03-19 10:39 after_fed Round:   4 | Epochs:  20 | Domain: s | loss: 3.7846 | Acc: 58.26%
2024-03-19 10:39 Model saved! Best Val Acc: 318.14%
2024-03-19 10:39 test_domain Round:   4 | Epochs:  20 | Domain: l | loss: 8.3913 | Acc: 46.80%
2024-03-19 10:40 before_fed Round:   5 | Epochs:  25 | Domain: v | loss: 2.6773 | Acc: 65.68%
2024-03-19 10:40 before_fed Round:   5 | Epochs:  25 | Domain: c | loss: 1.3981 | Acc: 83.00%
2024-03-19 10:41 before_fed Round:   5 | Epochs:  25 | Domain: s | loss: 2.1287 | Acc: 70.87%
2024-03-19 10:41 after_fed Round:   5 | Epochs:  25 | Domain: v | loss: 2.6403 | Acc: 66.95%
2024-03-19 10:41 after_fed Round:   5 | Epochs:  25 | Domain: c | loss: 1.2119 | Acc: 84.00%
2024-03-19 10:41 after_fed Round:   5 | Epochs:  25 | Domain: s | loss: 2.9621 | Acc: 65.22%
2024-03-19 10:41 Model saved! Best Val Acc: 252.11%
2024-03-19 10:41 test_domain Round:   5 | Epochs:  25 | Domain: l | loss: 7.6530 | Acc: 49.81%
2024-03-19 10:42 before_fed Round:   6 | Epochs:  30 | Domain: v | loss: 2.1807 | Acc: 67.80%
2024-03-19 10:42 before_fed Round:   6 | Epochs:  30 | Domain: c | loss: 0.8947 | Acc: 90.00%
2024-03-19 10:42 before_fed Round:   6 | Epochs:  30 | Domain: s | loss: 1.7511 | Acc: 75.22%
2024-03-19 10:43 after_fed Round:   6 | Epochs:  30 | Domain: v | loss: 2.2765 | Acc: 69.07%
2024-03-19 10:43 after_fed Round:   6 | Epochs:  30 | Domain: c | loss: 0.8519 | Acc: 90.00%
2024-03-19 10:43 after_fed Round:   6 | Epochs:  30 | Domain: s | loss: 2.3370 | Acc: 68.70%
2024-03-19 10:43 Model saved! Best Val Acc: 205.17%
2024-03-19 10:43 test_domain Round:   6 | Epochs:  30 | Domain: l | loss: 7.1630 | Acc: 52.57%
2024-03-19 10:43 before_fed Round:   7 | Epochs:  35 | Domain: v | loss: 1.8707 | Acc: 70.34%
2024-03-19 10:44 before_fed Round:   7 | Epochs:  35 | Domain: c | loss: 0.7418 | Acc: 91.00%
2024-03-19 10:44 before_fed Round:   7 | Epochs:  35 | Domain: s | loss: 1.5897 | Acc: 78.70%
2024-03-19 10:44 after_fed Round:   7 | Epochs:  35 | Domain: v | loss: 2.0801 | Acc: 66.95%
2024-03-19 10:44 after_fed Round:   7 | Epochs:  35 | Domain: c | loss: 0.7627 | Acc: 89.00%
2024-03-19 10:44 after_fed Round:   7 | Epochs:  35 | Domain: s | loss: 2.0317 | Acc: 71.74%
2024-03-19 10:44 Model saved! Best Val Acc: 182.98%
2024-03-19 10:44 test_domain Round:   7 | Epochs:  35 | Domain: l | loss: 7.3564 | Acc: 52.82%
2024-03-19 10:45 before_fed Round:   8 | Epochs:  40 | Domain: v | loss: 1.7450 | Acc: 72.88%
2024-03-19 10:45 before_fed Round:   8 | Epochs:  40 | Domain: c | loss: 0.5658 | Acc: 93.00%
2024-03-19 10:46 before_fed Round:   8 | Epochs:  40 | Domain: s | loss: 1.3840 | Acc: 79.13%
2024-03-19 10:46 after_fed Round:   8 | Epochs:  40 | Domain: v | loss: 1.8593 | Acc: 69.49%
2024-03-19 10:46 after_fed Round:   8 | Epochs:  40 | Domain: c | loss: 0.6535 | Acc: 91.00%
2024-03-19 10:46 after_fed Round:   8 | Epochs:  40 | Domain: s | loss: 1.7069 | Acc: 72.61%
2024-03-19 10:46 Model saved! Best Val Acc: 158.62%
2024-03-19 10:46 test_domain Round:   8 | Epochs:  40 | Domain: l | loss: 6.6896 | Acc: 55.08%
2024-03-19 10:46 before_fed Round:   9 | Epochs:  45 | Domain: v | loss: 1.6060 | Acc: 71.61%
2024-03-19 10:47 before_fed Round:   9 | Epochs:  45 | Domain: c | loss: 0.4749 | Acc: 94.00%
2024-03-19 10:47 before_fed Round:   9 | Epochs:  45 | Domain: s | loss: 1.2399 | Acc: 80.00%
2024-03-19 10:47 after_fed Round:   9 | Epochs:  45 | Domain: v | loss: 1.6725 | Acc: 72.03%
2024-03-19 10:47 after_fed Round:   9 | Epochs:  45 | Domain: c | loss: 0.5914 | Acc: 90.00%
2024-03-19 10:47 after_fed Round:   9 | Epochs:  45 | Domain: s | loss: 1.4629 | Acc: 74.78%
2024-03-19 10:47 Model saved! Best Val Acc: 139.80%
2024-03-19 10:47 test_domain Round:   9 | Epochs:  45 | Domain: l | loss: 6.3483 | Acc: 56.46%
2024-03-19 10:48 before_fed Round:  10 | Epochs:  50 | Domain: v | loss: 1.4520 | Acc: 73.31%
2024-03-19 10:48 before_fed Round:  10 | Epochs:  50 | Domain: c | loss: 0.4549 | Acc: 94.00%
2024-03-19 10:49 before_fed Round:  10 | Epochs:  50 | Domain: s | loss: 1.3091 | Acc: 77.83%
2024-03-19 10:49 after_fed Round:  10 | Epochs:  50 | Domain: v | loss: 1.5902 | Acc: 72.88%
2024-03-19 10:49 after_fed Round:  10 | Epochs:  50 | Domain: c | loss: 0.5568 | Acc: 91.00%
2024-03-19 10:49 after_fed Round:  10 | Epochs:  50 | Domain: s | loss: 1.4047 | Acc: 75.22%
2024-03-19 10:49 Model saved! Best Val Acc: 133.38%
2024-03-19 10:49 test_domain Round:  10 | Epochs:  50 | Domain: l | loss: 6.3635 | Acc: 56.46%
2024-03-19 10:50 before_fed Round:  11 | Epochs:  55 | Domain: v | loss: 1.3519 | Acc: 72.46%
2024-03-19 10:50 before_fed Round:  11 | Epochs:  55 | Domain: c | loss: 0.4220 | Acc: 95.00%
2024-03-19 10:50 before_fed Round:  11 | Epochs:  55 | Domain: s | loss: 1.1233 | Acc: 80.43%
2024-03-19 10:50 after_fed Round:  11 | Epochs:  55 | Domain: v | loss: 1.4556 | Acc: 73.73%
2024-03-19 10:51 after_fed Round:  11 | Epochs:  55 | Domain: c | loss: 0.5261 | Acc: 90.00%
2024-03-19 10:51 after_fed Round:  11 | Epochs:  55 | Domain: s | loss: 1.2038 | Acc: 77.39%
2024-03-19 10:51 Model saved! Best Val Acc: 119.05%
2024-03-19 10:51 test_domain Round:  11 | Epochs:  55 | Domain: l | loss: 5.6111 | Acc: 57.97%
2024-03-19 10:51 before_fed Round:  12 | Epochs:  60 | Domain: v | loss: 1.2725 | Acc: 73.73%
2024-03-19 10:52 before_fed Round:  12 | Epochs:  60 | Domain: c | loss: 0.4003 | Acc: 95.00%
2024-03-19 10:52 before_fed Round:  12 | Epochs:  60 | Domain: s | loss: 1.2206 | Acc: 75.65%
2024-03-19 10:52 after_fed Round:  12 | Epochs:  60 | Domain: v | loss: 1.3929 | Acc: 73.73%
2024-03-19 10:52 after_fed Round:  12 | Epochs:  60 | Domain: c | loss: 0.4912 | Acc: 89.00%
2024-03-19 10:52 after_fed Round:  12 | Epochs:  60 | Domain: s | loss: 1.1367 | Acc: 76.52%
2024-03-19 10:52 Model saved! Best Val Acc: 113.09%
2024-03-19 10:52 test_domain Round:  12 | Epochs:  60 | Domain: l | loss: 5.3318 | Acc: 57.84%
2024-03-19 10:53 before_fed Round:  13 | Epochs:  65 | Domain: v | loss: 1.2386 | Acc: 72.46%
2024-03-19 10:53 before_fed Round:  13 | Epochs:  65 | Domain: c | loss: 0.3750 | Acc: 95.00%
2024-03-19 10:54 before_fed Round:  13 | Epochs:  65 | Domain: s | loss: 1.1749 | Acc: 77.83%
2024-03-19 10:54 after_fed Round:  13 | Epochs:  65 | Domain: v | loss: 1.3610 | Acc: 74.15%
2024-03-19 10:54 after_fed Round:  13 | Epochs:  65 | Domain: c | loss: 0.4581 | Acc: 91.00%
2024-03-19 10:54 after_fed Round:  13 | Epochs:  65 | Domain: s | loss: 1.1851 | Acc: 75.65%
2024-03-19 10:54 test_domain Round:  13 | Epochs:  65 | Domain: l | loss: 5.5700 | Acc: 56.59%
2024-03-19 10:54 before_fed Round:  14 | Epochs:  70 | Domain: v | loss: 1.0983 | Acc: 72.88%
2024-03-19 10:55 before_fed Round:  14 | Epochs:  70 | Domain: c | loss: 0.3423 | Acc: 95.00%
2024-03-19 10:55 before_fed Round:  14 | Epochs:  70 | Domain: s | loss: 1.0807 | Acc: 80.87%
2024-03-19 10:55 after_fed Round:  14 | Epochs:  70 | Domain: v | loss: 1.2151 | Acc: 74.58%
2024-03-19 10:55 after_fed Round:  14 | Epochs:  70 | Domain: c | loss: 0.4379 | Acc: 90.00%
2024-03-19 10:55 after_fed Round:  14 | Epochs:  70 | Domain: s | loss: 1.0268 | Acc: 77.83%
2024-03-19 10:55 Model saved! Best Val Acc: 100.24%
2024-03-19 10:55 test_domain Round:  14 | Epochs:  70 | Domain: l | loss: 4.8752 | Acc: 58.34%
2024-03-19 10:56 before_fed Round:  15 | Epochs:  75 | Domain: v | loss: 0.9534 | Acc: 75.42%
2024-03-19 10:56 before_fed Round:  15 | Epochs:  75 | Domain: c | loss: 0.2944 | Acc: 95.00%
2024-03-19 10:57 before_fed Round:  15 | Epochs:  75 | Domain: s | loss: 1.1360 | Acc: 78.70%
2024-03-19 10:57 after_fed Round:  15 | Epochs:  75 | Domain: v | loss: 1.1100 | Acc: 73.73%
2024-03-19 10:57 after_fed Round:  15 | Epochs:  75 | Domain: c | loss: 0.3699 | Acc: 92.00%
2024-03-19 10:57 after_fed Round:  15 | Epochs:  75 | Domain: s | loss: 0.9798 | Acc: 78.70%
2024-03-19 10:57 Model saved! Best Val Acc: 92.75%
2024-03-19 10:57 test_domain Round:  15 | Epochs:  75 | Domain: l | loss: 4.3824 | Acc: 59.47%
2024-03-19 10:58 before_fed Round:  16 | Epochs:  80 | Domain: v | loss: 0.8107 | Acc: 80.51%
2024-03-19 10:58 before_fed Round:  16 | Epochs:  80 | Domain: c | loss: 0.2522 | Acc: 95.00%
2024-03-19 10:58 before_fed Round:  16 | Epochs:  80 | Domain: s | loss: 1.1440 | Acc: 78.26%
2024-03-19 10:58 after_fed Round:  16 | Epochs:  80 | Domain: v | loss: 0.9883 | Acc: 77.54%
2024-03-19 10:59 after_fed Round:  16 | Epochs:  80 | Domain: c | loss: 0.3019 | Acc: 93.00%
2024-03-19 10:59 after_fed Round:  16 | Epochs:  80 | Domain: s | loss: 0.9780 | Acc: 78.26%
2024-03-19 10:59 Model saved! Best Val Acc: 86.39%
2024-03-19 10:59 test_domain Round:  16 | Epochs:  80 | Domain: l | loss: 4.4405 | Acc: 58.85%
2024-03-19 10:59 before_fed Round:  17 | Epochs:  85 | Domain: v | loss: 0.6780 | Acc: 83.05%
2024-03-19 10:59 before_fed Round:  17 | Epochs:  85 | Domain: c | loss: 0.1957 | Acc: 95.00%
2024-03-19 11:00 before_fed Round:  17 | Epochs:  85 | Domain: s | loss: 1.1374 | Acc: 80.43%
2024-03-19 11:00 after_fed Round:  17 | Epochs:  85 | Domain: v | loss: 0.8368 | Acc: 82.20%
2024-03-19 11:00 after_fed Round:  17 | Epochs:  85 | Domain: c | loss: 0.2270 | Acc: 92.00%
2024-03-19 11:00 after_fed Round:  17 | Epochs:  85 | Domain: s | loss: 0.9619 | Acc: 79.13%
2024-03-19 11:00 Model saved! Best Val Acc: 78.09%
2024-03-19 11:00 test_domain Round:  17 | Epochs:  85 | Domain: l | loss: 4.3842 | Acc: 58.85%
2024-03-19 11:01 before_fed Round:  18 | Epochs:  90 | Domain: v | loss: 0.6447 | Acc: 82.20%
2024-03-19 11:01 before_fed Round:  18 | Epochs:  90 | Domain: c | loss: 0.1053 | Acc: 98.00%
2024-03-19 11:02 before_fed Round:  18 | Epochs:  90 | Domain: s | loss: 1.1118 | Acc: 80.00%
2024-03-19 11:02 after_fed Round:  18 | Epochs:  90 | Domain: v | loss: 0.7356 | Acc: 83.05%
2024-03-19 11:02 after_fed Round:  18 | Epochs:  90 | Domain: c | loss: 0.1149 | Acc: 98.00%
2024-03-19 11:02 after_fed Round:  18 | Epochs:  90 | Domain: s | loss: 0.9324 | Acc: 79.57%
2024-03-19 11:02 Model saved! Best Val Acc: 70.70%
2024-03-19 11:02 test_domain Round:  18 | Epochs:  90 | Domain: l | loss: 4.1559 | Acc: 59.85%
2024-03-19 11:02 before_fed Round:  19 | Epochs:  95 | Domain: v | loss: 0.6225 | Acc: 81.36%
2024-03-19 11:03 before_fed Round:  19 | Epochs:  95 | Domain: c | loss: 0.0459 | Acc: 99.00%
2024-03-19 11:03 before_fed Round:  19 | Epochs:  95 | Domain: s | loss: 1.2796 | Acc: 77.83%
2024-03-19 11:03 after_fed Round:  19 | Epochs:  95 | Domain: v | loss: 0.7300 | Acc: 81.78%
2024-03-19 11:03 after_fed Round:  19 | Epochs:  95 | Domain: c | loss: 0.0817 | Acc: 98.00%
2024-03-19 11:03 after_fed Round:  19 | Epochs:  95 | Domain: s | loss: 1.0085 | Acc: 77.39%
2024-03-19 11:03 test_domain Round:  19 | Epochs:  95 | Domain: l | loss: 4.5951 | Acc: 58.97%
2024-03-19 11:04 before_fed Round:  20 | Epochs: 100 | Domain: v | loss: 0.6371 | Acc: 82.20%
2024-03-19 11:04 before_fed Round:  20 | Epochs: 100 | Domain: c | loss: 0.0301 | Acc: 100.00%
2024-03-19 11:05 before_fed Round:  20 | Epochs: 100 | Domain: s | loss: 1.2168 | Acc: 78.26%
2024-03-19 11:05 after_fed Round:  20 | Epochs: 100 | Domain: v | loss: 0.7134 | Acc: 82.63%
2024-03-19 11:05 after_fed Round:  20 | Epochs: 100 | Domain: c | loss: 0.0629 | Acc: 98.00%
2024-03-19 11:05 after_fed Round:  20 | Epochs: 100 | Domain: s | loss: 1.0278 | Acc: 77.39%
2024-03-19 11:05 test_domain Round:  20 | Epochs: 100 | Domain: l | loss: 4.7575 | Acc: 58.85%
2024-03-19 11:06 before_fed Round:  21 | Epochs: 105 | Domain: v | loss: 0.6304 | Acc: 83.47%
2024-03-19 11:06 before_fed Round:  21 | Epochs: 105 | Domain: c | loss: 0.0240 | Acc: 100.00%
2024-03-19 11:07 before_fed Round:  21 | Epochs: 105 | Domain: s | loss: 1.2204 | Acc: 79.57%
2024-03-19 11:07 after_fed Round:  21 | Epochs: 105 | Domain: v | loss: 0.7301 | Acc: 82.20%
2024-03-19 11:07 after_fed Round:  21 | Epochs: 105 | Domain: c | loss: 0.0701 | Acc: 98.00%
2024-03-19 11:07 after_fed Round:  21 | Epochs: 105 | Domain: s | loss: 1.0821 | Acc: 77.83%
2024-03-19 11:07 test_domain Round:  21 | Epochs: 105 | Domain: l | loss: 5.2980 | Acc: 58.59%
2024-03-19 11:07 before_fed Round:  22 | Epochs: 110 | Domain: v | loss: 0.6651 | Acc: 84.32%
2024-03-19 11:08 before_fed Round:  22 | Epochs: 110 | Domain: c | loss: 0.0217 | Acc: 99.00%
2024-03-19 11:08 before_fed Round:  22 | Epochs: 110 | Domain: s | loss: 1.2901 | Acc: 79.57%
2024-03-19 11:08 after_fed Round:  22 | Epochs: 110 | Domain: v | loss: 0.7492 | Acc: 83.90%
2024-03-19 11:08 after_fed Round:  22 | Epochs: 110 | Domain: c | loss: 0.0880 | Acc: 97.00%
2024-03-19 11:08 after_fed Round:  22 | Epochs: 110 | Domain: s | loss: 1.0731 | Acc: 79.57%
2024-03-19 11:08 test_domain Round:  22 | Epochs: 110 | Domain: l | loss: 5.1286 | Acc: 60.73%
2024-03-19 11:09 before_fed Round:  23 | Epochs: 115 | Domain: v | loss: 0.6318 | Acc: 83.47%
2024-03-19 11:09 before_fed Round:  23 | Epochs: 115 | Domain: c | loss: 0.0123 | Acc: 100.00%
2024-03-19 11:10 before_fed Round:  23 | Epochs: 115 | Domain: s | loss: 1.3283 | Acc: 80.00%
2024-03-19 11:10 after_fed Round:  23 | Epochs: 115 | Domain: v | loss: 0.7254 | Acc: 83.05%
2024-03-19 11:10 after_fed Round:  23 | Epochs: 115 | Domain: c | loss: 0.0788 | Acc: 97.00%
2024-03-19 11:10 after_fed Round:  23 | Epochs: 115 | Domain: s | loss: 1.1542 | Acc: 77.83%
2024-03-19 11:10 test_domain Round:  23 | Epochs: 115 | Domain: l | loss: 5.5030 | Acc: 60.23%
2024-03-19 11:10 before_fed Round:  24 | Epochs: 120 | Domain: v | loss: 0.6537 | Acc: 82.63%
2024-03-19 11:11 before_fed Round:  24 | Epochs: 120 | Domain: c | loss: 0.0063 | Acc: 100.00%
2024-03-19 11:11 before_fed Round:  24 | Epochs: 120 | Domain: s | loss: 1.3062 | Acc: 80.00%
2024-03-19 11:11 after_fed Round:  24 | Epochs: 120 | Domain: v | loss: 0.7454 | Acc: 83.05%
2024-03-19 11:11 after_fed Round:  24 | Epochs: 120 | Domain: c | loss: 0.0546 | Acc: 98.00%
2024-03-19 11:11 after_fed Round:  24 | Epochs: 120 | Domain: s | loss: 1.1777 | Acc: 77.83%
2024-03-19 11:11 test_domain Round:  24 | Epochs: 120 | Domain: l | loss: 5.6839 | Acc: 59.35%
2024-03-19 11:12 before_fed Round:  25 | Epochs: 125 | Domain: v | loss: 0.7070 | Acc: 83.90%
2024-03-19 11:12 before_fed Round:  25 | Epochs: 125 | Domain: c | loss: 0.0052 | Acc: 100.00%
2024-03-19 11:13 before_fed Round:  25 | Epochs: 125 | Domain: s | loss: 1.2776 | Acc: 80.43%
2024-03-19 11:13 after_fed Round:  25 | Epochs: 125 | Domain: v | loss: 0.7964 | Acc: 81.36%
2024-03-19 11:13 after_fed Round:  25 | Epochs: 125 | Domain: c | loss: 0.0304 | Acc: 99.00%
2024-03-19 11:13 after_fed Round:  25 | Epochs: 125 | Domain: s | loss: 1.1587 | Acc: 79.57%
2024-03-19 11:13 test_domain Round:  25 | Epochs: 125 | Domain: l | loss: 5.4425 | Acc: 60.48%
2024-03-19 11:14 before_fed Round:  26 | Epochs: 130 | Domain: v | loss: 0.7315 | Acc: 83.05%
2024-03-19 11:14 before_fed Round:  26 | Epochs: 130 | Domain: c | loss: 0.0102 | Acc: 100.00%
2024-03-19 11:15 before_fed Round:  26 | Epochs: 130 | Domain: s | loss: 1.3294 | Acc: 80.43%
2024-03-19 11:15 after_fed Round:  26 | Epochs: 130 | Domain: v | loss: 0.8585 | Acc: 80.93%
2024-03-19 11:15 after_fed Round:  26 | Epochs: 130 | Domain: c | loss: 0.0472 | Acc: 99.00%
2024-03-19 11:15 after_fed Round:  26 | Epochs: 130 | Domain: s | loss: 1.1903 | Acc: 79.57%
2024-03-19 11:15 test_domain Round:  26 | Epochs: 130 | Domain: l | loss: 5.6975 | Acc: 60.73%
2024-03-19 11:15 before_fed Round:  27 | Epochs: 135 | Domain: v | loss: 0.7711 | Acc: 82.20%
2024-03-19 11:16 before_fed Round:  27 | Epochs: 135 | Domain: c | loss: 0.0038 | Acc: 100.00%
2024-03-19 11:16 before_fed Round:  27 | Epochs: 135 | Domain: s | loss: 1.3768 | Acc: 79.13%
2024-03-19 11:16 after_fed Round:  27 | Epochs: 135 | Domain: v | loss: 0.8518 | Acc: 82.63%
2024-03-19 11:16 after_fed Round:  27 | Epochs: 135 | Domain: c | loss: 0.0425 | Acc: 99.00%
2024-03-19 11:16 after_fed Round:  27 | Epochs: 135 | Domain: s | loss: 1.2938 | Acc: 76.52%
2024-03-19 11:16 test_domain Round:  27 | Epochs: 135 | Domain: l | loss: 5.9643 | Acc: 59.35%
2024-03-19 11:17 before_fed Round:  28 | Epochs: 140 | Domain: v | loss: 0.8496 | Acc: 81.78%
2024-03-19 11:17 before_fed Round:  28 | Epochs: 140 | Domain: c | loss: 0.0060 | Acc: 100.00%
2024-03-19 11:18 before_fed Round:  28 | Epochs: 140 | Domain: s | loss: 1.4122 | Acc: 80.00%
2024-03-19 11:18 after_fed Round:  28 | Epochs: 140 | Domain: v | loss: 0.8613 | Acc: 83.47%
2024-03-19 11:18 after_fed Round:  28 | Epochs: 140 | Domain: c | loss: 0.0724 | Acc: 96.00%
2024-03-19 11:18 after_fed Round:  28 | Epochs: 140 | Domain: s | loss: 1.3323 | Acc: 76.96%
2024-03-19 11:18 test_domain Round:  28 | Epochs: 140 | Domain: l | loss: 6.1699 | Acc: 59.35%
2024-03-19 11:18 before_fed Round:  29 | Epochs: 145 | Domain: v | loss: 0.7907 | Acc: 83.90%
2024-03-19 11:19 before_fed Round:  29 | Epochs: 145 | Domain: c | loss: 0.0044 | Acc: 100.00%
2024-03-19 11:19 before_fed Round:  29 | Epochs: 145 | Domain: s | loss: 1.4694 | Acc: 80.00%
2024-03-19 11:19 after_fed Round:  29 | Epochs: 145 | Domain: v | loss: 0.8597 | Acc: 83.47%
2024-03-19 11:19 after_fed Round:  29 | Epochs: 145 | Domain: c | loss: 0.0966 | Acc: 94.00%
2024-03-19 11:19 after_fed Round:  29 | Epochs: 145 | Domain: s | loss: 1.3554 | Acc: 77.39%
2024-03-19 11:19 test_domain Round:  29 | Epochs: 145 | Domain: l | loss: 6.2155 | Acc: 59.85%
2024-03-19 11:20 before_fed Round:  30 | Epochs: 150 | Domain: v | loss: 0.7356 | Acc: 83.90%
2024-03-19 11:20 before_fed Round:  30 | Epochs: 150 | Domain: c | loss: 0.0029 | Acc: 100.00%
2024-03-19 11:21 before_fed Round:  30 | Epochs: 150 | Domain: s | loss: 1.5433 | Acc: 79.57%
2024-03-19 11:21 after_fed Round:  30 | Epochs: 150 | Domain: v | loss: 0.8116 | Acc: 82.20%
2024-03-19 11:21 after_fed Round:  30 | Epochs: 150 | Domain: c | loss: 0.0445 | Acc: 98.00%
2024-03-19 11:21 after_fed Round:  30 | Epochs: 150 | Domain: s | loss: 1.4501 | Acc: 76.09%
2024-03-19 11:21 test_domain Round:  30 | Epochs: 150 | Domain: l | loss: 6.6878 | Acc: 58.22%
2024-03-19 11:22 before_fed Round:  31 | Epochs: 155 | Domain: v | loss: 0.7759 | Acc: 83.47%
2024-03-19 11:22 before_fed Round:  31 | Epochs: 155 | Domain: c | loss: 0.0091 | Acc: 100.00%
2024-03-19 11:22 before_fed Round:  31 | Epochs: 155 | Domain: s | loss: 1.4232 | Acc: 77.83%
2024-03-19 11:22 after_fed Round:  31 | Epochs: 155 | Domain: v | loss: 0.8268 | Acc: 82.20%
2024-03-19 11:22 after_fed Round:  31 | Epochs: 155 | Domain: c | loss: 0.0315 | Acc: 98.00%
2024-03-19 11:23 after_fed Round:  31 | Epochs: 155 | Domain: s | loss: 1.4301 | Acc: 75.65%
2024-03-19 11:23 test_domain Round:  31 | Epochs: 155 | Domain: l | loss: 6.5375 | Acc: 59.60%
2024-03-19 11:23 before_fed Round:  32 | Epochs: 160 | Domain: v | loss: 0.8234 | Acc: 83.05%
2024-03-19 11:23 before_fed Round:  32 | Epochs: 160 | Domain: c | loss: 0.0054 | Acc: 100.00%
2024-03-19 11:24 before_fed Round:  32 | Epochs: 160 | Domain: s | loss: 1.4328 | Acc: 79.57%
2024-03-19 11:24 after_fed Round:  32 | Epochs: 160 | Domain: v | loss: 0.8277 | Acc: 83.47%
2024-03-19 11:24 after_fed Round:  32 | Epochs: 160 | Domain: c | loss: 0.0660 | Acc: 99.00%
2024-03-19 11:24 after_fed Round:  32 | Epochs: 160 | Domain: s | loss: 1.3626 | Acc: 76.96%
2024-03-19 11:24 test_domain Round:  32 | Epochs: 160 | Domain: l | loss: 6.2818 | Acc: 61.23%
2024-03-19 11:25 before_fed Round:  33 | Epochs: 165 | Domain: v | loss: 0.7880 | Acc: 83.90%
2024-03-19 11:25 before_fed Round:  33 | Epochs: 165 | Domain: c | loss: 0.0133 | Acc: 100.00%
2024-03-19 11:26 before_fed Round:  33 | Epochs: 165 | Domain: s | loss: 1.4885 | Acc: 79.13%
2024-03-19 11:26 after_fed Round:  33 | Epochs: 165 | Domain: v | loss: 0.8234 | Acc: 82.20%
2024-03-19 11:26 after_fed Round:  33 | Epochs: 165 | Domain: c | loss: 0.0610 | Acc: 98.00%
2024-03-19 11:26 after_fed Round:  33 | Epochs: 165 | Domain: s | loss: 1.4365 | Acc: 76.52%
2024-03-19 11:26 test_domain Round:  33 | Epochs: 165 | Domain: l | loss: 6.7755 | Acc: 59.47%
2024-03-19 11:26 before_fed Round:  34 | Epochs: 170 | Domain: v | loss: 0.8944 | Acc: 83.05%
2024-03-19 11:27 before_fed Round:  34 | Epochs: 170 | Domain: c | loss: 0.0195 | Acc: 99.00%
2024-03-19 11:27 before_fed Round:  34 | Epochs: 170 | Domain: s | loss: 1.5277 | Acc: 79.57%
2024-03-19 11:27 after_fed Round:  34 | Epochs: 170 | Domain: v | loss: 0.8801 | Acc: 83.47%
2024-03-19 11:27 after_fed Round:  34 | Epochs: 170 | Domain: c | loss: 0.0375 | Acc: 99.00%
2024-03-19 11:27 after_fed Round:  34 | Epochs: 170 | Domain: s | loss: 1.4907 | Acc: 77.39%
2024-03-19 11:27 test_domain Round:  34 | Epochs: 170 | Domain: l | loss: 6.8886 | Acc: 58.59%
2024-03-19 11:28 before_fed Round:  35 | Epochs: 175 | Domain: v | loss: 0.7939 | Acc: 83.05%
2024-03-19 11:28 before_fed Round:  35 | Epochs: 175 | Domain: c | loss: 0.0021 | Acc: 100.00%
2024-03-19 11:29 before_fed Round:  35 | Epochs: 175 | Domain: s | loss: 1.5604 | Acc: 77.39%
2024-03-19 11:29 after_fed Round:  35 | Epochs: 175 | Domain: v | loss: 0.9053 | Acc: 83.47%
2024-03-19 11:29 after_fed Round:  35 | Epochs: 175 | Domain: c | loss: 0.0161 | Acc: 100.00%
2024-03-19 11:29 after_fed Round:  35 | Epochs: 175 | Domain: s | loss: 1.4969 | Acc: 77.83%
2024-03-19 11:29 test_domain Round:  35 | Epochs: 175 | Domain: l | loss: 6.8958 | Acc: 58.85%
2024-03-19 11:30 before_fed Round:  36 | Epochs: 180 | Domain: v | loss: 0.9061 | Acc: 82.63%
2024-03-19 11:30 before_fed Round:  36 | Epochs: 180 | Domain: c | loss: 0.0042 | Acc: 100.00%
2024-03-19 11:30 before_fed Round:  36 | Epochs: 180 | Domain: s | loss: 1.4177 | Acc: 79.57%
2024-03-19 11:30 after_fed Round:  36 | Epochs: 180 | Domain: v | loss: 0.9467 | Acc: 81.78%
2024-03-19 11:30 after_fed Round:  36 | Epochs: 180 | Domain: c | loss: 0.0079 | Acc: 100.00%
2024-03-19 11:30 after_fed Round:  36 | Epochs: 180 | Domain: s | loss: 1.4945 | Acc: 75.22%
2024-03-19 11:31 test_domain Round:  36 | Epochs: 180 | Domain: l | loss: 7.3782 | Acc: 57.84%
2024-03-19 11:31 before_fed Round:  37 | Epochs: 185 | Domain: v | loss: 0.8257 | Acc: 82.20%
2024-03-19 11:31 before_fed Round:  37 | Epochs: 185 | Domain: c | loss: 0.0026 | Acc: 100.00%
2024-03-19 11:32 before_fed Round:  37 | Epochs: 185 | Domain: s | loss: 1.4325 | Acc: 77.39%
2024-03-19 11:32 after_fed Round:  37 | Epochs: 185 | Domain: v | loss: 0.9274 | Acc: 80.08%
2024-03-19 11:32 after_fed Round:  37 | Epochs: 185 | Domain: c | loss: 0.0064 | Acc: 100.00%
2024-03-19 11:32 after_fed Round:  37 | Epochs: 185 | Domain: s | loss: 1.4205 | Acc: 74.78%
2024-03-19 11:32 test_domain Round:  37 | Epochs: 185 | Domain: l | loss: 6.9626 | Acc: 58.59%
2024-03-19 11:33 before_fed Round:  38 | Epochs: 190 | Domain: v | loss: 0.8441 | Acc: 82.63%
2024-03-19 11:33 before_fed Round:  38 | Epochs: 190 | Domain: c | loss: 0.0007 | Acc: 100.00%
2024-03-19 11:34 before_fed Round:  38 | Epochs: 190 | Domain: s | loss: 1.5860 | Acc: 78.70%
2024-03-19 11:34 after_fed Round:  38 | Epochs: 190 | Domain: v | loss: 0.8892 | Acc: 82.63%
2024-03-19 11:34 after_fed Round:  38 | Epochs: 190 | Domain: c | loss: 0.0423 | Acc: 98.00%
2024-03-19 11:34 after_fed Round:  38 | Epochs: 190 | Domain: s | loss: 1.5253 | Acc: 76.09%
2024-03-19 11:34 test_domain Round:  38 | Epochs: 190 | Domain: l | loss: 7.2739 | Acc: 57.97%
2024-03-19 11:34 before_fed Round:  39 | Epochs: 195 | Domain: v | loss: 0.8247 | Acc: 82.20%
2024-03-19 11:35 before_fed Round:  39 | Epochs: 195 | Domain: c | loss: 0.0008 | Acc: 100.00%
2024-03-19 11:35 before_fed Round:  39 | Epochs: 195 | Domain: s | loss: 1.5764 | Acc: 76.96%
2024-03-19 11:35 after_fed Round:  39 | Epochs: 195 | Domain: v | loss: 0.9294 | Acc: 82.63%
2024-03-19 11:35 after_fed Round:  39 | Epochs: 195 | Domain: c | loss: 0.0130 | Acc: 100.00%
2024-03-19 11:35 after_fed Round:  39 | Epochs: 195 | Domain: s | loss: 1.5139 | Acc: 76.09%
2024-03-19 11:35 test_domain Round:  39 | Epochs: 195 | Domain: l | loss: 7.3034 | Acc: 58.97%
2024-03-19 11:36 before_fed Round:  40 | Epochs: 200 | Domain: v | loss: 0.8278 | Acc: 86.44%
2024-03-19 11:36 before_fed Round:  40 | Epochs: 200 | Domain: c | loss: 0.0004 | Acc: 100.00%
2024-03-19 11:37 before_fed Round:  40 | Epochs: 200 | Domain: s | loss: 1.6014 | Acc: 78.26%
2024-03-19 11:37 after_fed Round:  40 | Epochs: 200 | Domain: v | loss: 0.9459 | Acc: 82.63%
2024-03-19 11:37 after_fed Round:  40 | Epochs: 200 | Domain: c | loss: 0.0249 | Acc: 99.00%
2024-03-19 11:37 after_fed Round:  40 | Epochs: 200 | Domain: s | loss: 1.5100 | Acc: 75.22%
2024-03-19 11:37 test_domain Round:  40 | Epochs: 200 | Domain: l | loss: 7.0590 | Acc: 59.22%
