2024-03-19 11:52 comment: fed avg, ccnet(3heads), vlcs on c
2024-03-19 11:53 before_fed Round:   0 | Epochs:   0 | Domain: v | loss: 0.6848 | Acc: 75.42%
2024-03-19 11:53 before_fed Round:   0 | Epochs:   0 | Domain: l | loss: 1.0948 | Acc: 68.45%
2024-03-19 11:54 before_fed Round:   0 | Epochs:   0 | Domain: s | loss: 0.8861 | Acc: 72.17%
2024-03-19 11:54 after_fed Round:   0 | Epochs:   0 | Domain: v | loss: 1.7334 | Acc: 57.20%
2024-03-19 11:54 after_fed Round:   0 | Epochs:   0 | Domain: l | loss: 1.0812 | Acc: 60.96%
2024-03-19 11:54 after_fed Round:   0 | Epochs:   0 | Domain: s | loss: 0.9010 | Acc: 66.09%
2024-03-19 11:54 Model saved! Best Val Acc: 125.41%
2024-03-19 11:54 test_domain Round:   0 | Epochs:   0 | Domain: c | loss: 1.1731 | Acc: 70.52%
2024-03-19 11:55 before_fed Round:   1 | Epochs:   5 | Domain: v | loss: 0.7766 | Acc: 76.69%
2024-03-19 11:55 before_fed Round:   1 | Epochs:   5 | Domain: l | loss: 0.7474 | Acc: 74.33%
2024-03-19 11:56 before_fed Round:   1 | Epochs:   5 | Domain: s | loss: 0.8609 | Acc: 72.17%
2024-03-19 11:56 after_fed Round:   1 | Epochs:   5 | Domain: v | loss: 0.9102 | Acc: 69.49%
2024-03-19 11:56 after_fed Round:   1 | Epochs:   5 | Domain: l | loss: 1.0338 | Acc: 61.50%
2024-03-19 11:56 after_fed Round:   1 | Epochs:   5 | Domain: s | loss: 0.7259 | Acc: 73.91%
2024-03-19 11:56 Model saved! Best Val Acc: 88.05%
2024-03-19 11:56 test_domain Round:   1 | Epochs:   5 | Domain: c | loss: 0.5456 | Acc: 81.60%
2024-03-19 11:57 before_fed Round:   2 | Epochs:  10 | Domain: v | loss: 0.6310 | Acc: 78.39%
2024-03-19 11:57 before_fed Round:   2 | Epochs:  10 | Domain: l | loss: 0.7239 | Acc: 74.87%
2024-03-19 11:58 before_fed Round:   2 | Epochs:  10 | Domain: s | loss: 0.7507 | Acc: 76.52%
2024-03-19 11:58 after_fed Round:   2 | Epochs:  10 | Domain: v | loss: 0.6266 | Acc: 77.12%
2024-03-19 11:58 after_fed Round:   2 | Epochs:  10 | Domain: l | loss: 1.0450 | Acc: 63.64%
2024-03-19 11:58 after_fed Round:   2 | Epochs:  10 | Domain: s | loss: 0.6913 | Acc: 73.91%
2024-03-19 11:58 Model saved! Best Val Acc: 76.87%
2024-03-19 11:58 test_domain Round:   2 | Epochs:  10 | Domain: c | loss: 0.3219 | Acc: 91.98%
2024-03-19 11:59 before_fed Round:   3 | Epochs:  15 | Domain: v | loss: 0.5867 | Acc: 80.51%
2024-03-19 11:59 before_fed Round:   3 | Epochs:  15 | Domain: l | loss: 0.7204 | Acc: 74.87%
2024-03-19 12:00 before_fed Round:   3 | Epochs:  15 | Domain: s | loss: 0.7358 | Acc: 77.39%
2024-03-19 12:00 after_fed Round:   3 | Epochs:  15 | Domain: v | loss: 0.6233 | Acc: 75.42%
2024-03-19 12:00 after_fed Round:   3 | Epochs:  15 | Domain: l | loss: 1.0643 | Acc: 66.31%
2024-03-19 12:00 after_fed Round:   3 | Epochs:  15 | Domain: s | loss: 0.6658 | Acc: 76.09%
2024-03-19 12:00 Model saved! Best Val Acc: 76.41%
2024-03-19 12:00 test_domain Round:   3 | Epochs:  15 | Domain: c | loss: 0.2687 | Acc: 92.45%
2024-03-19 12:01 before_fed Round:   4 | Epochs:  20 | Domain: v | loss: 0.5875 | Acc: 80.93%
2024-03-19 12:01 before_fed Round:   4 | Epochs:  20 | Domain: l | loss: 0.7136 | Acc: 77.54%
2024-03-19 12:02 before_fed Round:   4 | Epochs:  20 | Domain: s | loss: 0.7242 | Acc: 76.96%
2024-03-19 12:02 after_fed Round:   4 | Epochs:  20 | Domain: v | loss: 0.6232 | Acc: 76.27%
2024-03-19 12:02 after_fed Round:   4 | Epochs:  20 | Domain: l | loss: 1.0163 | Acc: 67.38%
2024-03-19 12:02 after_fed Round:   4 | Epochs:  20 | Domain: s | loss: 0.6615 | Acc: 76.09%
2024-03-19 12:02 Model saved! Best Val Acc: 74.88%
2024-03-19 12:02 test_domain Round:   4 | Epochs:  20 | Domain: c | loss: 0.2157 | Acc: 93.63%
2024-03-19 12:03 before_fed Round:   5 | Epochs:  25 | Domain: v | loss: 0.5865 | Acc: 80.93%
2024-03-19 12:03 before_fed Round:   5 | Epochs:  25 | Domain: l | loss: 0.7191 | Acc: 76.47%
2024-03-19 12:04 before_fed Round:   5 | Epochs:  25 | Domain: s | loss: 0.7324 | Acc: 76.52%
2024-03-19 12:04 after_fed Round:   5 | Epochs:  25 | Domain: v | loss: 0.6262 | Acc: 77.97%
2024-03-19 12:04 after_fed Round:   5 | Epochs:  25 | Domain: l | loss: 1.0668 | Acc: 66.84%
2024-03-19 12:04 after_fed Round:   5 | Epochs:  25 | Domain: s | loss: 0.6589 | Acc: 76.52%
2024-03-19 12:04 test_domain Round:   5 | Epochs:  25 | Domain: c | loss: 0.2216 | Acc: 93.63%
2024-03-19 12:04 before_fed Round:   6 | Epochs:  30 | Domain: v | loss: 0.6053 | Acc: 81.36%
2024-03-19 12:05 before_fed Round:   6 | Epochs:  30 | Domain: l | loss: 0.7327 | Acc: 76.47%
2024-03-19 12:06 before_fed Round:   6 | Epochs:  30 | Domain: s | loss: 0.7479 | Acc: 76.09%
2024-03-19 12:06 after_fed Round:   6 | Epochs:  30 | Domain: v | loss: 0.6477 | Acc: 77.97%
2024-03-19 12:06 after_fed Round:   6 | Epochs:  30 | Domain: l | loss: 1.1008 | Acc: 65.24%
2024-03-19 12:06 after_fed Round:   6 | Epochs:  30 | Domain: s | loss: 0.6673 | Acc: 76.96%
2024-03-19 12:06 test_domain Round:   6 | Epochs:  30 | Domain: c | loss: 0.2337 | Acc: 93.16%
2024-03-19 12:06 before_fed Round:   7 | Epochs:  35 | Domain: v | loss: 0.6181 | Acc: 80.93%
2024-03-19 12:07 before_fed Round:   7 | Epochs:  35 | Domain: l | loss: 0.7506 | Acc: 73.80%
2024-03-19 12:07 before_fed Round:   7 | Epochs:  35 | Domain: s | loss: 0.7627 | Acc: 76.09%
2024-03-19 12:07 after_fed Round:   7 | Epochs:  35 | Domain: v | loss: 0.6700 | Acc: 78.39%
2024-03-19 12:08 after_fed Round:   7 | Epochs:  35 | Domain: l | loss: 1.1494 | Acc: 65.24%
2024-03-19 12:08 after_fed Round:   7 | Epochs:  35 | Domain: s | loss: 0.6809 | Acc: 77.83%
2024-03-19 12:08 test_domain Round:   7 | Epochs:  35 | Domain: c | loss: 0.2409 | Acc: 92.69%
2024-03-19 12:08 before_fed Round:   8 | Epochs:  40 | Domain: v | loss: 0.6356 | Acc: 80.93%
2024-03-19 12:09 before_fed Round:   8 | Epochs:  40 | Domain: l | loss: 0.7706 | Acc: 74.33%
2024-03-19 12:09 before_fed Round:   8 | Epochs:  40 | Domain: s | loss: 0.7874 | Acc: 76.52%
2024-03-19 12:09 after_fed Round:   8 | Epochs:  40 | Domain: v | loss: 0.6879 | Acc: 77.97%
2024-03-19 12:09 after_fed Round:   8 | Epochs:  40 | Domain: l | loss: 1.2081 | Acc: 65.78%
2024-03-19 12:10 after_fed Round:   8 | Epochs:  40 | Domain: s | loss: 0.6938 | Acc: 77.39%
2024-03-19 12:10 test_domain Round:   8 | Epochs:  40 | Domain: c | loss: 0.2380 | Acc: 92.69%
2024-03-19 12:10 before_fed Round:   9 | Epochs:  45 | Domain: v | loss: 0.6570 | Acc: 81.36%
2024-03-19 12:11 before_fed Round:   9 | Epochs:  45 | Domain: l | loss: 0.7737 | Acc: 73.80%
2024-03-19 12:11 before_fed Round:   9 | Epochs:  45 | Domain: s | loss: 0.8078 | Acc: 75.65%
2024-03-19 12:11 after_fed Round:   9 | Epochs:  45 | Domain: v | loss: 0.7073 | Acc: 77.97%
2024-03-19 12:11 after_fed Round:   9 | Epochs:  45 | Domain: l | loss: 1.2411 | Acc: 65.24%
2024-03-19 12:11 after_fed Round:   9 | Epochs:  45 | Domain: s | loss: 0.7079 | Acc: 77.39%
2024-03-19 12:11 test_domain Round:   9 | Epochs:  45 | Domain: c | loss: 0.2435 | Acc: 91.98%
2024-03-19 12:12 before_fed Round:  10 | Epochs:  50 | Domain: v | loss: 0.6757 | Acc: 81.36%
2024-03-19 12:13 before_fed Round:  10 | Epochs:  50 | Domain: l | loss: 0.8029 | Acc: 72.73%
2024-03-19 12:13 before_fed Round:  10 | Epochs:  50 | Domain: s | loss: 0.8369 | Acc: 75.65%
2024-03-19 12:13 after_fed Round:  10 | Epochs:  50 | Domain: v | loss: 0.7290 | Acc: 77.54%
2024-03-19 12:13 after_fed Round:  10 | Epochs:  50 | Domain: l | loss: 1.3056 | Acc: 65.24%
2024-03-19 12:13 after_fed Round:  10 | Epochs:  50 | Domain: s | loss: 0.7269 | Acc: 77.39%
2024-03-19 12:13 test_domain Round:  10 | Epochs:  50 | Domain: c | loss: 0.2436 | Acc: 91.98%
2024-03-19 12:14 before_fed Round:  11 | Epochs:  55 | Domain: v | loss: 0.6925 | Acc: 81.78%
2024-03-19 12:15 before_fed Round:  11 | Epochs:  55 | Domain: l | loss: 0.8142 | Acc: 70.59%
2024-03-19 12:15 before_fed Round:  11 | Epochs:  55 | Domain: s | loss: 0.8505 | Acc: 76.09%
2024-03-19 12:15 after_fed Round:  11 | Epochs:  55 | Domain: v | loss: 0.7464 | Acc: 77.54%
2024-03-19 12:15 after_fed Round:  11 | Epochs:  55 | Domain: l | loss: 1.3366 | Acc: 64.71%
2024-03-19 12:15 after_fed Round:  11 | Epochs:  55 | Domain: s | loss: 0.7429 | Acc: 77.39%
2024-03-19 12:15 test_domain Round:  11 | Epochs:  55 | Domain: c | loss: 0.2446 | Acc: 91.98%
2024-03-19 12:16 before_fed Round:  12 | Epochs:  60 | Domain: v | loss: 0.7066 | Acc: 80.93%
2024-03-19 12:16 before_fed Round:  12 | Epochs:  60 | Domain: l | loss: 0.8392 | Acc: 71.12%
2024-03-19 12:17 before_fed Round:  12 | Epochs:  60 | Domain: s | loss: 0.8777 | Acc: 76.52%
2024-03-19 12:17 after_fed Round:  12 | Epochs:  60 | Domain: v | loss: 0.7622 | Acc: 77.97%
2024-03-19 12:17 after_fed Round:  12 | Epochs:  60 | Domain: l | loss: 1.4166 | Acc: 64.71%
2024-03-19 12:17 after_fed Round:  12 | Epochs:  60 | Domain: s | loss: 0.7599 | Acc: 77.83%
2024-03-19 12:17 test_domain Round:  12 | Epochs:  60 | Domain: c | loss: 0.2397 | Acc: 92.45%
2024-03-19 12:18 before_fed Round:  13 | Epochs:  65 | Domain: v | loss: 0.7437 | Acc: 81.36%
2024-03-19 12:18 before_fed Round:  13 | Epochs:  65 | Domain: l | loss: 0.8571 | Acc: 70.59%
2024-03-19 12:19 before_fed Round:  13 | Epochs:  65 | Domain: s | loss: 0.9015 | Acc: 75.22%
2024-03-19 12:19 after_fed Round:  13 | Epochs:  65 | Domain: v | loss: 0.7884 | Acc: 78.81%
2024-03-19 12:19 after_fed Round:  13 | Epochs:  65 | Domain: l | loss: 1.4695 | Acc: 64.71%
2024-03-19 12:19 after_fed Round:  13 | Epochs:  65 | Domain: s | loss: 0.7797 | Acc: 78.70%
2024-03-19 12:19 test_domain Round:  13 | Epochs:  65 | Domain: c | loss: 0.2461 | Acc: 92.22%
2024-03-19 12:20 before_fed Round:  14 | Epochs:  70 | Domain: v | loss: 0.7585 | Acc: 81.36%
2024-03-19 12:20 before_fed Round:  14 | Epochs:  70 | Domain: l | loss: 0.8890 | Acc: 71.12%
2024-03-19 12:21 before_fed Round:  14 | Epochs:  70 | Domain: s | loss: 0.9482 | Acc: 74.78%
2024-03-19 12:21 after_fed Round:  14 | Epochs:  70 | Domain: v | loss: 0.8073 | Acc: 78.81%
2024-03-19 12:21 after_fed Round:  14 | Epochs:  70 | Domain: l | loss: 1.5487 | Acc: 63.64%
2024-03-19 12:21 after_fed Round:  14 | Epochs:  70 | Domain: s | loss: 0.8051 | Acc: 78.26%
2024-03-19 12:21 test_domain Round:  14 | Epochs:  70 | Domain: c | loss: 0.2396 | Acc: 92.69%
2024-03-19 12:22 before_fed Round:  15 | Epochs:  75 | Domain: v | loss: 0.8078 | Acc: 80.93%
2024-03-19 12:22 before_fed Round:  15 | Epochs:  75 | Domain: l | loss: 0.9363 | Acc: 71.12%
2024-03-19 12:23 before_fed Round:  15 | Epochs:  75 | Domain: s | loss: 0.9656 | Acc: 76.09%
2024-03-19 12:23 after_fed Round:  15 | Epochs:  75 | Domain: v | loss: 0.8370 | Acc: 78.81%
2024-03-19 12:23 after_fed Round:  15 | Epochs:  75 | Domain: l | loss: 1.6215 | Acc: 63.64%
2024-03-19 12:23 after_fed Round:  15 | Epochs:  75 | Domain: s | loss: 0.8318 | Acc: 78.26%
2024-03-19 12:23 test_domain Round:  15 | Epochs:  75 | Domain: c | loss: 0.2473 | Acc: 92.69%
2024-03-19 12:24 before_fed Round:  16 | Epochs:  80 | Domain: v | loss: 0.8212 | Acc: 80.93%
2024-03-19 12:24 before_fed Round:  16 | Epochs:  80 | Domain: l | loss: 0.9849 | Acc: 71.66%
2024-03-19 12:25 before_fed Round:  16 | Epochs:  80 | Domain: s | loss: 0.9950 | Acc: 76.09%
2024-03-19 12:25 after_fed Round:  16 | Epochs:  80 | Domain: v | loss: 0.8606 | Acc: 79.24%
2024-03-19 12:25 after_fed Round:  16 | Epochs:  80 | Domain: l | loss: 1.6899 | Acc: 64.17%
2024-03-19 12:25 after_fed Round:  16 | Epochs:  80 | Domain: s | loss: 0.8524 | Acc: 78.26%
2024-03-19 12:25 test_domain Round:  16 | Epochs:  80 | Domain: c | loss: 0.2487 | Acc: 92.69%
2024-03-19 12:26 before_fed Round:  17 | Epochs:  85 | Domain: v | loss: 0.8399 | Acc: 80.93%
2024-03-19 12:26 before_fed Round:  17 | Epochs:  85 | Domain: l | loss: 1.0117 | Acc: 70.59%
2024-03-19 12:27 before_fed Round:  17 | Epochs:  85 | Domain: s | loss: 1.0237 | Acc: 76.09%
2024-03-19 12:27 after_fed Round:  17 | Epochs:  85 | Domain: v | loss: 0.8837 | Acc: 79.66%
2024-03-19 12:27 after_fed Round:  17 | Epochs:  85 | Domain: l | loss: 1.8023 | Acc: 64.17%
2024-03-19 12:27 after_fed Round:  17 | Epochs:  85 | Domain: s | loss: 0.8761 | Acc: 78.26%
2024-03-19 12:27 test_domain Round:  17 | Epochs:  85 | Domain: c | loss: 0.2508 | Acc: 92.69%
2024-03-19 12:28 before_fed Round:  18 | Epochs:  90 | Domain: v | loss: 0.8533 | Acc: 80.93%
2024-03-19 12:28 before_fed Round:  18 | Epochs:  90 | Domain: l | loss: 1.0737 | Acc: 71.66%
2024-03-19 12:29 before_fed Round:  18 | Epochs:  90 | Domain: s | loss: 1.0547 | Acc: 76.09%
2024-03-19 12:29 after_fed Round:  18 | Epochs:  90 | Domain: v | loss: 0.9008 | Acc: 80.51%
2024-03-19 12:29 after_fed Round:  18 | Epochs:  90 | Domain: l | loss: 1.8581 | Acc: 63.64%
2024-03-19 12:29 after_fed Round:  18 | Epochs:  90 | Domain: s | loss: 0.8993 | Acc: 78.70%
2024-03-19 12:29 test_domain Round:  18 | Epochs:  90 | Domain: c | loss: 0.2408 | Acc: 92.69%
2024-03-19 12:30 before_fed Round:  19 | Epochs:  95 | Domain: v | loss: 0.8788 | Acc: 80.93%
2024-03-19 12:30 before_fed Round:  19 | Epochs:  95 | Domain: l | loss: 1.1103 | Acc: 71.66%
2024-03-19 12:31 before_fed Round:  19 | Epochs:  95 | Domain: s | loss: 1.0903 | Acc: 75.22%
2024-03-19 12:31 after_fed Round:  19 | Epochs:  95 | Domain: v | loss: 0.9267 | Acc: 80.08%
2024-03-19 12:31 after_fed Round:  19 | Epochs:  95 | Domain: l | loss: 1.9486 | Acc: 63.64%
2024-03-19 12:31 after_fed Round:  19 | Epochs:  95 | Domain: s | loss: 0.9289 | Acc: 77.83%
2024-03-19 12:31 test_domain Round:  19 | Epochs:  95 | Domain: c | loss: 0.2525 | Acc: 92.69%
2024-03-19 12:31 before_fed Round:  20 | Epochs: 100 | Domain: v | loss: 0.9134 | Acc: 81.36%
2024-03-19 12:32 before_fed Round:  20 | Epochs: 100 | Domain: l | loss: 1.1486 | Acc: 70.59%
2024-03-19 12:33 before_fed Round:  20 | Epochs: 100 | Domain: s | loss: 1.1161 | Acc: 75.22%
2024-03-19 12:33 after_fed Round:  20 | Epochs: 100 | Domain: v | loss: 0.9583 | Acc: 80.08%
2024-03-19 12:33 after_fed Round:  20 | Epochs: 100 | Domain: l | loss: 2.0320 | Acc: 63.64%
2024-03-19 12:33 after_fed Round:  20 | Epochs: 100 | Domain: s | loss: 0.9579 | Acc: 79.13%
2024-03-19 12:33 test_domain Round:  20 | Epochs: 100 | Domain: c | loss: 0.2578 | Acc: 92.69%
2024-03-19 12:33 before_fed Round:  21 | Epochs: 105 | Domain: v | loss: 0.9409 | Acc: 81.36%
2024-03-19 12:34 before_fed Round:  21 | Epochs: 105 | Domain: l | loss: 1.2235 | Acc: 70.59%
2024-03-19 12:35 before_fed Round:  21 | Epochs: 105 | Domain: s | loss: 1.1493 | Acc: 75.22%
2024-03-19 12:35 after_fed Round:  21 | Epochs: 105 | Domain: v | loss: 0.9754 | Acc: 80.08%
2024-03-19 12:35 after_fed Round:  21 | Epochs: 105 | Domain: l | loss: 2.0904 | Acc: 63.64%
2024-03-19 12:35 after_fed Round:  21 | Epochs: 105 | Domain: s | loss: 0.9799 | Acc: 79.13%
2024-03-19 12:35 test_domain Round:  21 | Epochs: 105 | Domain: c | loss: 0.2500 | Acc: 92.92%
2024-03-19 12:35 before_fed Round:  22 | Epochs: 110 | Domain: v | loss: 0.9769 | Acc: 81.36%
2024-03-19 12:36 before_fed Round:  22 | Epochs: 110 | Domain: l | loss: 1.2372 | Acc: 70.05%
2024-03-19 12:37 before_fed Round:  22 | Epochs: 110 | Domain: s | loss: 1.1741 | Acc: 75.65%
2024-03-19 12:37 after_fed Round:  22 | Epochs: 110 | Domain: v | loss: 1.0035 | Acc: 80.08%
2024-03-19 12:37 after_fed Round:  22 | Epochs: 110 | Domain: l | loss: 2.1551 | Acc: 63.64%
2024-03-19 12:37 after_fed Round:  22 | Epochs: 110 | Domain: s | loss: 1.0077 | Acc: 78.70%
2024-03-19 12:37 test_domain Round:  22 | Epochs: 110 | Domain: c | loss: 0.2589 | Acc: 92.92%
2024-03-19 12:37 before_fed Round:  23 | Epochs: 115 | Domain: v | loss: 0.9986 | Acc: 81.36%
2024-03-19 12:38 before_fed Round:  23 | Epochs: 115 | Domain: l | loss: 1.2812 | Acc: 70.05%
2024-03-19 12:38 before_fed Round:  23 | Epochs: 115 | Domain: s | loss: 1.1958 | Acc: 76.09%
2024-03-19 12:38 after_fed Round:  23 | Epochs: 115 | Domain: v | loss: 1.0335 | Acc: 80.08%
2024-03-19 12:38 after_fed Round:  23 | Epochs: 115 | Domain: l | loss: 2.1834 | Acc: 63.64%
2024-03-19 12:39 after_fed Round:  23 | Epochs: 115 | Domain: s | loss: 1.0372 | Acc: 78.70%
2024-03-19 12:39 test_domain Round:  23 | Epochs: 115 | Domain: c | loss: 0.2522 | Acc: 93.16%
2024-03-19 12:39 before_fed Round:  24 | Epochs: 120 | Domain: v | loss: 1.0287 | Acc: 81.78%
2024-03-19 12:40 before_fed Round:  24 | Epochs: 120 | Domain: l | loss: 1.2958 | Acc: 69.52%
2024-03-19 12:40 before_fed Round:  24 | Epochs: 120 | Domain: s | loss: 1.2729 | Acc: 75.22%
2024-03-19 12:40 after_fed Round:  24 | Epochs: 120 | Domain: v | loss: 1.0686 | Acc: 79.66%
2024-03-19 12:40 after_fed Round:  24 | Epochs: 120 | Domain: l | loss: 2.3057 | Acc: 62.57%
2024-03-19 12:40 after_fed Round:  24 | Epochs: 120 | Domain: s | loss: 1.0779 | Acc: 78.26%
2024-03-19 12:41 test_domain Round:  24 | Epochs: 120 | Domain: c | loss: 0.2688 | Acc: 93.16%
2024-03-19 12:41 before_fed Round:  25 | Epochs: 125 | Domain: v | loss: 1.0432 | Acc: 81.78%
2024-03-19 12:42 before_fed Round:  25 | Epochs: 125 | Domain: l | loss: 1.3749 | Acc: 69.52%
2024-03-19 12:42 before_fed Round:  25 | Epochs: 125 | Domain: s | loss: 1.2972 | Acc: 74.78%
2024-03-19 12:42 after_fed Round:  25 | Epochs: 125 | Domain: v | loss: 1.0902 | Acc: 79.66%
2024-03-19 12:42 after_fed Round:  25 | Epochs: 125 | Domain: l | loss: 2.4182 | Acc: 63.10%
2024-03-19 12:42 after_fed Round:  25 | Epochs: 125 | Domain: s | loss: 1.1067 | Acc: 78.70%
2024-03-19 12:43 test_domain Round:  25 | Epochs: 125 | Domain: c | loss: 0.2655 | Acc: 92.92%
2024-03-19 12:43 before_fed Round:  26 | Epochs: 130 | Domain: v | loss: 1.0947 | Acc: 81.36%
2024-03-19 12:44 before_fed Round:  26 | Epochs: 130 | Domain: l | loss: 1.4141 | Acc: 68.45%
2024-03-19 12:44 before_fed Round:  26 | Epochs: 130 | Domain: s | loss: 1.3178 | Acc: 75.22%
2024-03-19 12:44 after_fed Round:  26 | Epochs: 130 | Domain: v | loss: 1.1164 | Acc: 80.08%
2024-03-19 12:44 after_fed Round:  26 | Epochs: 130 | Domain: l | loss: 2.4113 | Acc: 63.64%
2024-03-19 12:44 after_fed Round:  26 | Epochs: 130 | Domain: s | loss: 1.1295 | Acc: 79.13%
2024-03-19 12:44 test_domain Round:  26 | Epochs: 130 | Domain: c | loss: 0.2642 | Acc: 92.92%
2024-03-19 12:45 before_fed Round:  27 | Epochs: 135 | Domain: v | loss: 1.1482 | Acc: 81.36%
2024-03-19 12:46 before_fed Round:  27 | Epochs: 135 | Domain: l | loss: 1.4292 | Acc: 70.05%
2024-03-19 12:46 before_fed Round:  27 | Epochs: 135 | Domain: s | loss: 1.3480 | Acc: 75.22%
2024-03-19 12:46 after_fed Round:  27 | Epochs: 135 | Domain: v | loss: 1.1684 | Acc: 80.08%
2024-03-19 12:46 after_fed Round:  27 | Epochs: 135 | Domain: l | loss: 2.4526 | Acc: 63.64%
2024-03-19 12:46 after_fed Round:  27 | Epochs: 135 | Domain: s | loss: 1.1614 | Acc: 78.70%
2024-03-19 12:46 test_domain Round:  27 | Epochs: 135 | Domain: c | loss: 0.2753 | Acc: 92.69%
2024-03-19 12:47 before_fed Round:  28 | Epochs: 140 | Domain: v | loss: 1.1596 | Acc: 81.36%
2024-03-19 12:48 before_fed Round:  28 | Epochs: 140 | Domain: l | loss: 1.4742 | Acc: 68.98%
2024-03-19 12:48 before_fed Round:  28 | Epochs: 140 | Domain: s | loss: 1.3570 | Acc: 75.22%
2024-03-19 12:48 after_fed Round:  28 | Epochs: 140 | Domain: v | loss: 1.1876 | Acc: 79.66%
2024-03-19 12:48 after_fed Round:  28 | Epochs: 140 | Domain: l | loss: 2.5171 | Acc: 63.64%
2024-03-19 12:48 after_fed Round:  28 | Epochs: 140 | Domain: s | loss: 1.1844 | Acc: 79.13%
2024-03-19 12:48 test_domain Round:  28 | Epochs: 140 | Domain: c | loss: 0.2709 | Acc: 92.92%
2024-03-19 12:49 before_fed Round:  29 | Epochs: 145 | Domain: v | loss: 1.1871 | Acc: 80.93%
2024-03-19 12:49 before_fed Round:  29 | Epochs: 145 | Domain: l | loss: 1.4943 | Acc: 69.52%
2024-03-19 12:50 before_fed Round:  29 | Epochs: 145 | Domain: s | loss: 1.4012 | Acc: 76.96%
2024-03-19 12:50 after_fed Round:  29 | Epochs: 145 | Domain: v | loss: 1.2213 | Acc: 79.66%
2024-03-19 12:50 after_fed Round:  29 | Epochs: 145 | Domain: l | loss: 2.5897 | Acc: 63.64%
2024-03-19 12:50 after_fed Round:  29 | Epochs: 145 | Domain: s | loss: 1.2203 | Acc: 79.57%
2024-03-19 12:50 test_domain Round:  29 | Epochs: 145 | Domain: c | loss: 0.2733 | Acc: 92.69%
2024-03-19 12:51 before_fed Round:  30 | Epochs: 150 | Domain: v | loss: 1.2283 | Acc: 81.36%
2024-03-19 12:51 before_fed Round:  30 | Epochs: 150 | Domain: l | loss: 1.5122 | Acc: 69.52%
2024-03-19 12:52 before_fed Round:  30 | Epochs: 150 | Domain: s | loss: 1.4234 | Acc: 76.52%
2024-03-19 12:52 after_fed Round:  30 | Epochs: 150 | Domain: v | loss: 1.2535 | Acc: 79.24%
2024-03-19 12:52 after_fed Round:  30 | Epochs: 150 | Domain: l | loss: 2.6531 | Acc: 63.64%
2024-03-19 12:52 after_fed Round:  30 | Epochs: 150 | Domain: s | loss: 1.2503 | Acc: 79.57%
2024-03-19 12:52 test_domain Round:  30 | Epochs: 150 | Domain: c | loss: 0.2854 | Acc: 92.45%
2024-03-19 12:53 before_fed Round:  31 | Epochs: 155 | Domain: v | loss: 1.2644 | Acc: 80.93%
2024-03-19 12:53 before_fed Round:  31 | Epochs: 155 | Domain: l | loss: 1.5597 | Acc: 70.59%
2024-03-19 12:54 before_fed Round:  31 | Epochs: 155 | Domain: s | loss: 1.4413 | Acc: 76.52%
2024-03-19 12:54 after_fed Round:  31 | Epochs: 155 | Domain: v | loss: 1.2896 | Acc: 78.81%
2024-03-19 12:54 after_fed Round:  31 | Epochs: 155 | Domain: l | loss: 2.6821 | Acc: 63.10%
2024-03-19 12:54 after_fed Round:  31 | Epochs: 155 | Domain: s | loss: 1.2848 | Acc: 78.70%
2024-03-19 12:54 test_domain Round:  31 | Epochs: 155 | Domain: c | loss: 0.2938 | Acc: 92.92%
2024-03-19 12:55 before_fed Round:  32 | Epochs: 160 | Domain: v | loss: 1.2874 | Acc: 80.93%
2024-03-19 12:55 before_fed Round:  32 | Epochs: 160 | Domain: l | loss: 1.5884 | Acc: 70.59%
2024-03-19 12:56 before_fed Round:  32 | Epochs: 160 | Domain: s | loss: 1.4725 | Acc: 77.39%
2024-03-19 12:56 after_fed Round:  32 | Epochs: 160 | Domain: v | loss: 1.3056 | Acc: 78.81%
2024-03-19 12:56 after_fed Round:  32 | Epochs: 160 | Domain: l | loss: 2.7869 | Acc: 63.10%
2024-03-19 12:56 after_fed Round:  32 | Epochs: 160 | Domain: s | loss: 1.3183 | Acc: 78.70%
2024-03-19 12:56 test_domain Round:  32 | Epochs: 160 | Domain: c | loss: 0.2967 | Acc: 92.92%
2024-03-19 12:57 before_fed Round:  33 | Epochs: 165 | Domain: v | loss: 1.3305 | Acc: 80.51%
2024-03-19 12:57 before_fed Round:  33 | Epochs: 165 | Domain: l | loss: 1.6130 | Acc: 68.45%
2024-03-19 12:58 before_fed Round:  33 | Epochs: 165 | Domain: s | loss: 1.5094 | Acc: 76.52%
2024-03-19 12:58 after_fed Round:  33 | Epochs: 165 | Domain: v | loss: 1.3354 | Acc: 78.81%
2024-03-19 12:58 after_fed Round:  33 | Epochs: 165 | Domain: l | loss: 2.8393 | Acc: 63.10%
2024-03-19 12:58 after_fed Round:  33 | Epochs: 165 | Domain: s | loss: 1.3447 | Acc: 79.13%
2024-03-19 12:58 test_domain Round:  33 | Epochs: 165 | Domain: c | loss: 0.2989 | Acc: 92.92%
2024-03-19 12:59 before_fed Round:  34 | Epochs: 170 | Domain: v | loss: 1.3575 | Acc: 81.36%
2024-03-19 12:59 before_fed Round:  34 | Epochs: 170 | Domain: l | loss: 1.6328 | Acc: 69.52%
2024-03-19 13:00 before_fed Round:  34 | Epochs: 170 | Domain: s | loss: 1.5442 | Acc: 76.09%
2024-03-19 13:00 after_fed Round:  34 | Epochs: 170 | Domain: v | loss: 1.3736 | Acc: 79.24%
2024-03-19 13:00 after_fed Round:  34 | Epochs: 170 | Domain: l | loss: 2.8633 | Acc: 63.10%
2024-03-19 13:00 after_fed Round:  34 | Epochs: 170 | Domain: s | loss: 1.3678 | Acc: 79.13%
2024-03-19 13:00 test_domain Round:  34 | Epochs: 170 | Domain: c | loss: 0.2871 | Acc: 93.40%
2024-03-19 13:00 before_fed Round:  35 | Epochs: 175 | Domain: v | loss: 1.4185 | Acc: 81.36%
2024-03-19 13:01 before_fed Round:  35 | Epochs: 175 | Domain: l | loss: 1.6487 | Acc: 70.59%
2024-03-19 13:02 before_fed Round:  35 | Epochs: 175 | Domain: s | loss: 1.5698 | Acc: 77.39%
2024-03-19 13:02 after_fed Round:  35 | Epochs: 175 | Domain: v | loss: 1.4126 | Acc: 79.66%
2024-03-19 13:02 after_fed Round:  35 | Epochs: 175 | Domain: l | loss: 2.9142 | Acc: 62.03%
2024-03-19 13:02 after_fed Round:  35 | Epochs: 175 | Domain: s | loss: 1.3998 | Acc: 79.13%
2024-03-19 13:02 test_domain Round:  35 | Epochs: 175 | Domain: c | loss: 0.2999 | Acc: 93.16%
2024-03-19 13:02 before_fed Round:  36 | Epochs: 180 | Domain: v | loss: 1.3967 | Acc: 80.51%
2024-03-19 13:03 before_fed Round:  36 | Epochs: 180 | Domain: l | loss: 1.6651 | Acc: 67.91%
2024-03-19 13:04 before_fed Round:  36 | Epochs: 180 | Domain: s | loss: 1.5648 | Acc: 80.00%
2024-03-19 13:04 after_fed Round:  36 | Epochs: 180 | Domain: v | loss: 1.4196 | Acc: 80.51%
2024-03-19 13:04 after_fed Round:  36 | Epochs: 180 | Domain: l | loss: 2.9094 | Acc: 62.03%
2024-03-19 13:04 after_fed Round:  36 | Epochs: 180 | Domain: s | loss: 1.4197 | Acc: 78.70%
2024-03-19 13:04 test_domain Round:  36 | Epochs: 180 | Domain: c | loss: 0.2986 | Acc: 93.16%
2024-03-19 13:04 before_fed Round:  37 | Epochs: 185 | Domain: v | loss: 1.4409 | Acc: 81.36%
2024-03-19 13:05 before_fed Round:  37 | Epochs: 185 | Domain: l | loss: 1.7242 | Acc: 67.91%
2024-03-19 13:05 before_fed Round:  37 | Epochs: 185 | Domain: s | loss: 1.6295 | Acc: 76.52%
2024-03-19 13:05 after_fed Round:  37 | Epochs: 185 | Domain: v | loss: 1.4574 | Acc: 79.66%
2024-03-19 13:05 after_fed Round:  37 | Epochs: 185 | Domain: l | loss: 3.1160 | Acc: 60.96%
2024-03-19 13:06 after_fed Round:  37 | Epochs: 185 | Domain: s | loss: 1.4519 | Acc: 78.26%
2024-03-19 13:06 test_domain Round:  37 | Epochs: 185 | Domain: c | loss: 0.3099 | Acc: 92.92%
2024-03-19 13:06 before_fed Round:  38 | Epochs: 190 | Domain: v | loss: 1.4957 | Acc: 80.93%
2024-03-19 13:07 before_fed Round:  38 | Epochs: 190 | Domain: l | loss: 1.7681 | Acc: 66.84%
2024-03-19 13:07 before_fed Round:  38 | Epochs: 190 | Domain: s | loss: 1.6802 | Acc: 76.96%
2024-03-19 13:07 after_fed Round:  38 | Epochs: 190 | Domain: v | loss: 1.4740 | Acc: 79.66%
2024-03-19 13:07 after_fed Round:  38 | Epochs: 190 | Domain: l | loss: 3.1791 | Acc: 60.96%
2024-03-19 13:07 after_fed Round:  38 | Epochs: 190 | Domain: s | loss: 1.4881 | Acc: 78.26%
2024-03-19 13:07 test_domain Round:  38 | Epochs: 190 | Domain: c | loss: 0.3055 | Acc: 93.87%
2024-03-19 13:08 before_fed Round:  39 | Epochs: 195 | Domain: v | loss: 1.5188 | Acc: 81.36%
2024-03-19 13:09 before_fed Round:  39 | Epochs: 195 | Domain: l | loss: 1.7860 | Acc: 67.91%
2024-03-19 13:09 before_fed Round:  39 | Epochs: 195 | Domain: s | loss: 1.7121 | Acc: 78.26%
2024-03-19 13:09 after_fed Round:  39 | Epochs: 195 | Domain: v | loss: 1.5369 | Acc: 79.66%
2024-03-19 13:09 after_fed Round:  39 | Epochs: 195 | Domain: l | loss: 3.1107 | Acc: 60.43%
2024-03-19 13:09 after_fed Round:  39 | Epochs: 195 | Domain: s | loss: 1.5217 | Acc: 78.26%
2024-03-19 13:09 test_domain Round:  39 | Epochs: 195 | Domain: c | loss: 0.3109 | Acc: 93.87%
2024-03-19 13:10 before_fed Round:  40 | Epochs: 200 | Domain: v | loss: 1.5543 | Acc: 80.51%
2024-03-19 13:11 before_fed Round:  40 | Epochs: 200 | Domain: l | loss: 1.7960 | Acc: 68.45%
2024-03-19 13:11 before_fed Round:  40 | Epochs: 200 | Domain: s | loss: 1.7280 | Acc: 77.39%
2024-03-19 13:11 after_fed Round:  40 | Epochs: 200 | Domain: v | loss: 1.5641 | Acc: 80.08%
2024-03-19 13:11 after_fed Round:  40 | Epochs: 200 | Domain: l | loss: 3.3226 | Acc: 60.96%
2024-03-19 13:11 after_fed Round:  40 | Epochs: 200 | Domain: s | loss: 1.5649 | Acc: 78.26%
2024-03-19 13:11 test_domain Round:  40 | Epochs: 200 | Domain: c | loss: 0.3201 | Acc: 93.16%
