2024-04-16 13:15 comment: RSC, mobilenetv1 pretrained, pacs on a
2024-04-16 13:16 before_fed Round:   0 | Epochs:   0 | Domain: p | loss: 0.8340 | Acc: 86.23%
2024-04-16 13:16 before_fed Round:   0 | Epochs:   0 | Domain: c | loss: 0.2782 | Acc: 90.21%
2024-04-16 13:17 before_fed Round:   0 | Epochs:   0 | Domain: s | loss: 0.3331 | Acc: 89.57%
2024-04-16 13:17 after_fed Round:   0 | Epochs:   0 | Domain: p | loss: 3.1173 | Acc: 46.71%
2024-04-16 13:17 after_fed Round:   0 | Epochs:   0 | Domain: c | loss: 2.4440 | Acc: 57.87%
2024-04-16 13:17 after_fed Round:   0 | Epochs:   0 | Domain: s | loss: 0.7913 | Acc: 75.06%
2024-04-16 13:17 Model saved! Best Val Acc: 64.03%
2024-04-16 13:17 test_domain Round:   0 | Epochs:   0 | Domain: a | loss: 4.6371 | Acc: 26.61%
2024-04-16 13:17 before_fed Round:   1 | Epochs:   5 | Domain: p | loss: 0.1024 | Acc: 96.41%
2024-04-16 13:18 before_fed Round:   1 | Epochs:   5 | Domain: c | loss: 0.2249 | Acc: 93.62%
2024-04-16 13:19 before_fed Round:   1 | Epochs:   5 | Domain: s | loss: 0.4190 | Acc: 91.60%
2024-04-16 13:19 after_fed Round:   1 | Epochs:   5 | Domain: p | loss: 1.2944 | Acc: 61.68%
2024-04-16 13:19 after_fed Round:   1 | Epochs:   5 | Domain: c | loss: 1.5517 | Acc: 65.96%
2024-04-16 13:19 after_fed Round:   1 | Epochs:   5 | Domain: s | loss: 0.3895 | Acc: 88.04%
2024-04-16 13:19 Model saved! Best Val Acc: 75.98%
2024-04-16 13:19 test_domain Round:   1 | Epochs:   5 | Domain: a | loss: 3.3054 | Acc: 37.45%
2024-04-16 13:19 before_fed Round:   2 | Epochs:  10 | Domain: p | loss: 0.3508 | Acc: 94.01%
2024-04-16 13:20 before_fed Round:   2 | Epochs:  10 | Domain: c | loss: 0.4703 | Acc: 90.21%
2024-04-16 13:20 before_fed Round:   2 | Epochs:  10 | Domain: s | loss: 0.4227 | Acc: 91.35%
2024-04-16 13:20 after_fed Round:   2 | Epochs:  10 | Domain: p | loss: 2.3714 | Acc: 47.31%
2024-04-16 13:20 after_fed Round:   2 | Epochs:  10 | Domain: c | loss: 2.5144 | Acc: 62.13%
2024-04-16 13:21 after_fed Round:   2 | Epochs:  10 | Domain: s | loss: 0.6459 | Acc: 84.48%
2024-04-16 13:21 test_domain Round:   2 | Epochs:  10 | Domain: a | loss: 3.6520 | Acc: 38.48%
2024-04-16 13:21 before_fed Round:   3 | Epochs:  15 | Domain: p | loss: 0.3902 | Acc: 91.62%
2024-04-16 13:22 before_fed Round:   3 | Epochs:  15 | Domain: c | loss: 0.4637 | Acc: 90.64%
2024-04-16 13:22 before_fed Round:   3 | Epochs:  15 | Domain: s | loss: 0.4292 | Acc: 91.35%
2024-04-16 13:22 after_fed Round:   3 | Epochs:  15 | Domain: p | loss: 2.7117 | Acc: 51.50%
2024-04-16 13:22 after_fed Round:   3 | Epochs:  15 | Domain: c | loss: 1.7431 | Acc: 71.91%
2024-04-16 13:22 after_fed Round:   3 | Epochs:  15 | Domain: s | loss: 0.4050 | Acc: 91.35%
2024-04-16 13:22 Model saved! Best Val Acc: 77.23%
2024-04-16 13:22 test_domain Round:   3 | Epochs:  15 | Domain: a | loss: 3.1375 | Acc: 43.46%
2024-04-16 13:23 before_fed Round:   4 | Epochs:  20 | Domain: p | loss: 0.3418 | Acc: 89.82%
2024-04-16 13:23 before_fed Round:   4 | Epochs:  20 | Domain: c | loss: 0.4297 | Acc: 91.06%
2024-04-16 13:24 before_fed Round:   4 | Epochs:  20 | Domain: s | loss: 0.4094 | Acc: 91.35%
2024-04-16 13:24 after_fed Round:   4 | Epochs:  20 | Domain: p | loss: 1.4948 | Acc: 74.25%
2024-04-16 13:24 after_fed Round:   4 | Epochs:  20 | Domain: c | loss: 1.7257 | Acc: 68.51%
2024-04-16 13:24 after_fed Round:   4 | Epochs:  20 | Domain: s | loss: 0.3896 | Acc: 89.06%
2024-04-16 13:24 Model saved! Best Val Acc: 79.88%
2024-04-16 13:24 test_domain Round:   4 | Epochs:  20 | Domain: a | loss: 3.5194 | Acc: 43.75%
2024-04-16 13:25 before_fed Round:   5 | Epochs:  25 | Domain: p | loss: 0.3142 | Acc: 92.81%
2024-04-16 13:25 before_fed Round:   5 | Epochs:  25 | Domain: c | loss: 0.3029 | Acc: 89.36%
2024-04-16 13:26 before_fed Round:   5 | Epochs:  25 | Domain: s | loss: 0.4768 | Acc: 92.37%
2024-04-16 13:26 after_fed Round:   5 | Epochs:  25 | Domain: p | loss: 1.9954 | Acc: 67.07%
2024-04-16 13:26 after_fed Round:   5 | Epochs:  25 | Domain: c | loss: 1.2739 | Acc: 77.02%
2024-04-16 13:26 after_fed Round:   5 | Epochs:  25 | Domain: s | loss: 0.4047 | Acc: 90.84%
2024-04-16 13:26 Model saved! Best Val Acc: 81.76%
2024-04-16 13:26 test_domain Round:   5 | Epochs:  25 | Domain: a | loss: 3.3325 | Acc: 48.88%
2024-04-16 13:26 before_fed Round:   6 | Epochs:  30 | Domain: p | loss: 0.2263 | Acc: 95.21%
2024-04-16 13:27 before_fed Round:   6 | Epochs:  30 | Domain: c | loss: 0.4614 | Acc: 88.94%
2024-04-16 13:28 before_fed Round:   6 | Epochs:  30 | Domain: s | loss: 0.6216 | Acc: 90.08%
2024-04-16 13:28 after_fed Round:   6 | Epochs:  30 | Domain: p | loss: 1.0587 | Acc: 80.84%
2024-04-16 13:28 after_fed Round:   6 | Epochs:  30 | Domain: c | loss: 1.3823 | Acc: 77.02%
2024-04-16 13:28 after_fed Round:   6 | Epochs:  30 | Domain: s | loss: 0.4508 | Acc: 90.33%
2024-04-16 13:28 Model saved! Best Val Acc: 84.41%
2024-04-16 13:28 test_domain Round:   6 | Epochs:  30 | Domain: a | loss: 2.3029 | Acc: 54.93%
2024-04-16 13:28 before_fed Round:   7 | Epochs:  35 | Domain: p | loss: 0.3426 | Acc: 94.61%
2024-04-16 13:29 before_fed Round:   7 | Epochs:  35 | Domain: c | loss: 0.7200 | Acc: 88.09%
2024-04-16 13:29 before_fed Round:   7 | Epochs:  35 | Domain: s | loss: 0.7198 | Acc: 90.84%
2024-04-16 13:29 after_fed Round:   7 | Epochs:  35 | Domain: p | loss: 1.1673 | Acc: 79.64%
2024-04-16 13:29 after_fed Round:   7 | Epochs:  35 | Domain: c | loss: 1.5735 | Acc: 77.87%
2024-04-16 13:29 after_fed Round:   7 | Epochs:  35 | Domain: s | loss: 0.3656 | Acc: 92.62%
2024-04-16 13:29 Model saved! Best Val Acc: 85.54%
2024-04-16 13:29 test_domain Round:   7 | Epochs:  35 | Domain: a | loss: 2.6665 | Acc: 53.86%
2024-04-16 13:30 before_fed Round:   8 | Epochs:  40 | Domain: p | loss: 0.4622 | Acc: 93.41%
2024-04-16 13:30 before_fed Round:   8 | Epochs:  40 | Domain: c | loss: 0.6637 | Acc: 87.66%
2024-04-16 13:31 before_fed Round:   8 | Epochs:  40 | Domain: s | loss: 0.4447 | Acc: 92.62%
2024-04-16 13:31 after_fed Round:   8 | Epochs:  40 | Domain: p | loss: 1.0186 | Acc: 85.63%
2024-04-16 13:31 after_fed Round:   8 | Epochs:  40 | Domain: c | loss: 1.3161 | Acc: 80.00%
2024-04-16 13:31 after_fed Round:   8 | Epochs:  40 | Domain: s | loss: 0.3882 | Acc: 91.86%
2024-04-16 13:31 Model saved! Best Val Acc: 87.05%
2024-04-16 13:31 test_domain Round:   8 | Epochs:  40 | Domain: a | loss: 2.3900 | Acc: 62.45%
2024-04-16 13:32 before_fed Round:   9 | Epochs:  45 | Domain: p | loss: 0.4285 | Acc: 92.81%
2024-04-16 13:32 before_fed Round:   9 | Epochs:  45 | Domain: c | loss: 0.6568 | Acc: 88.51%
2024-04-16 13:33 before_fed Round:   9 | Epochs:  45 | Domain: s | loss: 0.4717 | Acc: 92.88%
2024-04-16 13:33 after_fed Round:   9 | Epochs:  45 | Domain: p | loss: 0.9686 | Acc: 85.63%
2024-04-16 13:33 after_fed Round:   9 | Epochs:  45 | Domain: c | loss: 1.3779 | Acc: 78.72%
2024-04-16 13:33 after_fed Round:   9 | Epochs:  45 | Domain: s | loss: 0.3953 | Acc: 92.88%
2024-04-16 13:33 Model saved! Best Val Acc: 87.18%
2024-04-16 13:33 test_domain Round:   9 | Epochs:  45 | Domain: a | loss: 2.3763 | Acc: 62.60%
2024-04-16 13:34 before_fed Round:  10 | Epochs:  50 | Domain: p | loss: 0.3565 | Acc: 92.81%
2024-04-16 13:34 before_fed Round:  10 | Epochs:  50 | Domain: c | loss: 0.6412 | Acc: 88.09%
2024-04-16 13:35 before_fed Round:  10 | Epochs:  50 | Domain: s | loss: 0.4792 | Acc: 93.38%
2024-04-16 13:35 after_fed Round:  10 | Epochs:  50 | Domain: p | loss: 1.0513 | Acc: 85.63%
2024-04-16 13:35 after_fed Round:  10 | Epochs:  50 | Domain: c | loss: 1.2472 | Acc: 80.85%
2024-04-16 13:35 after_fed Round:  10 | Epochs:  50 | Domain: s | loss: 0.3965 | Acc: 92.88%
2024-04-16 13:35 Model saved! Best Val Acc: 87.80%
2024-04-16 13:35 test_domain Round:  10 | Epochs:  50 | Domain: a | loss: 2.5208 | Acc: 61.52%
