2024-03-17 14:34 comment: fed avg, mobilenetv1 pretrained, pacs on s
2024-03-17 14:34 before_fed Round:   0 | Epochs:   0 | Domain: p | loss: 9.7776 | Acc: 0.00%
2024-03-17 14:35 before_fed Round:   0 | Epochs:   0 | Domain: a | loss: 8.7515 | Acc: 1.95%
2024-03-17 14:35 before_fed Round:   0 | Epochs:   0 | Domain: c | loss: 7.5265 | Acc: 11.06%
2024-03-17 14:35 after_fed Round:   0 | Epochs:   0 | Domain: p | loss: 10.2089 | Acc: 0.00%
2024-03-17 14:35 after_fed Round:   0 | Epochs:   0 | Domain: a | loss: 10.0895 | Acc: 0.49%
2024-03-17 14:35 after_fed Round:   0 | Epochs:   0 | Domain: c | loss: 10.6401 | Acc: 0.43%
2024-03-17 14:35 Model saved! Best Val Acc: 1033.53%
2024-03-17 14:35 test_domain Round:   0 | Epochs:   0 | Domain: s | loss: 11.1621 | Acc: 0.00%
2024-03-17 14:36 before_fed Round:   1 | Epochs:   5 | Domain: p | loss: 5.6010 | Acc: 27.54%
2024-03-17 14:36 before_fed Round:   1 | Epochs:   5 | Domain: a | loss: 5.9810 | Acc: 22.44%
2024-03-17 14:36 before_fed Round:   1 | Epochs:   5 | Domain: c | loss: 5.3095 | Acc: 33.19%
2024-03-17 14:37 after_fed Round:   1 | Epochs:   5 | Domain: p | loss: 6.2909 | Acc: 18.56%
2024-03-17 14:37 after_fed Round:   1 | Epochs:   5 | Domain: a | loss: 7.9660 | Acc: 11.22%
2024-03-17 14:37 after_fed Round:   1 | Epochs:   5 | Domain: c | loss: 8.5448 | Acc: 5.11%
2024-03-17 14:37 Model saved! Best Val Acc: 772.84%
2024-03-17 14:37 test_domain Round:   1 | Epochs:   5 | Domain: s | loss: 11.3976 | Acc: 0.00%
2024-03-17 14:37 before_fed Round:   2 | Epochs:  10 | Domain: p | loss: 3.1013 | Acc: 58.08%
2024-03-17 14:37 before_fed Round:   2 | Epochs:  10 | Domain: a | loss: 4.1530 | Acc: 48.78%
2024-03-17 14:38 before_fed Round:   2 | Epochs:  10 | Domain: c | loss: 3.8754 | Acc: 50.64%
2024-03-17 14:38 after_fed Round:   2 | Epochs:  10 | Domain: p | loss: 3.9629 | Acc: 47.90%
2024-03-17 14:38 after_fed Round:   2 | Epochs:  10 | Domain: a | loss: 6.4922 | Acc: 23.41%
2024-03-17 14:38 after_fed Round:   2 | Epochs:  10 | Domain: c | loss: 6.5442 | Acc: 17.45%
2024-03-17 14:38 Model saved! Best Val Acc: 581.55%
2024-03-17 14:38 test_domain Round:   2 | Epochs:  10 | Domain: s | loss: 11.4210 | Acc: 0.00%
2024-03-17 14:38 before_fed Round:   3 | Epochs:  15 | Domain: p | loss: 1.8213 | Acc: 77.25%
2024-03-17 14:39 before_fed Round:   3 | Epochs:  15 | Domain: a | loss: 3.2044 | Acc: 57.56%
2024-03-17 14:39 before_fed Round:   3 | Epochs:  15 | Domain: c | loss: 2.6678 | Acc: 65.53%
2024-03-17 14:39 after_fed Round:   3 | Epochs:  15 | Domain: p | loss: 2.5814 | Acc: 65.27%
2024-03-17 14:39 after_fed Round:   3 | Epochs:  15 | Domain: a | loss: 4.7872 | Acc: 39.51%
2024-03-17 14:39 after_fed Round:   3 | Epochs:  15 | Domain: c | loss: 4.8897 | Acc: 39.57%
2024-03-17 14:39 Model saved! Best Val Acc: 421.92%
2024-03-17 14:39 test_domain Round:   3 | Epochs:  15 | Domain: s | loss: 10.4750 | Acc: 0.08%
2024-03-17 14:40 before_fed Round:   4 | Epochs:  20 | Domain: p | loss: 1.4347 | Acc: 79.64%
2024-03-17 14:40 before_fed Round:   4 | Epochs:  20 | Domain: a | loss: 2.3125 | Acc: 67.80%
2024-03-17 14:41 before_fed Round:   4 | Epochs:  20 | Domain: c | loss: 2.2560 | Acc: 68.94%
2024-03-17 14:41 after_fed Round:   4 | Epochs:  20 | Domain: p | loss: 1.9659 | Acc: 73.65%
2024-03-17 14:41 after_fed Round:   4 | Epochs:  20 | Domain: a | loss: 3.6793 | Acc: 52.68%
2024-03-17 14:41 after_fed Round:   4 | Epochs:  20 | Domain: c | loss: 3.8253 | Acc: 49.36%
2024-03-17 14:41 Model saved! Best Val Acc: 326.37%
2024-03-17 14:41 test_domain Round:   4 | Epochs:  20 | Domain: s | loss: 8.9501 | Acc: 2.29%
2024-03-17 14:41 before_fed Round:   5 | Epochs:  25 | Domain: p | loss: 1.2504 | Acc: 84.43%
2024-03-17 14:42 before_fed Round:   5 | Epochs:  25 | Domain: a | loss: 2.0485 | Acc: 69.27%
2024-03-17 14:42 before_fed Round:   5 | Epochs:  25 | Domain: c | loss: 1.8239 | Acc: 73.19%
2024-03-17 14:42 after_fed Round:   5 | Epochs:  25 | Domain: p | loss: 1.5684 | Acc: 78.44%
2024-03-17 14:42 after_fed Round:   5 | Epochs:  25 | Domain: a | loss: 2.8841 | Acc: 60.98%
2024-03-17 14:42 after_fed Round:   5 | Epochs:  25 | Domain: c | loss: 3.0813 | Acc: 55.32%
2024-03-17 14:42 Model saved! Best Val Acc: 259.79%
2024-03-17 14:42 test_domain Round:   5 | Epochs:  25 | Domain: s | loss: 7.4477 | Acc: 9.93%
2024-03-17 14:43 before_fed Round:   6 | Epochs:  30 | Domain: p | loss: 1.1162 | Acc: 85.63%
2024-03-17 14:43 before_fed Round:   6 | Epochs:  30 | Domain: a | loss: 1.7357 | Acc: 72.68%
2024-03-17 14:44 before_fed Round:   6 | Epochs:  30 | Domain: c | loss: 1.6705 | Acc: 74.89%
2024-03-17 14:44 after_fed Round:   6 | Epochs:  30 | Domain: p | loss: 1.3627 | Acc: 81.44%
2024-03-17 14:44 after_fed Round:   6 | Epochs:  30 | Domain: a | loss: 2.3630 | Acc: 65.37%
2024-03-17 14:44 after_fed Round:   6 | Epochs:  30 | Domain: c | loss: 2.5029 | Acc: 62.98%
2024-03-17 14:44 Model saved! Best Val Acc: 214.15%
2024-03-17 14:44 test_domain Round:   6 | Epochs:  30 | Domain: s | loss: 5.9769 | Acc: 23.06%
2024-03-17 14:44 before_fed Round:   7 | Epochs:  35 | Domain: p | loss: 1.0232 | Acc: 86.23%
2024-03-17 14:45 before_fed Round:   7 | Epochs:  35 | Domain: a | loss: 1.5554 | Acc: 77.07%
2024-03-17 14:45 before_fed Round:   7 | Epochs:  35 | Domain: c | loss: 1.4810 | Acc: 77.45%
2024-03-17 14:45 after_fed Round:   7 | Epochs:  35 | Domain: p | loss: 1.1667 | Acc: 83.23%
2024-03-17 14:45 after_fed Round:   7 | Epochs:  35 | Domain: a | loss: 2.0365 | Acc: 67.80%
2024-03-17 14:45 after_fed Round:   7 | Epochs:  35 | Domain: c | loss: 2.1419 | Acc: 65.11%
2024-03-17 14:45 Model saved! Best Val Acc: 183.77%
2024-03-17 14:45 test_domain Round:   7 | Epochs:  35 | Domain: s | loss: 5.1568 | Acc: 32.81%
2024-03-17 14:46 before_fed Round:   8 | Epochs:  40 | Domain: p | loss: 0.9473 | Acc: 86.23%
2024-03-17 14:46 before_fed Round:   8 | Epochs:  40 | Domain: a | loss: 1.3732 | Acc: 78.54%
2024-03-17 14:47 before_fed Round:   8 | Epochs:  40 | Domain: c | loss: 1.4117 | Acc: 76.17%
2024-03-17 14:47 after_fed Round:   8 | Epochs:  40 | Domain: p | loss: 1.0432 | Acc: 85.03%
2024-03-17 14:47 after_fed Round:   8 | Epochs:  40 | Domain: a | loss: 1.7630 | Acc: 69.76%
2024-03-17 14:47 after_fed Round:   8 | Epochs:  40 | Domain: c | loss: 1.8638 | Acc: 68.09%
2024-03-17 14:47 Model saved! Best Val Acc: 160.37%
2024-03-17 14:47 test_domain Round:   8 | Epochs:  40 | Domain: s | loss: 4.7096 | Acc: 37.24%
2024-03-17 14:47 before_fed Round:   9 | Epochs:  45 | Domain: p | loss: 0.8913 | Acc: 87.43%
2024-03-17 14:47 before_fed Round:   9 | Epochs:  45 | Domain: a | loss: 1.2862 | Acc: 77.56%
2024-03-17 14:48 before_fed Round:   9 | Epochs:  45 | Domain: c | loss: 1.3135 | Acc: 77.02%
2024-03-17 14:48 after_fed Round:   9 | Epochs:  45 | Domain: p | loss: 0.9727 | Acc: 83.83%
2024-03-17 14:48 after_fed Round:   9 | Epochs:  45 | Domain: a | loss: 1.5964 | Acc: 74.15%
2024-03-17 14:48 after_fed Round:   9 | Epochs:  45 | Domain: c | loss: 1.6832 | Acc: 70.64%
2024-03-17 14:48 Model saved! Best Val Acc: 145.81%
2024-03-17 14:48 test_domain Round:   9 | Epochs:  45 | Domain: s | loss: 4.1753 | Acc: 42.71%
2024-03-17 14:48 before_fed Round:  10 | Epochs:  50 | Domain: p | loss: 0.8495 | Acc: 88.02%
2024-03-17 14:49 before_fed Round:  10 | Epochs:  50 | Domain: a | loss: 1.2495 | Acc: 79.02%
2024-03-17 14:49 before_fed Round:  10 | Epochs:  50 | Domain: c | loss: 1.2526 | Acc: 78.72%
2024-03-17 14:49 after_fed Round:  10 | Epochs:  50 | Domain: p | loss: 0.9059 | Acc: 85.63%
2024-03-17 14:49 after_fed Round:  10 | Epochs:  50 | Domain: a | loss: 1.4614 | Acc: 75.12%
2024-03-17 14:49 after_fed Round:  10 | Epochs:  50 | Domain: c | loss: 1.5372 | Acc: 71.49%
2024-03-17 14:49 Model saved! Best Val Acc: 133.77%
2024-03-17 14:49 test_domain Round:  10 | Epochs:  50 | Domain: s | loss: 3.7022 | Acc: 47.67%