2024-03-16 19:36 comment: fed avg, agglomerator(pretrainstep), pacs on a
2024-03-16 19:36 before_fed Round:   0 | Epochs:   0 | Domain: p | loss: 0.0069
2024-03-16 19:37 before_fed Round:   0 | Epochs:   0 | Domain: c | loss: 0.0063
2024-03-16 19:39 before_fed Round:   0 | Epochs:   0 | Domain: s | loss: 0.0070
2024-03-16 19:39 after_fed Round:   0 | Epochs:   0 | Domain: p | loss: 0.0069
2024-03-16 19:39 after_fed Round:   0 | Epochs:   0 | Domain: c | loss: 0.0064
2024-03-16 19:39 after_fed Round:   0 | Epochs:   0 | Domain: s | loss: 0.0070
2024-03-16 19:39 Model saved! Best Val Acc: 0.68%
2024-03-16 19:39 test_domain Round:   0 | Epochs:   0 | Domain: a | loss: 0.0051
2024-03-16 19:40 before_fed Round:   1 | Epochs:   5 | Domain: p | loss: 0.0069
2024-03-16 19:40 before_fed Round:   1 | Epochs:   5 | Domain: c | loss: 0.0063
2024-03-16 19:42 before_fed Round:   1 | Epochs:   5 | Domain: s | loss: 0.0069
2024-03-16 19:42 after_fed Round:   1 | Epochs:   5 | Domain: p | loss: 0.0069
2024-03-16 19:42 after_fed Round:   1 | Epochs:   5 | Domain: c | loss: 0.0063
2024-03-16 19:42 after_fed Round:   1 | Epochs:   5 | Domain: s | loss: 0.0070
2024-03-16 19:42 Model saved! Best Val Acc: 0.68%
2024-03-16 19:42 test_domain Round:   1 | Epochs:   5 | Domain: a | loss: 0.0051
2024-03-16 19:43 before_fed Round:   2 | Epochs:  10 | Domain: p | loss: 0.0069
2024-03-16 19:44 before_fed Round:   2 | Epochs:  10 | Domain: c | loss: 0.0063
2024-03-16 19:45 before_fed Round:   2 | Epochs:  10 | Domain: s | loss: 0.0069
2024-03-16 19:45 after_fed Round:   2 | Epochs:  10 | Domain: p | loss: 0.0069
2024-03-16 19:45 after_fed Round:   2 | Epochs:  10 | Domain: c | loss: 0.0063
2024-03-16 19:45 after_fed Round:   2 | Epochs:  10 | Domain: s | loss: 0.0069
2024-03-16 19:45 Model saved! Best Val Acc: 0.67%
2024-03-16 19:45 test_domain Round:   2 | Epochs:  10 | Domain: a | loss: 0.0051
2024-03-16 19:46 before_fed Round:   3 | Epochs:  15 | Domain: p | loss: 0.0069
2024-03-16 19:47 before_fed Round:   3 | Epochs:  15 | Domain: c | loss: 0.0063
2024-03-16 19:48 before_fed Round:   3 | Epochs:  15 | Domain: s | loss: 0.0069
2024-03-16 19:48 after_fed Round:   3 | Epochs:  15 | Domain: p | loss: 0.0069
2024-03-16 19:48 after_fed Round:   3 | Epochs:  15 | Domain: c | loss: 0.0063
2024-03-16 19:48 after_fed Round:   3 | Epochs:  15 | Domain: s | loss: 0.0069
2024-03-16 19:48 Model saved! Best Val Acc: 0.67%
2024-03-16 19:48 test_domain Round:   3 | Epochs:  15 | Domain: a | loss: 0.0051
2024-03-16 19:49 before_fed Round:   4 | Epochs:  20 | Domain: p | loss: 0.0069
2024-03-16 19:50 before_fed Round:   4 | Epochs:  20 | Domain: c | loss: 0.0063
2024-03-16 19:51 before_fed Round:   4 | Epochs:  20 | Domain: s | loss: 0.0069
2024-03-16 19:51 after_fed Round:   4 | Epochs:  20 | Domain: p | loss: 0.0069
2024-03-16 19:51 after_fed Round:   4 | Epochs:  20 | Domain: c | loss: 0.0063
2024-03-16 19:51 after_fed Round:   4 | Epochs:  20 | Domain: s | loss: 0.0069
2024-03-16 19:51 Model saved! Best Val Acc: 0.67%
2024-03-16 19:52 test_domain Round:   4 | Epochs:  20 | Domain: a | loss: 0.0051
2024-03-16 19:52 before_fed Round:   5 | Epochs:  25 | Domain: p | loss: 0.0069
2024-03-16 19:53 before_fed Round:   5 | Epochs:  25 | Domain: c | loss: 0.0063
2024-03-16 19:55 before_fed Round:   5 | Epochs:  25 | Domain: s | loss: 0.0068
2024-03-16 19:55 after_fed Round:   5 | Epochs:  25 | Domain: p | loss: 0.0069
2024-03-16 19:55 after_fed Round:   5 | Epochs:  25 | Domain: c | loss: 0.0063
2024-03-16 19:55 after_fed Round:   5 | Epochs:  25 | Domain: s | loss: 0.0069
2024-03-16 19:55 Model saved! Best Val Acc: 0.67%
2024-03-16 19:55 test_domain Round:   5 | Epochs:  25 | Domain: a | loss: 0.0051
2024-03-16 19:55 before_fed Round:   6 | Epochs:  30 | Domain: p | loss: 0.0069
2024-03-16 19:56 before_fed Round:   6 | Epochs:  30 | Domain: c | loss: 0.0062
2024-03-16 19:58 before_fed Round:   6 | Epochs:  30 | Domain: s | loss: 0.0068
2024-03-16 19:58 after_fed Round:   6 | Epochs:  30 | Domain: p | loss: 0.0069
2024-03-16 19:58 after_fed Round:   6 | Epochs:  30 | Domain: c | loss: 0.0063
2024-03-16 19:58 after_fed Round:   6 | Epochs:  30 | Domain: s | loss: 0.0068
2024-03-16 19:58 Model saved! Best Val Acc: 0.67%
2024-03-16 19:58 test_domain Round:   6 | Epochs:  30 | Domain: a | loss: 0.0051
2024-03-16 19:59 before_fed Round:   7 | Epochs:  35 | Domain: p | loss: 0.0069
2024-03-16 19:59 before_fed Round:   7 | Epochs:  35 | Domain: c | loss: 0.0062
2024-03-16 20:01 before_fed Round:   7 | Epochs:  35 | Domain: s | loss: 0.0068
2024-03-16 20:01 after_fed Round:   7 | Epochs:  35 | Domain: p | loss: 0.0069
2024-03-16 20:01 after_fed Round:   7 | Epochs:  35 | Domain: c | loss: 0.0063
2024-03-16 20:01 after_fed Round:   7 | Epochs:  35 | Domain: s | loss: 0.0068
2024-03-16 20:01 Model saved! Best Val Acc: 0.67%
2024-03-16 20:01 test_domain Round:   7 | Epochs:  35 | Domain: a | loss: 0.0051
2024-03-16 20:02 before_fed Round:   8 | Epochs:  40 | Domain: p | loss: 0.0069
2024-03-16 20:03 before_fed Round:   8 | Epochs:  40 | Domain: c | loss: 0.0062
2024-03-16 20:04 before_fed Round:   8 | Epochs:  40 | Domain: s | loss: 0.0068
2024-03-16 20:04 after_fed Round:   8 | Epochs:  40 | Domain: p | loss: 0.0069
2024-03-16 20:04 after_fed Round:   8 | Epochs:  40 | Domain: c | loss: 0.0063
2024-03-16 20:04 after_fed Round:   8 | Epochs:  40 | Domain: s | loss: 0.0068
2024-03-16 20:04 Model saved! Best Val Acc: 0.67%
2024-03-16 20:04 test_domain Round:   8 | Epochs:  40 | Domain: a | loss: 0.0051
2024-03-16 20:05 before_fed Round:   9 | Epochs:  45 | Domain: p | loss: 0.0069
2024-03-16 20:06 before_fed Round:   9 | Epochs:  45 | Domain: c | loss: 0.0062
2024-03-16 20:07 before_fed Round:   9 | Epochs:  45 | Domain: s | loss: 0.0068
2024-03-16 20:07 after_fed Round:   9 | Epochs:  45 | Domain: p | loss: 0.0069
2024-03-16 20:07 after_fed Round:   9 | Epochs:  45 | Domain: c | loss: 0.0063
2024-03-16 20:07 after_fed Round:   9 | Epochs:  45 | Domain: s | loss: 0.0068
2024-03-16 20:07 Model saved! Best Val Acc: 0.67%
2024-03-16 20:07 test_domain Round:   9 | Epochs:  45 | Domain: a | loss: 0.0051
2024-03-16 20:08 before_fed Round:  10 | Epochs:  50 | Domain: p | loss: 0.0069
2024-03-16 20:09 before_fed Round:  10 | Epochs:  50 | Domain: c | loss: 0.0062
2024-03-16 20:10 before_fed Round:  10 | Epochs:  50 | Domain: s | loss: 0.0068
2024-03-16 20:10 after_fed Round:  10 | Epochs:  50 | Domain: p | loss: 0.0070
2024-03-16 20:10 after_fed Round:  10 | Epochs:  50 | Domain: c | loss: 0.0063
2024-03-16 20:10 after_fed Round:  10 | Epochs:  50 | Domain: s | loss: 0.0068
2024-03-16 20:10 Model saved! Best Val Acc: 0.67%
2024-03-16 20:11 test_domain Round:  10 | Epochs:  50 | Domain: a | loss: 0.0051