2024-04-16 12:54 comment: RSC, mobilenetv1 pretrained, pacs on p
2024-04-16 12:55 before_fed Round:   0 | Epochs:   0 | Domain: a | loss: 1.3769 | Acc: 78.05%
2024-04-16 12:56 before_fed Round:   0 | Epochs:   0 | Domain: c | loss: 0.4061 | Acc: 89.36%
2024-04-16 12:56 before_fed Round:   0 | Epochs:   0 | Domain: s | loss: 0.2393 | Acc: 93.13%
2024-04-16 12:56 after_fed Round:   0 | Epochs:   0 | Domain: a | loss: 4.3647 | Acc: 27.80%
2024-04-16 12:56 after_fed Round:   0 | Epochs:   0 | Domain: c | loss: 1.7936 | Acc: 57.87%
2024-04-16 12:56 after_fed Round:   0 | Epochs:   0 | Domain: s | loss: 0.5076 | Acc: 83.97%
2024-04-16 12:56 Model saved! Best Val Acc: 62.79%
2024-04-16 12:56 test_domain Round:   0 | Epochs:   0 | Domain: p | loss: 3.6278 | Acc: 37.60%
2024-04-16 12:57 before_fed Round:   1 | Epochs:   5 | Domain: a | loss: 0.7259 | Acc: 80.49%
2024-04-16 12:57 before_fed Round:   1 | Epochs:   5 | Domain: c | loss: 0.4544 | Acc: 89.79%
2024-04-16 12:58 before_fed Round:   1 | Epochs:   5 | Domain: s | loss: 0.4383 | Acc: 90.08%
2024-04-16 12:58 after_fed Round:   1 | Epochs:   5 | Domain: a | loss: 2.6486 | Acc: 39.51%
2024-04-16 12:58 after_fed Round:   1 | Epochs:   5 | Domain: c | loss: 1.3088 | Acc: 68.51%
2024-04-16 12:58 after_fed Round:   1 | Epochs:   5 | Domain: s | loss: 0.3465 | Acc: 88.04%
2024-04-16 12:58 Model saved! Best Val Acc: 70.60%
2024-04-16 12:58 test_domain Round:   1 | Epochs:   5 | Domain: p | loss: 2.6142 | Acc: 40.66%
2024-04-16 12:58 before_fed Round:   2 | Epochs:  10 | Domain: a | loss: 0.9082 | Acc: 80.98%
2024-04-16 12:59 before_fed Round:   2 | Epochs:  10 | Domain: c | loss: 0.4409 | Acc: 85.96%
2024-04-16 13:00 before_fed Round:   2 | Epochs:  10 | Domain: s | loss: 0.3994 | Acc: 89.31%
2024-04-16 13:00 after_fed Round:   2 | Epochs:  10 | Domain: a | loss: 1.4692 | Acc: 65.37%
2024-04-16 13:00 after_fed Round:   2 | Epochs:  10 | Domain: c | loss: 1.3803 | Acc: 70.21%
2024-04-16 13:00 after_fed Round:   2 | Epochs:  10 | Domain: s | loss: 0.4986 | Acc: 88.30%
2024-04-16 13:00 Model saved! Best Val Acc: 77.56%
2024-04-16 13:00 test_domain Round:   2 | Epochs:  10 | Domain: p | loss: 1.4056 | Acc: 65.99%
2024-04-16 13:00 before_fed Round:   3 | Epochs:  15 | Domain: a | loss: 0.8611 | Acc: 83.41%
2024-04-16 13:01 before_fed Round:   3 | Epochs:  15 | Domain: c | loss: 0.5752 | Acc: 89.79%
2024-04-16 13:02 before_fed Round:   3 | Epochs:  15 | Domain: s | loss: 0.4645 | Acc: 91.86%
2024-04-16 13:02 after_fed Round:   3 | Epochs:  15 | Domain: a | loss: 1.7827 | Acc: 53.17%
2024-04-16 13:02 after_fed Round:   3 | Epochs:  15 | Domain: c | loss: 1.4564 | Acc: 72.77%
2024-04-16 13:02 after_fed Round:   3 | Epochs:  15 | Domain: s | loss: 0.3673 | Acc: 91.09%
2024-04-16 13:02 test_domain Round:   3 | Epochs:  15 | Domain: p | loss: 2.0825 | Acc: 49.04%
2024-04-16 13:02 before_fed Round:   4 | Epochs:  20 | Domain: a | loss: 0.8970 | Acc: 81.95%
2024-04-16 13:03 before_fed Round:   4 | Epochs:  20 | Domain: c | loss: 0.5450 | Acc: 88.94%
2024-04-16 13:03 before_fed Round:   4 | Epochs:  20 | Domain: s | loss: 0.4699 | Acc: 90.59%
2024-04-16 13:03 after_fed Round:   4 | Epochs:  20 | Domain: a | loss: 1.4463 | Acc: 61.46%
2024-04-16 13:04 after_fed Round:   4 | Epochs:  20 | Domain: c | loss: 1.0829 | Acc: 74.04%
2024-04-16 13:04 after_fed Round:   4 | Epochs:  20 | Domain: s | loss: 0.3006 | Acc: 91.60%
2024-04-16 13:04 Model saved! Best Val Acc: 79.24%
2024-04-16 13:04 test_domain Round:   4 | Epochs:  20 | Domain: p | loss: 0.9783 | Acc: 66.89%
2024-04-16 13:04 before_fed Round:   5 | Epochs:  25 | Domain: a | loss: 0.8363 | Acc: 82.93%
2024-04-16 13:05 before_fed Round:   5 | Epochs:  25 | Domain: c | loss: 0.6551 | Acc: 87.66%
2024-04-16 13:05 before_fed Round:   5 | Epochs:  25 | Domain: s | loss: 0.5082 | Acc: 91.35%
2024-04-16 13:05 after_fed Round:   5 | Epochs:  25 | Domain: a | loss: 1.5032 | Acc: 65.37%
2024-04-16 13:05 after_fed Round:   5 | Epochs:  25 | Domain: c | loss: 1.2796 | Acc: 76.17%
2024-04-16 13:05 after_fed Round:   5 | Epochs:  25 | Domain: s | loss: 0.4482 | Acc: 90.08%
2024-04-16 13:05 Model saved! Best Val Acc: 80.08%
2024-04-16 13:05 test_domain Round:   5 | Epochs:  25 | Domain: p | loss: 1.7234 | Acc: 57.60%
2024-04-16 13:06 before_fed Round:   6 | Epochs:  30 | Domain: a | loss: 1.0113 | Acc: 80.98%
2024-04-16 13:07 before_fed Round:   6 | Epochs:  30 | Domain: c | loss: 0.6458 | Acc: 90.64%
2024-04-16 13:07 before_fed Round:   6 | Epochs:  30 | Domain: s | loss: 0.4531 | Acc: 91.86%
2024-04-16 13:07 after_fed Round:   6 | Epochs:  30 | Domain: a | loss: 1.2922 | Acc: 67.32%
2024-04-16 13:07 after_fed Round:   6 | Epochs:  30 | Domain: c | loss: 0.9952 | Acc: 81.70%
2024-04-16 13:07 after_fed Round:   6 | Epochs:  30 | Domain: s | loss: 0.4617 | Acc: 89.31%
2024-04-16 13:07 Model saved! Best Val Acc: 81.76%
2024-04-16 13:07 test_domain Round:   6 | Epochs:  30 | Domain: p | loss: 0.9987 | Acc: 74.61%
2024-04-16 13:08 before_fed Round:   7 | Epochs:  35 | Domain: a | loss: 0.9384 | Acc: 83.90%
2024-04-16 13:08 before_fed Round:   7 | Epochs:  35 | Domain: c | loss: 0.5461 | Acc: 89.36%
2024-04-16 13:09 before_fed Round:   7 | Epochs:  35 | Domain: s | loss: 0.4064 | Acc: 92.62%
2024-04-16 13:09 after_fed Round:   7 | Epochs:  35 | Domain: a | loss: 1.4577 | Acc: 65.85%
2024-04-16 13:09 after_fed Round:   7 | Epochs:  35 | Domain: c | loss: 1.1246 | Acc: 77.02%
2024-04-16 13:09 after_fed Round:   7 | Epochs:  35 | Domain: s | loss: 0.4348 | Acc: 91.35%
2024-04-16 13:09 test_domain Round:   7 | Epochs:  35 | Domain: p | loss: 1.7833 | Acc: 57.49%
2024-04-16 13:10 before_fed Round:   8 | Epochs:  40 | Domain: a | loss: 0.8641 | Acc: 84.39%
2024-04-16 13:10 before_fed Round:   8 | Epochs:  40 | Domain: c | loss: 0.6984 | Acc: 85.96%
2024-04-16 13:11 before_fed Round:   8 | Epochs:  40 | Domain: s | loss: 0.3633 | Acc: 93.13%
2024-04-16 13:11 after_fed Round:   8 | Epochs:  40 | Domain: a | loss: 1.6060 | Acc: 74.15%
2024-04-16 13:11 after_fed Round:   8 | Epochs:  40 | Domain: c | loss: 1.2913 | Acc: 78.30%
2024-04-16 13:11 after_fed Round:   8 | Epochs:  40 | Domain: s | loss: 0.4607 | Acc: 91.86%
2024-04-16 13:11 Model saved! Best Val Acc: 83.68%
2024-04-16 13:11 test_domain Round:   8 | Epochs:  40 | Domain: p | loss: 1.8473 | Acc: 70.00%
2024-04-16 13:12 before_fed Round:   9 | Epochs:  45 | Domain: a | loss: 0.8191 | Acc: 85.37%
2024-04-16 13:12 before_fed Round:   9 | Epochs:  45 | Domain: c | loss: 0.6834 | Acc: 85.53%
2024-04-16 13:13 before_fed Round:   9 | Epochs:  45 | Domain: s | loss: 0.3496 | Acc: 93.64%
2024-04-16 13:13 after_fed Round:   9 | Epochs:  45 | Domain: a | loss: 1.5284 | Acc: 73.17%
2024-04-16 13:13 after_fed Round:   9 | Epochs:  45 | Domain: c | loss: 1.2947 | Acc: 78.72%
2024-04-16 13:13 after_fed Round:   9 | Epochs:  45 | Domain: s | loss: 0.4148 | Acc: 91.09%
2024-04-16 13:13 test_domain Round:   9 | Epochs:  45 | Domain: p | loss: 1.6401 | Acc: 72.87%
2024-04-16 13:13 before_fed Round:  10 | Epochs:  50 | Domain: a | loss: 0.9400 | Acc: 83.41%
2024-04-16 13:14 before_fed Round:  10 | Epochs:  50 | Domain: c | loss: 0.7230 | Acc: 85.53%
2024-04-16 13:15 before_fed Round:  10 | Epochs:  50 | Domain: s | loss: 0.3979 | Acc: 93.64%
2024-04-16 13:15 after_fed Round:  10 | Epochs:  50 | Domain: a | loss: 1.4732 | Acc: 74.63%
2024-04-16 13:15 after_fed Round:  10 | Epochs:  50 | Domain: c | loss: 1.3138 | Acc: 80.85%
2024-04-16 13:15 after_fed Round:  10 | Epochs:  50 | Domain: s | loss: 0.3978 | Acc: 93.38%
2024-04-16 13:15 Model saved! Best Val Acc: 85.24%
2024-04-16 13:15 test_domain Round:  10 | Epochs:  50 | Domain: p | loss: 1.4965 | Acc: 74.79%
