2024-04-14 14:19 before_fed Round:   0 | Epochs:   0 | Domain: v | loss: 0.8852 | Acc: 70.34%
2024-04-14 14:19 before_fed Round:   0 | Epochs:   0 | Domain: l | loss: 1.0309 | Acc: 67.38%
2024-04-14 14:19 before_fed Round:   0 | Epochs:   0 | Domain: c | loss: 0.0323 | Acc: 98.00%
2024-04-14 14:19 after_fed Round:   0 | Epochs:   0 | Domain: v | loss: 4.0040 | Acc: 11.02%
2024-04-14 14:19 after_fed Round:   0 | Epochs:   0 | Domain: l | loss: 4.2583 | Acc: 5.88%
2024-04-14 14:19 after_fed Round:   0 | Epochs:   0 | Domain: c | loss: 3.3362 | Acc: 19.00%
2024-04-14 14:19 Model saved! Best Val Acc: 10.70%
2024-04-14 14:19 test_domain Round:   0 | Epochs:   0 | Domain: s | loss: 4.7360 | Acc: 0.91%
2024-04-14 14:20 before_fed Round:   1 | Epochs:   5 | Domain: v | loss: 1.2336 | Acc: 72.03%
2024-04-14 14:20 before_fed Round:   1 | Epochs:   5 | Domain: l | loss: 1.3355 | Acc: 66.31%
2024-04-14 14:21 before_fed Round:   1 | Epochs:   5 | Domain: c | loss: 0.0558 | Acc: 97.00%
2024-04-14 14:21 after_fed Round:   1 | Epochs:   5 | Domain: v | loss: 3.5268 | Acc: 13.98%
2024-04-14 14:21 after_fed Round:   1 | Epochs:   5 | Domain: l | loss: 3.7499 | Acc: 6.95%
2024-04-14 14:21 after_fed Round:   1 | Epochs:   5 | Domain: c | loss: 2.1812 | Acc: 24.00%
2024-04-14 14:21 Model saved! Best Val Acc: 13.38%
2024-04-14 14:21 test_domain Round:   1 | Epochs:   5 | Domain: s | loss: 4.0258 | Acc: 5.08%
2024-04-14 14:21 before_fed Round:   2 | Epochs:  10 | Domain: v | loss: 1.3529 | Acc: 73.73%
2024-04-14 14:22 before_fed Round:   2 | Epochs:  10 | Domain: l | loss: 1.6669 | Acc: 66.84%
2024-04-14 14:22 before_fed Round:   2 | Epochs:  10 | Domain: c | loss: 0.0027 | Acc: 100.00%
2024-04-14 14:22 after_fed Round:   2 | Epochs:  10 | Domain: v | loss: 2.6506 | Acc: 27.54%
2024-04-14 14:22 after_fed Round:   2 | Epochs:  10 | Domain: l | loss: 2.0504 | Acc: 29.41%
2024-04-14 14:22 after_fed Round:   2 | Epochs:  10 | Domain: c | loss: 1.5477 | Acc: 37.00%
2024-04-14 14:22 Model saved! Best Val Acc: 30.00%
2024-04-14 14:22 test_domain Round:   2 | Epochs:  10 | Domain: s | loss: 2.5991 | Acc: 26.70%
2024-04-14 14:23 before_fed Round:   3 | Epochs:  15 | Domain: v | loss: 1.4834 | Acc: 75.42%
2024-04-14 14:23 before_fed Round:   3 | Epochs:  15 | Domain: l | loss: 1.3506 | Acc: 67.91%
2024-04-14 14:24 before_fed Round:   3 | Epochs:  15 | Domain: c | loss: 0.0149 | Acc: 100.00%
2024-04-14 14:24 after_fed Round:   3 | Epochs:  15 | Domain: v | loss: 2.1595 | Acc: 34.32%
2024-04-14 14:24 after_fed Round:   3 | Epochs:  15 | Domain: l | loss: 1.6884 | Acc: 42.78%
2024-04-14 14:24 after_fed Round:   3 | Epochs:  15 | Domain: c | loss: 0.5508 | Acc: 85.00%
2024-04-14 14:24 Model saved! Best Val Acc: 46.96%
2024-04-14 14:24 test_domain Round:   3 | Epochs:  15 | Domain: s | loss: 2.5131 | Acc: 21.12%
2024-04-14 14:24 before_fed Round:   4 | Epochs:  20 | Domain: v | loss: 1.6810 | Acc: 73.31%
2024-04-14 14:25 before_fed Round:   4 | Epochs:  20 | Domain: l | loss: 1.8858 | Acc: 68.98%
2024-04-14 14:25 before_fed Round:   4 | Epochs:  20 | Domain: c | loss: 0.0083 | Acc: 100.00%
2024-04-14 14:25 after_fed Round:   4 | Epochs:  20 | Domain: v | loss: 2.3209 | Acc: 36.02%
2024-04-14 14:25 after_fed Round:   4 | Epochs:  20 | Domain: l | loss: 1.7944 | Acc: 48.13%
2024-04-14 14:25 after_fed Round:   4 | Epochs:  20 | Domain: c | loss: 0.9746 | Acc: 74.00%
2024-04-14 14:25 Model saved! Best Val Acc: 47.55%
2024-04-14 14:25 test_domain Round:   4 | Epochs:  20 | Domain: s | loss: 2.7926 | Acc: 20.71%
2024-04-14 14:26 before_fed Round:   5 | Epochs:  25 | Domain: v | loss: 1.7902 | Acc: 72.88%
2024-04-14 14:26 before_fed Round:   5 | Epochs:  25 | Domain: l | loss: 1.6329 | Acc: 71.66%
2024-04-14 14:26 before_fed Round:   5 | Epochs:  25 | Domain: c | loss: 0.0294 | Acc: 98.00%
2024-04-14 14:27 after_fed Round:   5 | Epochs:  25 | Domain: v | loss: 1.9887 | Acc: 46.19%
2024-04-14 14:27 after_fed Round:   5 | Epochs:  25 | Domain: l | loss: 1.6549 | Acc: 49.20%
2024-04-14 14:27 after_fed Round:   5 | Epochs:  25 | Domain: c | loss: 0.4000 | Acc: 89.00%
2024-04-14 14:27 Model saved! Best Val Acc: 55.39%
2024-04-14 14:27 test_domain Round:   5 | Epochs:  25 | Domain: s | loss: 2.3540 | Acc: 29.34%
2024-04-14 14:27 before_fed Round:   6 | Epochs:  30 | Domain: v | loss: 1.5302 | Acc: 72.03%
2024-04-14 14:28 before_fed Round:   6 | Epochs:  30 | Domain: l | loss: 1.5813 | Acc: 70.05%
2024-04-14 14:28 before_fed Round:   6 | Epochs:  30 | Domain: c | loss: 0.0306 | Acc: 98.00%
2024-04-14 14:28 after_fed Round:   6 | Epochs:  30 | Domain: v | loss: 1.5282 | Acc: 53.81%
2024-04-14 14:28 after_fed Round:   6 | Epochs:  30 | Domain: l | loss: 1.4380 | Acc: 56.68%
2024-04-14 14:28 after_fed Round:   6 | Epochs:  30 | Domain: c | loss: 0.3965 | Acc: 89.00%
2024-04-14 14:28 Model saved! Best Val Acc: 61.52%
2024-04-14 14:28 test_domain Round:   6 | Epochs:  30 | Domain: s | loss: 1.6081 | Acc: 48.12%
2024-04-14 14:29 before_fed Round:   7 | Epochs:  35 | Domain: v | loss: 2.2355 | Acc: 68.22%
2024-04-14 14:29 before_fed Round:   7 | Epochs:  35 | Domain: l | loss: 2.2092 | Acc: 71.66%
2024-04-14 14:29 before_fed Round:   7 | Epochs:  35 | Domain: c | loss: 0.1494 | Acc: 98.00%
2024-04-14 14:29 after_fed Round:   7 | Epochs:  35 | Domain: v | loss: 1.4665 | Acc: 56.36%
2024-04-14 14:29 after_fed Round:   7 | Epochs:  35 | Domain: l | loss: 2.3190 | Acc: 58.29%
2024-04-14 14:29 after_fed Round:   7 | Epochs:  35 | Domain: c | loss: 0.2741 | Acc: 91.00%
2024-04-14 14:29 Model saved! Best Val Acc: 63.62%
2024-04-14 14:29 test_domain Round:   7 | Epochs:  35 | Domain: s | loss: 1.7582 | Acc: 48.93%
2024-04-14 14:30 before_fed Round:   8 | Epochs:  40 | Domain: v | loss: 1.4584 | Acc: 75.00%
2024-04-14 14:30 before_fed Round:   8 | Epochs:  40 | Domain: l | loss: 1.5515 | Acc: 74.87%
2024-04-14 14:31 before_fed Round:   8 | Epochs:  40 | Domain: c | loss: 0.1282 | Acc: 95.00%
2024-04-14 14:31 after_fed Round:   8 | Epochs:  40 | Domain: v | loss: 1.2701 | Acc: 73.73%
2024-04-14 14:31 after_fed Round:   8 | Epochs:  40 | Domain: l | loss: 1.8597 | Acc: 69.52%
2024-04-14 14:31 after_fed Round:   8 | Epochs:  40 | Domain: c | loss: 0.2380 | Acc: 93.00%
2024-04-14 14:31 Model saved! Best Val Acc: 75.88%
2024-04-14 14:31 test_domain Round:   8 | Epochs:  40 | Domain: s | loss: 1.8306 | Acc: 59.39%
2024-04-14 14:31 before_fed Round:   9 | Epochs:  45 | Domain: v | loss: 1.4543 | Acc: 75.42%
2024-04-14 14:32 before_fed Round:   9 | Epochs:  45 | Domain: l | loss: 1.3669 | Acc: 76.47%
2024-04-14 14:32 before_fed Round:   9 | Epochs:  45 | Domain: c | loss: 0.1002 | Acc: 96.00%
2024-04-14 14:32 after_fed Round:   9 | Epochs:  45 | Domain: v | loss: 1.2409 | Acc: 73.31%
2024-04-14 14:32 after_fed Round:   9 | Epochs:  45 | Domain: l | loss: 1.6810 | Acc: 68.98%
2024-04-14 14:32 after_fed Round:   9 | Epochs:  45 | Domain: c | loss: 0.2514 | Acc: 91.00%
2024-04-14 14:32 test_domain Round:   9 | Epochs:  45 | Domain: s | loss: 1.8628 | Acc: 58.07%
2024-04-14 14:33 before_fed Round:  10 | Epochs:  50 | Domain: v | loss: 1.5878 | Acc: 76.27%
2024-04-14 14:33 before_fed Round:  10 | Epochs:  50 | Domain: l | loss: 1.5207 | Acc: 74.87%
2024-04-14 14:34 before_fed Round:  10 | Epochs:  50 | Domain: c | loss: 0.1355 | Acc: 96.00%
2024-04-14 14:34 after_fed Round:  10 | Epochs:  50 | Domain: v | loss: 1.3637 | Acc: 75.00%
2024-04-14 14:34 after_fed Round:  10 | Epochs:  50 | Domain: l | loss: 1.7857 | Acc: 68.98%
2024-04-14 14:34 after_fed Round:  10 | Epochs:  50 | Domain: c | loss: 0.3347 | Acc: 91.00%
2024-04-14 14:34 Model saved! Best Val Acc: 75.89%
2024-04-14 14:34 test_domain Round:  10 | Epochs:  50 | Domain: s | loss: 1.9096 | Acc: 60.81%
