2024-03-17 18:59 comment: fed avg, agglomerator(no-pre), pacs on c
2024-03-17 19:00 before_fed Round:   0 | Epochs:   0 | Domain: p | loss: 1.2644 | Acc: 55.69%
2024-03-17 19:01 before_fed Round:   0 | Epochs:   0 | Domain: a | loss: 1.6694 | Acc: 36.59%
2024-03-17 19:03 before_fed Round:   0 | Epochs:   0 | Domain: s | loss: 1.2228 | Acc: 53.69%
2024-03-17 19:03 after_fed Round:   0 | Epochs:   0 | Domain: p | loss: 1.8907 | Acc: 25.15%
2024-03-17 19:03 after_fed Round:   0 | Epochs:   0 | Domain: a | loss: 2.0630 | Acc: 16.59%
2024-03-17 19:04 after_fed Round:   0 | Epochs:   0 | Domain: s | loss: 1.2878 | Acc: 48.09%
2024-03-17 19:04 Model saved! Best Val Acc: 162.71%
2024-03-17 19:04 test_domain Round:   0 | Epochs:   0 | Domain: c | loss: 2.2104 | Acc: 22.95%
2024-03-17 19:05 before_fed Round:   1 | Epochs:   5 | Domain: p | loss: 1.1257 | Acc: 55.69%
2024-03-17 19:06 before_fed Round:   1 | Epochs:   5 | Domain: a | loss: 1.6354 | Acc: 38.05%
2024-03-17 19:08 before_fed Round:   1 | Epochs:   5 | Domain: s | loss: 1.0434 | Acc: 61.07%
2024-03-17 19:08 after_fed Round:   1 | Epochs:   5 | Domain: p | loss: 1.5489 | Acc: 44.31%
2024-03-17 19:08 after_fed Round:   1 | Epochs:   5 | Domain: a | loss: 1.9797 | Acc: 23.41%
2024-03-17 19:08 after_fed Round:   1 | Epochs:   5 | Domain: s | loss: 1.1601 | Acc: 53.69%
2024-03-17 19:08 Model saved! Best Val Acc: 146.45%
2024-03-17 19:08 test_domain Round:   1 | Epochs:   5 | Domain: c | loss: 2.2417 | Acc: 26.49%
2024-03-17 19:09 before_fed Round:   2 | Epochs:  10 | Domain: p | loss: 1.0763 | Acc: 61.68%
2024-03-17 19:10 before_fed Round:   2 | Epochs:  10 | Domain: a | loss: 1.5948 | Acc: 42.44%
2024-03-17 19:12 before_fed Round:   2 | Epochs:  10 | Domain: s | loss: 0.9307 | Acc: 65.90%
2024-03-17 19:12 after_fed Round:   2 | Epochs:  10 | Domain: p | loss: 1.4624 | Acc: 50.90%
2024-03-17 19:13 after_fed Round:   2 | Epochs:  10 | Domain: a | loss: 1.9687 | Acc: 24.39%
2024-03-17 19:13 after_fed Round:   2 | Epochs:  10 | Domain: s | loss: 1.0393 | Acc: 58.78%
2024-03-17 19:13 Model saved! Best Val Acc: 138.06%
2024-03-17 19:13 test_domain Round:   2 | Epochs:  10 | Domain: c | loss: 2.4928 | Acc: 29.95%
2024-03-17 19:14 before_fed Round:   3 | Epochs:  15 | Domain: p | loss: 1.0497 | Acc: 64.07%
2024-03-17 19:15 before_fed Round:   3 | Epochs:  15 | Domain: a | loss: 1.6084 | Acc: 40.49%
2024-03-17 19:17 before_fed Round:   3 | Epochs:  15 | Domain: s | loss: 0.8146 | Acc: 71.50%
2024-03-17 19:17 after_fed Round:   3 | Epochs:  15 | Domain: p | loss: 1.3834 | Acc: 52.69%
2024-03-17 19:17 after_fed Round:   3 | Epochs:  15 | Domain: a | loss: 1.9356 | Acc: 25.37%
2024-03-17 19:17 after_fed Round:   3 | Epochs:  15 | Domain: s | loss: 0.9550 | Acc: 64.38%
2024-03-17 19:17 Model saved! Best Val Acc: 131.12%
2024-03-17 19:17 test_domain Round:   3 | Epochs:  15 | Domain: c | loss: 2.6245 | Acc: 29.99%
2024-03-17 19:18 before_fed Round:   4 | Epochs:  20 | Domain: p | loss: 0.9982 | Acc: 65.87%
2024-03-17 19:19 before_fed Round:   4 | Epochs:  20 | Domain: a | loss: 1.6281 | Acc: 42.44%
2024-03-17 19:22 before_fed Round:   4 | Epochs:  20 | Domain: s | loss: 0.7942 | Acc: 71.50%
2024-03-17 19:22 after_fed Round:   4 | Epochs:  20 | Domain: p | loss: 1.4268 | Acc: 56.89%
2024-03-17 19:22 after_fed Round:   4 | Epochs:  20 | Domain: a | loss: 2.1022 | Acc: 30.24%
2024-03-17 19:22 after_fed Round:   4 | Epochs:  20 | Domain: s | loss: 0.9211 | Acc: 64.89%
2024-03-17 19:22 test_domain Round:   4 | Epochs:  20 | Domain: c | loss: 2.7765 | Acc: 29.35%
2024-03-17 19:23 before_fed Round:   5 | Epochs:  25 | Domain: p | loss: 0.9835 | Acc: 66.47%
2024-03-17 19:24 before_fed Round:   5 | Epochs:  25 | Domain: a | loss: 1.6604 | Acc: 44.39%
2024-03-17 19:26 before_fed Round:   5 | Epochs:  25 | Domain: s | loss: 0.7320 | Acc: 75.06%
2024-03-17 19:26 after_fed Round:   5 | Epochs:  25 | Domain: p | loss: 1.4073 | Acc: 58.68%
2024-03-17 19:26 after_fed Round:   5 | Epochs:  25 | Domain: a | loss: 2.0860 | Acc: 31.71%
2024-03-17 19:26 after_fed Round:   5 | Epochs:  25 | Domain: s | loss: 0.9192 | Acc: 64.63%
2024-03-17 19:26 test_domain Round:   5 | Epochs:  25 | Domain: c | loss: 2.7576 | Acc: 31.74%
2024-03-17 19:27 before_fed Round:   6 | Epochs:  30 | Domain: p | loss: 0.9857 | Acc: 64.67%
2024-03-17 19:29 before_fed Round:   6 | Epochs:  30 | Domain: a | loss: 1.6526 | Acc: 43.90%
2024-03-17 19:31 before_fed Round:   6 | Epochs:  30 | Domain: s | loss: 0.7153 | Acc: 77.10%
2024-03-17 19:31 after_fed Round:   6 | Epochs:  30 | Domain: p | loss: 1.4256 | Acc: 58.08%
2024-03-17 19:31 after_fed Round:   6 | Epochs:  30 | Domain: a | loss: 2.1795 | Acc: 30.73%
2024-03-17 19:31 after_fed Round:   6 | Epochs:  30 | Domain: s | loss: 0.8728 | Acc: 70.23%
2024-03-17 19:31 test_domain Round:   6 | Epochs:  30 | Domain: c | loss: 2.8617 | Acc: 31.70%
2024-03-17 19:32 before_fed Round:   7 | Epochs:  35 | Domain: p | loss: 0.9732 | Acc: 67.07%
2024-03-17 19:33 before_fed Round:   7 | Epochs:  35 | Domain: a | loss: 1.6482 | Acc: 44.39%
2024-03-17 19:35 before_fed Round:   7 | Epochs:  35 | Domain: s | loss: 0.7276 | Acc: 77.61%
2024-03-17 19:35 after_fed Round:   7 | Epochs:  35 | Domain: p | loss: 1.4067 | Acc: 59.28%
2024-03-17 19:35 after_fed Round:   7 | Epochs:  35 | Domain: a | loss: 2.1858 | Acc: 32.20%
2024-03-17 19:35 after_fed Round:   7 | Epochs:  35 | Domain: s | loss: 0.8821 | Acc: 69.47%
2024-03-17 19:35 test_domain Round:   7 | Epochs:  35 | Domain: c | loss: 2.8697 | Acc: 32.68%
2024-03-17 19:36 before_fed Round:   8 | Epochs:  40 | Domain: p | loss: 0.9588 | Acc: 68.26%
2024-03-17 19:38 before_fed Round:   8 | Epochs:  40 | Domain: a | loss: 1.6231 | Acc: 42.93%
2024-03-17 19:40 before_fed Round:   8 | Epochs:  40 | Domain: s | loss: 0.7656 | Acc: 76.34%
2024-03-17 19:40 after_fed Round:   8 | Epochs:  40 | Domain: p | loss: 1.4405 | Acc: 57.49%
2024-03-17 19:40 after_fed Round:   8 | Epochs:  40 | Domain: a | loss: 2.1636 | Acc: 32.68%
2024-03-17 19:40 after_fed Round:   8 | Epochs:  40 | Domain: s | loss: 1.0520 | Acc: 65.90%
2024-03-17 19:40 test_domain Round:   8 | Epochs:  40 | Domain: c | loss: 2.9435 | Acc: 34.17%
2024-03-17 19:41 before_fed Round:   9 | Epochs:  45 | Domain: p | loss: 0.9298 | Acc: 70.66%
2024-03-17 19:42 before_fed Round:   9 | Epochs:  45 | Domain: a | loss: 1.6669 | Acc: 46.34%
2024-03-17 19:44 before_fed Round:   9 | Epochs:  45 | Domain: s | loss: 0.7714 | Acc: 78.12%
2024-03-17 19:44 after_fed Round:   9 | Epochs:  45 | Domain: p | loss: 1.3707 | Acc: 62.28%
2024-03-17 19:44 after_fed Round:   9 | Epochs:  45 | Domain: a | loss: 2.1283 | Acc: 36.10%
2024-03-17 19:44 after_fed Round:   9 | Epochs:  45 | Domain: s | loss: 1.0593 | Acc: 67.18%
2024-03-17 19:44 test_domain Round:   9 | Epochs:  45 | Domain: c | loss: 2.7987 | Acc: 35.03%
2024-03-17 19:45 before_fed Round:  10 | Epochs:  50 | Domain: p | loss: 0.9350 | Acc: 71.86%
2024-03-17 19:47 before_fed Round:  10 | Epochs:  50 | Domain: a | loss: 1.6833 | Acc: 45.37%
2024-03-17 19:49 before_fed Round:  10 | Epochs:  50 | Domain: s | loss: 0.8069 | Acc: 75.57%
2024-03-17 19:49 after_fed Round:  10 | Epochs:  50 | Domain: p | loss: 1.3943 | Acc: 62.28%
2024-03-17 19:49 after_fed Round:  10 | Epochs:  50 | Domain: a | loss: 2.3203 | Acc: 32.68%
2024-03-17 19:49 after_fed Round:  10 | Epochs:  50 | Domain: s | loss: 0.9401 | Acc: 71.50%
2024-03-17 19:49 test_domain Round:  10 | Epochs:  50 | Domain: c | loss: 3.0231 | Acc: 31.44%