2024-04-22 15:51 comment: scaffold, mobilenetv1 pretrained, pacs on c
2024-04-22 15:52 before_fed Round:   0 | Epochs:   0 | Domain: p | loss: 2.9846 | Acc: 58.68%
2024-04-22 15:52 before_fed Round:   0 | Epochs:   0 | Domain: a | loss: 2.9638 | Acc: 50.73%
2024-04-22 15:53 before_fed Round:   0 | Epochs:   0 | Domain: s | loss: 0.9934 | Acc: 69.47%
2024-04-22 15:53 after_fed Round:   0 | Epochs:   0 | Domain: p | loss: 3.9954 | Acc: 15.57%
2024-04-22 15:53 after_fed Round:   0 | Epochs:   0 | Domain: a | loss: 5.6621 | Acc: 5.85%
2024-04-22 15:53 after_fed Round:   0 | Epochs:   0 | Domain: s | loss: 7.2601 | Acc: 0.00%
2024-04-22 15:53 Model saved! Best Val Acc: 4.97%
2024-04-22 15:53 test_domain Round:   0 | Epochs:   0 | Domain: c | loss: 5.6154 | Acc: 10.67%
2024-04-22 15:53 before_fed Round:   1 | Epochs:   5 | Domain: p | loss: 0.3351 | Acc: 89.82%
2024-04-22 15:53 before_fed Round:   1 | Epochs:   5 | Domain: a | loss: 0.9251 | Acc: 71.71%
2024-04-22 15:54 before_fed Round:   1 | Epochs:   5 | Domain: s | loss: 0.6806 | Acc: 77.86%
2024-04-22 15:54 after_fed Round:   1 | Epochs:   5 | Domain: p | loss: 1.2723 | Acc: 67.07%
2024-04-22 15:54 after_fed Round:   1 | Epochs:   5 | Domain: a | loss: 2.8603 | Acc: 32.20%
2024-04-22 15:54 after_fed Round:   1 | Epochs:   5 | Domain: s | loss: 4.6498 | Acc: 21.88%
2024-04-22 15:54 Model saved! Best Val Acc: 34.51%
2024-04-22 15:54 test_domain Round:   1 | Epochs:   5 | Domain: c | loss: 2.8201 | Acc: 38.65%
2024-04-22 15:54 before_fed Round:   2 | Epochs:  10 | Domain: p | loss: 0.2872 | Acc: 90.42%
2024-04-22 15:55 before_fed Round:   2 | Epochs:  10 | Domain: a | loss: 0.7964 | Acc: 75.12%
2024-04-22 15:55 before_fed Round:   2 | Epochs:  10 | Domain: s | loss: 0.5647 | Acc: 82.19%
2024-04-22 15:55 after_fed Round:   2 | Epochs:  10 | Domain: p | loss: 0.8880 | Acc: 74.25%
2024-04-22 15:55 after_fed Round:   2 | Epochs:  10 | Domain: a | loss: 2.3277 | Acc: 41.46%
2024-04-22 15:56 after_fed Round:   2 | Epochs:  10 | Domain: s | loss: 3.6476 | Acc: 34.10%
2024-04-22 15:56 Model saved! Best Val Acc: 44.84%
2024-04-22 15:56 test_domain Round:   2 | Epochs:  10 | Domain: c | loss: 2.4623 | Acc: 43.60%
2024-04-22 15:56 before_fed Round:   3 | Epochs:  15 | Domain: p | loss: 0.2556 | Acc: 90.42%
2024-04-22 15:56 before_fed Round:   3 | Epochs:  15 | Domain: a | loss: 0.7401 | Acc: 80.00%
2024-04-22 15:57 before_fed Round:   3 | Epochs:  15 | Domain: s | loss: 0.5150 | Acc: 82.70%
2024-04-22 15:57 after_fed Round:   3 | Epochs:  15 | Domain: p | loss: 0.7489 | Acc: 77.25%
2024-04-22 15:57 after_fed Round:   3 | Epochs:  15 | Domain: a | loss: 2.0495 | Acc: 43.90%
2024-04-22 15:57 after_fed Round:   3 | Epochs:  15 | Domain: s | loss: 3.1037 | Acc: 37.91%
2024-04-22 15:57 Model saved! Best Val Acc: 48.11%
2024-04-22 15:57 test_domain Round:   3 | Epochs:  15 | Domain: c | loss: 2.2482 | Acc: 46.25%
2024-04-22 15:57 before_fed Round:   4 | Epochs:  20 | Domain: p | loss: 0.2142 | Acc: 93.41%
2024-04-22 15:58 before_fed Round:   4 | Epochs:  20 | Domain: a | loss: 0.6703 | Acc: 79.51%
2024-04-22 15:58 before_fed Round:   4 | Epochs:  20 | Domain: s | loss: 0.4586 | Acc: 84.73%
2024-04-22 15:58 after_fed Round:   4 | Epochs:  20 | Domain: p | loss: 0.6745 | Acc: 77.84%
2024-04-22 15:58 after_fed Round:   4 | Epochs:  20 | Domain: a | loss: 1.8808 | Acc: 46.34%
2024-04-22 15:58 after_fed Round:   4 | Epochs:  20 | Domain: s | loss: 2.7559 | Acc: 40.97%
2024-04-22 15:58 Model saved! Best Val Acc: 50.46%
2024-04-22 15:58 test_domain Round:   4 | Epochs:  20 | Domain: c | loss: 1.9734 | Acc: 50.21%
2024-04-22 15:59 before_fed Round:   5 | Epochs:  25 | Domain: p | loss: 0.1951 | Acc: 92.81%
2024-04-22 15:59 before_fed Round:   5 | Epochs:  25 | Domain: a | loss: 0.6099 | Acc: 81.46%
2024-04-22 16:00 before_fed Round:   5 | Epochs:  25 | Domain: s | loss: 0.4414 | Acc: 84.99%
2024-04-22 16:00 after_fed Round:   5 | Epochs:  25 | Domain: p | loss: 0.6140 | Acc: 79.64%
2024-04-22 16:00 after_fed Round:   5 | Epochs:  25 | Domain: a | loss: 1.7090 | Acc: 53.66%
2024-04-22 16:00 after_fed Round:   5 | Epochs:  25 | Domain: s | loss: 2.5694 | Acc: 41.98%
2024-04-22 16:00 Model saved! Best Val Acc: 53.33%
2024-04-22 16:00 test_domain Round:   5 | Epochs:  25 | Domain: c | loss: 1.9398 | Acc: 51.88%
2024-04-22 16:00 before_fed Round:   6 | Epochs:  30 | Domain: p | loss: 0.1658 | Acc: 94.61%
2024-04-22 16:01 before_fed Round:   6 | Epochs:  30 | Domain: a | loss: 0.5739 | Acc: 83.90%
2024-04-22 16:01 before_fed Round:   6 | Epochs:  30 | Domain: s | loss: 0.4289 | Acc: 85.50%
2024-04-22 16:01 after_fed Round:   6 | Epochs:  30 | Domain: p | loss: 0.5635 | Acc: 82.04%
2024-04-22 16:01 after_fed Round:   6 | Epochs:  30 | Domain: a | loss: 1.5984 | Acc: 52.20%
2024-04-22 16:01 after_fed Round:   6 | Epochs:  30 | Domain: s | loss: 2.5565 | Acc: 42.24%
2024-04-22 16:01 Model saved! Best Val Acc: 53.60%
2024-04-22 16:01 test_domain Round:   6 | Epochs:  30 | Domain: c | loss: 1.9304 | Acc: 51.79%
2024-04-22 16:02 before_fed Round:   7 | Epochs:  35 | Domain: p | loss: 0.1434 | Acc: 95.21%
2024-04-22 16:02 before_fed Round:   7 | Epochs:  35 | Domain: a | loss: 0.5670 | Acc: 84.39%
2024-04-22 16:03 before_fed Round:   7 | Epochs:  35 | Domain: s | loss: 0.3969 | Acc: 86.51%
2024-04-22 16:03 after_fed Round:   7 | Epochs:  35 | Domain: p | loss: 0.5349 | Acc: 82.04%
2024-04-22 16:03 after_fed Round:   7 | Epochs:  35 | Domain: a | loss: 1.5970 | Acc: 54.15%
2024-04-22 16:03 after_fed Round:   7 | Epochs:  35 | Domain: s | loss: 2.2223 | Acc: 44.27%
2024-04-22 16:03 Model saved! Best Val Acc: 55.17%
2024-04-22 16:03 test_domain Round:   7 | Epochs:  35 | Domain: c | loss: 1.7894 | Acc: 54.52%
2024-04-22 16:03 before_fed Round:   8 | Epochs:  40 | Domain: p | loss: 0.1357 | Acc: 94.61%
2024-04-22 16:04 before_fed Round:   8 | Epochs:  40 | Domain: a | loss: 0.5098 | Acc: 85.85%
2024-04-22 16:04 before_fed Round:   8 | Epochs:  40 | Domain: s | loss: 0.4042 | Acc: 87.02%
2024-04-22 16:04 after_fed Round:   8 | Epochs:  40 | Domain: p | loss: 0.5006 | Acc: 82.63%
2024-04-22 16:04 after_fed Round:   8 | Epochs:  40 | Domain: a | loss: 1.5080 | Acc: 56.10%
2024-04-22 16:04 after_fed Round:   8 | Epochs:  40 | Domain: s | loss: 2.1376 | Acc: 44.78%
2024-04-22 16:04 Model saved! Best Val Acc: 56.08%
2024-04-22 16:04 test_domain Round:   8 | Epochs:  40 | Domain: c | loss: 1.7476 | Acc: 55.46%
2024-04-22 16:05 before_fed Round:   9 | Epochs:  45 | Domain: p | loss: 0.1285 | Acc: 95.21%
2024-04-22 16:05 before_fed Round:   9 | Epochs:  45 | Domain: a | loss: 0.4994 | Acc: 86.34%
2024-04-22 16:06 before_fed Round:   9 | Epochs:  45 | Domain: s | loss: 0.3711 | Acc: 87.02%
2024-04-22 16:06 after_fed Round:   9 | Epochs:  45 | Domain: p | loss: 0.4874 | Acc: 84.43%
2024-04-22 16:06 after_fed Round:   9 | Epochs:  45 | Domain: a | loss: 1.4957 | Acc: 56.59%
2024-04-22 16:06 after_fed Round:   9 | Epochs:  45 | Domain: s | loss: 1.9360 | Acc: 47.84%
2024-04-22 16:06 Model saved! Best Val Acc: 58.17%
2024-04-22 16:06 test_domain Round:   9 | Epochs:  45 | Domain: c | loss: 1.7033 | Acc: 56.70%
2024-04-22 16:06 before_fed Round:  10 | Epochs:  50 | Domain: p | loss: 0.1504 | Acc: 94.01%
2024-04-22 16:07 before_fed Round:  10 | Epochs:  50 | Domain: a | loss: 0.6676 | Acc: 80.00%
2024-04-22 16:07 before_fed Round:  10 | Epochs:  50 | Domain: s | loss: 0.3739 | Acc: 88.04%
2024-04-22 16:07 after_fed Round:  10 | Epochs:  50 | Domain: p | loss: 0.4642 | Acc: 83.23%
2024-04-22 16:07 after_fed Round:  10 | Epochs:  50 | Domain: a | loss: 1.4514 | Acc: 58.05%
2024-04-22 16:07 after_fed Round:  10 | Epochs:  50 | Domain: s | loss: 1.8526 | Acc: 49.87%
2024-04-22 16:07 Model saved! Best Val Acc: 59.35%
2024-04-22 16:07 test_domain Round:  10 | Epochs:  50 | Domain: c | loss: 1.7073 | Acc: 56.83%
