2024-03-17 20:48 comment: fed avg, agglomerator(finetunestep fixed), pacs on c
2024-03-17 20:49 before_fed Round:   0 | Epochs:   0 | Domain: p | loss: 1.1165 | Acc: 55.09%
2024-03-17 20:50 before_fed Round:   0 | Epochs:   0 | Domain: a | loss: 1.7090 | Acc: 40.00%
2024-03-17 20:51 before_fed Round:   0 | Epochs:   0 | Domain: s | loss: 1.0286 | Acc: 62.60%
2024-03-17 20:51 after_fed Round:   0 | Epochs:   0 | Domain: p | loss: 2.2362 | Acc: 34.73%
2024-03-17 20:51 after_fed Round:   0 | Epochs:   0 | Domain: a | loss: 2.5757 | Acc: 20.00%
2024-03-17 20:52 after_fed Round:   0 | Epochs:   0 | Domain: s | loss: 1.2281 | Acc: 51.15%
2024-03-17 20:52 Model saved! Best Val Acc: 180.92%
2024-03-17 20:52 test_domain Round:   0 | Epochs:   0 | Domain: c | loss: 2.2223 | Acc: 23.68%
2024-03-17 20:52 before_fed Round:   1 | Epochs:   5 | Domain: p | loss: 0.9909 | Acc: 61.08%
2024-03-17 20:53 before_fed Round:   1 | Epochs:   5 | Domain: a | loss: 1.6474 | Acc: 41.46%
2024-03-17 20:55 before_fed Round:   1 | Epochs:   5 | Domain: s | loss: 0.8824 | Acc: 68.45%
2024-03-17 20:55 after_fed Round:   1 | Epochs:   5 | Domain: p | loss: 2.6657 | Acc: 46.11%
2024-03-17 20:55 after_fed Round:   1 | Epochs:   5 | Domain: a | loss: 3.4013 | Acc: 27.32%
2024-03-17 20:55 after_fed Round:   1 | Epochs:   5 | Domain: s | loss: 1.1645 | Acc: 55.73%
2024-03-17 20:55 test_domain Round:   1 | Epochs:   5 | Domain: c | loss: 2.7798 | Acc: 24.83%
2024-03-17 20:55 before_fed Round:   2 | Epochs:  10 | Domain: p | loss: 0.9364 | Acc: 64.07%
2024-03-17 20:56 before_fed Round:   2 | Epochs:  10 | Domain: a | loss: 1.6015 | Acc: 44.39%
2024-03-17 20:58 before_fed Round:   2 | Epochs:  10 | Domain: s | loss: 0.9647 | Acc: 69.72%
2024-03-17 20:58 after_fed Round:   2 | Epochs:  10 | Domain: p | loss: 2.1689 | Acc: 51.50%
2024-03-17 20:58 after_fed Round:   2 | Epochs:  10 | Domain: a | loss: 2.9823 | Acc: 26.34%
2024-03-17 20:58 after_fed Round:   2 | Epochs:  10 | Domain: s | loss: 1.5680 | Acc: 52.93%
2024-03-17 20:58 test_domain Round:   2 | Epochs:  10 | Domain: c | loss: 2.5544 | Acc: 27.13%
2024-03-17 20:59 before_fed Round:   3 | Epochs:  15 | Domain: p | loss: 0.9377 | Acc: 66.47%
2024-03-17 20:59 before_fed Round:   3 | Epochs:  15 | Domain: a | loss: 1.6429 | Acc: 46.83%
2024-03-17 21:01 before_fed Round:   3 | Epochs:  15 | Domain: s | loss: 0.8451 | Acc: 72.52%
2024-03-17 21:01 after_fed Round:   3 | Epochs:  15 | Domain: p | loss: 2.0136 | Acc: 52.69%
2024-03-17 21:01 after_fed Round:   3 | Epochs:  15 | Domain: a | loss: 2.7531 | Acc: 27.32%
2024-03-17 21:01 after_fed Round:   3 | Epochs:  15 | Domain: s | loss: 1.5595 | Acc: 53.44%
2024-03-17 21:01 test_domain Round:   3 | Epochs:  15 | Domain: c | loss: 2.5470 | Acc: 28.71%
2024-03-17 21:02 before_fed Round:   4 | Epochs:  20 | Domain: p | loss: 0.9419 | Acc: 66.47%
2024-03-17 21:03 before_fed Round:   4 | Epochs:  20 | Domain: a | loss: 1.6510 | Acc: 43.41%
2024-03-17 21:04 before_fed Round:   4 | Epochs:  20 | Domain: s | loss: 0.9457 | Acc: 72.52%
2024-03-17 21:04 after_fed Round:   4 | Epochs:  20 | Domain: p | loss: 1.6781 | Acc: 55.69%
2024-03-17 21:04 after_fed Round:   4 | Epochs:  20 | Domain: a | loss: 2.4050 | Acc: 26.83%
2024-03-17 21:04 after_fed Round:   4 | Epochs:  20 | Domain: s | loss: 1.5268 | Acc: 54.71%
2024-03-17 21:04 Model saved! Best Val Acc: 179.51%
2024-03-17 21:04 test_domain Round:   4 | Epochs:  20 | Domain: c | loss: 2.5737 | Acc: 28.84%
2024-03-17 21:05 before_fed Round:   5 | Epochs:  25 | Domain: p | loss: 0.9142 | Acc: 69.46%
2024-03-17 21:06 before_fed Round:   5 | Epochs:  25 | Domain: a | loss: 1.6869 | Acc: 42.93%
2024-03-17 21:07 before_fed Round:   5 | Epochs:  25 | Domain: s | loss: 0.8711 | Acc: 73.03%
2024-03-17 21:07 after_fed Round:   5 | Epochs:  25 | Domain: p | loss: 1.6579 | Acc: 57.49%
2024-03-17 21:07 after_fed Round:   5 | Epochs:  25 | Domain: a | loss: 2.4009 | Acc: 28.78%
2024-03-17 21:07 after_fed Round:   5 | Epochs:  25 | Domain: s | loss: 1.3093 | Acc: 62.60%
2024-03-17 21:07 Model saved! Best Val Acc: 167.78%
2024-03-17 21:07 test_domain Round:   5 | Epochs:  25 | Domain: c | loss: 2.6737 | Acc: 29.01%
2024-03-17 21:08 before_fed Round:   6 | Epochs:  30 | Domain: p | loss: 0.9255 | Acc: 68.86%
2024-03-17 21:09 before_fed Round:   6 | Epochs:  30 | Domain: a | loss: 1.7088 | Acc: 41.95%
2024-03-17 21:10 before_fed Round:   6 | Epochs:  30 | Domain: s | loss: 0.9308 | Acc: 72.77%
2024-03-17 21:10 after_fed Round:   6 | Epochs:  30 | Domain: p | loss: 1.6394 | Acc: 57.49%
2024-03-17 21:10 after_fed Round:   6 | Epochs:  30 | Domain: a | loss: 2.4004 | Acc: 32.20%
2024-03-17 21:10 after_fed Round:   6 | Epochs:  30 | Domain: s | loss: 1.2964 | Acc: 63.10%
2024-03-17 21:10 Model saved! Best Val Acc: 166.70%
2024-03-17 21:10 test_domain Round:   6 | Epochs:  30 | Domain: c | loss: 2.6689 | Acc: 29.61%
2024-03-17 21:11 before_fed Round:   7 | Epochs:  35 | Domain: p | loss: 0.9576 | Acc: 67.66%
2024-03-17 21:12 before_fed Round:   7 | Epochs:  35 | Domain: a | loss: 1.7012 | Acc: 41.95%
2024-03-17 21:13 before_fed Round:   7 | Epochs:  35 | Domain: s | loss: 1.0192 | Acc: 73.28%
2024-03-17 21:13 after_fed Round:   7 | Epochs:  35 | Domain: p | loss: 1.6325 | Acc: 59.28%
2024-03-17 21:13 after_fed Round:   7 | Epochs:  35 | Domain: a | loss: 2.4471 | Acc: 31.71%
2024-03-17 21:13 after_fed Round:   7 | Epochs:  35 | Domain: s | loss: 1.2280 | Acc: 65.65%
2024-03-17 21:13 Model saved! Best Val Acc: 164.28%
2024-03-17 21:13 test_domain Round:   7 | Epochs:  35 | Domain: c | loss: 2.7421 | Acc: 30.20%
2024-03-17 21:14 before_fed Round:   8 | Epochs:  40 | Domain: p | loss: 0.9616 | Acc: 65.87%
2024-03-17 21:15 before_fed Round:   8 | Epochs:  40 | Domain: a | loss: 1.7262 | Acc: 45.37%
2024-03-17 21:16 before_fed Round:   8 | Epochs:  40 | Domain: s | loss: 1.0446 | Acc: 72.77%
2024-03-17 21:16 after_fed Round:   8 | Epochs:  40 | Domain: p | loss: 1.7249 | Acc: 59.28%
2024-03-17 21:16 after_fed Round:   8 | Epochs:  40 | Domain: a | loss: 2.5597 | Acc: 31.22%
2024-03-17 21:16 after_fed Round:   8 | Epochs:  40 | Domain: s | loss: 1.2452 | Acc: 65.65%
2024-03-17 21:17 test_domain Round:   8 | Epochs:  40 | Domain: c | loss: 2.9179 | Acc: 30.20%
2024-03-17 21:17 before_fed Round:   9 | Epochs:  45 | Domain: p | loss: 0.9684 | Acc: 68.86%
2024-03-17 21:18 before_fed Round:   9 | Epochs:  45 | Domain: a | loss: 1.8399 | Acc: 40.98%
2024-03-17 21:20 before_fed Round:   9 | Epochs:  45 | Domain: s | loss: 0.9472 | Acc: 75.06%
2024-03-17 21:20 after_fed Round:   9 | Epochs:  45 | Domain: p | loss: 1.6750 | Acc: 61.68%
2024-03-17 21:20 after_fed Round:   9 | Epochs:  45 | Domain: a | loss: 2.5541 | Acc: 31.22%
2024-03-17 21:20 after_fed Round:   9 | Epochs:  45 | Domain: s | loss: 1.1712 | Acc: 64.89%
2024-03-17 21:20 test_domain Round:   9 | Epochs:  45 | Domain: c | loss: 2.9197 | Acc: 30.84%
2024-03-17 21:20 before_fed Round:  10 | Epochs:  50 | Domain: p | loss: 1.0157 | Acc: 65.87%
2024-03-17 21:21 before_fed Round:  10 | Epochs:  50 | Domain: a | loss: 1.7956 | Acc: 44.39%
2024-03-17 21:23 before_fed Round:  10 | Epochs:  50 | Domain: s | loss: 1.0850 | Acc: 73.54%
2024-03-17 21:23 after_fed Round:  10 | Epochs:  50 | Domain: p | loss: 1.7807 | Acc: 55.69%
2024-03-17 21:23 after_fed Round:  10 | Epochs:  50 | Domain: a | loss: 2.7008 | Acc: 31.22%
2024-03-17 21:23 after_fed Round:  10 | Epochs:  50 | Domain: s | loss: 1.3076 | Acc: 66.41%
2024-03-17 21:23 test_domain Round:  10 | Epochs:  50 | Domain: c | loss: 3.2292 | Acc: 29.14%