2024-04-15 11:47 comment: fedprox, mobilenetv1 pretrained, vlcs on v
2024-04-15 11:47 before_fed Round:   0 | Epochs:   0 | Domain: l | loss: 2.4708 | Acc: 53.48%
2024-04-15 11:48 before_fed Round:   0 | Epochs:   0 | Domain: c | loss: 4.6763 | Acc: 52.00%
2024-04-15 11:48 before_fed Round:   0 | Epochs:   0 | Domain: s | loss: 1.6329 | Acc: 66.09%
2024-04-15 11:48 after_fed Round:   0 | Epochs:   0 | Domain: l | loss: 3.5136 | Acc: 33.16%
2024-04-15 11:48 after_fed Round:   0 | Epochs:   0 | Domain: c | loss: 4.7051 | Acc: 54.00%
2024-04-15 11:48 after_fed Round:   0 | Epochs:   0 | Domain: s | loss: 4.1182 | Acc: 31.30%
2024-04-15 11:48 Model saved! Best Val Acc: 36.34%
2024-04-15 11:48 test_domain Round:   0 | Epochs:   0 | Domain: v | loss: 5.6776 | Acc: 32.68%
2024-04-15 11:49 before_fed Round:   1 | Epochs:   5 | Domain: l | loss: 1.7651 | Acc: 59.89%
2024-04-15 11:49 before_fed Round:   1 | Epochs:   5 | Domain: c | loss: 2.3805 | Acc: 71.00%
2024-04-15 11:50 before_fed Round:   1 | Epochs:   5 | Domain: s | loss: 1.1077 | Acc: 72.17%
2024-04-15 11:50 after_fed Round:   1 | Epochs:   5 | Domain: l | loss: 2.0130 | Acc: 58.82%
2024-04-15 11:50 after_fed Round:   1 | Epochs:   5 | Domain: c | loss: 3.3905 | Acc: 70.00%
2024-04-15 11:50 after_fed Round:   1 | Epochs:   5 | Domain: s | loss: 1.7865 | Acc: 54.78%
2024-04-15 11:50 Model saved! Best Val Acc: 59.17%
2024-04-15 11:50 test_domain Round:   1 | Epochs:   5 | Domain: v | loss: 4.0885 | Acc: 48.96%
2024-04-15 11:50 before_fed Round:   2 | Epochs:  10 | Domain: l | loss: 1.6103 | Acc: 58.82%
2024-04-15 11:50 before_fed Round:   2 | Epochs:  10 | Domain: c | loss: 1.8492 | Acc: 76.00%
2024-04-15 11:51 before_fed Round:   2 | Epochs:  10 | Domain: s | loss: 1.0036 | Acc: 73.48%
2024-04-15 11:51 after_fed Round:   2 | Epochs:  10 | Domain: l | loss: 1.8626 | Acc: 56.15%
2024-04-15 11:51 after_fed Round:   2 | Epochs:  10 | Domain: c | loss: 2.8736 | Acc: 71.00%
2024-04-15 11:51 after_fed Round:   2 | Epochs:  10 | Domain: s | loss: 1.1705 | Acc: 67.83%
2024-04-15 11:51 Model saved! Best Val Acc: 64.22%
2024-04-15 11:51 test_domain Round:   2 | Epochs:  10 | Domain: v | loss: 3.5059 | Acc: 51.63%
2024-04-15 11:52 before_fed Round:   3 | Epochs:  15 | Domain: l | loss: 1.5111 | Acc: 63.10%
2024-04-15 11:52 before_fed Round:   3 | Epochs:  15 | Domain: c | loss: 1.6661 | Acc: 76.00%
2024-04-15 11:52 before_fed Round:   3 | Epochs:  15 | Domain: s | loss: 0.9230 | Acc: 76.96%
2024-04-15 11:53 after_fed Round:   3 | Epochs:  15 | Domain: l | loss: 1.7426 | Acc: 59.36%
2024-04-15 11:53 after_fed Round:   3 | Epochs:  15 | Domain: c | loss: 2.5092 | Acc: 73.00%
2024-04-15 11:53 after_fed Round:   3 | Epochs:  15 | Domain: s | loss: 0.9997 | Acc: 71.30%
2024-04-15 11:53 Model saved! Best Val Acc: 67.31%
2024-04-15 11:53 test_domain Round:   3 | Epochs:  15 | Domain: v | loss: 3.2095 | Acc: 53.31%
2024-04-15 11:53 before_fed Round:   4 | Epochs:  20 | Domain: l | loss: 1.4600 | Acc: 62.03%
2024-04-15 11:53 before_fed Round:   4 | Epochs:  20 | Domain: c | loss: 1.4681 | Acc: 79.00%
2024-04-15 11:54 before_fed Round:   4 | Epochs:  20 | Domain: s | loss: 0.8658 | Acc: 76.52%
2024-04-15 11:54 after_fed Round:   4 | Epochs:  20 | Domain: l | loss: 1.6658 | Acc: 59.36%
2024-04-15 11:54 after_fed Round:   4 | Epochs:  20 | Domain: c | loss: 2.2265 | Acc: 73.00%
2024-04-15 11:54 after_fed Round:   4 | Epochs:  20 | Domain: s | loss: 0.9170 | Acc: 75.22%
2024-04-15 11:54 Model saved! Best Val Acc: 69.06%
2024-04-15 11:54 test_domain Round:   4 | Epochs:  20 | Domain: v | loss: 2.9537 | Acc: 54.49%
2024-04-15 11:55 before_fed Round:   5 | Epochs:  25 | Domain: l | loss: 1.3931 | Acc: 60.96%
2024-04-15 11:55 before_fed Round:   5 | Epochs:  25 | Domain: c | loss: 1.2605 | Acc: 80.00%
2024-04-15 11:55 before_fed Round:   5 | Epochs:  25 | Domain: s | loss: 0.8312 | Acc: 76.09%
2024-04-15 11:55 after_fed Round:   5 | Epochs:  25 | Domain: l | loss: 1.5867 | Acc: 59.36%
2024-04-15 11:56 after_fed Round:   5 | Epochs:  25 | Domain: c | loss: 1.9687 | Acc: 74.00%
2024-04-15 11:56 after_fed Round:   5 | Epochs:  25 | Domain: s | loss: 0.8758 | Acc: 76.96%
2024-04-15 11:56 Model saved! Best Val Acc: 70.03%
2024-04-15 11:56 test_domain Round:   5 | Epochs:  25 | Domain: v | loss: 2.7409 | Acc: 55.08%
2024-04-15 11:56 before_fed Round:   6 | Epochs:  30 | Domain: l | loss: 1.3317 | Acc: 63.10%
2024-04-15 11:56 before_fed Round:   6 | Epochs:  30 | Domain: c | loss: 1.1166 | Acc: 81.00%
2024-04-15 11:57 before_fed Round:   6 | Epochs:  30 | Domain: s | loss: 0.7934 | Acc: 76.96%
2024-04-15 11:57 after_fed Round:   6 | Epochs:  30 | Domain: l | loss: 1.5602 | Acc: 59.89%
2024-04-15 11:57 after_fed Round:   6 | Epochs:  30 | Domain: c | loss: 1.7479 | Acc: 76.00%
2024-04-15 11:57 after_fed Round:   6 | Epochs:  30 | Domain: s | loss: 0.8210 | Acc: 76.96%
2024-04-15 11:57 Model saved! Best Val Acc: 70.61%
2024-04-15 11:57 test_domain Round:   6 | Epochs:  30 | Domain: v | loss: 2.5183 | Acc: 55.18%
2024-04-15 11:57 before_fed Round:   7 | Epochs:  35 | Domain: l | loss: 1.3195 | Acc: 63.64%
2024-04-15 11:58 before_fed Round:   7 | Epochs:  35 | Domain: c | loss: 0.9715 | Acc: 81.00%
2024-04-15 11:58 before_fed Round:   7 | Epochs:  35 | Domain: s | loss: 0.7751 | Acc: 77.83%
2024-04-15 11:58 after_fed Round:   7 | Epochs:  35 | Domain: l | loss: 1.5176 | Acc: 60.43%
2024-04-15 11:58 after_fed Round:   7 | Epochs:  35 | Domain: c | loss: 1.5716 | Acc: 77.00%
2024-04-15 11:58 after_fed Round:   7 | Epochs:  35 | Domain: s | loss: 0.8013 | Acc: 78.70%
2024-04-15 11:58 Model saved! Best Val Acc: 71.77%
2024-04-15 11:59 test_domain Round:   7 | Epochs:  35 | Domain: v | loss: 2.3623 | Acc: 55.48%
2024-04-15 11:59 before_fed Round:   8 | Epochs:  40 | Domain: l | loss: 1.2734 | Acc: 62.57%
2024-04-15 11:59 before_fed Round:   8 | Epochs:  40 | Domain: c | loss: 0.7942 | Acc: 81.00%
2024-04-15 12:00 before_fed Round:   8 | Epochs:  40 | Domain: s | loss: 0.7626 | Acc: 78.26%
2024-04-15 12:00 after_fed Round:   8 | Epochs:  40 | Domain: l | loss: 1.4669 | Acc: 60.96%
2024-04-15 12:00 after_fed Round:   8 | Epochs:  40 | Domain: c | loss: 1.3812 | Acc: 78.00%
2024-04-15 12:00 after_fed Round:   8 | Epochs:  40 | Domain: s | loss: 0.7743 | Acc: 78.26%
2024-04-15 12:00 Model saved! Best Val Acc: 71.96%
2024-04-15 12:00 test_domain Round:   8 | Epochs:  40 | Domain: v | loss: 2.2215 | Acc: 55.38%
2024-04-15 12:00 before_fed Round:   9 | Epochs:  45 | Domain: l | loss: 1.2164 | Acc: 64.17%
2024-04-15 12:01 before_fed Round:   9 | Epochs:  45 | Domain: c | loss: 0.6393 | Acc: 82.00%
2024-04-15 12:01 before_fed Round:   9 | Epochs:  45 | Domain: s | loss: 0.7365 | Acc: 78.70%
2024-04-15 12:01 after_fed Round:   9 | Epochs:  45 | Domain: l | loss: 1.4038 | Acc: 61.50%
2024-04-15 12:01 after_fed Round:   9 | Epochs:  45 | Domain: c | loss: 1.2261 | Acc: 78.00%
2024-04-15 12:01 after_fed Round:   9 | Epochs:  45 | Domain: s | loss: 0.7572 | Acc: 77.39%
2024-04-15 12:02 test_domain Round:   9 | Epochs:  45 | Domain: v | loss: 2.0869 | Acc: 56.27%
2024-04-15 12:02 before_fed Round:  10 | Epochs:  50 | Domain: l | loss: 1.3309 | Acc: 59.36%
2024-04-15 12:02 before_fed Round:  10 | Epochs:  50 | Domain: c | loss: 1.0252 | Acc: 80.00%
2024-04-15 12:03 before_fed Round:  10 | Epochs:  50 | Domain: s | loss: 0.7376 | Acc: 78.70%
2024-04-15 12:03 after_fed Round:  10 | Epochs:  50 | Domain: l | loss: 1.4252 | Acc: 59.36%
2024-04-15 12:03 after_fed Round:  10 | Epochs:  50 | Domain: c | loss: 1.2152 | Acc: 78.00%
2024-04-15 12:03 after_fed Round:  10 | Epochs:  50 | Domain: s | loss: 0.7318 | Acc: 77.83%
2024-04-15 12:03 test_domain Round:  10 | Epochs:  50 | Domain: v | loss: 2.0332 | Acc: 55.58%
