2024-04-15 12:41 comment: fedprox, mobilenetv1 pretrained, vlcs on s
2024-04-15 12:42 before_fed Round:   0 | Epochs:   0 | Domain: v | loss: 3.4439 | Acc: 53.81%
2024-04-15 12:43 before_fed Round:   0 | Epochs:   0 | Domain: l | loss: 2.4333 | Acc: 56.15%
2024-04-15 12:43 before_fed Round:   0 | Epochs:   0 | Domain: c | loss: 4.5971 | Acc: 53.00%
2024-04-15 12:43 after_fed Round:   0 | Epochs:   0 | Domain: v | loss: 5.1721 | Acc: 38.98%
2024-04-15 12:43 after_fed Round:   0 | Epochs:   0 | Domain: l | loss: 3.7468 | Acc: 33.16%
2024-04-15 12:43 after_fed Round:   0 | Epochs:   0 | Domain: c | loss: 4.1979 | Acc: 63.00%
2024-04-15 12:43 Model saved! Best Val Acc: 41.46%
2024-04-15 12:43 test_domain Round:   0 | Epochs:   0 | Domain: s | loss: 5.7765 | Acc: 22.64%
2024-04-15 12:44 before_fed Round:   1 | Epochs:   5 | Domain: v | loss: 2.0320 | Acc: 63.56%
2024-04-15 12:44 before_fed Round:   1 | Epochs:   5 | Domain: l | loss: 1.7875 | Acc: 59.89%
2024-04-15 12:44 before_fed Round:   1 | Epochs:   5 | Domain: c | loss: 2.1487 | Acc: 72.00%
2024-04-15 12:44 after_fed Round:   1 | Epochs:   5 | Domain: v | loss: 3.1277 | Acc: 52.12%
2024-04-15 12:44 after_fed Round:   1 | Epochs:   5 | Domain: l | loss: 2.0409 | Acc: 55.61%
2024-04-15 12:45 after_fed Round:   1 | Epochs:   5 | Domain: c | loss: 2.6876 | Acc: 71.00%
2024-04-15 12:45 Model saved! Best Val Acc: 56.95%
2024-04-15 12:45 test_domain Round:   1 | Epochs:   5 | Domain: s | loss: 3.3273 | Acc: 38.98%
2024-04-15 12:45 before_fed Round:   2 | Epochs:  10 | Domain: v | loss: 1.6601 | Acc: 65.68%
2024-04-15 12:46 before_fed Round:   2 | Epochs:  10 | Domain: l | loss: 1.5299 | Acc: 60.43%
2024-04-15 12:46 before_fed Round:   2 | Epochs:  10 | Domain: c | loss: 1.3679 | Acc: 78.00%
2024-04-15 12:46 after_fed Round:   2 | Epochs:  10 | Domain: v | loss: 2.1455 | Acc: 56.36%
2024-04-15 12:46 after_fed Round:   2 | Epochs:  10 | Domain: l | loss: 1.7395 | Acc: 54.01%
2024-04-15 12:46 after_fed Round:   2 | Epochs:  10 | Domain: c | loss: 1.9242 | Acc: 74.00%
2024-04-15 12:46 Model saved! Best Val Acc: 58.87%
2024-04-15 12:46 test_domain Round:   2 | Epochs:  10 | Domain: s | loss: 2.2092 | Acc: 47.41%
2024-04-15 12:47 before_fed Round:   3 | Epochs:  15 | Domain: v | loss: 1.3226 | Acc: 66.95%
2024-04-15 12:47 before_fed Round:   3 | Epochs:  15 | Domain: l | loss: 1.3699 | Acc: 63.10%
2024-04-15 12:48 before_fed Round:   3 | Epochs:  15 | Domain: c | loss: 0.8321 | Acc: 81.00%
2024-04-15 12:48 after_fed Round:   3 | Epochs:  15 | Domain: v | loss: 1.6282 | Acc: 61.02%
2024-04-15 12:48 after_fed Round:   3 | Epochs:  15 | Domain: l | loss: 1.4883 | Acc: 56.68%
2024-04-15 12:48 after_fed Round:   3 | Epochs:  15 | Domain: c | loss: 1.3014 | Acc: 76.00%
2024-04-15 12:48 Model saved! Best Val Acc: 62.31%
2024-04-15 12:48 test_domain Round:   3 | Epochs:  15 | Domain: s | loss: 1.6837 | Acc: 53.20%
2024-04-15 12:48 before_fed Round:   4 | Epochs:  20 | Domain: v | loss: 1.0736 | Acc: 67.80%
2024-04-15 12:49 before_fed Round:   4 | Epochs:  20 | Domain: l | loss: 1.2614 | Acc: 63.10%
2024-04-15 12:49 before_fed Round:   4 | Epochs:  20 | Domain: c | loss: 0.3851 | Acc: 90.00%
2024-04-15 12:49 after_fed Round:   4 | Epochs:  20 | Domain: v | loss: 1.2773 | Acc: 63.56%
2024-04-15 12:49 after_fed Round:   4 | Epochs:  20 | Domain: l | loss: 1.3563 | Acc: 57.22%
2024-04-15 12:49 after_fed Round:   4 | Epochs:  20 | Domain: c | loss: 0.8275 | Acc: 80.00%
2024-04-15 12:49 Model saved! Best Val Acc: 64.42%
2024-04-15 12:49 test_domain Round:   4 | Epochs:  20 | Domain: s | loss: 1.5069 | Acc: 54.52%
2024-04-15 12:50 before_fed Round:   5 | Epochs:  25 | Domain: v | loss: 0.9908 | Acc: 70.34%
2024-04-15 12:50 before_fed Round:   5 | Epochs:  25 | Domain: l | loss: 1.1848 | Acc: 63.10%
2024-04-15 12:51 before_fed Round:   5 | Epochs:  25 | Domain: c | loss: 0.2417 | Acc: 95.00%
2024-04-15 12:51 after_fed Round:   5 | Epochs:  25 | Domain: v | loss: 1.1316 | Acc: 66.95%
2024-04-15 12:51 after_fed Round:   5 | Epochs:  25 | Domain: l | loss: 1.2824 | Acc: 59.36%
2024-04-15 12:51 after_fed Round:   5 | Epochs:  25 | Domain: c | loss: 0.5435 | Acc: 87.00%
2024-04-15 12:51 Model saved! Best Val Acc: 68.05%
2024-04-15 12:51 test_domain Round:   5 | Epochs:  25 | Domain: s | loss: 1.3922 | Acc: 56.75%
2024-04-15 12:51 before_fed Round:   6 | Epochs:  30 | Domain: v | loss: 0.9038 | Acc: 70.34%
2024-04-15 12:52 before_fed Round:   6 | Epochs:  30 | Domain: l | loss: 1.1360 | Acc: 62.03%
2024-04-15 12:52 before_fed Round:   6 | Epochs:  30 | Domain: c | loss: 0.1849 | Acc: 96.00%
2024-04-15 12:52 after_fed Round:   6 | Epochs:  30 | Domain: v | loss: 1.0187 | Acc: 66.95%
2024-04-15 12:52 after_fed Round:   6 | Epochs:  30 | Domain: l | loss: 1.2434 | Acc: 62.03%
2024-04-15 12:52 after_fed Round:   6 | Epochs:  30 | Domain: c | loss: 0.4459 | Acc: 88.00%
2024-04-15 12:52 Model saved! Best Val Acc: 69.19%
2024-04-15 12:52 test_domain Round:   6 | Epochs:  30 | Domain: s | loss: 1.2951 | Acc: 58.68%
2024-04-15 12:53 before_fed Round:   7 | Epochs:  35 | Domain: v | loss: 0.8860 | Acc: 69.07%
2024-04-15 12:53 before_fed Round:   7 | Epochs:  35 | Domain: l | loss: 1.1128 | Acc: 62.57%
2024-04-15 12:54 before_fed Round:   7 | Epochs:  35 | Domain: c | loss: 0.1555 | Acc: 96.00%
2024-04-15 12:54 after_fed Round:   7 | Epochs:  35 | Domain: v | loss: 0.9587 | Acc: 70.76%
2024-04-15 12:54 after_fed Round:   7 | Epochs:  35 | Domain: l | loss: 1.2115 | Acc: 59.89%
2024-04-15 12:54 after_fed Round:   7 | Epochs:  35 | Domain: c | loss: 0.3817 | Acc: 88.00%
2024-04-15 12:54 Model saved! Best Val Acc: 70.16%
2024-04-15 12:54 test_domain Round:   7 | Epochs:  35 | Domain: s | loss: 1.2473 | Acc: 59.09%
2024-04-15 12:54 before_fed Round:   8 | Epochs:  40 | Domain: v | loss: 0.8338 | Acc: 71.19%
2024-04-15 12:55 before_fed Round:   8 | Epochs:  40 | Domain: l | loss: 1.1065 | Acc: 62.03%
2024-04-15 12:55 before_fed Round:   8 | Epochs:  40 | Domain: c | loss: 0.1454 | Acc: 95.00%
2024-04-15 12:55 after_fed Round:   8 | Epochs:  40 | Domain: v | loss: 0.9075 | Acc: 69.92%
2024-04-15 12:55 after_fed Round:   8 | Epochs:  40 | Domain: l | loss: 1.1577 | Acc: 59.89%
2024-04-15 12:55 after_fed Round:   8 | Epochs:  40 | Domain: c | loss: 0.3087 | Acc: 90.00%
2024-04-15 12:55 test_domain Round:   8 | Epochs:  40 | Domain: s | loss: 1.1766 | Acc: 60.10%
2024-04-15 12:56 before_fed Round:   9 | Epochs:  45 | Domain: v | loss: 0.8217 | Acc: 72.46%
2024-04-15 12:56 before_fed Round:   9 | Epochs:  45 | Domain: l | loss: 1.0749 | Acc: 62.03%
2024-04-15 12:57 before_fed Round:   9 | Epochs:  45 | Domain: c | loss: 0.1353 | Acc: 95.00%
2024-04-15 12:57 after_fed Round:   9 | Epochs:  45 | Domain: v | loss: 0.8770 | Acc: 70.76%
2024-04-15 12:57 after_fed Round:   9 | Epochs:  45 | Domain: l | loss: 1.1458 | Acc: 63.10%
2024-04-15 12:57 after_fed Round:   9 | Epochs:  45 | Domain: c | loss: 0.2668 | Acc: 90.00%
2024-04-15 12:57 Model saved! Best Val Acc: 71.68%
2024-04-15 12:57 test_domain Round:   9 | Epochs:  45 | Domain: s | loss: 1.1396 | Acc: 60.20%
2024-04-15 12:57 before_fed Round:  10 | Epochs:  50 | Domain: v | loss: 0.9014 | Acc: 71.19%
2024-04-15 12:58 before_fed Round:  10 | Epochs:  50 | Domain: l | loss: 1.1613 | Acc: 60.43%
2024-04-15 12:58 before_fed Round:  10 | Epochs:  50 | Domain: c | loss: 0.1962 | Acc: 95.00%
2024-04-15 12:58 after_fed Round:  10 | Epochs:  50 | Domain: v | loss: 0.8882 | Acc: 70.34%
2024-04-15 12:58 after_fed Round:  10 | Epochs:  50 | Domain: l | loss: 1.1550 | Acc: 62.57%
2024-04-15 12:58 after_fed Round:  10 | Epochs:  50 | Domain: c | loss: 0.2633 | Acc: 90.00%
2024-04-15 12:58 test_domain Round:  10 | Epochs:  50 | Domain: s | loss: 1.1392 | Acc: 61.12%
