2024-03-16 06:50 comment: fed avg, ccnet(3heads), pacs on s
2024-03-16 06:50 before_fed Round:   0 | Epochs:   0 | Domain: p | loss: 0.2453 | Acc: 94.01%
2024-03-16 06:51 before_fed Round:   0 | Epochs:   0 | Domain: a | loss: 0.6811 | Acc: 79.02%
2024-03-16 06:51 before_fed Round:   0 | Epochs:   0 | Domain: c | loss: 0.6296 | Acc: 77.02%
2024-03-16 06:51 after_fed Round:   0 | Epochs:   0 | Domain: p | loss: 0.4333 | Acc: 88.62%
2024-03-16 06:51 after_fed Round:   0 | Epochs:   0 | Domain: a | loss: 0.9086 | Acc: 73.17%
2024-03-16 06:51 after_fed Round:   0 | Epochs:   0 | Domain: c | loss: 0.9056 | Acc: 69.79%
2024-03-16 06:51 Model saved! Best Val Acc: 77.65%
2024-03-16 06:52 test_domain Round:   0 | Epochs:   0 | Domain: s | loss: 1.0533 | Acc: 60.65%
2024-03-16 06:52 before_fed Round:   1 | Epochs:   5 | Domain: p | loss: 0.1083 | Acc: 95.81%
2024-03-16 06:53 before_fed Round:   1 | Epochs:   5 | Domain: a | loss: 0.5156 | Acc: 82.44%
2024-03-16 06:53 before_fed Round:   1 | Epochs:   5 | Domain: c | loss: 0.4858 | Acc: 80.43%
2024-03-16 06:53 after_fed Round:   1 | Epochs:   5 | Domain: p | loss: 0.2277 | Acc: 91.62%
2024-03-16 06:53 after_fed Round:   1 | Epochs:   5 | Domain: a | loss: 0.6762 | Acc: 77.56%
2024-03-16 06:53 after_fed Round:   1 | Epochs:   5 | Domain: c | loss: 0.6926 | Acc: 74.04%
2024-03-16 06:53 Model saved! Best Val Acc: 55.90%
2024-03-16 06:53 test_domain Round:   1 | Epochs:   5 | Domain: s | loss: 0.8731 | Acc: 65.31%
2024-03-16 06:54 before_fed Round:   2 | Epochs:  10 | Domain: p | loss: 0.0903 | Acc: 95.81%
2024-03-16 06:54 before_fed Round:   2 | Epochs:  10 | Domain: a | loss: 0.4580 | Acc: 83.90%
2024-03-16 06:55 before_fed Round:   2 | Epochs:  10 | Domain: c | loss: 0.4223 | Acc: 85.53%
2024-03-16 06:55 after_fed Round:   2 | Epochs:  10 | Domain: p | loss: 0.1786 | Acc: 93.41%
2024-03-16 06:55 after_fed Round:   2 | Epochs:  10 | Domain: a | loss: 0.5920 | Acc: 80.00%
2024-03-16 06:55 after_fed Round:   2 | Epochs:  10 | Domain: c | loss: 0.6467 | Acc: 76.17%
2024-03-16 06:55 Model saved! Best Val Acc: 49.93%
2024-03-16 06:55 test_domain Round:   2 | Epochs:  10 | Domain: s | loss: 0.8725 | Acc: 67.17%
2024-03-16 06:56 before_fed Round:   3 | Epochs:  15 | Domain: p | loss: 0.0788 | Acc: 96.41%
2024-03-16 06:56 before_fed Round:   3 | Epochs:  15 | Domain: a | loss: 0.4127 | Acc: 84.39%
2024-03-16 06:57 before_fed Round:   3 | Epochs:  15 | Domain: c | loss: 0.3828 | Acc: 87.66%
2024-03-16 06:57 after_fed Round:   3 | Epochs:  15 | Domain: p | loss: 0.1618 | Acc: 94.01%
2024-03-16 06:57 after_fed Round:   3 | Epochs:  15 | Domain: a | loss: 0.5384 | Acc: 82.93%
2024-03-16 06:57 after_fed Round:   3 | Epochs:  15 | Domain: c | loss: 0.5975 | Acc: 77.45%
2024-03-16 06:57 Model saved! Best Val Acc: 45.75%
2024-03-16 06:57 test_domain Round:   3 | Epochs:  15 | Domain: s | loss: 0.8847 | Acc: 68.67%
2024-03-16 06:57 before_fed Round:   4 | Epochs:  20 | Domain: p | loss: 0.0759 | Acc: 96.41%
2024-03-16 06:58 before_fed Round:   4 | Epochs:  20 | Domain: a | loss: 0.3851 | Acc: 86.83%
2024-03-16 06:59 before_fed Round:   4 | Epochs:  20 | Domain: c | loss: 0.3666 | Acc: 88.09%
2024-03-16 06:59 after_fed Round:   4 | Epochs:  20 | Domain: p | loss: 0.1502 | Acc: 94.61%
2024-03-16 06:59 after_fed Round:   4 | Epochs:  20 | Domain: a | loss: 0.5056 | Acc: 85.37%
2024-03-16 06:59 after_fed Round:   4 | Epochs:  20 | Domain: c | loss: 0.5442 | Acc: 82.13%
2024-03-16 06:59 Model saved! Best Val Acc: 42.26%
2024-03-16 06:59 test_domain Round:   4 | Epochs:  20 | Domain: s | loss: 0.8892 | Acc: 69.51%
2024-03-16 06:59 before_fed Round:   5 | Epochs:  25 | Domain: p | loss: 0.0732 | Acc: 97.01%
2024-03-16 07:00 before_fed Round:   5 | Epochs:  25 | Domain: a | loss: 0.3669 | Acc: 86.83%
2024-03-16 07:00 before_fed Round:   5 | Epochs:  25 | Domain: c | loss: 0.3574 | Acc: 89.79%
2024-03-16 07:00 after_fed Round:   5 | Epochs:  25 | Domain: p | loss: 0.1365 | Acc: 94.61%
2024-03-16 07:01 after_fed Round:   5 | Epochs:  25 | Domain: a | loss: 0.4794 | Acc: 86.34%
2024-03-16 07:01 after_fed Round:   5 | Epochs:  25 | Domain: c | loss: 0.5127 | Acc: 81.70%
2024-03-16 07:01 Model saved! Best Val Acc: 39.78%
2024-03-16 07:01 test_domain Round:   5 | Epochs:  25 | Domain: s | loss: 0.8907 | Acc: 69.92%
2024-03-16 07:01 before_fed Round:   6 | Epochs:  30 | Domain: p | loss: 0.0705 | Acc: 97.01%
2024-03-16 07:02 before_fed Round:   6 | Epochs:  30 | Domain: a | loss: 0.3596 | Acc: 86.83%
2024-03-16 07:02 before_fed Round:   6 | Epochs:  30 | Domain: c | loss: 0.3573 | Acc: 89.36%
2024-03-16 07:02 after_fed Round:   6 | Epochs:  30 | Domain: p | loss: 0.1288 | Acc: 94.61%
2024-03-16 07:02 after_fed Round:   6 | Epochs:  30 | Domain: a | loss: 0.4549 | Acc: 85.85%
2024-03-16 07:02 after_fed Round:   6 | Epochs:  30 | Domain: c | loss: 0.4945 | Acc: 82.98%
2024-03-16 07:02 Model saved! Best Val Acc: 38.04%
2024-03-16 07:02 test_domain Round:   6 | Epochs:  30 | Domain: s | loss: 0.8987 | Acc: 70.55%
2024-03-16 07:03 before_fed Round:   7 | Epochs:  35 | Domain: p | loss: 0.0689 | Acc: 97.01%
2024-03-16 07:03 before_fed Round:   7 | Epochs:  35 | Domain: a | loss: 0.3548 | Acc: 86.83%
2024-03-16 07:04 before_fed Round:   7 | Epochs:  35 | Domain: c | loss: 0.3520 | Acc: 89.79%
2024-03-16 07:04 after_fed Round:   7 | Epochs:  35 | Domain: p | loss: 0.1244 | Acc: 95.21%
2024-03-16 07:04 after_fed Round:   7 | Epochs:  35 | Domain: a | loss: 0.4454 | Acc: 86.34%
2024-03-16 07:04 after_fed Round:   7 | Epochs:  35 | Domain: c | loss: 0.4790 | Acc: 82.98%
2024-03-16 07:04 Model saved! Best Val Acc: 37.00%
2024-03-16 07:04 test_domain Round:   7 | Epochs:  35 | Domain: s | loss: 0.9214 | Acc: 70.65%
2024-03-16 07:05 before_fed Round:   8 | Epochs:  40 | Domain: p | loss: 0.0723 | Acc: 97.01%
2024-03-16 07:05 before_fed Round:   8 | Epochs:  40 | Domain: a | loss: 0.3643 | Acc: 87.80%
2024-03-16 07:06 before_fed Round:   8 | Epochs:  40 | Domain: c | loss: 0.3489 | Acc: 91.06%
2024-03-16 07:06 after_fed Round:   8 | Epochs:  40 | Domain: p | loss: 0.1224 | Acc: 94.61%
2024-03-16 07:06 after_fed Round:   8 | Epochs:  40 | Domain: a | loss: 0.4446 | Acc: 87.32%
2024-03-16 07:06 after_fed Round:   8 | Epochs:  40 | Domain: c | loss: 0.4632 | Acc: 84.68%
2024-03-16 07:06 Model saved! Best Val Acc: 36.30%
2024-03-16 07:06 test_domain Round:   8 | Epochs:  40 | Domain: s | loss: 0.9385 | Acc: 70.78%
2024-03-16 07:07 before_fed Round:   9 | Epochs:  45 | Domain: p | loss: 0.0774 | Acc: 97.01%
2024-03-16 07:07 before_fed Round:   9 | Epochs:  45 | Domain: a | loss: 0.3631 | Acc: 86.83%
2024-03-16 07:08 before_fed Round:   9 | Epochs:  45 | Domain: c | loss: 0.3552 | Acc: 91.06%
2024-03-16 07:08 after_fed Round:   9 | Epochs:  45 | Domain: p | loss: 0.1247 | Acc: 95.21%
2024-03-16 07:08 after_fed Round:   9 | Epochs:  45 | Domain: a | loss: 0.4419 | Acc: 88.29%
2024-03-16 07:08 after_fed Round:   9 | Epochs:  45 | Domain: c | loss: 0.4613 | Acc: 84.26%
2024-03-16 07:08 Model saved! Best Val Acc: 36.20%
2024-03-16 07:08 test_domain Round:   9 | Epochs:  45 | Domain: s | loss: 0.9671 | Acc: 70.63%
2024-03-16 07:08 before_fed Round:  10 | Epochs:  50 | Domain: p | loss: 0.0757 | Acc: 97.01%
2024-03-16 07:09 before_fed Round:  10 | Epochs:  50 | Domain: a | loss: 0.3740 | Acc: 86.83%
2024-03-16 07:10 before_fed Round:  10 | Epochs:  50 | Domain: c | loss: 0.3549 | Acc: 91.49%
2024-03-16 07:10 after_fed Round:  10 | Epochs:  50 | Domain: p | loss: 0.1278 | Acc: 95.21%
2024-03-16 07:10 after_fed Round:  10 | Epochs:  50 | Domain: a | loss: 0.4397 | Acc: 88.29%
2024-03-16 07:10 after_fed Round:  10 | Epochs:  50 | Domain: c | loss: 0.4604 | Acc: 85.53%
2024-03-16 07:10 Model saved! Best Val Acc: 36.18%
2024-03-16 07:10 test_domain Round:  10 | Epochs:  50 | Domain: s | loss: 0.9954 | Acc: 70.48%