2024-04-22 15:35 comment: scaffold, mobilenetv1 pretrained, pacs on a
2024-04-22 15:35 before_fed Round:   0 | Epochs:   0 | Domain: p | loss: 2.8660 | Acc: 60.48%
2024-04-22 15:36 before_fed Round:   0 | Epochs:   0 | Domain: c | loss: 2.2533 | Acc: 55.74%
2024-04-22 15:36 before_fed Round:   0 | Epochs:   0 | Domain: s | loss: 0.9701 | Acc: 68.70%
2024-04-22 15:36 after_fed Round:   0 | Epochs:   0 | Domain: p | loss: 4.3383 | Acc: 8.98%
2024-04-22 15:36 after_fed Round:   0 | Epochs:   0 | Domain: c | loss: 3.6488 | Acc: 27.66%
2024-04-22 15:36 after_fed Round:   0 | Epochs:   0 | Domain: s | loss: 5.7329 | Acc: 1.02%
2024-04-22 15:36 Model saved! Best Val Acc: 10.55%
2024-04-22 15:36 test_domain Round:   0 | Epochs:   0 | Domain: a | loss: 6.5686 | Acc: 4.59%
2024-04-22 15:37 before_fed Round:   1 | Epochs:   5 | Domain: p | loss: 0.3410 | Acc: 90.42%
2024-04-22 15:37 before_fed Round:   1 | Epochs:   5 | Domain: c | loss: 0.8495 | Acc: 76.60%
2024-04-22 15:38 before_fed Round:   1 | Epochs:   5 | Domain: s | loss: 0.6493 | Acc: 77.10%
2024-04-22 15:38 after_fed Round:   1 | Epochs:   5 | Domain: p | loss: 1.8383 | Acc: 53.29%
2024-04-22 15:38 after_fed Round:   1 | Epochs:   5 | Domain: c | loss: 1.6151 | Acc: 59.15%
2024-04-22 15:38 after_fed Round:   1 | Epochs:   5 | Domain: s | loss: 2.6852 | Acc: 40.46%
2024-04-22 15:38 Model saved! Best Val Acc: 48.67%
2024-04-22 15:38 test_domain Round:   1 | Epochs:   5 | Domain: a | loss: 4.1487 | Acc: 20.31%
2024-04-22 15:38 before_fed Round:   2 | Epochs:  10 | Domain: p | loss: 0.3211 | Acc: 86.83%
2024-04-22 15:39 before_fed Round:   2 | Epochs:  10 | Domain: c | loss: 0.7494 | Acc: 79.15%
2024-04-22 15:39 before_fed Round:   2 | Epochs:  10 | Domain: s | loss: 0.5390 | Acc: 82.19%
2024-04-22 15:39 after_fed Round:   2 | Epochs:  10 | Domain: p | loss: 1.4386 | Acc: 64.07%
2024-04-22 15:39 after_fed Round:   2 | Epochs:  10 | Domain: c | loss: 1.3214 | Acc: 63.83%
2024-04-22 15:39 after_fed Round:   2 | Epochs:  10 | Domain: s | loss: 2.1466 | Acc: 45.04%
2024-04-22 15:39 Model saved! Best Val Acc: 54.59%
2024-04-22 15:39 test_domain Round:   2 | Epochs:  10 | Domain: a | loss: 3.6500 | Acc: 25.20%
2024-04-22 15:40 before_fed Round:   3 | Epochs:  15 | Domain: p | loss: 0.3050 | Acc: 88.62%
2024-04-22 15:40 before_fed Round:   3 | Epochs:  15 | Domain: c | loss: 0.6359 | Acc: 81.28%
2024-04-22 15:41 before_fed Round:   3 | Epochs:  15 | Domain: s | loss: 0.5009 | Acc: 83.72%
2024-04-22 15:41 after_fed Round:   3 | Epochs:  15 | Domain: p | loss: 1.2193 | Acc: 67.07%
2024-04-22 15:41 after_fed Round:   3 | Epochs:  15 | Domain: c | loss: 1.1222 | Acc: 67.66%
2024-04-22 15:41 after_fed Round:   3 | Epochs:  15 | Domain: s | loss: 1.6986 | Acc: 50.38%
2024-04-22 15:41 Model saved! Best Val Acc: 58.99%
2024-04-22 15:41 test_domain Round:   3 | Epochs:  15 | Domain: a | loss: 3.3656 | Acc: 29.44%
2024-04-22 15:41 before_fed Round:   4 | Epochs:  20 | Domain: p | loss: 0.2904 | Acc: 87.43%
2024-04-22 15:41 before_fed Round:   4 | Epochs:  20 | Domain: c | loss: 0.6072 | Acc: 82.98%
2024-04-22 15:42 before_fed Round:   4 | Epochs:  20 | Domain: s | loss: 0.4527 | Acc: 83.97%
2024-04-22 15:42 after_fed Round:   4 | Epochs:  20 | Domain: p | loss: 1.0752 | Acc: 68.86%
2024-04-22 15:42 after_fed Round:   4 | Epochs:  20 | Domain: c | loss: 1.0355 | Acc: 71.06%
2024-04-22 15:42 after_fed Round:   4 | Epochs:  20 | Domain: s | loss: 1.3083 | Acc: 59.29%
2024-04-22 15:42 Model saved! Best Val Acc: 64.78%
2024-04-22 15:42 test_domain Round:   4 | Epochs:  20 | Domain: a | loss: 3.2012 | Acc: 32.28%
2024-04-22 15:42 before_fed Round:   5 | Epochs:  25 | Domain: p | loss: 0.2481 | Acc: 91.02%
2024-04-22 15:43 before_fed Round:   5 | Epochs:  25 | Domain: c | loss: 0.5432 | Acc: 84.26%
2024-04-22 15:43 before_fed Round:   5 | Epochs:  25 | Domain: s | loss: 0.4201 | Acc: 86.77%
2024-04-22 15:43 after_fed Round:   5 | Epochs:  25 | Domain: p | loss: 0.9627 | Acc: 70.06%
2024-04-22 15:43 after_fed Round:   5 | Epochs:  25 | Domain: c | loss: 0.9614 | Acc: 71.91%
2024-04-22 15:43 after_fed Round:   5 | Epochs:  25 | Domain: s | loss: 1.1591 | Acc: 61.83%
2024-04-22 15:43 Model saved! Best Val Acc: 66.54%
2024-04-22 15:44 test_domain Round:   5 | Epochs:  25 | Domain: a | loss: 3.0028 | Acc: 33.64%
2024-04-22 15:44 before_fed Round:   6 | Epochs:  30 | Domain: p | loss: 0.2135 | Acc: 92.22%
2024-04-22 15:44 before_fed Round:   6 | Epochs:  30 | Domain: c | loss: 0.5257 | Acc: 83.40%
2024-04-22 15:45 before_fed Round:   6 | Epochs:  30 | Domain: s | loss: 0.3957 | Acc: 86.01%
2024-04-22 15:45 after_fed Round:   6 | Epochs:  30 | Domain: p | loss: 0.9323 | Acc: 69.46%
2024-04-22 15:45 after_fed Round:   6 | Epochs:  30 | Domain: c | loss: 0.8946 | Acc: 71.49%
2024-04-22 15:45 after_fed Round:   6 | Epochs:  30 | Domain: s | loss: 1.0079 | Acc: 65.90%
2024-04-22 15:45 Model saved! Best Val Acc: 68.30%
2024-04-22 15:45 test_domain Round:   6 | Epochs:  30 | Domain: a | loss: 2.9461 | Acc: 35.11%
2024-04-22 15:45 before_fed Round:   7 | Epochs:  35 | Domain: p | loss: 0.2044 | Acc: 92.81%
2024-04-22 15:46 before_fed Round:   7 | Epochs:  35 | Domain: c | loss: 0.5222 | Acc: 83.83%
2024-04-22 15:46 before_fed Round:   7 | Epochs:  35 | Domain: s | loss: 0.3776 | Acc: 86.51%
2024-04-22 15:46 after_fed Round:   7 | Epochs:  35 | Domain: p | loss: 0.8590 | Acc: 73.65%
2024-04-22 15:46 after_fed Round:   7 | Epochs:  35 | Domain: c | loss: 0.8723 | Acc: 73.62%
2024-04-22 15:46 after_fed Round:   7 | Epochs:  35 | Domain: s | loss: 1.0558 | Acc: 64.12%
2024-04-22 15:46 Model saved! Best Val Acc: 68.93%
2024-04-22 15:46 test_domain Round:   7 | Epochs:  35 | Domain: a | loss: 2.8496 | Acc: 36.13%
2024-04-22 15:47 before_fed Round:   8 | Epochs:  40 | Domain: p | loss: 0.2014 | Acc: 91.62%
2024-04-22 15:47 before_fed Round:   8 | Epochs:  40 | Domain: c | loss: 0.4692 | Acc: 84.68%
2024-04-22 15:48 before_fed Round:   8 | Epochs:  40 | Domain: s | loss: 0.3587 | Acc: 88.30%
2024-04-22 15:48 after_fed Round:   8 | Epochs:  40 | Domain: p | loss: 0.8601 | Acc: 74.25%
2024-04-22 15:48 after_fed Round:   8 | Epochs:  40 | Domain: c | loss: 0.8187 | Acc: 74.89%
2024-04-22 15:48 after_fed Round:   8 | Epochs:  40 | Domain: s | loss: 0.8913 | Acc: 69.47%
2024-04-22 15:48 Model saved! Best Val Acc: 72.07%
2024-04-22 15:48 test_domain Round:   8 | Epochs:  40 | Domain: a | loss: 2.8648 | Acc: 35.69%
2024-04-22 15:48 before_fed Round:   9 | Epochs:  45 | Domain: p | loss: 0.2022 | Acc: 91.02%
2024-04-22 15:49 before_fed Round:   9 | Epochs:  45 | Domain: c | loss: 0.4710 | Acc: 84.26%
2024-04-22 15:49 before_fed Round:   9 | Epochs:  45 | Domain: s | loss: 0.3605 | Acc: 87.79%
2024-04-22 15:49 after_fed Round:   9 | Epochs:  45 | Domain: p | loss: 0.8129 | Acc: 72.46%
2024-04-22 15:49 after_fed Round:   9 | Epochs:  45 | Domain: c | loss: 0.7899 | Acc: 76.17%
2024-04-22 15:49 after_fed Round:   9 | Epochs:  45 | Domain: s | loss: 0.8809 | Acc: 69.47%
2024-04-22 15:49 test_domain Round:   9 | Epochs:  45 | Domain: a | loss: 2.7661 | Acc: 37.45%
2024-04-22 15:50 before_fed Round:  10 | Epochs:  50 | Domain: p | loss: 0.2418 | Acc: 90.42%
2024-04-22 15:50 before_fed Round:  10 | Epochs:  50 | Domain: c | loss: 0.5568 | Acc: 82.55%
2024-04-22 15:51 before_fed Round:  10 | Epochs:  50 | Domain: s | loss: 0.3674 | Acc: 87.79%
2024-04-22 15:51 after_fed Round:  10 | Epochs:  50 | Domain: p | loss: 0.8280 | Acc: 72.46%
2024-04-22 15:51 after_fed Round:  10 | Epochs:  50 | Domain: c | loss: 0.8031 | Acc: 75.32%
2024-04-22 15:51 after_fed Round:  10 | Epochs:  50 | Domain: s | loss: 0.9529 | Acc: 67.43%
2024-04-22 15:51 test_domain Round:  10 | Epochs:  50 | Domain: a | loss: 2.7942 | Acc: 38.09%
