2024-04-16 16:16 comment: scaffold, ccnet(3heads), vlcs on s
2024-04-16 16:16 before_fed Round:   0 | Epochs:   0 | Domain: v | loss: 0.8491 | Acc: 70.76%
2024-04-16 16:17 before_fed Round:   0 | Epochs:   0 | Domain: l | loss: 1.0083 | Acc: 66.84%
2024-04-16 16:17 before_fed Round:   0 | Epochs:   0 | Domain: c | loss: 0.4194 | Acc: 89.00%
2024-04-16 16:17 after_fed Round:   0 | Epochs:   0 | Domain: v | loss: 1.1656 | Acc: 57.63%
2024-04-16 16:18 after_fed Round:   0 | Epochs:   0 | Domain: l | loss: 0.8663 | Acc: 63.64%
2024-04-16 16:18 after_fed Round:   0 | Epochs:   0 | Domain: c | loss: 0.6147 | Acc: 77.00%
2024-04-16 16:18 Model saved! Best Val Acc: 63.45%
2024-04-16 16:18 test_domain Round:   0 | Epochs:   0 | Domain: s | loss: 1.4695 | Acc: 49.04%
2024-04-16 16:18 before_fed Round:   1 | Epochs:   5 | Domain: v | loss: 0.7020 | Acc: 75.85%
2024-04-16 16:19 before_fed Round:   1 | Epochs:   5 | Domain: l | loss: 0.8236 | Acc: 69.52%
2024-04-16 16:19 before_fed Round:   1 | Epochs:   5 | Domain: c | loss: 0.2089 | Acc: 95.00%
2024-04-16 16:19 after_fed Round:   1 | Epochs:   5 | Domain: v | loss: 0.8569 | Acc: 69.49%
2024-04-16 16:19 after_fed Round:   1 | Epochs:   5 | Domain: l | loss: 0.8080 | Acc: 66.84%
2024-04-16 16:19 after_fed Round:   1 | Epochs:   5 | Domain: c | loss: 0.2884 | Acc: 92.00%
2024-04-16 16:19 Model saved! Best Val Acc: 72.82%
2024-04-16 16:19 test_domain Round:   1 | Epochs:   5 | Domain: s | loss: 1.1814 | Acc: 50.96%
2024-04-16 16:20 before_fed Round:   2 | Epochs:  10 | Domain: v | loss: 0.6354 | Acc: 77.12%
2024-04-16 16:21 before_fed Round:   2 | Epochs:  10 | Domain: l | loss: 0.7599 | Acc: 70.59%
2024-04-16 16:21 before_fed Round:   2 | Epochs:  10 | Domain: c | loss: 0.0825 | Acc: 97.00%
2024-04-16 16:21 after_fed Round:   2 | Epochs:  10 | Domain: v | loss: 0.6810 | Acc: 75.85%
2024-04-16 16:21 after_fed Round:   2 | Epochs:  10 | Domain: l | loss: 0.7885 | Acc: 68.45%
2024-04-16 16:21 after_fed Round:   2 | Epochs:  10 | Domain: c | loss: 0.1573 | Acc: 96.00%
2024-04-16 16:21 Model saved! Best Val Acc: 77.03%
2024-04-16 16:21 test_domain Round:   2 | Epochs:  10 | Domain: s | loss: 0.9427 | Acc: 61.02%
2024-04-16 16:22 before_fed Round:   3 | Epochs:  15 | Domain: v | loss: 0.6139 | Acc: 79.24%
2024-04-16 16:22 before_fed Round:   3 | Epochs:  15 | Domain: l | loss: 0.7596 | Acc: 70.05%
2024-04-16 16:23 before_fed Round:   3 | Epochs:  15 | Domain: c | loss: 0.0499 | Acc: 99.00%
2024-04-16 16:23 after_fed Round:   3 | Epochs:  15 | Domain: v | loss: 0.6341 | Acc: 76.27%
2024-04-16 16:23 after_fed Round:   3 | Epochs:  15 | Domain: l | loss: 0.7965 | Acc: 68.45%
2024-04-16 16:23 after_fed Round:   3 | Epochs:  15 | Domain: c | loss: 0.1056 | Acc: 97.00%
2024-04-16 16:23 Model saved! Best Val Acc: 77.41%
2024-04-16 16:23 test_domain Round:   3 | Epochs:  15 | Domain: s | loss: 0.8962 | Acc: 63.96%
2024-04-16 16:24 before_fed Round:   4 | Epochs:  20 | Domain: v | loss: 0.6087 | Acc: 79.66%
2024-04-16 16:24 before_fed Round:   4 | Epochs:  20 | Domain: l | loss: 0.7599 | Acc: 69.52%
2024-04-16 16:24 before_fed Round:   4 | Epochs:  20 | Domain: c | loss: 0.0406 | Acc: 99.00%
2024-04-16 16:25 after_fed Round:   4 | Epochs:  20 | Domain: v | loss: 0.6163 | Acc: 80.51%
2024-04-16 16:25 after_fed Round:   4 | Epochs:  20 | Domain: l | loss: 0.7968 | Acc: 68.98%
2024-04-16 16:25 after_fed Round:   4 | Epochs:  20 | Domain: c | loss: 0.0802 | Acc: 97.00%
2024-04-16 16:25 Model saved! Best Val Acc: 79.53%
2024-04-16 16:25 test_domain Round:   4 | Epochs:  20 | Domain: s | loss: 0.8822 | Acc: 64.37%
2024-04-16 16:25 before_fed Round:   5 | Epochs:  25 | Domain: v | loss: 0.6074 | Acc: 79.24%
2024-04-16 16:26 before_fed Round:   5 | Epochs:  25 | Domain: l | loss: 0.7486 | Acc: 71.12%
2024-04-16 16:26 before_fed Round:   5 | Epochs:  25 | Domain: c | loss: 0.0364 | Acc: 99.00%
2024-04-16 16:26 after_fed Round:   5 | Epochs:  25 | Domain: v | loss: 0.6090 | Acc: 79.66%
2024-04-16 16:26 after_fed Round:   5 | Epochs:  25 | Domain: l | loss: 0.7872 | Acc: 70.05%
2024-04-16 16:26 after_fed Round:   5 | Epochs:  25 | Domain: c | loss: 0.0649 | Acc: 98.00%
2024-04-16 16:26 Model saved! Best Val Acc: 79.71%
2024-04-16 16:26 test_domain Round:   5 | Epochs:  25 | Domain: s | loss: 0.8815 | Acc: 63.65%
2024-04-16 16:27 before_fed Round:   6 | Epochs:  30 | Domain: v | loss: 0.5984 | Acc: 79.24%
2024-04-16 16:28 before_fed Round:   6 | Epochs:  30 | Domain: l | loss: 0.7503 | Acc: 71.12%
2024-04-16 16:28 before_fed Round:   6 | Epochs:  30 | Domain: c | loss: 0.0321 | Acc: 99.00%
2024-04-16 16:28 after_fed Round:   6 | Epochs:  30 | Domain: v | loss: 0.6045 | Acc: 80.08%
2024-04-16 16:28 after_fed Round:   6 | Epochs:  30 | Domain: l | loss: 0.7877 | Acc: 68.98%
2024-04-16 16:28 after_fed Round:   6 | Epochs:  30 | Domain: c | loss: 0.0542 | Acc: 98.00%
2024-04-16 16:28 test_domain Round:   6 | Epochs:  30 | Domain: s | loss: 0.8847 | Acc: 64.26%
2024-04-16 16:29 before_fed Round:   7 | Epochs:  35 | Domain: v | loss: 0.5924 | Acc: 80.08%
2024-04-16 16:29 before_fed Round:   7 | Epochs:  35 | Domain: l | loss: 0.7512 | Acc: 71.12%
2024-04-16 16:30 before_fed Round:   7 | Epochs:  35 | Domain: c | loss: 0.0284 | Acc: 99.00%
2024-04-16 16:30 after_fed Round:   7 | Epochs:  35 | Domain: v | loss: 0.5994 | Acc: 80.51%
2024-04-16 16:30 after_fed Round:   7 | Epochs:  35 | Domain: l | loss: 0.7967 | Acc: 70.05%
2024-04-16 16:30 after_fed Round:   7 | Epochs:  35 | Domain: c | loss: 0.0460 | Acc: 100.00%
2024-04-16 16:30 Model saved! Best Val Acc: 80.48%
2024-04-16 16:30 test_domain Round:   7 | Epochs:  35 | Domain: s | loss: 0.8780 | Acc: 64.47%
2024-04-16 16:31 before_fed Round:   8 | Epochs:  40 | Domain: v | loss: 0.5955 | Acc: 80.51%
2024-04-16 16:31 before_fed Round:   8 | Epochs:  40 | Domain: l | loss: 0.7564 | Acc: 71.66%
2024-04-16 16:31 before_fed Round:   8 | Epochs:  40 | Domain: c | loss: 0.0254 | Acc: 100.00%
2024-04-16 16:32 after_fed Round:   8 | Epochs:  40 | Domain: v | loss: 0.5994 | Acc: 80.51%
2024-04-16 16:32 after_fed Round:   8 | Epochs:  40 | Domain: l | loss: 0.7979 | Acc: 70.05%
2024-04-16 16:32 after_fed Round:   8 | Epochs:  40 | Domain: c | loss: 0.0403 | Acc: 100.00%
2024-04-16 16:32 Model saved! Best Val Acc: 80.48%
2024-04-16 16:32 test_domain Round:   8 | Epochs:  40 | Domain: s | loss: 0.8832 | Acc: 64.67%
2024-04-16 16:32 before_fed Round:   9 | Epochs:  45 | Domain: v | loss: 0.5920 | Acc: 80.51%
2024-04-16 16:33 before_fed Round:   9 | Epochs:  45 | Domain: l | loss: 0.7584 | Acc: 72.19%
2024-04-16 16:33 before_fed Round:   9 | Epochs:  45 | Domain: c | loss: 0.0235 | Acc: 100.00%
2024-04-16 16:33 after_fed Round:   9 | Epochs:  45 | Domain: v | loss: 0.5963 | Acc: 80.51%
2024-04-16 16:33 after_fed Round:   9 | Epochs:  45 | Domain: l | loss: 0.8042 | Acc: 70.05%
2024-04-16 16:33 after_fed Round:   9 | Epochs:  45 | Domain: c | loss: 0.0357 | Acc: 100.00%
2024-04-16 16:33 Model saved! Best Val Acc: 80.48%
2024-04-16 16:33 test_domain Round:   9 | Epochs:  45 | Domain: s | loss: 0.8770 | Acc: 64.97%
2024-04-16 16:34 before_fed Round:  10 | Epochs:  50 | Domain: v | loss: 0.5909 | Acc: 80.51%
2024-04-16 16:35 before_fed Round:  10 | Epochs:  50 | Domain: l | loss: 0.7613 | Acc: 72.73%
2024-04-16 16:35 before_fed Round:  10 | Epochs:  50 | Domain: c | loss: 0.0214 | Acc: 100.00%
2024-04-16 16:35 after_fed Round:  10 | Epochs:  50 | Domain: v | loss: 0.5948 | Acc: 80.93%
2024-04-16 16:35 after_fed Round:  10 | Epochs:  50 | Domain: l | loss: 0.8069 | Acc: 70.05%
2024-04-16 16:35 after_fed Round:  10 | Epochs:  50 | Domain: c | loss: 0.0322 | Acc: 100.00%
2024-04-16 16:35 Model saved! Best Val Acc: 80.67%
2024-04-16 16:35 test_domain Round:  10 | Epochs:  50 | Domain: s | loss: 0.8782 | Acc: 64.77%
