2024-04-13 14:00 before_fed Round:   0 | Epochs:   0 | Domain: p | loss: 0.2507 | Acc: 92.81%
2024-04-13 14:01 before_fed Round:   0 | Epochs:   0 | Domain: c | loss: 0.4354 | Acc: 89.36%
2024-04-13 14:02 before_fed Round:   0 | Epochs:   0 | Domain: s | loss: 0.4216 | Acc: 87.79%
2024-04-13 14:02 after_fed Round:   0 | Epochs:   0 | Domain: p | loss: 7.5904 | Acc: 11.38%
2024-04-13 14:02 after_fed Round:   0 | Epochs:   0 | Domain: c | loss: 3.2446 | Acc: 25.96%
2024-04-13 14:02 after_fed Round:   0 | Epochs:   0 | Domain: s | loss: 2.4218 | Acc: 35.37%
2024-04-13 14:02 Model saved! Best Val Acc: 27.55%
2024-04-13 14:02 test_domain Round:   0 | Epochs:   0 | Domain: a | loss: 8.7571 | Acc: 14.26%
2024-04-13 14:02 before_fed Round:   1 | Epochs:   5 | Domain: p | loss: 0.4147 | Acc: 88.02%
2024-04-13 14:03 before_fed Round:   1 | Epochs:   5 | Domain: c | loss: 0.4067 | Acc: 89.36%
2024-04-13 14:03 before_fed Round:   1 | Epochs:   5 | Domain: s | loss: 0.4759 | Acc: 88.30%
2024-04-13 14:03 after_fed Round:   1 | Epochs:   5 | Domain: p | loss: 2.2811 | Acc: 28.14%
2024-04-13 14:03 after_fed Round:   1 | Epochs:   5 | Domain: c | loss: 1.5383 | Acc: 50.64%
2024-04-13 14:03 after_fed Round:   1 | Epochs:   5 | Domain: s | loss: 0.8209 | Acc: 73.03%
2024-04-13 14:03 Model saved! Best Val Acc: 56.98%
2024-04-13 14:04 test_domain Round:   1 | Epochs:   5 | Domain: a | loss: 3.4125 | Acc: 15.92%
2024-04-13 14:04 before_fed Round:   2 | Epochs:  10 | Domain: p | loss: 0.3568 | Acc: 87.43%
2024-04-13 14:04 before_fed Round:   2 | Epochs:  10 | Domain: c | loss: 0.5889 | Acc: 86.38%
2024-04-13 14:05 before_fed Round:   2 | Epochs:  10 | Domain: s | loss: 0.5267 | Acc: 90.59%
2024-04-13 14:05 after_fed Round:   2 | Epochs:  10 | Domain: p | loss: 1.4995 | Acc: 58.08%
2024-04-13 14:05 after_fed Round:   2 | Epochs:  10 | Domain: c | loss: 1.6644 | Acc: 49.36%
2024-04-13 14:05 after_fed Round:   2 | Epochs:  10 | Domain: s | loss: 0.5967 | Acc: 81.42%
2024-04-13 14:05 Model saved! Best Val Acc: 67.06%
2024-04-13 14:05 test_domain Round:   2 | Epochs:  10 | Domain: a | loss: 2.8905 | Acc: 25.05%
2024-04-13 14:06 before_fed Round:   3 | Epochs:  15 | Domain: p | loss: 0.3856 | Acc: 86.83%
2024-04-13 14:06 before_fed Round:   3 | Epochs:  15 | Domain: c | loss: 0.6601 | Acc: 85.53%
2024-04-13 14:07 before_fed Round:   3 | Epochs:  15 | Domain: s | loss: 0.7477 | Acc: 86.01%
2024-04-13 14:07 after_fed Round:   3 | Epochs:  15 | Domain: p | loss: 1.1034 | Acc: 64.67%
2024-04-13 14:07 after_fed Round:   3 | Epochs:  15 | Domain: c | loss: 1.3165 | Acc: 61.28%
2024-04-13 14:07 after_fed Round:   3 | Epochs:  15 | Domain: s | loss: 0.5522 | Acc: 83.97%
2024-04-13 14:07 Model saved! Best Val Acc: 73.22%
2024-04-13 14:07 test_domain Round:   3 | Epochs:  15 | Domain: a | loss: 2.1771 | Acc: 37.74%
2024-04-13 14:07 before_fed Round:   4 | Epochs:  20 | Domain: p | loss: 0.4541 | Acc: 88.62%
2024-04-13 14:08 before_fed Round:   4 | Epochs:  20 | Domain: c | loss: 0.6828 | Acc: 87.23%
2024-04-13 14:09 before_fed Round:   4 | Epochs:  20 | Domain: s | loss: 0.7608 | Acc: 90.33%
2024-04-13 14:09 after_fed Round:   4 | Epochs:  20 | Domain: p | loss: 0.9363 | Acc: 70.06%
2024-04-13 14:09 after_fed Round:   4 | Epochs:  20 | Domain: c | loss: 1.3881 | Acc: 66.38%
2024-04-13 14:09 after_fed Round:   4 | Epochs:  20 | Domain: s | loss: 0.5055 | Acc: 86.26%
2024-04-13 14:09 Model saved! Best Val Acc: 76.99%
2024-04-13 14:09 test_domain Round:   4 | Epochs:  20 | Domain: a | loss: 2.0285 | Acc: 44.04%
2024-04-13 14:09 before_fed Round:   5 | Epochs:  25 | Domain: p | loss: 0.5082 | Acc: 86.83%
2024-04-13 14:10 before_fed Round:   5 | Epochs:  25 | Domain: c | loss: 0.7886 | Acc: 84.26%
2024-04-13 14:11 before_fed Round:   5 | Epochs:  25 | Domain: s | loss: 0.5679 | Acc: 90.08%
2024-04-13 14:11 after_fed Round:   5 | Epochs:  25 | Domain: p | loss: 0.7974 | Acc: 73.65%
2024-04-13 14:11 after_fed Round:   5 | Epochs:  25 | Domain: c | loss: 0.9595 | Acc: 73.19%
2024-04-13 14:11 after_fed Round:   5 | Epochs:  25 | Domain: s | loss: 0.3864 | Acc: 89.82%
2024-04-13 14:11 Model saved! Best Val Acc: 81.51%
2024-04-13 14:11 test_domain Round:   5 | Epochs:  25 | Domain: a | loss: 1.9822 | Acc: 39.01%
2024-04-13 14:11 before_fed Round:   6 | Epochs:  30 | Domain: p | loss: 0.4120 | Acc: 88.02%
2024-04-13 14:12 before_fed Round:   6 | Epochs:  30 | Domain: c | loss: 0.9656 | Acc: 84.26%
2024-04-13 14:12 before_fed Round:   6 | Epochs:  30 | Domain: s | loss: 0.4533 | Acc: 92.37%
2024-04-13 14:12 after_fed Round:   6 | Epochs:  30 | Domain: p | loss: 0.6849 | Acc: 80.84%
2024-04-13 14:12 after_fed Round:   6 | Epochs:  30 | Domain: c | loss: 1.0623 | Acc: 73.19%
2024-04-13 14:13 after_fed Round:   6 | Epochs:  30 | Domain: s | loss: 0.4251 | Acc: 89.06%
2024-04-13 14:13 Model saved! Best Val Acc: 82.65%
2024-04-13 14:13 test_domain Round:   6 | Epochs:  30 | Domain: a | loss: 1.6253 | Acc: 48.19%
2024-04-13 14:13 before_fed Round:   7 | Epochs:  35 | Domain: p | loss: 0.4631 | Acc: 90.42%
2024-04-13 14:14 before_fed Round:   7 | Epochs:  35 | Domain: c | loss: 0.8040 | Acc: 81.28%
2024-04-13 14:14 before_fed Round:   7 | Epochs:  35 | Domain: s | loss: 0.4840 | Acc: 92.37%
2024-04-13 14:14 after_fed Round:   7 | Epochs:  35 | Domain: p | loss: 0.8359 | Acc: 75.45%
2024-04-13 14:14 after_fed Round:   7 | Epochs:  35 | Domain: c | loss: 1.0740 | Acc: 75.74%
2024-04-13 14:14 after_fed Round:   7 | Epochs:  35 | Domain: s | loss: 0.4549 | Acc: 88.55%
2024-04-13 14:14 test_domain Round:   7 | Epochs:  35 | Domain: a | loss: 2.1404 | Acc: 39.50%
2024-04-13 14:15 before_fed Round:   8 | Epochs:  40 | Domain: p | loss: 0.8723 | Acc: 88.62%
2024-04-13 14:15 before_fed Round:   8 | Epochs:  40 | Domain: c | loss: 1.0974 | Acc: 81.28%
2024-04-13 14:16 before_fed Round:   8 | Epochs:  40 | Domain: s | loss: 0.5256 | Acc: 91.86%
2024-04-13 14:16 after_fed Round:   8 | Epochs:  40 | Domain: p | loss: 0.8775 | Acc: 80.24%
2024-04-13 14:16 after_fed Round:   8 | Epochs:  40 | Domain: c | loss: 2.0057 | Acc: 74.04%
2024-04-13 14:16 after_fed Round:   8 | Epochs:  40 | Domain: s | loss: 0.5093 | Acc: 91.35%
2024-04-13 14:16 Model saved! Best Val Acc: 83.91%
2024-04-13 14:16 test_domain Round:   8 | Epochs:  40 | Domain: a | loss: 2.1751 | Acc: 54.25%
2024-04-13 14:17 before_fed Round:   9 | Epochs:  45 | Domain: p | loss: 0.6819 | Acc: 88.62%
2024-04-13 14:17 before_fed Round:   9 | Epochs:  45 | Domain: c | loss: 1.0025 | Acc: 83.40%
2024-04-13 14:18 before_fed Round:   9 | Epochs:  45 | Domain: s | loss: 0.5877 | Acc: 90.33%
2024-04-13 14:18 after_fed Round:   9 | Epochs:  45 | Domain: p | loss: 0.8113 | Acc: 83.83%
2024-04-13 14:18 after_fed Round:   9 | Epochs:  45 | Domain: c | loss: 2.2333 | Acc: 74.04%
2024-04-13 14:18 after_fed Round:   9 | Epochs:  45 | Domain: s | loss: 0.5305 | Acc: 91.35%
2024-04-13 14:18 Model saved! Best Val Acc: 84.66%
2024-04-13 14:18 test_domain Round:   9 | Epochs:  45 | Domain: a | loss: 2.1764 | Acc: 55.32%
2024-04-13 14:18 before_fed Round:  10 | Epochs:  50 | Domain: p | loss: 0.7264 | Acc: 87.43%
2024-04-13 14:19 before_fed Round:  10 | Epochs:  50 | Domain: c | loss: 1.2252 | Acc: 80.85%
2024-04-13 14:20 before_fed Round:  10 | Epochs:  50 | Domain: s | loss: 0.4331 | Acc: 91.86%
2024-04-13 14:20 after_fed Round:  10 | Epochs:  50 | Domain: p | loss: 0.8426 | Acc: 82.04%
2024-04-13 14:20 after_fed Round:  10 | Epochs:  50 | Domain: c | loss: 1.7940 | Acc: 77.45%
2024-04-13 14:20 after_fed Round:  10 | Epochs:  50 | Domain: s | loss: 0.4545 | Acc: 91.35%
2024-04-13 14:20 Model saved! Best Val Acc: 85.29%
2024-04-13 14:20 test_domain Round:  10 | Epochs:  50 | Domain: a | loss: 1.9942 | Acc: 57.18%
