2024-04-16 16:40 comment: RSC, ccnet(3heads), vlcs on s
2024-04-16 16:41 before_fed Round:   0 | Epochs:   0 | Domain: v | loss: 2.3554 | Acc: 74.15%
2024-04-16 16:42 before_fed Round:   0 | Epochs:   0 | Domain: l | loss: 2.0443 | Acc: 71.66%
2024-04-16 16:42 before_fed Round:   0 | Epochs:   0 | Domain: c | loss: 0.2580 | Acc: 99.00%
2024-04-16 16:42 after_fed Round:   0 | Epochs:   0 | Domain: v | loss: 2.2842 | Acc: 75.85%
2024-04-16 16:42 after_fed Round:   0 | Epochs:   0 | Domain: l | loss: 4.7969 | Acc: 56.68%
2024-04-16 16:42 after_fed Round:   0 | Epochs:   0 | Domain: c | loss: 0.0233 | Acc: 99.00%
2024-04-16 16:42 Model saved! Best Val Acc: 73.41%
2024-04-16 16:42 test_domain Round:   0 | Epochs:   0 | Domain: s | loss: 2.5428 | Acc: 65.38%
2024-04-16 16:43 before_fed Round:   1 | Epochs:   5 | Domain: v | loss: 3.4360 | Acc: 75.85%
2024-04-16 16:44 before_fed Round:   1 | Epochs:   5 | Domain: l | loss: 2.9696 | Acc: 70.59%
2024-04-16 16:44 before_fed Round:   1 | Epochs:   5 | Domain: c | loss: 0.0267 | Acc: 99.00%
2024-04-16 16:44 after_fed Round:   1 | Epochs:   5 | Domain: v | loss: 2.7597 | Acc: 78.81%
2024-04-16 16:44 after_fed Round:   1 | Epochs:   5 | Domain: l | loss: 5.5370 | Acc: 57.75%
2024-04-16 16:44 after_fed Round:   1 | Epochs:   5 | Domain: c | loss: 0.0001 | Acc: 100.00%
2024-04-16 16:44 Model saved! Best Val Acc: 75.32%
2024-04-16 16:44 test_domain Round:   1 | Epochs:   5 | Domain: s | loss: 3.2080 | Acc: 66.80%
2024-04-16 16:45 before_fed Round:   2 | Epochs:  10 | Domain: v | loss: 3.9955 | Acc: 77.12%
2024-04-16 16:46 before_fed Round:   2 | Epochs:  10 | Domain: l | loss: 3.9074 | Acc: 68.45%
2024-04-16 16:46 before_fed Round:   2 | Epochs:  10 | Domain: c | loss: 0.0001 | Acc: 100.00%
2024-04-16 16:46 after_fed Round:   2 | Epochs:  10 | Domain: v | loss: 3.2676 | Acc: 79.24%
2024-04-16 16:46 after_fed Round:   2 | Epochs:  10 | Domain: l | loss: 6.3176 | Acc: 61.50%
2024-04-16 16:46 after_fed Round:   2 | Epochs:  10 | Domain: c | loss: 0.0000 | Acc: 100.00%
2024-04-16 16:46 Model saved! Best Val Acc: 76.85%
2024-04-16 16:47 test_domain Round:   2 | Epochs:  10 | Domain: s | loss: 4.0603 | Acc: 66.50%
2024-04-16 16:47 before_fed Round:   3 | Epochs:  15 | Domain: v | loss: 3.7980 | Acc: 80.93%
2024-04-16 16:48 before_fed Round:   3 | Epochs:  15 | Domain: l | loss: 5.3045 | Acc: 67.38%
2024-04-16 16:48 before_fed Round:   3 | Epochs:  15 | Domain: c | loss: 0.0000 | Acc: 100.00%
2024-04-16 16:48 after_fed Round:   3 | Epochs:  15 | Domain: v | loss: 3.3578 | Acc: 80.93%
2024-04-16 16:48 after_fed Round:   3 | Epochs:  15 | Domain: l | loss: 7.0781 | Acc: 60.96%
2024-04-16 16:48 after_fed Round:   3 | Epochs:  15 | Domain: c | loss: 0.0000 | Acc: 100.00%
2024-04-16 16:48 Model saved! Best Val Acc: 77.43%
2024-04-16 16:48 test_domain Round:   3 | Epochs:  15 | Domain: s | loss: 4.5555 | Acc: 64.47%
2024-04-16 16:49 before_fed Round:   4 | Epochs:  20 | Domain: v | loss: 4.2856 | Acc: 78.39%
2024-04-16 16:50 before_fed Round:   4 | Epochs:  20 | Domain: l | loss: 5.6928 | Acc: 67.38%
2024-04-16 16:50 before_fed Round:   4 | Epochs:  20 | Domain: c | loss: 0.0000 | Acc: 100.00%
2024-04-16 16:50 after_fed Round:   4 | Epochs:  20 | Domain: v | loss: 3.8005 | Acc: 79.66%
2024-04-16 16:50 after_fed Round:   4 | Epochs:  20 | Domain: l | loss: 8.0790 | Acc: 60.96%
2024-04-16 16:50 after_fed Round:   4 | Epochs:  20 | Domain: c | loss: 0.0000 | Acc: 100.00%
2024-04-16 16:51 test_domain Round:   4 | Epochs:  20 | Domain: s | loss: 5.0251 | Acc: 65.48%
2024-04-16 16:51 before_fed Round:   5 | Epochs:  25 | Domain: v | loss: 4.8147 | Acc: 79.24%
2024-04-16 16:52 before_fed Round:   5 | Epochs:  25 | Domain: l | loss: 6.7876 | Acc: 68.45%
2024-04-16 16:52 before_fed Round:   5 | Epochs:  25 | Domain: c | loss: 0.0000 | Acc: 100.00%
2024-04-16 16:52 after_fed Round:   5 | Epochs:  25 | Domain: v | loss: 4.3595 | Acc: 79.24%
2024-04-16 16:52 after_fed Round:   5 | Epochs:  25 | Domain: l | loss: 8.4303 | Acc: 62.03%
2024-04-16 16:52 after_fed Round:   5 | Epochs:  25 | Domain: c | loss: 0.0024 | Acc: 100.00%
2024-04-16 16:52 test_domain Round:   5 | Epochs:  25 | Domain: s | loss: 5.6089 | Acc: 65.48%
2024-04-16 16:53 before_fed Round:   6 | Epochs:  30 | Domain: v | loss: 5.7130 | Acc: 77.54%
2024-04-16 16:54 before_fed Round:   6 | Epochs:  30 | Domain: l | loss: 7.4633 | Acc: 72.19%
2024-04-16 16:54 before_fed Round:   6 | Epochs:  30 | Domain: c | loss: 0.0000 | Acc: 100.00%
2024-04-16 16:54 after_fed Round:   6 | Epochs:  30 | Domain: v | loss: 5.0781 | Acc: 78.81%
2024-04-16 16:54 after_fed Round:   6 | Epochs:  30 | Domain: l | loss: 9.1215 | Acc: 60.43%
2024-04-16 16:54 after_fed Round:   6 | Epochs:  30 | Domain: c | loss: 0.0000 | Acc: 100.00%
2024-04-16 16:54 test_domain Round:   6 | Epochs:  30 | Domain: s | loss: 6.4685 | Acc: 65.28%
2024-04-16 16:55 before_fed Round:   7 | Epochs:  35 | Domain: v | loss: 5.7459 | Acc: 79.66%
2024-04-16 16:56 before_fed Round:   7 | Epochs:  35 | Domain: l | loss: 7.3143 | Acc: 70.05%
2024-04-16 16:56 before_fed Round:   7 | Epochs:  35 | Domain: c | loss: 0.0000 | Acc: 100.00%
2024-04-16 16:56 after_fed Round:   7 | Epochs:  35 | Domain: v | loss: 5.4492 | Acc: 77.97%
2024-04-16 16:56 after_fed Round:   7 | Epochs:  35 | Domain: l | loss: 9.5580 | Acc: 62.57%
2024-04-16 16:56 after_fed Round:   7 | Epochs:  35 | Domain: c | loss: 0.0000 | Acc: 100.00%
2024-04-16 16:56 test_domain Round:   7 | Epochs:  35 | Domain: s | loss: 6.9828 | Acc: 64.97%
2024-04-16 16:57 before_fed Round:   8 | Epochs:  40 | Domain: v | loss: 5.3087 | Acc: 78.39%
2024-04-16 16:57 before_fed Round:   8 | Epochs:  40 | Domain: l | loss: 8.3720 | Acc: 66.84%
2024-04-16 16:58 before_fed Round:   8 | Epochs:  40 | Domain: c | loss: 0.0000 | Acc: 100.00%
2024-04-16 16:58 after_fed Round:   8 | Epochs:  40 | Domain: v | loss: 5.4139 | Acc: 78.81%
2024-04-16 16:58 after_fed Round:   8 | Epochs:  40 | Domain: l | loss: 7.8314 | Acc: 66.31%
2024-04-16 16:58 after_fed Round:   8 | Epochs:  40 | Domain: c | loss: 0.0000 | Acc: 100.00%
2024-04-16 16:58 Model saved! Best Val Acc: 78.37%
2024-04-16 16:58 test_domain Round:   8 | Epochs:  40 | Domain: s | loss: 7.3887 | Acc: 61.93%
2024-04-16 16:58 before_fed Round:   9 | Epochs:  45 | Domain: v | loss: 5.3527 | Acc: 77.97%
2024-04-16 16:59 before_fed Round:   9 | Epochs:  45 | Domain: l | loss: 7.6059 | Acc: 71.12%
2024-04-16 16:59 before_fed Round:   9 | Epochs:  45 | Domain: c | loss: 0.0000 | Acc: 100.00%
2024-04-16 16:59 after_fed Round:   9 | Epochs:  45 | Domain: v | loss: 5.3616 | Acc: 78.39%
2024-04-16 17:00 after_fed Round:   9 | Epochs:  45 | Domain: l | loss: 7.9197 | Acc: 65.24%
2024-04-16 17:00 after_fed Round:   9 | Epochs:  45 | Domain: c | loss: 0.0000 | Acc: 100.00%
2024-04-16 17:00 test_domain Round:   9 | Epochs:  45 | Domain: s | loss: 7.2216 | Acc: 63.35%
2024-04-16 17:00 before_fed Round:  10 | Epochs:  50 | Domain: v | loss: 5.3523 | Acc: 78.81%
2024-04-16 17:01 before_fed Round:  10 | Epochs:  50 | Domain: l | loss: 7.8238 | Acc: 69.52%
2024-04-16 17:01 before_fed Round:  10 | Epochs:  50 | Domain: c | loss: 0.0000 | Acc: 100.00%
2024-04-16 17:01 after_fed Round:  10 | Epochs:  50 | Domain: v | loss: 5.3381 | Acc: 79.24%
2024-04-16 17:01 after_fed Round:  10 | Epochs:  50 | Domain: l | loss: 8.1015 | Acc: 65.78%
2024-04-16 17:01 after_fed Round:  10 | Epochs:  50 | Domain: c | loss: 0.0000 | Acc: 100.00%
2024-04-16 17:01 Model saved! Best Val Acc: 78.38%
2024-04-16 17:01 test_domain Round:  10 | Epochs:  50 | Domain: s | loss: 7.2108 | Acc: 63.96%
