2024-04-16 15:33 comment: RSC, ccnet(3heads), vlcs on l
2024-04-16 15:35 before_fed Round:   0 | Epochs:   0 | Domain: v | loss: 2.0143 | Acc: 77.54%
2024-04-16 15:35 before_fed Round:   0 | Epochs:   0 | Domain: c | loss: 0.2465 | Acc: 99.00%
2024-04-16 15:36 before_fed Round:   0 | Epochs:   0 | Domain: s | loss: 2.1532 | Acc: 73.48%
2024-04-16 15:36 after_fed Round:   0 | Epochs:   0 | Domain: v | loss: 2.8224 | Acc: 75.85%
2024-04-16 15:36 after_fed Round:   0 | Epochs:   0 | Domain: c | loss: 0.6146 | Acc: 97.00%
2024-04-16 15:36 after_fed Round:   0 | Epochs:   0 | Domain: s | loss: 2.4173 | Acc: 71.30%
2024-04-16 15:36 Model saved! Best Val Acc: 77.70%
2024-04-16 15:36 test_domain Round:   0 | Epochs:   0 | Domain: l | loss: 6.2264 | Acc: 53.83%
2024-04-16 15:37 before_fed Round:   1 | Epochs:   5 | Domain: v | loss: 3.4043 | Acc: 76.69%
2024-04-16 15:37 before_fed Round:   1 | Epochs:   5 | Domain: c | loss: 0.1363 | Acc: 99.00%
2024-04-16 15:38 before_fed Round:   1 | Epochs:   5 | Domain: s | loss: 3.2999 | Acc: 73.91%
2024-04-16 15:38 after_fed Round:   1 | Epochs:   5 | Domain: v | loss: 3.5864 | Acc: 73.73%
2024-04-16 15:38 after_fed Round:   1 | Epochs:   5 | Domain: c | loss: 0.3626 | Acc: 97.00%
2024-04-16 15:38 after_fed Round:   1 | Epochs:   5 | Domain: s | loss: 3.3982 | Acc: 72.17%
2024-04-16 15:38 test_domain Round:   1 | Epochs:   5 | Domain: l | loss: 9.9120 | Acc: 52.45%
2024-04-16 15:39 before_fed Round:   2 | Epochs:  10 | Domain: v | loss: 3.6356 | Acc: 77.54%
2024-04-16 15:40 before_fed Round:   2 | Epochs:  10 | Domain: c | loss: 0.0007 | Acc: 100.00%
2024-04-16 15:41 before_fed Round:   2 | Epochs:  10 | Domain: s | loss: 3.9914 | Acc: 74.35%
2024-04-16 15:41 after_fed Round:   2 | Epochs:  10 | Domain: v | loss: 3.5908 | Acc: 76.27%
2024-04-16 15:41 after_fed Round:   2 | Epochs:  10 | Domain: c | loss: 0.4187 | Acc: 98.00%
2024-04-16 15:41 after_fed Round:   2 | Epochs:  10 | Domain: s | loss: 4.0195 | Acc: 72.61%
2024-04-16 15:41 Model saved! Best Val Acc: 78.59%
2024-04-16 15:41 test_domain Round:   2 | Epochs:  10 | Domain: l | loss: 12.0988 | Acc: 53.07%
2024-04-16 15:42 before_fed Round:   3 | Epochs:  15 | Domain: v | loss: 4.2437 | Acc: 77.97%
2024-04-16 15:42 before_fed Round:   3 | Epochs:  15 | Domain: c | loss: 0.0383 | Acc: 99.00%
2024-04-16 15:43 before_fed Round:   3 | Epochs:  15 | Domain: s | loss: 5.3735 | Acc: 73.91%
2024-04-16 15:43 after_fed Round:   3 | Epochs:  15 | Domain: v | loss: 3.9555 | Acc: 78.81%
2024-04-16 15:43 after_fed Round:   3 | Epochs:  15 | Domain: c | loss: 0.5162 | Acc: 98.00%
2024-04-16 15:43 after_fed Round:   3 | Epochs:  15 | Domain: s | loss: 4.6778 | Acc: 72.17%
2024-04-16 15:43 Model saved! Best Val Acc: 79.47%
2024-04-16 15:43 test_domain Round:   3 | Epochs:  15 | Domain: l | loss: 12.9614 | Acc: 53.58%
2024-04-16 15:44 before_fed Round:   4 | Epochs:  20 | Domain: v | loss: 4.6970 | Acc: 77.97%
2024-04-16 15:44 before_fed Round:   4 | Epochs:  20 | Domain: c | loss: 0.0261 | Acc: 99.00%
2024-04-16 15:45 before_fed Round:   4 | Epochs:  20 | Domain: s | loss: 5.4385 | Acc: 73.91%
2024-04-16 15:45 after_fed Round:   4 | Epochs:  20 | Domain: v | loss: 4.4638 | Acc: 77.12%
2024-04-16 15:45 after_fed Round:   4 | Epochs:  20 | Domain: c | loss: 0.6314 | Acc: 98.00%
2024-04-16 15:45 after_fed Round:   4 | Epochs:  20 | Domain: s | loss: 5.1560 | Acc: 73.91%
2024-04-16 15:45 test_domain Round:   4 | Epochs:  20 | Domain: l | loss: 14.6302 | Acc: 53.83%
2024-04-16 15:46 before_fed Round:   5 | Epochs:  25 | Domain: v | loss: 5.5605 | Acc: 76.27%
2024-04-16 15:46 before_fed Round:   5 | Epochs:  25 | Domain: c | loss: 0.0438 | Acc: 99.00%
2024-04-16 15:47 before_fed Round:   5 | Epochs:  25 | Domain: s | loss: 6.7783 | Acc: 72.17%
2024-04-16 15:47 after_fed Round:   5 | Epochs:  25 | Domain: v | loss: 5.3014 | Acc: 75.00%
2024-04-16 15:47 after_fed Round:   5 | Epochs:  25 | Domain: c | loss: 0.6587 | Acc: 98.00%
2024-04-16 15:47 after_fed Round:   5 | Epochs:  25 | Domain: s | loss: 5.9589 | Acc: 72.61%
2024-04-16 15:47 test_domain Round:   5 | Epochs:  25 | Domain: l | loss: 15.8122 | Acc: 54.96%
2024-04-16 15:48 before_fed Round:   6 | Epochs:  30 | Domain: v | loss: 5.4444 | Acc: 76.69%
2024-04-16 15:48 before_fed Round:   6 | Epochs:  30 | Domain: c | loss: 0.1865 | Acc: 99.00%
2024-04-16 15:49 before_fed Round:   6 | Epochs:  30 | Domain: s | loss: 6.0627 | Acc: 73.91%
2024-04-16 15:49 after_fed Round:   6 | Epochs:  30 | Domain: v | loss: 5.3207 | Acc: 77.12%
2024-04-16 15:49 after_fed Round:   6 | Epochs:  30 | Domain: c | loss: 0.6982 | Acc: 98.00%
2024-04-16 15:49 after_fed Round:   6 | Epochs:  30 | Domain: s | loss: 5.7760 | Acc: 71.74%
2024-04-16 15:50 test_domain Round:   6 | Epochs:  30 | Domain: l | loss: 16.1905 | Acc: 55.08%
2024-04-16 15:50 before_fed Round:   7 | Epochs:  35 | Domain: v | loss: 6.1032 | Acc: 76.69%
2024-04-16 15:51 before_fed Round:   7 | Epochs:  35 | Domain: c | loss: 0.3211 | Acc: 99.00%
2024-04-16 15:52 before_fed Round:   7 | Epochs:  35 | Domain: s | loss: 6.8454 | Acc: 72.61%
2024-04-16 15:52 after_fed Round:   7 | Epochs:  35 | Domain: v | loss: 5.7745 | Acc: 76.69%
2024-04-16 15:52 after_fed Round:   7 | Epochs:  35 | Domain: c | loss: 0.5034 | Acc: 98.00%
2024-04-16 15:52 after_fed Round:   7 | Epochs:  35 | Domain: s | loss: 6.4560 | Acc: 71.74%
2024-04-16 15:52 test_domain Round:   7 | Epochs:  35 | Domain: l | loss: 17.7247 | Acc: 54.33%
2024-04-16 15:53 before_fed Round:   8 | Epochs:  40 | Domain: v | loss: 5.4498 | Acc: 79.24%
2024-04-16 15:53 before_fed Round:   8 | Epochs:  40 | Domain: c | loss: 0.4506 | Acc: 98.00%
2024-04-16 15:54 before_fed Round:   8 | Epochs:  40 | Domain: s | loss: 6.2342 | Acc: 72.17%
2024-04-16 15:54 after_fed Round:   8 | Epochs:  40 | Domain: v | loss: 5.5584 | Acc: 77.54%
2024-04-16 15:54 after_fed Round:   8 | Epochs:  40 | Domain: c | loss: 0.4474 | Acc: 98.00%
2024-04-16 15:54 after_fed Round:   8 | Epochs:  40 | Domain: s | loss: 6.1772 | Acc: 72.61%
2024-04-16 15:54 test_domain Round:   8 | Epochs:  40 | Domain: l | loss: 16.3475 | Acc: 55.46%
2024-04-16 15:55 before_fed Round:   9 | Epochs:  45 | Domain: v | loss: 5.2766 | Acc: 77.54%
2024-04-16 15:55 before_fed Round:   9 | Epochs:  45 | Domain: c | loss: 0.3967 | Acc: 98.00%
2024-04-16 15:56 before_fed Round:   9 | Epochs:  45 | Domain: s | loss: 6.4362 | Acc: 73.48%
2024-04-16 15:56 after_fed Round:   9 | Epochs:  45 | Domain: v | loss: 5.3801 | Acc: 77.97%
2024-04-16 15:56 after_fed Round:   9 | Epochs:  45 | Domain: c | loss: 0.4101 | Acc: 98.00%
2024-04-16 15:56 after_fed Round:   9 | Epochs:  45 | Domain: s | loss: 6.2211 | Acc: 73.04%
2024-04-16 15:56 test_domain Round:   9 | Epochs:  45 | Domain: l | loss: 17.0150 | Acc: 55.33%
2024-04-16 15:57 before_fed Round:  10 | Epochs:  50 | Domain: v | loss: 5.3476 | Acc: 78.81%
2024-04-16 15:57 before_fed Round:  10 | Epochs:  50 | Domain: c | loss: 0.3642 | Acc: 98.00%
2024-04-16 15:58 before_fed Round:  10 | Epochs:  50 | Domain: s | loss: 6.1963 | Acc: 72.61%
2024-04-16 15:58 after_fed Round:  10 | Epochs:  50 | Domain: v | loss: 5.3764 | Acc: 79.66%
2024-04-16 15:58 after_fed Round:  10 | Epochs:  50 | Domain: c | loss: 0.3841 | Acc: 98.00%
2024-04-16 15:58 after_fed Round:  10 | Epochs:  50 | Domain: s | loss: 6.0973 | Acc: 74.78%
2024-04-16 15:58 Model saved! Best Val Acc: 80.89%
2024-04-16 15:58 test_domain Round:  10 | Epochs:  50 | Domain: l | loss: 15.6689 | Acc: 56.71%
