2024-03-19 16:02 comment: fed avg, ccnet(1 head), pacs on a
2024-03-19 16:03 before_fed Round:   0 | Epochs:   0 | Domain: p | loss: 1.1660 | Acc: 73.65%
2024-03-19 16:03 before_fed Round:   0 | Epochs:   0 | Domain: c | loss: 1.2972 | Acc: 54.47%
2024-03-19 16:04 before_fed Round:   0 | Epochs:   0 | Domain: s | loss: 1.1682 | Acc: 58.27%
2024-03-19 16:04 after_fed Round:   0 | Epochs:   0 | Domain: p | loss: 1.7066 | Acc: 36.53%
2024-03-19 16:04 after_fed Round:   0 | Epochs:   0 | Domain: c | loss: 1.4752 | Acc: 48.94%
2024-03-19 16:04 after_fed Round:   0 | Epochs:   0 | Domain: s | loss: 1.2901 | Acc: 54.20%
2024-03-19 16:04 Model saved! Best Val Acc: 143.23%
2024-03-19 16:04 test_domain Round:   0 | Epochs:   0 | Domain: a | loss: 1.8356 | Acc: 27.78%
2024-03-19 16:05 before_fed Round:   1 | Epochs:   5 | Domain: p | loss: 0.8660 | Acc: 82.04%
2024-03-19 16:05 before_fed Round:   1 | Epochs:   5 | Domain: c | loss: 0.9897 | Acc: 69.36%
2024-03-19 16:06 before_fed Round:   1 | Epochs:   5 | Domain: s | loss: 0.9060 | Acc: 64.63%
2024-03-19 16:06 after_fed Round:   1 | Epochs:   5 | Domain: p | loss: 1.2537 | Acc: 61.68%
2024-03-19 16:06 after_fed Round:   1 | Epochs:   5 | Domain: c | loss: 1.1250 | Acc: 62.55%
2024-03-19 16:06 after_fed Round:   1 | Epochs:   5 | Domain: s | loss: 0.9725 | Acc: 63.36%
2024-03-19 16:06 Model saved! Best Val Acc: 107.66%
2024-03-19 16:06 test_domain Round:   1 | Epochs:   5 | Domain: a | loss: 1.5358 | Acc: 43.26%
2024-03-19 16:06 before_fed Round:   2 | Epochs:  10 | Domain: p | loss: 0.6112 | Acc: 86.23%
2024-03-19 16:07 before_fed Round:   2 | Epochs:  10 | Domain: c | loss: 0.8298 | Acc: 70.21%
2024-03-19 16:07 before_fed Round:   2 | Epochs:  10 | Domain: s | loss: 0.7565 | Acc: 70.23%
2024-03-19 16:07 after_fed Round:   2 | Epochs:  10 | Domain: p | loss: 0.8785 | Acc: 76.65%
2024-03-19 16:07 after_fed Round:   2 | Epochs:  10 | Domain: c | loss: 0.9204 | Acc: 69.79%
2024-03-19 16:07 after_fed Round:   2 | Epochs:  10 | Domain: s | loss: 0.8075 | Acc: 68.19%
2024-03-19 16:07 Model saved! Best Val Acc: 85.58%
2024-03-19 16:08 test_domain Round:   2 | Epochs:  10 | Domain: a | loss: 1.2570 | Acc: 56.98%
2024-03-19 16:08 before_fed Round:   3 | Epochs:  15 | Domain: p | loss: 0.4482 | Acc: 89.22%
2024-03-19 16:08 before_fed Round:   3 | Epochs:  15 | Domain: c | loss: 0.7242 | Acc: 72.77%
2024-03-19 16:09 before_fed Round:   3 | Epochs:  15 | Domain: s | loss: 0.6791 | Acc: 73.28%
2024-03-19 16:09 after_fed Round:   3 | Epochs:  15 | Domain: p | loss: 0.6593 | Acc: 83.23%
2024-03-19 16:09 after_fed Round:   3 | Epochs:  15 | Domain: c | loss: 0.8258 | Acc: 71.06%
2024-03-19 16:09 after_fed Round:   3 | Epochs:  15 | Domain: s | loss: 0.7211 | Acc: 70.99%
2024-03-19 16:09 Model saved! Best Val Acc: 73.90%
2024-03-19 16:09 test_domain Round:   3 | Epochs:  15 | Domain: a | loss: 1.0798 | Acc: 64.21%
2024-03-19 16:10 before_fed Round:   4 | Epochs:  20 | Domain: p | loss: 0.3598 | Acc: 91.02%
2024-03-19 16:10 before_fed Round:   4 | Epochs:  20 | Domain: c | loss: 0.6553 | Acc: 74.47%
2024-03-19 16:11 before_fed Round:   4 | Epochs:  20 | Domain: s | loss: 0.6275 | Acc: 75.32%
2024-03-19 16:11 after_fed Round:   4 | Epochs:  20 | Domain: p | loss: 0.5321 | Acc: 84.43%
2024-03-19 16:11 after_fed Round:   4 | Epochs:  20 | Domain: c | loss: 0.7767 | Acc: 70.64%
2024-03-19 16:11 after_fed Round:   4 | Epochs:  20 | Domain: s | loss: 0.6678 | Acc: 73.03%
2024-03-19 16:11 Model saved! Best Val Acc: 67.14%
2024-03-19 16:11 test_domain Round:   4 | Epochs:  20 | Domain: a | loss: 0.9792 | Acc: 67.33%
2024-03-19 16:11 before_fed Round:   5 | Epochs:  25 | Domain: p | loss: 0.3028 | Acc: 90.42%
2024-03-19 16:12 before_fed Round:   5 | Epochs:  25 | Domain: c | loss: 0.6213 | Acc: 76.60%
2024-03-19 16:12 before_fed Round:   5 | Epochs:  25 | Domain: s | loss: 0.5783 | Acc: 79.64%
2024-03-19 16:12 after_fed Round:   5 | Epochs:  25 | Domain: p | loss: 0.4427 | Acc: 88.02%
2024-03-19 16:12 after_fed Round:   5 | Epochs:  25 | Domain: c | loss: 0.7517 | Acc: 71.49%
2024-03-19 16:12 after_fed Round:   5 | Epochs:  25 | Domain: s | loss: 0.6240 | Acc: 74.55%
2024-03-19 16:12 Model saved! Best Val Acc: 62.36%
2024-03-19 16:13 test_domain Round:   5 | Epochs:  25 | Domain: a | loss: 0.9126 | Acc: 69.73%
2024-03-19 16:13 before_fed Round:   6 | Epochs:  30 | Domain: p | loss: 0.2614 | Acc: 91.02%
2024-03-19 16:13 before_fed Round:   6 | Epochs:  30 | Domain: c | loss: 0.5974 | Acc: 78.30%
2024-03-19 16:14 before_fed Round:   6 | Epochs:  30 | Domain: s | loss: 0.5418 | Acc: 80.41%
2024-03-19 16:14 after_fed Round:   6 | Epochs:  30 | Domain: p | loss: 0.3803 | Acc: 89.22%
2024-03-19 16:14 after_fed Round:   6 | Epochs:  30 | Domain: c | loss: 0.7347 | Acc: 70.64%
2024-03-19 16:14 after_fed Round:   6 | Epochs:  30 | Domain: s | loss: 0.5888 | Acc: 77.61%
2024-03-19 16:14 Model saved! Best Val Acc: 58.80%
2024-03-19 16:14 test_domain Round:   6 | Epochs:  30 | Domain: a | loss: 0.8708 | Acc: 70.31%
2024-03-19 16:15 before_fed Round:   7 | Epochs:  35 | Domain: p | loss: 0.2326 | Acc: 91.62%
2024-03-19 16:15 before_fed Round:   7 | Epochs:  35 | Domain: c | loss: 0.5807 | Acc: 78.30%
2024-03-19 16:16 before_fed Round:   7 | Epochs:  35 | Domain: s | loss: 0.5133 | Acc: 80.41%
2024-03-19 16:16 after_fed Round:   7 | Epochs:  35 | Domain: p | loss: 0.3394 | Acc: 90.42%
2024-03-19 16:16 after_fed Round:   7 | Epochs:  35 | Domain: c | loss: 0.7142 | Acc: 70.64%
2024-03-19 16:16 after_fed Round:   7 | Epochs:  35 | Domain: s | loss: 0.5617 | Acc: 77.61%
2024-03-19 16:16 Model saved! Best Val Acc: 56.00%
2024-03-19 16:16 test_domain Round:   7 | Epochs:  35 | Domain: a | loss: 0.8462 | Acc: 71.00%
2024-03-19 16:16 before_fed Round:   8 | Epochs:  40 | Domain: p | loss: 0.2113 | Acc: 91.62%
2024-03-19 16:17 before_fed Round:   8 | Epochs:  40 | Domain: c | loss: 0.5696 | Acc: 77.87%
2024-03-19 16:17 before_fed Round:   8 | Epochs:  40 | Domain: s | loss: 0.4832 | Acc: 81.42%
2024-03-19 16:17 after_fed Round:   8 | Epochs:  40 | Domain: p | loss: 0.3072 | Acc: 91.02%
2024-03-19 16:17 after_fed Round:   8 | Epochs:  40 | Domain: c | loss: 0.7037 | Acc: 72.77%
2024-03-19 16:17 after_fed Round:   8 | Epochs:  40 | Domain: s | loss: 0.5323 | Acc: 78.88%
2024-03-19 16:17 Model saved! Best Val Acc: 53.56%
2024-03-19 16:18 test_domain Round:   8 | Epochs:  40 | Domain: a | loss: 0.8288 | Acc: 71.58%
2024-03-19 16:18 before_fed Round:   9 | Epochs:  45 | Domain: p | loss: 0.1956 | Acc: 91.62%
2024-03-19 16:18 before_fed Round:   9 | Epochs:  45 | Domain: c | loss: 0.5666 | Acc: 77.45%
2024-03-19 16:19 before_fed Round:   9 | Epochs:  45 | Domain: s | loss: 0.4649 | Acc: 81.68%
2024-03-19 16:19 after_fed Round:   9 | Epochs:  45 | Domain: p | loss: 0.2795 | Acc: 91.02%
2024-03-19 16:19 after_fed Round:   9 | Epochs:  45 | Domain: c | loss: 0.6947 | Acc: 71.91%
2024-03-19 16:19 after_fed Round:   9 | Epochs:  45 | Domain: s | loss: 0.5099 | Acc: 81.42%
2024-03-19 16:19 Model saved! Best Val Acc: 51.60%
2024-03-19 16:19 test_domain Round:   9 | Epochs:  45 | Domain: a | loss: 0.8162 | Acc: 72.31%
2024-03-19 16:20 before_fed Round:  10 | Epochs:  50 | Domain: p | loss: 0.1823 | Acc: 92.22%
2024-03-19 16:20 before_fed Round:  10 | Epochs:  50 | Domain: c | loss: 0.5644 | Acc: 78.30%
2024-03-19 16:21 before_fed Round:  10 | Epochs:  50 | Domain: s | loss: 0.4469 | Acc: 82.95%
2024-03-19 16:21 after_fed Round:  10 | Epochs:  50 | Domain: p | loss: 0.2608 | Acc: 91.02%
2024-03-19 16:21 after_fed Round:  10 | Epochs:  50 | Domain: c | loss: 0.6872 | Acc: 72.34%
2024-03-19 16:21 after_fed Round:  10 | Epochs:  50 | Domain: s | loss: 0.4905 | Acc: 81.68%
2024-03-19 16:21 Model saved! Best Val Acc: 50.03%
2024-03-19 16:21 test_domain Round:  10 | Epochs:  50 | Domain: a | loss: 0.8103 | Acc: 72.17%
