2024-03-19 16:36 comment: fed avg, agglomerator(no-pre fixed), vlcs on s
2024-03-19 16:37 before_fed Round:   0 | Epochs:   0 | Domain: v | loss: 1.5369 | Acc: 43.22%
2024-03-19 16:38 before_fed Round:   0 | Epochs:   0 | Domain: l | loss: 1.0660 | Acc: 54.55%
2024-03-19 16:38 before_fed Round:   0 | Epochs:   0 | Domain: c | loss: 0.9107 | Acc: 63.00%
2024-03-19 16:38 after_fed Round:   0 | Epochs:   0 | Domain: v | loss: 1.7435 | Acc: 43.64%
2024-03-19 16:38 after_fed Round:   0 | Epochs:   0 | Domain: l | loss: 1.0402 | Acc: 50.80%
2024-03-19 16:38 after_fed Round:   0 | Epochs:   0 | Domain: c | loss: 1.3133 | Acc: 60.00%
2024-03-19 16:38 Model saved! Best Val Acc: 141.09%
2024-03-19 16:38 test_domain Round:   0 | Epochs:   0 | Domain: s | loss: 1.5701 | Acc: 45.69%
2024-03-19 16:39 before_fed Round:   1 | Epochs:   5 | Domain: v | loss: 1.5078 | Acc: 41.95%
2024-03-19 16:40 before_fed Round:   1 | Epochs:   5 | Domain: l | loss: 1.0263 | Acc: 56.15%
2024-03-19 16:41 before_fed Round:   1 | Epochs:   5 | Domain: c | loss: 0.7026 | Acc: 71.00%
2024-03-19 16:41 after_fed Round:   1 | Epochs:   5 | Domain: v | loss: 1.6360 | Acc: 43.64%
2024-03-19 16:41 after_fed Round:   1 | Epochs:   5 | Domain: l | loss: 1.0260 | Acc: 54.55%
2024-03-19 16:41 after_fed Round:   1 | Epochs:   5 | Domain: c | loss: 1.0522 | Acc: 66.00%
2024-03-19 16:41 Model saved! Best Val Acc: 130.76%
2024-03-19 16:41 test_domain Round:   1 | Epochs:   5 | Domain: s | loss: 1.4803 | Acc: 44.67%
2024-03-19 16:42 before_fed Round:   2 | Epochs:  10 | Domain: v | loss: 1.4721 | Acc: 44.07%
2024-03-19 16:42 before_fed Round:   2 | Epochs:  10 | Domain: l | loss: 0.9816 | Acc: 54.55%
2024-03-19 16:43 before_fed Round:   2 | Epochs:  10 | Domain: c | loss: 0.5628 | Acc: 80.00%
2024-03-19 16:43 after_fed Round:   2 | Epochs:  10 | Domain: v | loss: 1.5470 | Acc: 42.80%
2024-03-19 16:43 after_fed Round:   2 | Epochs:  10 | Domain: l | loss: 0.9714 | Acc: 56.15%
2024-03-19 16:43 after_fed Round:   2 | Epochs:  10 | Domain: c | loss: 0.9509 | Acc: 68.00%
2024-03-19 16:43 Model saved! Best Val Acc: 122.85%
2024-03-19 16:43 test_domain Round:   2 | Epochs:  10 | Domain: s | loss: 1.4632 | Acc: 44.16%
2024-03-19 16:44 before_fed Round:   3 | Epochs:  15 | Domain: v | loss: 1.5157 | Acc: 43.22%
2024-03-19 16:45 before_fed Round:   3 | Epochs:  15 | Domain: l | loss: 0.9545 | Acc: 58.82%
2024-03-19 16:45 before_fed Round:   3 | Epochs:  15 | Domain: c | loss: 0.5178 | Acc: 85.00%
2024-03-19 16:45 after_fed Round:   3 | Epochs:  15 | Domain: v | loss: 1.6826 | Acc: 42.80%
2024-03-19 16:45 after_fed Round:   3 | Epochs:  15 | Domain: l | loss: 0.9967 | Acc: 55.08%
2024-03-19 16:45 after_fed Round:   3 | Epochs:  15 | Domain: c | loss: 0.9492 | Acc: 68.00%
2024-03-19 16:46 test_domain Round:   3 | Epochs:  15 | Domain: s | loss: 1.5890 | Acc: 42.84%
2024-03-19 16:47 before_fed Round:   4 | Epochs:  20 | Domain: v | loss: 1.5116 | Acc: 43.22%
2024-03-19 16:47 before_fed Round:   4 | Epochs:  20 | Domain: l | loss: 0.9695 | Acc: 57.75%
2024-03-19 16:48 before_fed Round:   4 | Epochs:  20 | Domain: c | loss: 0.4443 | Acc: 86.00%
2024-03-19 16:48 after_fed Round:   4 | Epochs:  20 | Domain: v | loss: 1.6752 | Acc: 44.49%
2024-03-19 16:48 after_fed Round:   4 | Epochs:  20 | Domain: l | loss: 1.0000 | Acc: 57.75%
2024-03-19 16:48 after_fed Round:   4 | Epochs:  20 | Domain: c | loss: 0.9268 | Acc: 71.00%
2024-03-19 16:48 test_domain Round:   4 | Epochs:  20 | Domain: s | loss: 1.6331 | Acc: 43.05%
2024-03-19 16:49 before_fed Round:   5 | Epochs:  25 | Domain: v | loss: 1.4992 | Acc: 41.53%
2024-03-19 16:50 before_fed Round:   5 | Epochs:  25 | Domain: l | loss: 0.9992 | Acc: 57.75%
2024-03-19 16:50 before_fed Round:   5 | Epochs:  25 | Domain: c | loss: 0.4187 | Acc: 87.00%
2024-03-19 16:50 after_fed Round:   5 | Epochs:  25 | Domain: v | loss: 1.5881 | Acc: 44.07%
2024-03-19 16:50 after_fed Round:   5 | Epochs:  25 | Domain: l | loss: 0.9817 | Acc: 57.22%
2024-03-19 16:50 after_fed Round:   5 | Epochs:  25 | Domain: c | loss: 0.9101 | Acc: 71.00%
2024-03-19 16:50 test_domain Round:   5 | Epochs:  25 | Domain: s | loss: 1.5858 | Acc: 43.55%
2024-03-19 16:51 before_fed Round:   6 | Epochs:  30 | Domain: v | loss: 1.5314 | Acc: 43.64%
2024-03-19 16:52 before_fed Round:   6 | Epochs:  30 | Domain: l | loss: 1.0019 | Acc: 56.68%
2024-03-19 16:53 before_fed Round:   6 | Epochs:  30 | Domain: c | loss: 0.4382 | Acc: 89.00%
2024-03-19 16:53 after_fed Round:   6 | Epochs:  30 | Domain: v | loss: 1.6496 | Acc: 42.80%
2024-03-19 16:53 after_fed Round:   6 | Epochs:  30 | Domain: l | loss: 1.0126 | Acc: 56.68%
2024-03-19 16:53 after_fed Round:   6 | Epochs:  30 | Domain: c | loss: 0.8461 | Acc: 74.00%
2024-03-19 16:53 test_domain Round:   6 | Epochs:  30 | Domain: s | loss: 1.5467 | Acc: 44.26%
2024-03-19 16:54 before_fed Round:   7 | Epochs:  35 | Domain: v | loss: 1.5615 | Acc: 41.95%
2024-03-19 16:55 before_fed Round:   7 | Epochs:  35 | Domain: l | loss: 1.0207 | Acc: 54.01%
2024-03-19 16:55 before_fed Round:   7 | Epochs:  35 | Domain: c | loss: 0.3918 | Acc: 91.00%
2024-03-19 16:55 after_fed Round:   7 | Epochs:  35 | Domain: v | loss: 1.6407 | Acc: 43.22%
2024-03-19 16:55 after_fed Round:   7 | Epochs:  35 | Domain: l | loss: 1.0089 | Acc: 56.15%
2024-03-19 16:55 after_fed Round:   7 | Epochs:  35 | Domain: c | loss: 0.8114 | Acc: 72.00%
2024-03-19 16:55 test_domain Round:   7 | Epochs:  35 | Domain: s | loss: 1.5955 | Acc: 43.76%
2024-03-19 16:56 before_fed Round:   8 | Epochs:  40 | Domain: v | loss: 1.6240 | Acc: 41.95%
2024-03-19 16:57 before_fed Round:   8 | Epochs:  40 | Domain: l | loss: 1.0075 | Acc: 59.36%
2024-03-19 16:57 before_fed Round:   8 | Epochs:  40 | Domain: c | loss: 0.3594 | Acc: 91.00%
2024-03-19 16:57 after_fed Round:   8 | Epochs:  40 | Domain: v | loss: 1.6546 | Acc: 44.07%
2024-03-19 16:58 after_fed Round:   8 | Epochs:  40 | Domain: l | loss: 1.0325 | Acc: 58.29%
2024-03-19 16:58 after_fed Round:   8 | Epochs:  40 | Domain: c | loss: 0.7753 | Acc: 73.00%
2024-03-19 16:58 test_domain Round:   8 | Epochs:  40 | Domain: s | loss: 1.6279 | Acc: 44.37%
2024-03-19 16:59 before_fed Round:   9 | Epochs:  45 | Domain: v | loss: 1.6238 | Acc: 39.83%
2024-03-19 16:59 before_fed Round:   9 | Epochs:  45 | Domain: l | loss: 1.0181 | Acc: 58.82%
2024-03-19 17:00 before_fed Round:   9 | Epochs:  45 | Domain: c | loss: 0.3616 | Acc: 90.00%
2024-03-19 17:00 after_fed Round:   9 | Epochs:  45 | Domain: v | loss: 1.6854 | Acc: 43.64%
2024-03-19 17:00 after_fed Round:   9 | Epochs:  45 | Domain: l | loss: 1.0518 | Acc: 59.89%
2024-03-19 17:00 after_fed Round:   9 | Epochs:  45 | Domain: c | loss: 0.7421 | Acc: 75.00%
2024-03-19 17:00 test_domain Round:   9 | Epochs:  45 | Domain: s | loss: 1.6081 | Acc: 44.87%
2024-03-19 17:01 before_fed Round:  10 | Epochs:  50 | Domain: v | loss: 1.6306 | Acc: 40.68%
2024-03-19 17:02 before_fed Round:  10 | Epochs:  50 | Domain: l | loss: 1.0655 | Acc: 58.82%
2024-03-19 17:02 before_fed Round:  10 | Epochs:  50 | Domain: c | loss: 0.3550 | Acc: 90.00%
2024-03-19 17:02 after_fed Round:  10 | Epochs:  50 | Domain: v | loss: 1.7003 | Acc: 41.95%
2024-03-19 17:02 after_fed Round:  10 | Epochs:  50 | Domain: l | loss: 1.0756 | Acc: 58.29%
2024-03-19 17:02 after_fed Round:  10 | Epochs:  50 | Domain: c | loss: 0.7491 | Acc: 76.00%
2024-03-19 17:02 test_domain Round:  10 | Epochs:  50 | Domain: s | loss: 1.6863 | Acc: 43.25%
