2024-03-16 17:17 comment: fed avg, agglomerator(pretrainstep), pacs on p
2024-03-16 17:18 before_fed Round:   0 | Epochs:   0 | Domain: a | loss: 0.0063
2024-03-16 17:19 before_fed Round:   0 | Epochs:   0 | Domain: c | loss: 0.0063
2024-03-16 17:20 before_fed Round:   0 | Epochs:   0 | Domain: s | loss: 0.0070
2024-03-16 17:20 after_fed Round:   0 | Epochs:   0 | Domain: a | loss: 0.0063
2024-03-16 17:20 after_fed Round:   0 | Epochs:   0 | Domain: c | loss: 0.0063
2024-03-16 17:20 after_fed Round:   0 | Epochs:   0 | Domain: s | loss: 0.0070
2024-03-16 17:20 Model saved! Best Val Acc: 0.66%
2024-03-16 17:20 test_domain Round:   0 | Epochs:   0 | Domain: p | loss: 0.0049
2024-03-16 17:21 before_fed Round:   1 | Epochs:   5 | Domain: a | loss: 0.0063
2024-03-16 17:22 before_fed Round:   1 | Epochs:   5 | Domain: c | loss: 0.0063
2024-03-16 17:23 before_fed Round:   1 | Epochs:   5 | Domain: s | loss: 0.0069
2024-03-16 17:23 after_fed Round:   1 | Epochs:   5 | Domain: a | loss: 0.0063
2024-03-16 17:24 after_fed Round:   1 | Epochs:   5 | Domain: c | loss: 0.0063
2024-03-16 17:24 after_fed Round:   1 | Epochs:   5 | Domain: s | loss: 0.0070
2024-03-16 17:24 Model saved! Best Val Acc: 0.66%
2024-03-16 17:24 test_domain Round:   1 | Epochs:   5 | Domain: p | loss: 0.0049
2024-03-16 17:24 before_fed Round:   2 | Epochs:  10 | Domain: a | loss: 0.0063
2024-03-16 17:25 before_fed Round:   2 | Epochs:  10 | Domain: c | loss: 0.0063
2024-03-16 17:27 before_fed Round:   2 | Epochs:  10 | Domain: s | loss: 0.0069
2024-03-16 17:27 after_fed Round:   2 | Epochs:  10 | Domain: a | loss: 0.0063
2024-03-16 17:27 after_fed Round:   2 | Epochs:  10 | Domain: c | loss: 0.0063
2024-03-16 17:27 after_fed Round:   2 | Epochs:  10 | Domain: s | loss: 0.0069
2024-03-16 17:27 Model saved! Best Val Acc: 0.66%
2024-03-16 17:27 test_domain Round:   2 | Epochs:  10 | Domain: p | loss: 0.0049
2024-03-16 17:28 before_fed Round:   3 | Epochs:  15 | Domain: a | loss: 0.0063
2024-03-16 17:29 before_fed Round:   3 | Epochs:  15 | Domain: c | loss: 0.0063
2024-03-16 17:30 before_fed Round:   3 | Epochs:  15 | Domain: s | loss: 0.0069
2024-03-16 17:30 after_fed Round:   3 | Epochs:  15 | Domain: a | loss: 0.0063
2024-03-16 17:30 after_fed Round:   3 | Epochs:  15 | Domain: c | loss: 0.0063
2024-03-16 17:30 after_fed Round:   3 | Epochs:  15 | Domain: s | loss: 0.0069
2024-03-16 17:30 Model saved! Best Val Acc: 0.66%
2024-03-16 17:30 test_domain Round:   3 | Epochs:  15 | Domain: p | loss: 0.0049
2024-03-16 17:31 before_fed Round:   4 | Epochs:  20 | Domain: a | loss: 0.0062
2024-03-16 17:32 before_fed Round:   4 | Epochs:  20 | Domain: c | loss: 0.0063
2024-03-16 17:33 before_fed Round:   4 | Epochs:  20 | Domain: s | loss: 0.0069
2024-03-16 17:33 after_fed Round:   4 | Epochs:  20 | Domain: a | loss: 0.0063
2024-03-16 17:34 after_fed Round:   4 | Epochs:  20 | Domain: c | loss: 0.0063
2024-03-16 17:34 after_fed Round:   4 | Epochs:  20 | Domain: s | loss: 0.0069
2024-03-16 17:34 Model saved! Best Val Acc: 0.66%
2024-03-16 17:34 test_domain Round:   4 | Epochs:  20 | Domain: p | loss: 0.0049
2024-03-16 17:35 before_fed Round:   5 | Epochs:  25 | Domain: a | loss: 0.0062
2024-03-16 17:36 before_fed Round:   5 | Epochs:  25 | Domain: c | loss: 0.0063
2024-03-16 17:37 before_fed Round:   5 | Epochs:  25 | Domain: s | loss: 0.0068
2024-03-16 17:37 after_fed Round:   5 | Epochs:  25 | Domain: a | loss: 0.0063
2024-03-16 17:37 after_fed Round:   5 | Epochs:  25 | Domain: c | loss: 0.0063
2024-03-16 17:37 after_fed Round:   5 | Epochs:  25 | Domain: s | loss: 0.0069
2024-03-16 17:37 Model saved! Best Val Acc: 0.66%
2024-03-16 17:37 test_domain Round:   5 | Epochs:  25 | Domain: p | loss: 0.0049
2024-03-16 17:38 before_fed Round:   6 | Epochs:  30 | Domain: a | loss: 0.0062
2024-03-16 17:39 before_fed Round:   6 | Epochs:  30 | Domain: c | loss: 0.0062
2024-03-16 17:40 before_fed Round:   6 | Epochs:  30 | Domain: s | loss: 0.0068
2024-03-16 17:40 after_fed Round:   6 | Epochs:  30 | Domain: a | loss: 0.0063
2024-03-16 17:40 after_fed Round:   6 | Epochs:  30 | Domain: c | loss: 0.0063
2024-03-16 17:40 after_fed Round:   6 | Epochs:  30 | Domain: s | loss: 0.0069
2024-03-16 17:40 Model saved! Best Val Acc: 0.66%
2024-03-16 17:40 test_domain Round:   6 | Epochs:  30 | Domain: p | loss: 0.0049
2024-03-16 17:41 before_fed Round:   7 | Epochs:  35 | Domain: a | loss: 0.0062
2024-03-16 17:42 before_fed Round:   7 | Epochs:  35 | Domain: c | loss: 0.0062
2024-03-16 17:44 before_fed Round:   7 | Epochs:  35 | Domain: s | loss: 0.0068
2024-03-16 17:44 after_fed Round:   7 | Epochs:  35 | Domain: a | loss: 0.0063
2024-03-16 17:44 after_fed Round:   7 | Epochs:  35 | Domain: c | loss: 0.0063
2024-03-16 17:44 after_fed Round:   7 | Epochs:  35 | Domain: s | loss: 0.0069
2024-03-16 17:44 Model saved! Best Val Acc: 0.66%
2024-03-16 17:44 test_domain Round:   7 | Epochs:  35 | Domain: p | loss: 0.0049
2024-03-16 17:45 before_fed Round:   8 | Epochs:  40 | Domain: a | loss: 0.0062
2024-03-16 17:46 before_fed Round:   8 | Epochs:  40 | Domain: c | loss: 0.0062
2024-03-16 17:47 before_fed Round:   8 | Epochs:  40 | Domain: s | loss: 0.0068
2024-03-16 17:47 after_fed Round:   8 | Epochs:  40 | Domain: a | loss: 0.0063
2024-03-16 17:47 after_fed Round:   8 | Epochs:  40 | Domain: c | loss: 0.0063
2024-03-16 17:47 after_fed Round:   8 | Epochs:  40 | Domain: s | loss: 0.0068
2024-03-16 17:47 Model saved! Best Val Acc: 0.65%
2024-03-16 17:47 test_domain Round:   8 | Epochs:  40 | Domain: p | loss: 0.0049
2024-03-16 17:48 before_fed Round:   9 | Epochs:  45 | Domain: a | loss: 0.0062
2024-03-16 17:49 before_fed Round:   9 | Epochs:  45 | Domain: c | loss: 0.0062
2024-03-16 17:50 before_fed Round:   9 | Epochs:  45 | Domain: s | loss: 0.0068
2024-03-16 17:50 after_fed Round:   9 | Epochs:  45 | Domain: a | loss: 0.0063
2024-03-16 17:50 after_fed Round:   9 | Epochs:  45 | Domain: c | loss: 0.0063
2024-03-16 17:50 after_fed Round:   9 | Epochs:  45 | Domain: s | loss: 0.0068
2024-03-16 17:50 Model saved! Best Val Acc: 0.65%
2024-03-16 17:50 test_domain Round:   9 | Epochs:  45 | Domain: p | loss: 0.0049
2024-03-16 17:51 before_fed Round:  10 | Epochs:  50 | Domain: a | loss: 0.0062
2024-03-16 17:52 before_fed Round:  10 | Epochs:  50 | Domain: c | loss: 0.0062
2024-03-16 17:54 before_fed Round:  10 | Epochs:  50 | Domain: s | loss: 0.0068
2024-03-16 17:54 after_fed Round:  10 | Epochs:  50 | Domain: a | loss: 0.0063
2024-03-16 17:54 after_fed Round:  10 | Epochs:  50 | Domain: c | loss: 0.0063
2024-03-16 17:54 after_fed Round:  10 | Epochs:  50 | Domain: s | loss: 0.0068
2024-03-16 17:54 Model saved! Best Val Acc: 0.65%
2024-03-16 17:54 test_domain Round:  10 | Epochs:  50 | Domain: p | loss: 0.0049