2024-04-15 12:20 comment: fedprox, mobilenetv1 pretrained, pacs on c
2024-04-15 12:21 before_fed Round:   0 | Epochs:   0 | Domain: p | loss: 4.2093 | Acc: 47.31%
2024-04-15 12:21 before_fed Round:   0 | Epochs:   0 | Domain: a | loss: 4.3702 | Acc: 34.63%
2024-04-15 12:22 before_fed Round:   0 | Epochs:   0 | Domain: s | loss: 1.2956 | Acc: 64.89%
2024-04-15 12:22 after_fed Round:   0 | Epochs:   0 | Domain: p | loss: 5.3639 | Acc: 2.99%
2024-04-15 12:22 after_fed Round:   0 | Epochs:   0 | Domain: a | loss: 6.7347 | Acc: 3.41%
2024-04-15 12:22 after_fed Round:   0 | Epochs:   0 | Domain: s | loss: 7.9252 | Acc: 0.00%
2024-04-15 12:22 Model saved! Best Val Acc: 1.57%
2024-04-15 12:22 test_domain Round:   0 | Epochs:   0 | Domain: c | loss: 6.6319 | Acc: 5.50%
2024-04-15 12:22 before_fed Round:   1 | Epochs:   5 | Domain: p | loss: 0.6855 | Acc: 77.84%
2024-04-15 12:23 before_fed Round:   1 | Epochs:   5 | Domain: a | loss: 1.2335 | Acc: 64.39%
2024-04-15 12:24 before_fed Round:   1 | Epochs:   5 | Domain: s | loss: 0.7487 | Acc: 74.81%
2024-04-15 12:24 after_fed Round:   1 | Epochs:   5 | Domain: p | loss: 1.6399 | Acc: 59.28%
2024-04-15 12:24 after_fed Round:   1 | Epochs:   5 | Domain: a | loss: 3.4634 | Acc: 24.39%
2024-04-15 12:24 after_fed Round:   1 | Epochs:   5 | Domain: s | loss: 4.9850 | Acc: 15.52%
2024-04-15 12:24 Model saved! Best Val Acc: 27.45%
2024-04-15 12:24 test_domain Round:   1 | Epochs:   5 | Domain: c | loss: 3.2245 | Acc: 33.75%
2024-04-15 12:24 before_fed Round:   2 | Epochs:  10 | Domain: p | loss: 0.4375 | Acc: 86.83%
2024-04-15 12:25 before_fed Round:   2 | Epochs:  10 | Domain: a | loss: 0.9730 | Acc: 72.68%
2024-04-15 12:26 before_fed Round:   2 | Epochs:  10 | Domain: s | loss: 0.6305 | Acc: 79.64%
2024-04-15 12:26 after_fed Round:   2 | Epochs:  10 | Domain: p | loss: 1.0981 | Acc: 70.66%
2024-04-15 12:26 after_fed Round:   2 | Epochs:  10 | Domain: a | loss: 2.5858 | Acc: 37.56%
2024-04-15 12:26 after_fed Round:   2 | Epochs:  10 | Domain: s | loss: 4.1119 | Acc: 30.79%
2024-04-15 12:26 Model saved! Best Val Acc: 41.31%
2024-04-15 12:26 test_domain Round:   2 | Epochs:  10 | Domain: c | loss: 2.6210 | Acc: 41.04%
2024-04-15 12:26 before_fed Round:   3 | Epochs:  15 | Domain: p | loss: 0.3549 | Acc: 86.83%
2024-04-15 12:27 before_fed Round:   3 | Epochs:  15 | Domain: a | loss: 0.9000 | Acc: 73.66%
2024-04-15 12:27 before_fed Round:   3 | Epochs:  15 | Domain: s | loss: 0.5541 | Acc: 81.68%
2024-04-15 12:27 after_fed Round:   3 | Epochs:  15 | Domain: p | loss: 0.8916 | Acc: 75.45%
2024-04-15 12:27 after_fed Round:   3 | Epochs:  15 | Domain: a | loss: 2.3139 | Acc: 41.95%
2024-04-15 12:27 after_fed Round:   3 | Epochs:  15 | Domain: s | loss: 3.6446 | Acc: 34.86%
2024-04-15 12:27 Model saved! Best Val Acc: 45.62%
2024-04-15 12:27 test_domain Round:   3 | Epochs:  15 | Domain: c | loss: 2.5667 | Acc: 43.05%
2024-04-15 12:28 before_fed Round:   4 | Epochs:  20 | Domain: p | loss: 0.3065 | Acc: 91.02%
2024-04-15 12:28 before_fed Round:   4 | Epochs:  20 | Domain: a | loss: 0.7725 | Acc: 77.07%
2024-04-15 12:29 before_fed Round:   4 | Epochs:  20 | Domain: s | loss: 0.5126 | Acc: 82.95%
2024-04-15 12:29 after_fed Round:   4 | Epochs:  20 | Domain: p | loss: 0.7523 | Acc: 77.25%
2024-04-15 12:29 after_fed Round:   4 | Epochs:  20 | Domain: a | loss: 2.0588 | Acc: 45.85%
2024-04-15 12:29 after_fed Round:   4 | Epochs:  20 | Domain: s | loss: 3.1752 | Acc: 37.91%
2024-04-15 12:29 Model saved! Best Val Acc: 48.63%
2024-04-15 12:29 test_domain Round:   4 | Epochs:  20 | Domain: c | loss: 2.3106 | Acc: 45.86%
2024-04-15 12:30 before_fed Round:   5 | Epochs:  25 | Domain: p | loss: 0.2684 | Acc: 91.62%
2024-04-15 12:30 before_fed Round:   5 | Epochs:  25 | Domain: a | loss: 0.7468 | Acc: 79.02%
2024-04-15 12:31 before_fed Round:   5 | Epochs:  25 | Domain: s | loss: 0.4623 | Acc: 85.75%
2024-04-15 12:31 after_fed Round:   5 | Epochs:  25 | Domain: p | loss: 0.7242 | Acc: 77.84%
2024-04-15 12:31 after_fed Round:   5 | Epochs:  25 | Domain: a | loss: 2.0021 | Acc: 46.34%
2024-04-15 12:31 after_fed Round:   5 | Epochs:  25 | Domain: s | loss: 2.8664 | Acc: 39.44%
2024-04-15 12:31 Model saved! Best Val Acc: 49.68%
2024-04-15 12:31 test_domain Round:   5 | Epochs:  25 | Domain: c | loss: 2.1904 | Acc: 47.06%
2024-04-15 12:32 before_fed Round:   6 | Epochs:  30 | Domain: p | loss: 0.2222 | Acc: 92.22%
2024-04-15 12:32 before_fed Round:   6 | Epochs:  30 | Domain: a | loss: 0.7139 | Acc: 78.05%
2024-04-15 12:33 before_fed Round:   6 | Epochs:  30 | Domain: s | loss: 0.4433 | Acc: 84.99%
2024-04-15 12:33 after_fed Round:   6 | Epochs:  30 | Domain: p | loss: 0.6399 | Acc: 79.64%
2024-04-15 12:33 after_fed Round:   6 | Epochs:  30 | Domain: a | loss: 1.7890 | Acc: 49.27%
2024-04-15 12:33 after_fed Round:   6 | Epochs:  30 | Domain: s | loss: 2.6652 | Acc: 40.20%
2024-04-15 12:33 Model saved! Best Val Acc: 51.24%
2024-04-15 12:33 test_domain Round:   6 | Epochs:  30 | Domain: c | loss: 2.1422 | Acc: 48.17%
2024-04-15 12:33 before_fed Round:   7 | Epochs:  35 | Domain: p | loss: 0.2022 | Acc: 94.01%
2024-04-15 12:34 before_fed Round:   7 | Epochs:  35 | Domain: a | loss: 0.6576 | Acc: 80.00%
2024-04-15 12:35 before_fed Round:   7 | Epochs:  35 | Domain: s | loss: 0.4269 | Acc: 84.99%
2024-04-15 12:35 after_fed Round:   7 | Epochs:  35 | Domain: p | loss: 0.6173 | Acc: 80.84%
2024-04-15 12:35 after_fed Round:   7 | Epochs:  35 | Domain: a | loss: 1.7437 | Acc: 50.73%
2024-04-15 12:35 after_fed Round:   7 | Epochs:  35 | Domain: s | loss: 2.5067 | Acc: 41.22%
2024-04-15 12:35 Model saved! Best Val Acc: 52.42%
2024-04-15 12:35 test_domain Round:   7 | Epochs:  35 | Domain: c | loss: 2.0399 | Acc: 49.83%
2024-04-15 12:35 before_fed Round:   8 | Epochs:  40 | Domain: p | loss: 0.1912 | Acc: 92.81%
2024-04-15 12:36 before_fed Round:   8 | Epochs:  40 | Domain: a | loss: 0.6048 | Acc: 82.44%
2024-04-15 12:37 before_fed Round:   8 | Epochs:  40 | Domain: s | loss: 0.4080 | Acc: 85.50%
2024-04-15 12:37 after_fed Round:   8 | Epochs:  40 | Domain: p | loss: 0.5678 | Acc: 80.24%
2024-04-15 12:37 after_fed Round:   8 | Epochs:  40 | Domain: a | loss: 1.6254 | Acc: 53.66%
2024-04-15 12:37 after_fed Round:   8 | Epochs:  40 | Domain: s | loss: 2.3476 | Acc: 42.49%
2024-04-15 12:37 Model saved! Best Val Acc: 53.73%
2024-04-15 12:37 test_domain Round:   8 | Epochs:  40 | Domain: c | loss: 1.9209 | Acc: 51.32%
2024-04-15 12:37 before_fed Round:   9 | Epochs:  45 | Domain: p | loss: 0.1763 | Acc: 94.01%
2024-04-15 12:38 before_fed Round:   9 | Epochs:  45 | Domain: a | loss: 0.5850 | Acc: 82.93%
2024-04-15 12:39 before_fed Round:   9 | Epochs:  45 | Domain: s | loss: 0.3917 | Acc: 86.26%
2024-04-15 12:39 after_fed Round:   9 | Epochs:  45 | Domain: p | loss: 0.5507 | Acc: 82.04%
2024-04-15 12:39 after_fed Round:   9 | Epochs:  45 | Domain: a | loss: 1.5888 | Acc: 55.61%
2024-04-15 12:39 after_fed Round:   9 | Epochs:  45 | Domain: s | loss: 2.3308 | Acc: 42.75%
2024-04-15 12:39 Model saved! Best Val Acc: 54.77%
2024-04-15 12:39 test_domain Round:   9 | Epochs:  45 | Domain: c | loss: 1.8754 | Acc: 51.92%
2024-04-15 12:39 before_fed Round:  10 | Epochs:  50 | Domain: p | loss: 0.2019 | Acc: 93.41%
2024-04-15 12:40 before_fed Round:  10 | Epochs:  50 | Domain: a | loss: 0.7740 | Acc: 74.63%
2024-04-15 12:40 before_fed Round:  10 | Epochs:  50 | Domain: s | loss: 0.3932 | Acc: 87.79%
2024-04-15 12:41 after_fed Round:  10 | Epochs:  50 | Domain: p | loss: 0.5310 | Acc: 82.04%
2024-04-15 12:41 after_fed Round:  10 | Epochs:  50 | Domain: a | loss: 1.5517 | Acc: 54.63%
2024-04-15 12:41 after_fed Round:  10 | Epochs:  50 | Domain: s | loss: 2.1742 | Acc: 44.27%
2024-04-15 12:41 Model saved! Best Val Acc: 55.30%
2024-04-15 12:41 test_domain Round:  10 | Epochs:  50 | Domain: c | loss: 1.8387 | Acc: 53.11%
