2024-04-22 16:08 comment: scaffold, mobilenetv1 pretrained, pacs on s
2024-04-22 16:08 before_fed Round:   0 | Epochs:   0 | Domain: p | loss: 2.9375 | Acc: 59.88%
2024-04-22 16:08 before_fed Round:   0 | Epochs:   0 | Domain: a | loss: 3.0732 | Acc: 48.78%
2024-04-22 16:09 before_fed Round:   0 | Epochs:   0 | Domain: c | loss: 2.2471 | Acc: 51.91%
2024-04-22 16:09 after_fed Round:   0 | Epochs:   0 | Domain: p | loss: 3.5833 | Acc: 46.11%
2024-04-22 16:09 after_fed Round:   0 | Epochs:   0 | Domain: a | loss: 4.9015 | Acc: 24.39%
2024-04-22 16:09 after_fed Round:   0 | Epochs:   0 | Domain: c | loss: 5.7237 | Acc: 8.51%
2024-04-22 16:09 Model saved! Best Val Acc: 24.23%
2024-04-22 16:09 test_domain Round:   0 | Epochs:   0 | Domain: s | loss: 8.8514 | Acc: 0.00%
2024-04-22 16:09 before_fed Round:   1 | Epochs:   5 | Domain: p | loss: 0.6862 | Acc: 81.44%
2024-04-22 16:10 before_fed Round:   1 | Epochs:   5 | Domain: a | loss: 1.0395 | Acc: 71.71%
2024-04-22 16:10 before_fed Round:   1 | Epochs:   5 | Domain: c | loss: 0.8966 | Acc: 77.45%
2024-04-22 16:10 after_fed Round:   1 | Epochs:   5 | Domain: p | loss: 0.9314 | Acc: 74.25%
2024-04-22 16:10 after_fed Round:   1 | Epochs:   5 | Domain: a | loss: 2.1325 | Acc: 49.76%
2024-04-22 16:10 after_fed Round:   1 | Epochs:   5 | Domain: c | loss: 2.4705 | Acc: 45.53%
2024-04-22 16:10 Model saved! Best Val Acc: 54.87%
2024-04-22 16:10 test_domain Round:   1 | Epochs:   5 | Domain: s | loss: 6.3407 | Acc: 1.53%
2024-04-22 16:11 before_fed Round:   2 | Epochs:  10 | Domain: p | loss: 0.2705 | Acc: 92.81%
2024-04-22 16:11 before_fed Round:   2 | Epochs:  10 | Domain: a | loss: 0.7606 | Acc: 77.07%
2024-04-22 16:12 before_fed Round:   2 | Epochs:  10 | Domain: c | loss: 0.7609 | Acc: 80.43%
2024-04-22 16:12 after_fed Round:   2 | Epochs:  10 | Domain: p | loss: 0.5428 | Acc: 82.63%
2024-04-22 16:12 after_fed Round:   2 | Epochs:  10 | Domain: a | loss: 1.4806 | Acc: 60.98%
2024-04-22 16:12 after_fed Round:   2 | Epochs:  10 | Domain: c | loss: 1.6756 | Acc: 58.30%
2024-04-22 16:12 Model saved! Best Val Acc: 65.91%
2024-04-22 16:12 test_domain Round:   2 | Epochs:  10 | Domain: s | loss: 5.0760 | Acc: 17.79%
2024-04-22 16:12 before_fed Round:   3 | Epochs:  15 | Domain: p | loss: 0.2334 | Acc: 91.62%
2024-04-22 16:13 before_fed Round:   3 | Epochs:  15 | Domain: a | loss: 0.6625 | Acc: 79.02%
2024-04-22 16:13 before_fed Round:   3 | Epochs:  15 | Domain: c | loss: 0.7071 | Acc: 80.00%
2024-04-22 16:13 after_fed Round:   3 | Epochs:  15 | Domain: p | loss: 0.4102 | Acc: 89.22%
2024-04-22 16:13 after_fed Round:   3 | Epochs:  15 | Domain: a | loss: 1.2073 | Acc: 65.85%
2024-04-22 16:13 after_fed Round:   3 | Epochs:  15 | Domain: c | loss: 1.3724 | Acc: 63.83%
2024-04-22 16:13 Model saved! Best Val Acc: 71.51%
2024-04-22 16:13 test_domain Round:   3 | Epochs:  15 | Domain: s | loss: 3.9519 | Acc: 22.30%
2024-04-22 16:14 before_fed Round:   4 | Epochs:  20 | Domain: p | loss: 0.1919 | Acc: 92.81%
2024-04-22 16:14 before_fed Round:   4 | Epochs:  20 | Domain: a | loss: 0.5990 | Acc: 81.46%
2024-04-22 16:14 before_fed Round:   4 | Epochs:  20 | Domain: c | loss: 0.6007 | Acc: 82.98%
2024-04-22 16:14 after_fed Round:   4 | Epochs:  20 | Domain: p | loss: 0.3174 | Acc: 90.42%
2024-04-22 16:14 after_fed Round:   4 | Epochs:  20 | Domain: a | loss: 1.0715 | Acc: 68.29%
2024-04-22 16:14 after_fed Round:   4 | Epochs:  20 | Domain: c | loss: 1.1417 | Acc: 68.09%
2024-04-22 16:14 Model saved! Best Val Acc: 74.31%
2024-04-22 16:14 test_domain Round:   4 | Epochs:  20 | Domain: s | loss: 3.8488 | Acc: 22.73%
2024-04-22 16:15 before_fed Round:   5 | Epochs:  25 | Domain: p | loss: 0.1557 | Acc: 95.21%
2024-04-22 16:15 before_fed Round:   5 | Epochs:  25 | Domain: a | loss: 0.5686 | Acc: 83.90%
2024-04-22 16:16 before_fed Round:   5 | Epochs:  25 | Domain: c | loss: 0.5897 | Acc: 81.70%
2024-04-22 16:16 after_fed Round:   5 | Epochs:  25 | Domain: p | loss: 0.2938 | Acc: 90.42%
2024-04-22 16:16 after_fed Round:   5 | Epochs:  25 | Domain: a | loss: 0.9949 | Acc: 69.27%
2024-04-22 16:16 after_fed Round:   5 | Epochs:  25 | Domain: c | loss: 1.1022 | Acc: 68.09%
2024-04-22 16:16 Model saved! Best Val Acc: 74.64%
2024-04-22 16:16 test_domain Round:   5 | Epochs:  25 | Domain: s | loss: 3.6548 | Acc: 22.65%
2024-04-22 16:16 before_fed Round:   6 | Epochs:  30 | Domain: p | loss: 0.1425 | Acc: 95.21%
2024-04-22 16:17 before_fed Round:   6 | Epochs:  30 | Domain: a | loss: 0.5223 | Acc: 84.39%
2024-04-22 16:17 before_fed Round:   6 | Epochs:  30 | Domain: c | loss: 0.5396 | Acc: 82.98%
2024-04-22 16:17 after_fed Round:   6 | Epochs:  30 | Domain: p | loss: 0.2549 | Acc: 91.02%
2024-04-22 16:17 after_fed Round:   6 | Epochs:  30 | Domain: a | loss: 0.8934 | Acc: 75.12%
2024-04-22 16:17 after_fed Round:   6 | Epochs:  30 | Domain: c | loss: 0.9922 | Acc: 71.06%
2024-04-22 16:17 Model saved! Best Val Acc: 77.93%
2024-04-22 16:17 test_domain Round:   6 | Epochs:  30 | Domain: s | loss: 3.4287 | Acc: 23.87%
2024-04-22 16:18 before_fed Round:   7 | Epochs:  35 | Domain: p | loss: 0.1189 | Acc: 96.41%
2024-04-22 16:18 before_fed Round:   7 | Epochs:  35 | Domain: a | loss: 0.4929 | Acc: 84.39%
2024-04-22 16:18 before_fed Round:   7 | Epochs:  35 | Domain: c | loss: 0.4896 | Acc: 85.11%
2024-04-22 16:18 after_fed Round:   7 | Epochs:  35 | Domain: p | loss: 0.2320 | Acc: 93.41%
2024-04-22 16:19 after_fed Round:   7 | Epochs:  35 | Domain: a | loss: 0.8376 | Acc: 74.15%
2024-04-22 16:19 after_fed Round:   7 | Epochs:  35 | Domain: c | loss: 0.8914 | Acc: 72.77%
2024-04-22 16:19 Model saved! Best Val Acc: 78.92%
2024-04-22 16:19 test_domain Round:   7 | Epochs:  35 | Domain: s | loss: 2.9482 | Acc: 27.13%
2024-04-22 16:19 before_fed Round:   8 | Epochs:  40 | Domain: p | loss: 0.1160 | Acc: 95.81%
2024-04-22 16:19 before_fed Round:   8 | Epochs:  40 | Domain: a | loss: 0.4714 | Acc: 87.32%
2024-04-22 16:20 before_fed Round:   8 | Epochs:  40 | Domain: c | loss: 0.4806 | Acc: 84.26%
2024-04-22 16:20 after_fed Round:   8 | Epochs:  40 | Domain: p | loss: 0.2229 | Acc: 92.22%
2024-04-22 16:20 after_fed Round:   8 | Epochs:  40 | Domain: a | loss: 0.7806 | Acc: 75.61%
2024-04-22 16:20 after_fed Round:   8 | Epochs:  40 | Domain: c | loss: 0.8333 | Acc: 73.62%
2024-04-22 16:20 Model saved! Best Val Acc: 79.41%
2024-04-22 16:20 test_domain Round:   8 | Epochs:  40 | Domain: s | loss: 2.8132 | Acc: 28.46%
2024-04-22 16:20 before_fed Round:   9 | Epochs:  45 | Domain: p | loss: 0.1162 | Acc: 96.41%
2024-04-22 16:21 before_fed Round:   9 | Epochs:  45 | Domain: a | loss: 0.4653 | Acc: 86.83%
2024-04-22 16:21 before_fed Round:   9 | Epochs:  45 | Domain: c | loss: 0.4563 | Acc: 85.11%
2024-04-22 16:21 after_fed Round:   9 | Epochs:  45 | Domain: p | loss: 0.1999 | Acc: 92.81%
2024-04-22 16:21 after_fed Round:   9 | Epochs:  45 | Domain: a | loss: 0.7579 | Acc: 76.59%
2024-04-22 16:21 after_fed Round:   9 | Epochs:  45 | Domain: c | loss: 0.8162 | Acc: 73.62%
2024-04-22 16:21 Model saved! Best Val Acc: 79.91%
2024-04-22 16:21 test_domain Round:   9 | Epochs:  45 | Domain: s | loss: 2.8568 | Acc: 27.23%
2024-04-22 16:22 before_fed Round:  10 | Epochs:  50 | Domain: p | loss: 0.1401 | Acc: 94.61%
2024-04-22 16:22 before_fed Round:  10 | Epochs:  50 | Domain: a | loss: 0.5044 | Acc: 82.93%
2024-04-22 16:23 before_fed Round:  10 | Epochs:  50 | Domain: c | loss: 0.5225 | Acc: 82.98%
2024-04-22 16:23 after_fed Round:  10 | Epochs:  50 | Domain: p | loss: 0.2211 | Acc: 92.22%
2024-04-22 16:23 after_fed Round:  10 | Epochs:  50 | Domain: a | loss: 0.7937 | Acc: 74.63%
2024-04-22 16:23 after_fed Round:  10 | Epochs:  50 | Domain: c | loss: 0.8419 | Acc: 74.04%
2024-04-22 16:23 test_domain Round:  10 | Epochs:  50 | Domain: s | loss: 2.8387 | Acc: 29.02%
