2024-04-16 13:35 comment: RSC, mobilenetv1 pretrained, pacs on c
2024-04-16 13:36 before_fed Round:   0 | Epochs:   0 | Domain: p | loss: 0.8284 | Acc: 88.02%
2024-04-16 13:36 before_fed Round:   0 | Epochs:   0 | Domain: a | loss: 1.1703 | Acc: 79.51%
2024-04-16 13:37 before_fed Round:   0 | Epochs:   0 | Domain: s | loss: 0.3263 | Acc: 88.30%
2024-04-16 13:37 after_fed Round:   0 | Epochs:   0 | Domain: p | loss: 2.0949 | Acc: 51.50%
2024-04-16 13:37 after_fed Round:   0 | Epochs:   0 | Domain: a | loss: 2.9771 | Acc: 42.93%
2024-04-16 13:37 after_fed Round:   0 | Epochs:   0 | Domain: s | loss: 0.5440 | Acc: 82.70%
2024-04-16 13:37 Model saved! Best Val Acc: 65.23%
2024-04-16 13:37 test_domain Round:   0 | Epochs:   0 | Domain: c | loss: 2.8765 | Acc: 43.64%
2024-04-16 13:37 before_fed Round:   1 | Epochs:   5 | Domain: p | loss: 0.0694 | Acc: 97.01%
2024-04-16 13:38 before_fed Round:   1 | Epochs:   5 | Domain: a | loss: 0.6445 | Acc: 83.41%
2024-04-16 13:39 before_fed Round:   1 | Epochs:   5 | Domain: s | loss: 0.5087 | Acc: 88.30%
2024-04-16 13:39 after_fed Round:   1 | Epochs:   5 | Domain: p | loss: 1.2179 | Acc: 68.86%
2024-04-16 13:39 after_fed Round:   1 | Epochs:   5 | Domain: a | loss: 4.3598 | Acc: 25.37%
2024-04-16 13:39 after_fed Round:   1 | Epochs:   5 | Domain: s | loss: 0.5880 | Acc: 85.24%
2024-04-16 13:39 Model saved! Best Val Acc: 65.63%
2024-04-16 13:39 test_domain Round:   1 | Epochs:   5 | Domain: c | loss: 1.8431 | Acc: 55.42%
2024-04-16 13:39 before_fed Round:   2 | Epochs:  10 | Domain: p | loss: 0.1175 | Acc: 95.81%
2024-04-16 13:40 before_fed Round:   2 | Epochs:  10 | Domain: a | loss: 0.7996 | Acc: 82.93%
2024-04-16 13:40 before_fed Round:   2 | Epochs:  10 | Domain: s | loss: 0.3574 | Acc: 92.11%
2024-04-16 13:40 after_fed Round:   2 | Epochs:  10 | Domain: p | loss: 0.7815 | Acc: 76.05%
2024-04-16 13:40 after_fed Round:   2 | Epochs:  10 | Domain: a | loss: 1.1938 | Acc: 71.22%
2024-04-16 13:40 after_fed Round:   2 | Epochs:  10 | Domain: s | loss: 0.3444 | Acc: 90.59%
2024-04-16 13:40 Model saved! Best Val Acc: 82.22%
2024-04-16 13:41 test_domain Round:   2 | Epochs:  10 | Domain: c | loss: 1.8201 | Acc: 63.95%
2024-04-16 13:41 before_fed Round:   3 | Epochs:  15 | Domain: p | loss: 0.1526 | Acc: 95.81%
2024-04-16 13:41 before_fed Round:   3 | Epochs:  15 | Domain: a | loss: 0.8673 | Acc: 81.95%
2024-04-16 13:42 before_fed Round:   3 | Epochs:  15 | Domain: s | loss: 0.4587 | Acc: 90.33%
2024-04-16 13:42 after_fed Round:   3 | Epochs:  15 | Domain: p | loss: 0.6205 | Acc: 82.63%
2024-04-16 13:42 after_fed Round:   3 | Epochs:  15 | Domain: a | loss: 1.4241 | Acc: 63.41%
2024-04-16 13:42 after_fed Round:   3 | Epochs:  15 | Domain: s | loss: 0.6579 | Acc: 86.26%
2024-04-16 13:42 test_domain Round:   3 | Epochs:  15 | Domain: c | loss: 2.2218 | Acc: 60.96%
2024-04-16 13:43 before_fed Round:   4 | Epochs:  20 | Domain: p | loss: 0.1532 | Acc: 95.21%
2024-04-16 13:43 before_fed Round:   4 | Epochs:  20 | Domain: a | loss: 0.8803 | Acc: 80.00%
2024-04-16 13:44 before_fed Round:   4 | Epochs:  20 | Domain: s | loss: 0.4543 | Acc: 89.06%
2024-04-16 13:44 after_fed Round:   4 | Epochs:  20 | Domain: p | loss: 0.6765 | Acc: 80.84%
2024-04-16 13:44 after_fed Round:   4 | Epochs:  20 | Domain: a | loss: 1.8319 | Acc: 56.59%
2024-04-16 13:44 after_fed Round:   4 | Epochs:  20 | Domain: s | loss: 0.3442 | Acc: 91.09%
2024-04-16 13:44 test_domain Round:   4 | Epochs:  20 | Domain: c | loss: 1.9267 | Acc: 63.40%
2024-04-16 13:44 before_fed Round:   5 | Epochs:  25 | Domain: p | loss: 0.2281 | Acc: 94.61%
2024-04-16 13:45 before_fed Round:   5 | Epochs:  25 | Domain: a | loss: 0.9789 | Acc: 79.51%
2024-04-16 13:46 before_fed Round:   5 | Epochs:  25 | Domain: s | loss: 0.4876 | Acc: 92.37%
2024-04-16 13:46 after_fed Round:   5 | Epochs:  25 | Domain: p | loss: 0.6773 | Acc: 85.03%
2024-04-16 13:46 after_fed Round:   5 | Epochs:  25 | Domain: a | loss: 1.1647 | Acc: 71.22%
2024-04-16 13:46 after_fed Round:   5 | Epochs:  25 | Domain: s | loss: 0.3939 | Acc: 91.86%
2024-04-16 13:46 Model saved! Best Val Acc: 84.84%
2024-04-16 13:46 test_domain Round:   5 | Epochs:  25 | Domain: c | loss: 1.7944 | Acc: 70.05%
2024-04-16 13:46 before_fed Round:   6 | Epochs:  30 | Domain: p | loss: 0.2018 | Acc: 95.81%
2024-04-16 13:47 before_fed Round:   6 | Epochs:  30 | Domain: a | loss: 0.9983 | Acc: 78.54%
2024-04-16 13:47 before_fed Round:   6 | Epochs:  30 | Domain: s | loss: 0.4700 | Acc: 91.60%
2024-04-16 13:47 after_fed Round:   6 | Epochs:  30 | Domain: p | loss: 0.4996 | Acc: 89.82%
2024-04-16 13:47 after_fed Round:   6 | Epochs:  30 | Domain: a | loss: 1.4151 | Acc: 65.85%
2024-04-16 13:47 after_fed Round:   6 | Epochs:  30 | Domain: s | loss: 0.3989 | Acc: 91.86%
2024-04-16 13:47 test_domain Round:   6 | Epochs:  30 | Domain: c | loss: 1.7211 | Acc: 69.07%
2024-04-16 13:48 before_fed Round:   7 | Epochs:  35 | Domain: p | loss: 0.1993 | Acc: 94.61%
2024-04-16 13:48 before_fed Round:   7 | Epochs:  35 | Domain: a | loss: 1.2704 | Acc: 79.51%
2024-04-16 13:49 before_fed Round:   7 | Epochs:  35 | Domain: s | loss: 0.3954 | Acc: 92.62%
2024-04-16 13:49 after_fed Round:   7 | Epochs:  35 | Domain: p | loss: 0.6150 | Acc: 85.63%
2024-04-16 13:49 after_fed Round:   7 | Epochs:  35 | Domain: a | loss: 1.5609 | Acc: 62.93%
2024-04-16 13:49 after_fed Round:   7 | Epochs:  35 | Domain: s | loss: 0.3026 | Acc: 92.11%
2024-04-16 13:49 test_domain Round:   7 | Epochs:  35 | Domain: c | loss: 2.2681 | Acc: 67.53%
2024-04-16 13:50 before_fed Round:   8 | Epochs:  40 | Domain: p | loss: 0.2668 | Acc: 92.81%
2024-04-16 13:50 before_fed Round:   8 | Epochs:  40 | Domain: a | loss: 0.8208 | Acc: 80.98%
2024-04-16 13:51 before_fed Round:   8 | Epochs:  40 | Domain: s | loss: 0.3028 | Acc: 93.89%
2024-04-16 13:51 after_fed Round:   8 | Epochs:  40 | Domain: p | loss: 0.5284 | Acc: 89.82%
2024-04-16 13:51 after_fed Round:   8 | Epochs:  40 | Domain: a | loss: 2.4342 | Acc: 65.85%
2024-04-16 13:51 after_fed Round:   8 | Epochs:  40 | Domain: s | loss: 0.3580 | Acc: 93.13%
2024-04-16 13:51 Model saved! Best Val Acc: 85.10%
2024-04-16 13:51 test_domain Round:   8 | Epochs:  40 | Domain: c | loss: 3.0921 | Acc: 66.04%
2024-04-16 13:51 before_fed Round:   9 | Epochs:  45 | Domain: p | loss: 0.3265 | Acc: 94.61%
2024-04-16 13:52 before_fed Round:   9 | Epochs:  45 | Domain: a | loss: 0.7627 | Acc: 85.85%
2024-04-16 13:52 before_fed Round:   9 | Epochs:  45 | Domain: s | loss: 0.3991 | Acc: 91.35%
2024-04-16 13:52 after_fed Round:   9 | Epochs:  45 | Domain: p | loss: 0.5321 | Acc: 86.83%
2024-04-16 13:52 after_fed Round:   9 | Epochs:  45 | Domain: a | loss: 3.2754 | Acc: 60.49%
2024-04-16 13:53 after_fed Round:   9 | Epochs:  45 | Domain: s | loss: 0.3847 | Acc: 91.86%
2024-04-16 13:53 test_domain Round:   9 | Epochs:  45 | Domain: c | loss: 3.7346 | Acc: 64.51%
2024-04-16 13:53 before_fed Round:  10 | Epochs:  50 | Domain: p | loss: 0.3130 | Acc: 95.21%
2024-04-16 13:54 before_fed Round:  10 | Epochs:  50 | Domain: a | loss: 0.7297 | Acc: 85.85%
2024-04-16 13:54 before_fed Round:  10 | Epochs:  50 | Domain: s | loss: 0.3027 | Acc: 92.62%
2024-04-16 13:54 after_fed Round:  10 | Epochs:  50 | Domain: p | loss: 0.4430 | Acc: 89.82%
2024-04-16 13:54 after_fed Round:  10 | Epochs:  50 | Domain: a | loss: 2.3870 | Acc: 65.37%
2024-04-16 13:54 after_fed Round:  10 | Epochs:  50 | Domain: s | loss: 0.3543 | Acc: 92.37%
2024-04-16 13:54 test_domain Round:  10 | Epochs:  50 | Domain: c | loss: 3.3576 | Acc: 65.57%
