2024-04-16 16:13 comment: RSC, ccnet(3heads), vlcs on c
2024-04-16 16:14 before_fed Round:   0 | Epochs:   0 | Domain: v | loss: 2.2340 | Acc: 77.12%
2024-04-16 16:15 before_fed Round:   0 | Epochs:   0 | Domain: l | loss: 2.3030 | Acc: 67.38%
2024-04-16 16:15 before_fed Round:   0 | Epochs:   0 | Domain: s | loss: 2.0914 | Acc: 74.35%
2024-04-16 16:15 after_fed Round:   0 | Epochs:   0 | Domain: v | loss: 2.2999 | Acc: 76.69%
2024-04-16 16:16 after_fed Round:   0 | Epochs:   0 | Domain: l | loss: 4.1860 | Acc: 64.17%
2024-04-16 16:16 after_fed Round:   0 | Epochs:   0 | Domain: s | loss: 1.7146 | Acc: 75.22%
2024-04-16 16:16 Model saved! Best Val Acc: 72.60%
2024-04-16 16:16 test_domain Round:   0 | Epochs:   0 | Domain: c | loss: 2.1206 | Acc: 68.87%
2024-04-16 16:16 before_fed Round:   1 | Epochs:   5 | Domain: v | loss: 3.4876 | Acc: 75.00%
2024-04-16 16:17 before_fed Round:   1 | Epochs:   5 | Domain: l | loss: 3.1340 | Acc: 72.73%
2024-04-16 16:18 before_fed Round:   1 | Epochs:   5 | Domain: s | loss: 2.7585 | Acc: 74.78%
2024-04-16 16:18 after_fed Round:   1 | Epochs:   5 | Domain: v | loss: 3.0185 | Acc: 74.58%
2024-04-16 16:18 after_fed Round:   1 | Epochs:   5 | Domain: l | loss: 4.3015 | Acc: 65.78%
2024-04-16 16:18 after_fed Round:   1 | Epochs:   5 | Domain: s | loss: 2.0918 | Acc: 77.39%
2024-04-16 16:18 Model saved! Best Val Acc: 73.06%
2024-04-16 16:18 test_domain Round:   1 | Epochs:   5 | Domain: c | loss: 0.9912 | Acc: 93.16%
2024-04-16 16:19 before_fed Round:   2 | Epochs:  10 | Domain: v | loss: 4.0058 | Acc: 75.85%
2024-04-16 16:19 before_fed Round:   2 | Epochs:  10 | Domain: l | loss: 4.0966 | Acc: 69.52%
2024-04-16 16:20 before_fed Round:   2 | Epochs:  10 | Domain: s | loss: 3.6395 | Acc: 73.04%
2024-04-16 16:20 after_fed Round:   2 | Epochs:  10 | Domain: v | loss: 3.2741 | Acc: 77.97%
2024-04-16 16:20 after_fed Round:   2 | Epochs:  10 | Domain: l | loss: 5.4119 | Acc: 65.24%
2024-04-16 16:20 after_fed Round:   2 | Epochs:  10 | Domain: s | loss: 2.5677 | Acc: 77.83%
2024-04-16 16:20 Model saved! Best Val Acc: 74.29%
2024-04-16 16:20 test_domain Round:   2 | Epochs:  10 | Domain: c | loss: 1.0480 | Acc: 94.10%
2024-04-16 16:21 before_fed Round:   3 | Epochs:  15 | Domain: v | loss: 4.4502 | Acc: 77.12%
2024-04-16 16:22 before_fed Round:   3 | Epochs:  15 | Domain: l | loss: 4.5687 | Acc: 68.98%
2024-04-16 16:23 before_fed Round:   3 | Epochs:  15 | Domain: s | loss: 4.1294 | Acc: 74.78%
2024-04-16 16:23 after_fed Round:   3 | Epochs:  15 | Domain: v | loss: 3.5194 | Acc: 77.97%
2024-04-16 16:23 after_fed Round:   3 | Epochs:  15 | Domain: l | loss: 6.1382 | Acc: 62.03%
2024-04-16 16:23 after_fed Round:   3 | Epochs:  15 | Domain: s | loss: 2.9986 | Acc: 77.39%
2024-04-16 16:23 test_domain Round:   3 | Epochs:  15 | Domain: c | loss: 0.9334 | Acc: 93.87%
2024-04-16 16:24 before_fed Round:   4 | Epochs:  20 | Domain: v | loss: 5.2291 | Acc: 75.42%
2024-04-16 16:24 before_fed Round:   4 | Epochs:  20 | Domain: l | loss: 5.0808 | Acc: 68.45%
2024-04-16 16:25 before_fed Round:   4 | Epochs:  20 | Domain: s | loss: 4.4614 | Acc: 73.04%
2024-04-16 16:25 after_fed Round:   4 | Epochs:  20 | Domain: v | loss: 3.9969 | Acc: 78.39%
2024-04-16 16:25 after_fed Round:   4 | Epochs:  20 | Domain: l | loss: 6.5436 | Acc: 63.10%
2024-04-16 16:25 after_fed Round:   4 | Epochs:  20 | Domain: s | loss: 3.4246 | Acc: 75.22%
2024-04-16 16:25 test_domain Round:   4 | Epochs:  20 | Domain: c | loss: 0.9264 | Acc: 94.58%
2024-04-16 16:26 before_fed Round:   5 | Epochs:  25 | Domain: v | loss: 5.2592 | Acc: 77.97%
2024-04-16 16:27 before_fed Round:   5 | Epochs:  25 | Domain: l | loss: 5.5337 | Acc: 70.05%
2024-04-16 16:28 before_fed Round:   5 | Epochs:  25 | Domain: s | loss: 4.8346 | Acc: 73.91%
2024-04-16 16:28 after_fed Round:   5 | Epochs:  25 | Domain: v | loss: 4.1100 | Acc: 78.39%
2024-04-16 16:28 after_fed Round:   5 | Epochs:  25 | Domain: l | loss: 8.4339 | Acc: 62.03%
2024-04-16 16:28 after_fed Round:   5 | Epochs:  25 | Domain: s | loss: 3.8405 | Acc: 74.35%
2024-04-16 16:28 test_domain Round:   5 | Epochs:  25 | Domain: c | loss: 0.9797 | Acc: 94.10%
2024-04-16 16:29 before_fed Round:   6 | Epochs:  30 | Domain: v | loss: 5.3160 | Acc: 75.42%
2024-04-16 16:29 before_fed Round:   6 | Epochs:  30 | Domain: l | loss: 6.0429 | Acc: 66.84%
2024-04-16 16:30 before_fed Round:   6 | Epochs:  30 | Domain: s | loss: 5.4447 | Acc: 73.91%
2024-04-16 16:30 after_fed Round:   6 | Epochs:  30 | Domain: v | loss: 4.5686 | Acc: 78.39%
2024-04-16 16:30 after_fed Round:   6 | Epochs:  30 | Domain: l | loss: 8.0212 | Acc: 63.64%
2024-04-16 16:30 after_fed Round:   6 | Epochs:  30 | Domain: s | loss: 4.0383 | Acc: 75.22%
2024-04-16 16:30 test_domain Round:   6 | Epochs:  30 | Domain: c | loss: 1.1294 | Acc: 93.63%
2024-04-16 16:31 before_fed Round:   7 | Epochs:  35 | Domain: v | loss: 5.5842 | Acc: 74.58%
2024-04-16 16:32 before_fed Round:   7 | Epochs:  35 | Domain: l | loss: 6.8395 | Acc: 66.31%
2024-04-16 16:32 before_fed Round:   7 | Epochs:  35 | Domain: s | loss: 6.0672 | Acc: 76.09%
2024-04-16 16:32 after_fed Round:   7 | Epochs:  35 | Domain: v | loss: 4.9601 | Acc: 74.58%
2024-04-16 16:33 after_fed Round:   7 | Epochs:  35 | Domain: l | loss: 9.4042 | Acc: 61.50%
2024-04-16 16:33 after_fed Round:   7 | Epochs:  35 | Domain: s | loss: 4.2274 | Acc: 75.22%
2024-04-16 16:33 test_domain Round:   7 | Epochs:  35 | Domain: c | loss: 1.2209 | Acc: 93.16%
2024-04-16 16:33 before_fed Round:   8 | Epochs:  40 | Domain: v | loss: 4.6006 | Acc: 74.58%
2024-04-16 16:34 before_fed Round:   8 | Epochs:  40 | Domain: l | loss: 6.5547 | Acc: 66.31%
2024-04-16 16:35 before_fed Round:   8 | Epochs:  40 | Domain: s | loss: 4.4640 | Acc: 74.78%
2024-04-16 16:35 after_fed Round:   8 | Epochs:  40 | Domain: v | loss: 4.9625 | Acc: 73.73%
2024-04-16 16:35 after_fed Round:   8 | Epochs:  40 | Domain: l | loss: 7.3313 | Acc: 63.10%
2024-04-16 16:35 after_fed Round:   8 | Epochs:  40 | Domain: s | loss: 4.1329 | Acc: 74.35%
2024-04-16 16:35 test_domain Round:   8 | Epochs:  40 | Domain: c | loss: 1.1662 | Acc: 93.40%
2024-04-16 16:36 before_fed Round:   9 | Epochs:  45 | Domain: v | loss: 4.6592 | Acc: 77.12%
2024-04-16 16:37 before_fed Round:   9 | Epochs:  45 | Domain: l | loss: 5.7307 | Acc: 65.78%
2024-04-16 16:37 before_fed Round:   9 | Epochs:  45 | Domain: s | loss: 4.9051 | Acc: 74.35%
2024-04-16 16:37 after_fed Round:   9 | Epochs:  45 | Domain: v | loss: 4.7652 | Acc: 75.00%
2024-04-16 16:37 after_fed Round:   9 | Epochs:  45 | Domain: l | loss: 8.3862 | Acc: 62.57%
2024-04-16 16:37 after_fed Round:   9 | Epochs:  45 | Domain: s | loss: 4.0878 | Acc: 74.78%
2024-04-16 16:37 test_domain Round:   9 | Epochs:  45 | Domain: c | loss: 1.0673 | Acc: 93.63%
2024-04-16 16:38 before_fed Round:  10 | Epochs:  50 | Domain: v | loss: 4.7105 | Acc: 77.54%
2024-04-16 16:39 before_fed Round:  10 | Epochs:  50 | Domain: l | loss: 5.9404 | Acc: 66.31%
2024-04-16 16:40 before_fed Round:  10 | Epochs:  50 | Domain: s | loss: 4.5912 | Acc: 74.35%
2024-04-16 16:40 after_fed Round:  10 | Epochs:  50 | Domain: v | loss: 4.7980 | Acc: 75.00%
2024-04-16 16:40 after_fed Round:  10 | Epochs:  50 | Domain: l | loss: 8.2922 | Acc: 66.31%
2024-04-16 16:40 after_fed Round:  10 | Epochs:  50 | Domain: s | loss: 4.0999 | Acc: 74.35%
2024-04-16 16:40 test_domain Round:  10 | Epochs:  50 | Domain: c | loss: 1.0737 | Acc: 94.10%
