2024-04-16 15:17 comment: scaffold, ccnet(3heads), pacs on p
2024-04-16 15:19 before_fed Round:   0 | Epochs:   0 | Domain: a | loss: 0.9663 | Acc: 70.24%
2024-04-16 15:19 before_fed Round:   0 | Epochs:   0 | Domain: c | loss: 0.9052 | Acc: 68.51%
2024-04-16 15:20 before_fed Round:   0 | Epochs:   0 | Domain: s | loss: 0.8589 | Acc: 65.39%
2024-04-16 15:20 after_fed Round:   0 | Epochs:   0 | Domain: a | loss: 1.2277 | Acc: 63.90%
2024-04-16 15:21 after_fed Round:   0 | Epochs:   0 | Domain: c | loss: 1.0853 | Acc: 62.98%
2024-04-16 15:21 after_fed Round:   0 | Epochs:   0 | Domain: s | loss: 0.9232 | Acc: 63.36%
2024-04-16 15:21 Model saved! Best Val Acc: 63.39%
2024-04-16 15:21 test_domain Round:   0 | Epochs:   0 | Domain: p | loss: 1.1236 | Acc: 64.97%
2024-04-16 15:21 before_fed Round:   1 | Epochs:   5 | Domain: a | loss: 0.5918 | Acc: 82.44%
2024-04-16 15:22 before_fed Round:   1 | Epochs:   5 | Domain: c | loss: 0.6768 | Acc: 73.62%
2024-04-16 15:23 before_fed Round:   1 | Epochs:   5 | Domain: s | loss: 0.6966 | Acc: 72.52%
2024-04-16 15:23 after_fed Round:   1 | Epochs:   5 | Domain: a | loss: 0.8304 | Acc: 72.20%
2024-04-16 15:23 after_fed Round:   1 | Epochs:   5 | Domain: c | loss: 0.8234 | Acc: 71.06%
2024-04-16 15:23 after_fed Round:   1 | Epochs:   5 | Domain: s | loss: 0.7207 | Acc: 70.48%
2024-04-16 15:23 Model saved! Best Val Acc: 71.07%
2024-04-16 15:23 test_domain Round:   1 | Epochs:   5 | Domain: p | loss: 0.6377 | Acc: 84.01%
2024-04-16 15:24 before_fed Round:   2 | Epochs:  10 | Domain: a | loss: 0.5282 | Acc: 82.93%
2024-04-16 15:25 before_fed Round:   2 | Epochs:  10 | Domain: c | loss: 0.6195 | Acc: 77.45%
2024-04-16 15:26 before_fed Round:   2 | Epochs:  10 | Domain: s | loss: 0.6264 | Acc: 75.32%
2024-04-16 15:26 after_fed Round:   2 | Epochs:  10 | Domain: a | loss: 0.6995 | Acc: 75.61%
2024-04-16 15:26 after_fed Round:   2 | Epochs:  10 | Domain: c | loss: 0.7612 | Acc: 73.19%
2024-04-16 15:26 after_fed Round:   2 | Epochs:  10 | Domain: s | loss: 0.6543 | Acc: 73.54%
2024-04-16 15:26 Model saved! Best Val Acc: 73.95%
2024-04-16 15:26 test_domain Round:   2 | Epochs:  10 | Domain: p | loss: 0.4882 | Acc: 87.60%
2024-04-16 15:27 before_fed Round:   3 | Epochs:  15 | Domain: a | loss: 0.5023 | Acc: 81.95%
2024-04-16 15:28 before_fed Round:   3 | Epochs:  15 | Domain: c | loss: 0.5959 | Acc: 77.87%
2024-04-16 15:29 before_fed Round:   3 | Epochs:  15 | Domain: s | loss: 0.5930 | Acc: 76.08%
2024-04-16 15:29 after_fed Round:   3 | Epochs:  15 | Domain: a | loss: 0.6366 | Acc: 78.05%
2024-04-16 15:29 after_fed Round:   3 | Epochs:  15 | Domain: c | loss: 0.7266 | Acc: 74.47%
2024-04-16 15:29 after_fed Round:   3 | Epochs:  15 | Domain: s | loss: 0.6176 | Acc: 74.05%
2024-04-16 15:29 Model saved! Best Val Acc: 75.15%
2024-04-16 15:29 test_domain Round:   3 | Epochs:  15 | Domain: p | loss: 0.4207 | Acc: 88.68%
2024-04-16 15:30 before_fed Round:   4 | Epochs:  20 | Domain: a | loss: 0.4865 | Acc: 81.95%
2024-04-16 15:30 before_fed Round:   4 | Epochs:  20 | Domain: c | loss: 0.5719 | Acc: 78.72%
2024-04-16 15:31 before_fed Round:   4 | Epochs:  20 | Domain: s | loss: 0.5634 | Acc: 77.35%
2024-04-16 15:31 after_fed Round:   4 | Epochs:  20 | Domain: a | loss: 0.5994 | Acc: 80.00%
2024-04-16 15:31 after_fed Round:   4 | Epochs:  20 | Domain: c | loss: 0.6993 | Acc: 74.89%
2024-04-16 15:32 after_fed Round:   4 | Epochs:  20 | Domain: s | loss: 0.5932 | Acc: 74.81%
2024-04-16 15:32 Model saved! Best Val Acc: 76.11%
2024-04-16 15:32 test_domain Round:   4 | Epochs:  20 | Domain: p | loss: 0.3806 | Acc: 89.46%
2024-04-16 15:32 before_fed Round:   5 | Epochs:  25 | Domain: a | loss: 0.4740 | Acc: 82.44%
2024-04-16 15:33 before_fed Round:   5 | Epochs:  25 | Domain: c | loss: 0.5698 | Acc: 79.15%
2024-04-16 15:34 before_fed Round:   5 | Epochs:  25 | Domain: s | loss: 0.5472 | Acc: 77.61%
2024-04-16 15:34 after_fed Round:   5 | Epochs:  25 | Domain: a | loss: 0.5739 | Acc: 80.00%
2024-04-16 15:34 after_fed Round:   5 | Epochs:  25 | Domain: c | loss: 0.6795 | Acc: 74.89%
2024-04-16 15:34 after_fed Round:   5 | Epochs:  25 | Domain: s | loss: 0.5749 | Acc: 75.57%
2024-04-16 15:34 Model saved! Best Val Acc: 76.47%
2024-04-16 15:34 test_domain Round:   5 | Epochs:  25 | Domain: p | loss: 0.3567 | Acc: 90.06%
2024-04-16 15:35 before_fed Round:   6 | Epochs:  30 | Domain: a | loss: 0.4675 | Acc: 82.93%
2024-04-16 15:36 before_fed Round:   6 | Epochs:  30 | Domain: c | loss: 0.5587 | Acc: 79.15%
2024-04-16 15:37 before_fed Round:   6 | Epochs:  30 | Domain: s | loss: 0.5242 | Acc: 78.88%
2024-04-16 15:37 after_fed Round:   6 | Epochs:  30 | Domain: a | loss: 0.5556 | Acc: 80.98%
2024-04-16 15:37 after_fed Round:   6 | Epochs:  30 | Domain: c | loss: 0.6652 | Acc: 75.32%
2024-04-16 15:37 after_fed Round:   6 | Epochs:  30 | Domain: s | loss: 0.5576 | Acc: 75.83%
2024-04-16 15:37 Model saved! Best Val Acc: 76.95%
2024-04-16 15:37 test_domain Round:   6 | Epochs:  30 | Domain: p | loss: 0.3385 | Acc: 90.54%
2024-04-16 15:38 before_fed Round:   7 | Epochs:  35 | Domain: a | loss: 0.4592 | Acc: 82.93%
2024-04-16 15:39 before_fed Round:   7 | Epochs:  35 | Domain: c | loss: 0.5532 | Acc: 79.15%
2024-04-16 15:40 before_fed Round:   7 | Epochs:  35 | Domain: s | loss: 0.5083 | Acc: 80.41%
2024-04-16 15:40 after_fed Round:   7 | Epochs:  35 | Domain: a | loss: 0.5400 | Acc: 81.95%
2024-04-16 15:40 after_fed Round:   7 | Epochs:  35 | Domain: c | loss: 0.6531 | Acc: 74.89%
2024-04-16 15:40 after_fed Round:   7 | Epochs:  35 | Domain: s | loss: 0.5426 | Acc: 76.84%
2024-04-16 15:40 Model saved! Best Val Acc: 77.55%
2024-04-16 15:40 test_domain Round:   7 | Epochs:  35 | Domain: p | loss: 0.3252 | Acc: 90.84%
2024-04-16 15:41 before_fed Round:   8 | Epochs:  40 | Domain: a | loss: 0.4550 | Acc: 83.41%
2024-04-16 15:41 before_fed Round:   8 | Epochs:  40 | Domain: c | loss: 0.5510 | Acc: 79.15%
2024-04-16 15:42 before_fed Round:   8 | Epochs:  40 | Domain: s | loss: 0.5014 | Acc: 79.90%
2024-04-16 15:42 after_fed Round:   8 | Epochs:  40 | Domain: a | loss: 0.5273 | Acc: 82.93%
2024-04-16 15:42 after_fed Round:   8 | Epochs:  40 | Domain: c | loss: 0.6457 | Acc: 75.32%
2024-04-16 15:42 after_fed Round:   8 | Epochs:  40 | Domain: s | loss: 0.5305 | Acc: 77.61%
2024-04-16 15:42 Model saved! Best Val Acc: 78.27%
2024-04-16 15:42 test_domain Round:   8 | Epochs:  40 | Domain: p | loss: 0.3148 | Acc: 90.90%
2024-04-16 15:43 before_fed Round:   9 | Epochs:  45 | Domain: a | loss: 0.4492 | Acc: 83.41%
2024-04-16 15:44 before_fed Round:   9 | Epochs:  45 | Domain: c | loss: 0.5427 | Acc: 78.30%
2024-04-16 15:45 before_fed Round:   9 | Epochs:  45 | Domain: s | loss: 0.4918 | Acc: 80.66%
2024-04-16 15:45 after_fed Round:   9 | Epochs:  45 | Domain: a | loss: 0.5169 | Acc: 83.90%
2024-04-16 15:45 after_fed Round:   9 | Epochs:  45 | Domain: c | loss: 0.6366 | Acc: 76.17%
2024-04-16 15:45 after_fed Round:   9 | Epochs:  45 | Domain: s | loss: 0.5226 | Acc: 78.12%
2024-04-16 15:45 Model saved! Best Val Acc: 78.99%
2024-04-16 15:45 test_domain Round:   9 | Epochs:  45 | Domain: p | loss: 0.3065 | Acc: 91.02%
2024-04-16 15:46 before_fed Round:  10 | Epochs:  50 | Domain: a | loss: 0.4448 | Acc: 84.39%
2024-04-16 15:46 before_fed Round:  10 | Epochs:  50 | Domain: c | loss: 0.5429 | Acc: 77.87%
2024-04-16 15:48 before_fed Round:  10 | Epochs:  50 | Domain: s | loss: 0.4781 | Acc: 81.68%
2024-04-16 15:48 after_fed Round:  10 | Epochs:  50 | Domain: a | loss: 0.5087 | Acc: 83.90%
2024-04-16 15:48 after_fed Round:  10 | Epochs:  50 | Domain: c | loss: 0.6291 | Acc: 77.02%
2024-04-16 15:48 after_fed Round:  10 | Epochs:  50 | Domain: s | loss: 0.5104 | Acc: 79.64%
2024-04-16 15:48 Model saved! Best Val Acc: 79.95%
2024-04-16 15:48 test_domain Round:  10 | Epochs:  50 | Domain: p | loss: 0.3000 | Acc: 91.02%
